2.2757e-06 4.5312e-21
2.27849e-06 4.64465e-21
2.28303e-06 5.67105e-21
2.28936e-06 6.34406e-21
2.29393e-06 1.11787e-20
2.30538e-06 3.48739e-16
2.3238e-06 6.16489e-16
2.34237e-06 9.22387e-16
2.3582e-06 1.25186e-15
2.37702e-06 1.80889e-15
2.39896e-06 2.72871e-15
2.41813e-06 3.88127e-15
2.43745e-06 5.51247e-15
2.45693e-06 7.83037e-15
2.47656e-06 1.10672e-14
2.49635e-06 1.55819e-14
2.51629e-06 2.19454e-14
2.5364e-06 3.06589e-14
2.55667e-06 4.26346e-14
2.57709e-06 5.95303e-14
2.59769e-06 8.33945e-14
2.61844e-06 1.15943e-13
2.63936e-06 1.60592e-13
2.66045e-06 2.2148e-13
2.68171e-06 3.04965e-13
2.70314e-06 4.1866e-13
2.72474e-06 5.74175e-13
2.74651e-06 7.859e-13
2.76845e-06 1.07437e-12
2.79057e-06 1.46579e-12
2.81287e-06 1.99258e-12
2.83535e-06 2.7088e-12
2.858e-06 3.66222e-12
2.88084e-06 4.94248e-12
2.90386e-06 6.66199e-12
2.92706e-06 8.93701e-12
2.95045e-06 1.19866e-11
2.97402e-06 1.60285e-11
2.99778e-06 2.14043e-11
3.02174e-06 2.84608e-11
3.04588e-06 3.77134e-11
3.07022e-06 4.99691e-11
3.09475e-06 6.60075e-11
3.11948e-06 8.70379e-11
3.1444e-06 1.14824e-10
3.16953e-06 1.5144e-10
3.19485e-06 1.98539e-10
3.22038e-06 2.59266e-10
3.24611e-06 3.38657e-10
3.27205e-06 4.42266e-10
3.29819e-06 5.74329e-10
3.32455e-06 7.43951e-10
3.35111e-06 9.63663e-10
3.37789e-06 1.24719e-09
3.40488e-06 1.60583e-09
3.43208e-06 2.06457e-09
3.45951e-06 2.65476e-09
3.48715e-06 3.406e-09
3.51501e-06 4.34903e-09
3.5431e-06 5.55217e-09
3.57141e-06 7.0815e-09
3.59994e-06 8.98846e-09
3.62871e-06 1.14132e-08
3.6577e-06 1.44723e-08
3.68693e-06 1.82648e-08
3.71639e-06 2.30205e-08
3.74608e-06 2.90146e-08
3.77601e-06 3.6401e-08
3.80619e-06 4.56291e-08
3.8366e-06 5.71855e-08
3.86725e-06 7.14119e-08
3.89815e-06 8.8906e-08
3.9293e-06 1.1074e-07
3.9607e-06 1.37623e-07
3.99234e-06 1.70491e-07
4.02424e-06 2.11111e-07
4.0564e-06 2.61134e-07
4.08881e-06 3.21606e-07
4.12148e-06 3.9607e-07
4.15441e-06 4.86698e-07
4.18761e-06 5.96415e-07
4.22107e-06 7.30764e-07
4.25479e-06 8.92179e-07
4.28879e-06 1.08869e-06
4.32306e-06 1.32518e-06
4.3576e-06 1.61094e-06
4.39242e-06 1.95834e-06
4.42751e-06 2.3743e-06
4.46289e-06 2.87049e-06
4.49855e-06 3.46981e-06
4.53449e-06 4.18123e-06
4.57073e-06 5.0308e-06
4.60725e-06 6.04698e-06
4.64406e-06 7.24705e-06
4.68117e-06 8.68809e-06
4.71857e-06 1.03905e-05
4.75627e-06 1.24001e-05
4.79428e-06 1.47922e-05
4.83258e-06 1.75935e-05
4.8712e-06 2.09162e-05
4.91012e-06 2.48235e-05
4.94935e-06 2.93862e-05
4.9889e-06 3.71159e-05
5.01343e-06 7.54662e-05
5.02272e-06 0.000122821
5.03203e-06 0.000199807
5.04048e-06 0.000309424
5.04982e-06 0.000514782
5.06007e-06 0.000827679
5.06945e-06 0.00101197
5.07885e-06 0.00119843
5.08826e-06 0.0014188
5.09769e-06 0.00168024
5.10714e-06 0.00198936
5.11661e-06 0.00234938
5.14183e-06 0.00266258
5.18303e-06 0.00301871
5.22456e-06 0.00350115
5.26643e-06 0.00412217
5.30863e-06 0.00472659
5.35116e-06 0.00504106
5.39404e-06 0.00540097
5.43727e-06 0.00632503
5.48084e-06 0.00757073
5.52475e-06 0.00867758
5.56903e-06 0.00964004
5.61365e-06 0.0107462
5.65863e-06 0.0120585
5.70398e-06 0.0132962
5.74968e-06 0.0136415
5.79576e-06 0.0140624
5.8422e-06 0.0160925
5.88901e-06 0.0188246
5.9362e-06 0.0215788
5.98377e-06 0.0245413
6.03172e-06 0.0274466
6.08005e-06 0.0304225
6.12877e-06 0.0334912
6.17788e-06 0.0367104
6.22738e-06 0.0403638
6.27728e-06 0.0444798
6.32759e-06 0.048567
6.37829e-06 0.0527034
6.4294e-06 0.057661
6.48092e-06 0.0635728
6.53285e-06 0.0699582
6.5852e-06 0.0766913
6.63797e-06 0.0833129
6.69116e-06 0.0900475
6.74477e-06 0.0972969
6.79882e-06 0.105816
6.8533e-06 0.115463
6.90822e-06 0.126715
6.96357e-06 0.138531
7.01937e-06 0.149939
7.07562e-06 0.16214
7.13232e-06 0.175325
7.18947e-06 0.189327
7.24708e-06 0.204297
7.30515e-06 0.220754
7.36369e-06 0.238794
7.42269e-06 0.258644
7.48217e-06 0.279594
7.54213e-06 0.301612
7.60256e-06 0.324048
7.66348e-06 0.348283
7.72489e-06 0.375461
7.78679e-06 0.403462
7.84919e-06 0.432896
7.91209e-06 0.463094
7.97549e-06 0.49528
8.0394e-06 0.530019
8.10382e-06 0.565402
8.16875e-06 0.60354
8.23421e-06 0.646472
8.30019e-06 0.684188
8.3667e-06 0.725129
8.43374e-06 0.777469
8.50132e-06 0.827467
8.56945e-06 0.880394
8.63811e-06 0.939916
8.70733e-06 1.00158
8.77711e-06 1.06673
8.84744e-06 1.13585
8.91833e-06 1.20492
8.9898e-06 1.26728
9.02709e-06 1.29677
9.02978e-06 1.29886
9.03248e-06 1.30095
9.03517e-06 1.30304
9.03787e-06 1.3054
9.04057e-06 1.30749
9.04326e-06 1.30958
9.04596e-06 1.31194
9.04866e-06 1.31457
9.05136e-06 1.32984
9.05406e-06 1.35225
9.05677e-06 1.37464
9.05947e-06 1.39784
9.06217e-06 1.42103
9.06488e-06 1.44475
9.06758e-06 1.46901
9.07029e-06 1.49353
9.07299e-06 1.51858
9.0757e-06 1.54389
9.07841e-06 1.56974
9.08112e-06 1.59584
9.08383e-06 1.62247
9.08654e-06 1.64964
9.08925e-06 1.67733
9.09197e-06 1.70528
9.09468e-06 1.73377
9.09739e-06 1.76278
9.10011e-06 1.79205
9.10282e-06 1.82212
9.10554e-06 1.85245
9.10826e-06 1.88357
9.11098e-06 1.91495
9.11369e-06 1.94686
9.11641e-06 1.97957
9.11913e-06 2.01253
9.12071e-06 2.03182
9.12343e-06 4.13005
9.1273e-06 4.22857
9.13002e-06 4.2992
9.13275e-06 4.37072
9.13547e-06 4.44401
9.1382e-06 4.51822
9.14093e-06 4.59369
9.14366e-06 4.6707
9.14638e-06 4.74869
9.14911e-06 4.83516
9.15184e-06 5.00563
9.15458e-06 5.20392
9.15731e-06 5.41036
9.16004e-06 5.62497
9.16277e-06 5.84498
9.16551e-06 6.07663
9.16824e-06 6.45781
9.17098e-06 6.57056
9.17372e-06 6.83085
9.17645e-06 7.24925
9.17919e-06 7.38258
9.18193e-06 7.67518
9.18467e-06 8.13655
9.18741e-06 8.29798
9.19016e-06 8.62392
9.1929e-06 8.96825
9.19564e-06 9.49436
9.19838e-06 9.69262
9.20113e-06 10.0739
9.20388e-06 10.4756
9.20662e-06 10.8906
9.20937e-06 11.322
9.21212e-06 11.9599
9.21487e-06 12.2339
9.21762e-06 12.7213
9.22037e-06 13.2251
9.22312e-06 13.7491
9.22587e-06 14.2937
9.22863e-06 14.8599
9.23138e-06 15.4487
9.23413e-06 16.2743
9.23689e-06 16.6997
9.23965e-06 17.3609
9.2424e-06 18.0459
9.24516e-06 18.7636
9.24792e-06 19.5067
9.25068e-06 20.2351
9.25344e-06 20.938
9.25941e-06 22.5448
9.2686e-06 25.3369
9.2778e-06 28.2741
9.287e-06 31.66
9.29622e-06 35.4542
9.30544e-06 39.7004
9.31467e-06 44.6043
9.32391e-06 49.7841
9.33317e-06 55.751
9.34243e-06 62.4278
9.3517e-06 70.701
9.36097e-06 82.2922
9.37026e-06 95.8395
9.37956e-06 112.007
9.38887e-06 130.098
9.39818e-06 151.589
9.40751e-06 176.591
9.41684e-06 205.723
9.42619e-06 239.665
9.43554e-06 279.259
9.4449e-06 325.321
9.45427e-06 365.625
9.46365e-06 397.946
9.47304e-06 433.182
9.48244e-06 471.45
9.49185e-06 513.159
9.50127e-06 560.433
9.5107e-06 607.949
9.52013e-06 661.7
9.52958e-06 720.197
9.53903e-06 783.872
9.5485e-06 849.301
9.55797e-06 884.946
9.56746e-06 913.297
9.57695e-06 942.563
9.58645e-06 972.766
9.59596e-06 1003.93
9.60549e-06 1036.1
9.61502e-06 1069.04
9.62456e-06 1103.57
9.63411e-06 1138.67
9.64367e-06 1175.17
9.65323e-06 1135.89
9.66281e-06 993.262
9.6724e-06 867.24
9.682e-06 757.391
9.6916e-06 661.481
9.70122e-06 577.718
9.71085e-06 504.509
9.72048e-06 440.619
9.73013e-06 386.933
9.73978e-06 336.049
9.74944e-06 306.345
9.75912e-06 354.57
9.7688e-06 426.645
9.77849e-06 513.149
9.7882e-06 617.743
9.79791e-06 743.511
9.80763e-06 894.305
9.81736e-06 1076.29
9.8271e-06 1294.97
9.83685e-06 1558.41
9.84661e-06 1865.44
9.85638e-06 1981.34
9.86616e-06 1996.87
9.87595e-06 2012.53
9.88575e-06 2028.31
9.89556e-06 2044.21
9.90538e-06 2060.24
9.91521e-06 2076.39
9.92504e-06 2092.43
9.93489e-06 2108.84
9.94475e-06 2125.63
9.95462e-06 2143.11
9.96449e-06 2161.45
9.97438e-06 2179.7
9.98428e-06 2198.61
9.99418e-06 2217.18
1.00041e-05 2236.41
1.0014e-05 2255.56
1.0024e-05 2274.85
1.00339e-05 2294.33
1.00439e-05 2313.96
1.00538e-05 2288.98
1.00638e-05 2211.86
1.00738e-05 2137.38
1.00838e-05 2065.39
1.00938e-05 1995.83
1.01038e-05 1928.37
1.01138e-05 1863.42
1.01239e-05 1800.65
1.01746e-05 1039.6
1.02665e-05 343.468
1.03593e-05 1271.12
1.0453e-05 2310.22
1.05474e-05 2513.04
1.06428e-05 2371.21
1.0739e-05 2476.47
1.0836e-05 2345.51
1.0934e-05 2452.68
1.10328e-05 2397.47
1.11325e-05 2344.3
1.12331e-05 2249.82
1.13347e-05 2301.08
1.14371e-05 2217.46
1.15405e-05 2224.8
1.16448e-05 2223.64
1.175e-05 2039.43
1.18563e-05 2005.25
1.19634e-05 1536.78
1.20715e-05 776.509
1.21807e-05 401.796
1.22908e-05 1278.27
1.24018e-05 1842.63
1.25139e-05 1935.94
1.2627e-05 1834.72
1.27412e-05 1939.48
1.28563e-05 1962.23
1.29725e-05 1830.69
1.30898e-05 1845.12
1.32081e-05 1885.93
1.33275e-05 1795.17
1.34479e-05 1831.58
1.35695e-05 1795.76
1.36921e-05 1739.3
1.38159e-05 1738.9
1.39408e-05 1695.78
1.40668e-05 1683.9
1.41939e-05 1653.58
1.43222e-05 1629.73
1.44517e-05 1625.79
1.45823e-05 1585.19
1.47141e-05 1541.41
1.48471e-05 1511.18
1.49813e-05 1483.71
1.51167e-05 1433.6
1.52533e-05 1397.36
1.53912e-05 1360.22
1.55303e-05 1334.38
1.56707e-05 1302.43
1.58123e-05 1311.51
1.59552e-05 1307.42
1.60994e-05 1264.59
1.6245e-05 1230.97
1.63918e-05 1218.07
1.65399e-05 1177.72
1.66894e-05 1170.49
1.68403e-05 1168.24
1.69925e-05 1129.94
1.71461e-05 1090.75
1.73011e-05 1078.76
1.74574e-05 1066.79
1.76152e-05 1035.06
1.77744e-05 1030.52
1.79351e-05 1027.39
1.80972e-05 1005.36
1.82608e-05 981.826
1.84258e-05 940.632
1.85924e-05 912.563
1.87604e-05 913.635
1.893e-05 875.592
1.91011e-05 869.142
1.92737e-05 847.541
1.94479e-05 846.66
1.96237e-05 832.161
1.98011e-05 825.824
1.99801e-05 796.178
2.01606e-05 789.385
2.03429e-05 777.117
2.05267e-05 752.723
2.07123e-05 746.715
2.08995e-05 732.1
2.10884e-05 722.098
2.1279e-05 710.489
2.14713e-05 695.791
2.16654e-05 678.327
2.18612e-05 667.447
2.20588e-05 652.382
2.22582e-05 632.894
2.24594e-05 622.859
2.26624e-05 609.778
2.28672e-05 603.022
2.30739e-05 584.298
2.32824e-05 543.435
2.34929e-05 548.823
2.37052e-05 537.243
2.39195e-05 524.821
2.41357e-05 517.513
2.43538e-05 510.688
2.4574e-05 502.11
2.47961e-05 491.344
2.50202e-05 484.558
2.52463e-05 469.266
2.54745e-05 460.195
2.57048e-05 459.717
2.59371e-05 453.236
2.61715e-05 441.134
2.64081e-05 442.754
2.66468e-05 437.216
2.68876e-05 429.213
2.71306e-05 417.172
2.73759e-05 405.882
2.76233e-05 396.79
2.7873e-05 388.107
2.81249e-05 385.36
2.83791e-05 379.038
2.86356e-05 373.086
2.88944e-05 368.274
2.91556e-05 363.928
2.94191e-05 354.671
2.9685e-05 348.936
2.99533e-05 343.343
3.02241e-05 338.118
3.04973e-05 331.641
3.07729e-05 325.138
3.10511e-05 318.982
3.13317e-05 312.474
3.16149e-05 306.689
3.19007e-05 299.025
3.2189e-05 294.619
3.24799e-05 289.814
3.27735e-05 285.559
3.30697e-05 280.295
3.33686e-05 274.522
3.36702e-05 268.363
3.39746e-05 263.765
3.42816e-05 258.918
3.45915e-05 254.352
3.49042e-05 250.208
3.50791e-05 248.26
3.51141e-05 247.862
3.51492e-05 247.197
3.51844e-05 246.675
3.52195e-05 246.085
3.52548e-05 245.424
3.529e-05 244.915
3.53253e-05 244.517
3.53606e-05 244.183
3.5396e-05 243.777
3.54313e-05 243.515
3.54668e-05 243.111
3.55022e-05 242.775
3.55377e-05 242.08
3.55732e-05 241.289
3.56088e-05 240.64
3.56444e-05 239.852
3.568e-05 239.208
3.57157e-05 238.544
3.57514e-05 237.862
3.57872e-05 237.323
3.58229e-05 236.714
3.58587e-05 236.038
3.58946e-05 235.523
3.59305e-05 235.05
3.59664e-05 234.758
3.60024e-05 234.397
3.60384e-05 234.037
3.60744e-05 233.676
3.61104e-05 233.274
3.61465e-05 232.797
3.61827e-05 232.25
3.62189e-05 231.772
3.62551e-05 231.296
3.62913e-05 230.897
3.63276e-05 230.552
3.63639e-05 230.177
3.64003e-05 229.951
3.64367e-05 230.08
3.64696e-05 230.309
3.65061e-05 230.076
3.6546e-05 228.716
3.65826e-05 227.546
3.66192e-05 226.246
3.66558e-05 225.09
3.66924e-05 223.901
3.67291e-05 222.993
3.67658e-05 222.247
3.68026e-05 221.503
3.68394e-05 220.829
3.68762e-05 220.091
3.69131e-05 221.352
3.695e-05 225.274
3.69869e-05 229.341
3.70239e-05 233.548
3.70609e-05 237.762
3.70979e-05 241.545
3.7135e-05 242.547
3.71722e-05 243.218
3.72093e-05 243.759
3.72465e-05 244.459
3.72838e-05 245.183
3.7321e-05 249.841
3.73583e-05 257.333
3.73957e-05 265.123
3.74331e-05 273.113
3.74705e-05 281.342
3.7508e-05 287.469
3.75455e-05 288.581
3.7583e-05 289.459
3.76206e-05 290.273
3.76582e-05 291.222
3.76958e-05 292.592
3.77335e-05 297.455
3.77712e-05 303.041
3.7809e-05 308.783
3.78468e-05 314.635
3.78846e-05 320.585
3.79225e-05 326.127
3.79604e-05 331.462
3.79984e-05 336.945
3.80364e-05 342.393
3.80744e-05 348.059
3.81124e-05 346.821
3.81505e-05 335.914
3.81887e-05 325.132
3.82269e-05 314.757
3.82651e-05 304.714
3.83033e-05 299.353
3.83416e-05 310.346
3.838e-05 323.175
3.84183e-05 336.394
3.84567e-05 350.29
3.84952e-05 363.516
3.85337e-05 368.318
3.85722e-05 371.183
3.86108e-05 374.134
3.86494e-05 377.11
3.8688e-05 379.316
3.87267e-05 363.151
3.87654e-05 340.623
3.88041e-05 319.612
3.88429e-05 299.778
3.88818e-05 281.346
3.89206e-05 284.121
3.89596e-05 302.021
3.89985e-05 321.157
3.90375e-05 341.509
3.90765e-05 363.212
3.91156e-05 375.033
3.91547e-05 373.618
3.91938e-05 372.146
3.9233e-05 370.743
3.92722e-05 369.345
3.93115e-05 368.355
3.93508e-05 367.876
3.93901e-05 367.346
3.94295e-05 366.88
3.94689e-05 366.415
3.95084e-05 358.503
3.95479e-05 334.356
3.95874e-05 311.185
3.9627e-05 289.62
3.96666e-05 269.55
3.97063e-05 259.86
3.9746e-05 276.415
3.97857e-05 295.177
3.98255e-05 315.385
3.98653e-05 337.04
3.99052e-05 354.886
3.99451e-05 357.513
3.9985e-05 359.394
4.0025e-05 361.158
4.0065e-05 363.056
4.0105e-05 364.048
4.01451e-05 362.422
4.01853e-05 360.592
4.02254e-05 358.896
4.02656e-05 357.146
4.03059e-05 355.921
4.03462e-05 356.09
4.03865e-05 356.46
4.04269e-05 356.706
4.04673e-05 357.013
4.05078e-05 356.755
4.05483e-05 354.929
4.05888e-05 353.112
4.06294e-05 351.305
4.067e-05 349.568
4.07107e-05 345.574
4.07514e-05 337.636
4.07921e-05 329.9
4.08329e-05 322.22
4.08737e-05 314.778
4.09146e-05 305.768
4.09555e-05 294.729
4.09964e-05 284.083
4.10374e-05 274.092
4.10784e-05 263.933
4.11195e-05 266.586
4.11606e-05 280.244
4.12018e-05 294.599
4.1243e-05 309.752
4.12842e-05 325.254
4.13255e-05 331.148
4.13668e-05 331.561
4.14081e-05 331.915
4.14495e-05 332.329
4.1491e-05 332.695
4.15324e-05 332.369
4.1574e-05 331.843
4.16155e-05 331.38
4.16571e-05 330.797
4.16988e-05 330.226
4.17405e-05 329.429
4.17822e-05 328.599
4.1824e-05 327.772
4.18658e-05 327.005
4.19076e-05 326.106
4.19495e-05 325.282
4.19915e-05 324.34
4.20335e-05 323.46
4.20755e-05 322.642
4.21175e-05 321.634
4.21596e-05 320.607
4.22018e-05 319.584
4.2244e-05 318.564
4.22862e-05 317.551
4.23285e-05 316.631
4.23708e-05 315.814
4.24132e-05 314.94
4.24556e-05 314.01
4.2498e-05 313.102
4.25405e-05 311.988
4.2583e-05 310.843
4.26256e-05 309.701
4.26682e-05 308.624
4.27109e-05 307.494
4.27536e-05 306.376
4.27963e-05 305.262
4.28391e-05 304.094
4.28819e-05 302.978
4.29248e-05 301.199
4.29677e-05 299.022
4.30107e-05 296.916
4.30537e-05 294.768
4.30967e-05 291.94
4.31398e-05 284.796
4.31829e-05 277.079
4.32261e-05 269.571
4.32693e-05 262.266
4.33126e-05 255.376
4.33559e-05 249.037
4.33992e-05 242.806
4.34426e-05 237.644
4.3486e-05 231.461
4.35295e-05 237.615
4.3573e-05 249.265
4.36166e-05 261.422
4.36602e-05 274.173
4.37038e-05 284.604
4.37475e-05 284.762
4.37913e-05 284.131
4.3835e-05 283.501
4.38789e-05 282.873
4.39227e-05 282.699
4.39667e-05 282.693
4.40106e-05 282.745
4.40546e-05 282.795
4.40986e-05 282.819
4.41427e-05 282.291
4.41869e-05 281.807
4.4231e-05 281.212
4.42753e-05 280.672
4.43195e-05 280.083
4.43638e-05 279.441
4.44082e-05 278.801
4.44526e-05 278.218
4.4497e-05 277.369
4.45415e-05 275.669
4.4586e-05 273.816
4.46306e-05 271.975
4.46752e-05 270.147
4.47199e-05 269.323
4.47646e-05 269.504
4.48093e-05 269.685
4.48541e-05 269.867
4.4899e-05 269.99
4.49439e-05 269.84
4.49888e-05 269.707
4.50338e-05 269.462
4.50788e-05 269.269
4.51239e-05 268.557
4.5169e-05 267.497
4.52141e-05 266.443
4.52593e-05 265.391
4.53046e-05 264.393
4.53499e-05 263.577
4.53952e-05 262.776
4.54406e-05 261.978
4.5486e-05 261.198
4.55315e-05 260.774
4.5577e-05 260.492
4.56226e-05 260.209
4.56682e-05 259.927
4.57139e-05 259.395
4.57596e-05 258.473
4.58053e-05 257.548
4.58511e-05 256.627
4.58969e-05 255.769
4.59428e-05 255.256
4.59888e-05 254.803
4.60347e-05 254.352
4.60807e-05 253.897
4.61268e-05 253.202
4.61729e-05 252.367
4.62191e-05 251.534
4.62653e-05 250.705
4.63116e-05 249.96
4.63579e-05 249.377
4.64042e-05 248.801
4.64506e-05 248.226
4.6497e-05 247.649
4.65435e-05 247.054
4.659e-05 246.459
4.66366e-05 245.861
4.66832e-05 245.265
4.67299e-05 244.603
4.67766e-05 243.908
4.68234e-05 243.215
4.68702e-05 242.524
4.69171e-05 241.616
4.6964e-05 240.426
4.70109e-05 239.241
4.70579e-05 238.062
4.7105e-05 237.11
4.71521e-05 236.929
4.71992e-05 236.744
4.72464e-05 236.611
4.72936e-05 236.489
4.73409e-05 235.967
4.73882e-05 235.369
4.74356e-05 234.721
4.7483e-05 234.177
4.75305e-05 233.558
4.7578e-05 232.929
4.76256e-05 232.301
4.76732e-05 231.675
4.77209e-05 230.998
4.77686e-05 230.267
4.78163e-05 229.539
4.78641e-05 228.813
4.7912e-05 228.069
4.79599e-05 227.29
4.80078e-05 226.513
4.80558e-05 225.686
4.81039e-05 224.877
4.81519e-05 223.699
4.82001e-05 222.502
4.82483e-05 221.313
4.82965e-05 219.532
4.83448e-05 214.152
4.83931e-05 208.186
4.84415e-05 202.435
4.84899e-05 196.814
4.85384e-05 190.251
4.85869e-05 183.741
4.86355e-05 178.702
4.86841e-05 171.709
4.87328e-05 176.341
4.87815e-05 185.956
4.88303e-05 196.144
4.88791e-05 206.724
4.8928e-05 211.129
4.89769e-05 211.433
4.90259e-05 211.686
4.90749e-05 211.991
4.91239e-05 211.637
4.9173e-05 210.65
4.92222e-05 209.668
4.92714e-05 208.69
4.93207e-05 208.201
4.937e-05 208.411
4.94193e-05 208.572
4.94687e-05 208.681
4.95182e-05 208.58
4.95677e-05 208.192
4.96173e-05 207.755
4.96669e-05 207.319
4.97165e-05 206.66
4.97662e-05 205.853
4.9816e-05 204.949
4.98658e-05 204.147
4.99156e-05 203.218
4.99655e-05 202.166
5.00155e-05 201.116
5.00655e-05 200.072
5.01155e-05 199.439
5.01656e-05 199.476
5.02158e-05 199.525
5.0266e-05 199.576
5.03162e-05 199.243
5.03665e-05 198.489
5.04169e-05 197.682
5.04673e-05 196.877
5.05178e-05 196.349
5.05683e-05 196.205
5.06188e-05 196.063
5.06694e-05 195.921
5.07201e-05 195.49
5.07708e-05 194.817
5.08215e-05 194.146
5.08723e-05 193.528
5.09232e-05 192.949
5.09741e-05 192.457
5.10251e-05 191.967
5.10761e-05 191.478
5.11271e-05 190.909
5.11783e-05 190.285
5.12294e-05 189.662
5.12806e-05 188.992
5.13319e-05 188.408
5.13832e-05 187.768
5.14346e-05 187.082
5.1486e-05 186.492
5.15375e-05 185.811
5.1589e-05 185.069
5.16406e-05 184.424
5.16922e-05 183.761
5.17439e-05 183.275
5.17956e-05 182.893
5.18474e-05 182.51
5.18992e-05 182.168
5.19511e-05 181.688
5.20031e-05 181.298
5.2055e-05 180.862
5.21071e-05 180.44
5.21592e-05 180.012
5.22113e-05 179.637
5.22635e-05 179.263
5.23158e-05 178.962
5.23681e-05 178.609
5.24204e-05 178.352
5.24728e-05 178.049
5.25253e-05 177.43
5.25778e-05 176.494
5.26304e-05 175.658
5.2683e-05 174.803
5.27357e-05 174.525
5.27884e-05 174.447
5.28412e-05 174.463
5.2894e-05 174.389
5.29469e-05 174.033
5.29998e-05 173.572
5.30528e-05 173.206
5.31058e-05 172.676
5.31589e-05 172.011
5.32121e-05 171.289
5.32653e-05 170.569
5.33185e-05 170.023
5.33718e-05 169.839
5.34252e-05 169.705
5.34786e-05 169.519
5.3532e-05 169.087
5.35856e-05 168.638
5.36391e-05 168.099
5.36928e-05 167.654
5.37464e-05 167.168
5.38002e-05 166.638
5.3854e-05 166.201
5.39078e-05 165.663
5.39617e-05 165.133
5.40156e-05 164.603
5.40696e-05 164.075
5.41237e-05 163.65
5.41778e-05 163.192
5.4232e-05 162.78
5.42862e-05 162.42
5.43405e-05 162.09
5.43948e-05 161.738
5.44492e-05 161.48
5.45036e-05 161.146
5.45581e-05 160.706
5.46126e-05 160.258
5.46672e-05 159.812
5.47219e-05 159.389
5.47766e-05 158.947
5.48313e-05 158.554
5.48862e-05 158.203
5.4941e-05 157.773
5.4996e-05 157.333
5.50509e-05 156.894
5.5106e-05 156.471
5.51611e-05 156.057
5.52162e-05 155.737
5.52714e-05 155.373
5.53267e-05 155.033
5.5382e-05 154.71
5.54374e-05 154.388
5.54928e-05 154.046
5.55483e-05 153.544
5.56038e-05 153.01
5.56594e-05 152.432
5.5715e-05 151.983
5.57707e-05 151.512
5.58265e-05 151.089
5.58823e-05 150.669
5.59382e-05 150.308
5.59941e-05 150.015
5.60501e-05 149.678
5.61061e-05 149.345
5.61622e-05 149.018
5.62183e-05 148.692
5.62745e-05 148.366
5.63308e-05 147.948
5.63871e-05 147.541
5.64435e-05 147.136
5.64999e-05 146.72
5.65564e-05 146.293
5.66129e-05 145.816
5.66695e-05 145.297
5.67262e-05 144.929
5.67829e-05 144.657
5.68397e-05 144.429
5.68965e-05 144.126
5.69534e-05 143.609
5.70103e-05 143.149
5.70673e-05 142.648
5.71244e-05 142.317
5.71815e-05 142.114
5.72386e-05 141.953
5.72959e-05 141.756
5.73531e-05 141.355
5.74105e-05 140.919
5.74679e-05 140.528
5.75253e-05 140.143
5.75828e-05 139.809
5.76404e-05 139.432
5.7698e-05 139.083
5.77557e-05 138.698
5.78135e-05 138.216
5.78713e-05 137.821
5.79291e-05 137.417
5.7987e-05 137.115
5.8045e-05 136.814
5.8103e-05 136.513
5.81611e-05 136.209
5.82192e-05 135.907
5.82775e-05 135.603
5.83357e-05 135.214
5.8394e-05 134.823
5.84524e-05 134.348
5.85109e-05 133.86
5.85693e-05 133.053
5.86279e-05 132.324
5.86865e-05 131.583
5.87452e-05 131.236
5.88039e-05 131.06
5.88627e-05 130.884
5.89215e-05 130.743
5.89805e-05 130.689
5.90394e-05 130.55
5.90984e-05 130.421
5.91575e-05 130.116
5.92167e-05 129.826
5.92759e-05 129.453
5.93351e-05 129.155
5.93945e-05 128.769
5.94538e-05 128.467
5.95133e-05 128.097
5.95728e-05 127.796
5.96323e-05 127.498
5.96919e-05 127.193
5.97516e-05 126.834
5.98113e-05 126.463
5.98711e-05 126.093
5.9931e-05 125.72
5.99909e-05 125.348
6.00509e-05 124.976
6.01109e-05 124.673
6.0171e-05 124.393
6.02312e-05 124.074
6.02914e-05 123.8
6.03517e-05 123.542
6.0412e-05 123.288
6.04724e-05 123.034
6.05329e-05 122.721
6.05934e-05 122.368
6.06539e-05 122.017
6.07146e-05 121.658
6.07753e-05 121.281
6.0836e-05 120.905
6.08969e-05 120.537
6.09577e-05 120.253
6.10187e-05 119.894
6.10797e-05 119.573
6.11408e-05 119.142
6.12019e-05 118.705
6.12631e-05 118.189
6.13243e-05 117.818
6.13856e-05 117.571
6.1447e-05 117.324
6.15084e-05 117.054
6.15699e-05 116.713
6.16315e-05 116.369
6.16931e-05 116.044
6.17548e-05 115.884
6.18165e-05 115.67
6.18783e-05 115.494
6.19401e-05 115.235
6.20021e-05 114.937
6.20641e-05 114.64
6.21261e-05 114.3
6.21882e-05 113.954
6.22504e-05 113.529
6.23126e-05 113.161
6.23749e-05 112.661
6.24373e-05 112.199
6.24997e-05 111.804
6.25622e-05 111.751
6.26247e-05 111.66
6.26873e-05 111.596
6.275e-05 111.355
6.28127e-05 111.067
6.28755e-05 110.777
6.29384e-05 110.429
6.30013e-05 110.054
6.30643e-05 109.674
6.31273e-05 109.416
6.31905e-05 109.161
6.32536e-05 108.947
6.33169e-05 108.696
6.33802e-05 108.379
6.34435e-05 108.063
6.3507e-05 107.763
6.35704e-05 107.556
6.3634e-05 107.277
6.36976e-05 107.037
6.37613e-05 106.844
6.3825e-05 106.576
6.38889e-05 106.333
6.39527e-05 105.968
6.40167e-05 105.57
6.40807e-05 105.181
6.41447e-05 104.913
6.42089e-05 104.694
6.4273e-05 104.474
6.43373e-05 104.214
6.44016e-05 103.932
6.4466e-05 103.649
6.45305e-05 103.417
6.4595e-05 103.158
6.46595e-05 102.899
6.47242e-05 102.571
6.47889e-05 102.117
6.48537e-05 101.703
6.49185e-05 101.37
6.49834e-05 101.172
6.50484e-05 100.978
6.51134e-05 100.713
6.51785e-05 100.325
6.52437e-05 99.8561
6.53089e-05 99.0396
6.53742e-05 97.112
6.54395e-05 95.1616
6.5505e-05 92.7767
6.55704e-05 88.7168
6.5636e-05 84.7011
6.57016e-05 84.8634
6.57673e-05 86.2756
6.5833e-05 91.1627
6.58989e-05 95.5363
6.59647e-05 96.2834
6.60307e-05 96.5586
6.60967e-05 96.7813
6.61628e-05 96.7109
6.62289e-05 96.5919
6.62951e-05 96.4602
6.63614e-05 96.2596
6.64278e-05 96.0473
6.64942e-05 95.8159
6.65606e-05 95.4647
6.66272e-05 95.0908
6.66938e-05 94.746
6.67605e-05 94.5671
6.68272e-05 94.4206
6.6894e-05 94.2646
6.69609e-05 94.0471
6.70278e-05 93.8189
6.70949e-05 93.5975
6.71619e-05 93.4412
6.72291e-05 93.2419
6.72963e-05 93.0697
6.73636e-05 92.7677
6.74309e-05 92.4715
6.74983e-05 92.1876
6.75658e-05 91.999
6.76334e-05 91.746
6.7701e-05 91.5272
6.77687e-05 91.2978
6.78364e-05 91.0666
6.79042e-05 90.8335
6.79721e-05 90.5898
6.80401e-05 90.3457
6.81081e-05 90.1102
6.81762e-05 89.9034
6.82443e-05 89.6985
6.83126e-05 89.4705
6.83808e-05 89.1855
6.84492e-05 88.898
6.85176e-05 88.6386
6.85861e-05 88.4311
6.86547e-05 88.2254
6.87233e-05 88.0309
6.87921e-05 87.8525
6.88608e-05 87.6738
6.89297e-05 87.4613
6.89986e-05 87.2117
6.90676e-05 86.9632
6.91366e-05 86.7217
6.92057e-05 86.4871
6.92749e-05 86.252
6.93442e-05 86.0058
6.94135e-05 85.7558
6.94829e-05 85.5091
6.95524e-05 85.3121
6.96219e-05 85.1312
6.96915e-05 84.9433
6.97612e-05 84.703
6.98309e-05 84.4525
6.99007e-05 84.1995
6.99706e-05 83.9347
7.00406e-05 83.6683
7.01106e-05 83.4301
7.01807e-05 83.2716
7.02508e-05 83.1177
7.03211e-05 82.9412
7.03914e-05 82.7305
7.04617e-05 82.5194
7.05322e-05 82.2345
7.06027e-05 81.8818
7.06733e-05 81.5353
7.07439e-05 81.3506
7.08147e-05 81.251
7.08855e-05 81.1425
7.09563e-05 80.929
7.10273e-05 80.6884
7.10983e-05 80.4476
7.11693e-05 80.2052
7.12405e-05 79.963
7.13117e-05 79.7325
7.1383e-05 79.5309
7.14544e-05 79.3302
7.15258e-05 79.1488
7.15973e-05 78.9912
7.16689e-05 78.8318
7.17405e-05 78.5763
7.18123e-05 78.2601
7.18841e-05 77.9536
7.19559e-05 77.7735
7.20279e-05 77.6294
7.20999e-05 77.4849
7.2172e-05 77.3407
7.22441e-05 77.1967
7.23163e-05 77.0433
7.23886e-05 76.8694
7.2461e-05 76.6958
7.25334e-05 76.5136
7.2606e-05 76.3247
7.26785e-05 76.1315
7.27512e-05 75.8449
7.28239e-05 75.5253
7.28967e-05 75.2369
7.29696e-05 75.1072
7.30426e-05 75.0049
7.31156e-05 74.8769
7.31887e-05 74.6879
7.32619e-05 74.4646
7.33351e-05 74.315
7.34084e-05 74.1391
7.34818e-05 73.9655
7.35553e-05 73.8226
7.36288e-05 73.6895
7.37024e-05 73.5362
7.37761e-05 73.2942
7.38498e-05 73.0432
7.39237e-05 72.7744
7.39976e-05 72.4455
7.40716e-05 72.1884
7.41456e-05 72.0278
7.42197e-05 71.9392
7.42939e-05 71.8432
7.43682e-05 71.7025
7.44426e-05 71.554
7.4517e-05 71.3951
7.45915e-05 71.2164
7.4666e-05 71.0374
7.47407e-05 70.8486
7.48154e-05 70.6542
7.48902e-05 70.4634
7.49651e-05 70.2934
7.504e-05 70.1285
7.5115e-05 69.9637
7.51901e-05 69.7979
7.52653e-05 69.6323
7.53406e-05 69.4848
7.54159e-05 69.3495
7.54913e-05 69.2057
7.55667e-05 69.0057
7.56423e-05 68.7927
7.57179e-05 68.5906
7.57936e-05 68.4079
7.58694e-05 68.2268
7.59452e-05 68.0545
7.60211e-05 67.8871
7.60972e-05 67.7198
7.61732e-05 67.5523
7.62494e-05 67.385
7.63256e-05 67.2232
7.64019e-05 67.0382
7.64783e-05 66.9127
7.65548e-05 66.6561
7.66313e-05 66.3649
7.67079e-05 66.1274
7.67846e-05 66.0705
7.68614e-05 65.9921
7.69382e-05 65.8461
7.70151e-05 65.5368
7.70921e-05 65.2797
7.71692e-05 65.1468
7.72463e-05 65.0708
7.73236e-05 64.9337
7.74009e-05 64.748
7.74782e-05 64.5621
7.75557e-05 64.3641
7.76332e-05 64.1621
7.77108e-05 63.9873
7.77885e-05 63.9042
7.78663e-05 63.8258
7.79442e-05 63.719
7.80221e-05 63.5909
7.81001e-05 63.4566
7.81781e-05 63.2604
7.82563e-05 63.057
7.83345e-05 62.8661
7.84129e-05 62.6969
7.84913e-05 62.5249
7.85697e-05 62.3816
7.86483e-05 62.2368
7.87269e-05 62.0692
7.88056e-05 61.8648
7.88844e-05 61.6616
7.89632e-05 61.4715
7.90422e-05 61.2782
7.91212e-05 61.0937
7.92003e-05 60.919
7.92795e-05 60.7441
7.93588e-05 60.5577
7.94381e-05 60.3679
7.95175e-05 60.2257
7.9597e-05 60.1898
7.96766e-05 60.1535
7.97562e-05 60.0199
7.9836e-05 59.8409
7.99158e-05 59.6652
7.99957e-05 59.4891
8.00756e-05 59.3155
8.01557e-05 59.1855
8.02358e-05 59.0729
8.03161e-05 58.9359
8.03964e-05 58.7448
8.04767e-05 58.5545
8.05572e-05 58.4093
8.06377e-05 58.2804
8.07183e-05 58.1308
8.0799e-05 57.9386
8.08798e-05 57.7487
8.09607e-05 57.6166
8.10416e-05 57.5032
8.11226e-05 57.3897
8.12037e-05 57.2757
8.12849e-05 57.1597
8.13662e-05 57.0195
8.14475e-05 56.8734
8.15289e-05 56.7268
8.16104e-05 56.5794
8.1692e-05 56.423
8.17737e-05 56.2054
8.18555e-05 55.9765
8.19373e-05 55.8162
8.20192e-05 55.7179
8.21012e-05 55.6168
8.21833e-05 55.5025
8.22654e-05 55.3878
8.23477e-05 55.28
8.243e-05 55.1843
8.25124e-05 55.0811
8.25949e-05 54.9654
8.26775e-05 54.8467
8.27601e-05 54.6804
8.28429e-05 54.4987
8.29257e-05 54.2777
8.30086e-05 53.9964
8.30916e-05 53.7133
8.31747e-05 53.4153
8.32578e-05 53.1157
8.3341e-05 52.9257
8.34244e-05 52.8257
8.35078e-05 52.6962
8.35913e-05 52.4519
8.37586e-05 51.9791
8.40102e-05 51.6453
8.42626e-05 51.6261
8.45157e-05 51.2541
8.47696e-05 50.8596
8.50242e-05 50.0769
8.52797e-05 50.4969
8.55358e-05 48.026
8.57928e-05 50.9221
8.60505e-05 49.1466
8.6309e-05 51.2898
8.65683e-05 47.9321
8.68283e-05 48.1156
8.70892e-05 51.0098
8.73508e-05 48.3794
8.76132e-05 47.0553
8.78764e-05 49.8832
8.81404e-05 49.8059
8.84052e-05 48.1004
8.86708e-05 44.6825
8.89372e-05 47.986
8.92043e-05 48.584
8.94723e-05 48.2369
8.97411e-05 47.5937
9.00107e-05 44.1705
9.02811e-05 43.973
9.05523e-05 46.3409
9.08243e-05 46.1495
9.10972e-05 46.0177
9.13708e-05 45.8208
9.16453e-05 45.3794
9.19206e-05 44.5248
9.21967e-05 41.0576
9.24737e-05 41.7381
9.27515e-05 43.5406
9.30302e-05 43.6464
9.33096e-05 43.3783
9.35899e-05 42.9604
9.38711e-05 42.6135
9.41531e-05 42.1722
9.44359e-05 41.9499
9.47196e-05 41.6015
9.50042e-05 41.0321
9.52896e-05 38.9836
9.55758e-05 37.3198
9.58629e-05 39.8032
9.61509e-05 39.8349
9.64398e-05 39.5405
9.67295e-05 39.2556
9.70201e-05 39.0254
9.73115e-05 38.6886
9.76039e-05 38.3792
9.78971e-05 38.0566
9.81912e-05 37.846
9.84861e-05 37.545
9.8782e-05 37.2062
9.90787e-05 36.916
9.93764e-05 36.6289
9.96749e-05 36.31
9.99744e-05 35.6652
0.000100275 34.572
0.000100576 33.9239
0.000100878 33.887
0.000101181 34.5358
0.000101485 34.5192
0.00010179 34.2733
0.000102096 34.0187
0.000102402 33.7711
0.00010271 33.522
0.000103019 33.1965
0.000103328 32.8847
0.000103638 32.6384
0.00010395 32.4057
0.000104262 32.169
0.000104575 31.8749
0.000104889 31.6185
0.000105205 31.3998
0.000105521 31.1372
0.000105838 30.865
0.000106156 30.5937
0.000106474 30.2836
0.000106794 29.9887
0.000107115 29.8056
0.000107437 29.5771
0.00010776 29.3073
0.000108083 28.9946
0.000108408 28.7249
0.000108734 28.3861
0.00010906 27.3119
0.000109388 26.8743
0.000109717 27.3159
0.000110046 27.5066
0.000110377 27.5101
0.000110708 27.3299
0.000111041 27.1126
0.000111375 26.8787
0.000111709 26.647
0.000112045 26.452
0.000112381 26.2282
0.000112719 25.9679
0.000113058 25.7607
0.000113397 25.5615
0.000113738 25.35
0.000114079 25.116
0.000114422 24.9292
0.000114766 24.7867
0.000115111 24.5958
0.000115456 24.3858
0.000115803 24.1569
0.000116151 23.8948
0.0001165 23.7029
0.00011685 23.5526
0.000117201 23.4082
0.000117553 23.1723
0.000117906 22.9484
0.000118261 22.7662
0.000118616 22.5431
0.000118972 22.4117
0.00011933 22.2699
0.000119688 21.9798
0.000120048 21.8546
0.000120408 21.7156
0.00012077 21.5263
0.000121133 21.3812
0.000121497 21.2343
0.000121862 21.0733
0.000122228 20.8999
0.000122595 20.7169
0.000122963 20.5516
0.000123333 20.3938
0.000123703 20.2281
0.000124075 20.0679
0.000124447 19.9078
0.000124821 19.7492
0.000125196 19.5823
0.000125572 19.4239
0.00012595 19.2639
0.000126328 19.1073
0.000126707 18.9523
0.000127088 18.7962
0.00012747 18.5802
0.000127853 18.1298
0.000128237 17.4935
0.000128622 17.8465
0.000129009 17.9959
0.000129396 17.9046
0.000129785 17.7869
0.000130175 17.6467
0.000130566 17.5171
0.000130958 17.3705
0.000131351 17.2137
0.000131746 17.0758
0.000132142 16.9623
0.000132539 16.8099
0.000132937 16.6741
0.000133336 16.563
0.000133737 16.433
0.000134138 16.3224
0.000134541 16.1996
0.000134946 16.0718
0.000135351 15.9378
0.000135758 15.796
0.000136165 15.6648
0.000136575 15.5591
0.000136985 15.447
0.000137396 15.3327
0.000137809 15.2211
0.000138223 15.107
0.000138638 14.979
0.000139055 14.8769
0.000139472 14.7791
0.000139891 14.6573
0.000140312 14.5303
0.000140733 14.4453
0.000141156 14.3236
0.00014158 14.2294
0.000142005 14.1091
0.000142432 13.98
0.00014286 13.8791
0.000143289 13.8122
0.000143719 13.7195
0.000144151 13.5575
0.000144584 13.4963
0.000145019 13.3971
0.000145454 13.285
0.000145891 13.2184
0.000146329 13.1424
0.000146769 13.0482
0.00014721 12.9251
0.000147652 12.8409
0.000148096 12.7535
0.000148541 12.6241
0.000148987 12.5388
0.000149434 12.4672
0.000149883 12.3363
0.000150334 12.1971
0.000150785 12.1139
0.000151238 12.0797
0.000151693 12.0181
0.000152148 11.9681
0.000152605 11.8365
0.000153064 11.7373
0.000153524 11.7257
0.000153985 11.6253
0.000154447 11.5479
0.000154911 11.5696
0.000155377 11.4048
0.000155843 11.2163
0.000156312 11.3481
0.000156781 11.1608
0.000157252 10.9851
0.000157725 11.0315
0.000158198 10.9823
0.000158674 10.622
0.00015915 10.7797
0.000159628 10.8216
0.000160108 10.7339
0.000160589 10.6147
0.000161071 10.4489
0.000161555 10.3221
0.000162041 10.3464
0.000162527 10.3585
0.000163016 10.2618
0.000163505 10.1369
0.000163996 9.93152
0.000164489 9.75734
0.000164983 9.78119
0.000165479 9.8209
0.000165976 9.72642
0.000166475 9.60648
0.000166975 9.48231
0.000167476 9.35066
0.000167979 9.17174
0.000168484 9.01441
0.00016899 9.03125
0.000169498 9.05673
0.000170007 8.9688
0.000170518 8.86569
0.00017103 8.78452
0.000171544 8.70266
0.000172059 8.60494
0.000172576 8.4776
0.000173094 8.25975
0.000173614 8.11231
0.000174136 8.14484
0.000174659 8.14911
0.000175184 8.08379
0.00017571 8.012
0.000176238 7.93374
0.000176767 7.85416
0.000177298 7.77494
0.000177831 7.69647
0.000178365 7.62168
0.000178901 7.54479
0.000179438 7.46673
0.000179978 7.38313
0.000180518 7.28076
0.00018106 7.11095
0.000181604 6.98292
0.00018215 6.98813
0.000182697 6.97712
0.000183246 6.92923
0.000183796 6.867
0.000184349 6.79232
0.000184902 6.72355
0.000185458 6.65755
0.000186015 6.57952
0.000186574 6.47787
0.000187134 6.30049
0.000187696 6.24862
0.00018826 6.26082
0.000188826 6.23708
0.000189393 6.16185
0.000189962 6.11304
0.000190533 6.06796
0.000191105 6.00577
0.000191679 5.94317
0.000192255 5.88303
0.000192833 5.81452
0.000193412 5.73536
0.000193993 5.59814
0.000194576 5.48778
0.00019516 5.51363
0.000195746 5.51273
0.000196335 5.46636
0.000196924 5.40722
0.000197516 5.34562
0.000198109 5.29424
0.000198704 5.24338
0.000199301 5.18969
0.0001999 5.14295
0.000200501 5.09659
0.000201103 5.04641
0.000201707 4.99287
0.000202313 4.93495
0.000202921 4.88153
0.00020353 4.83077
0.000204142 4.78943
0.000204755 4.74339
0.00020537 4.69055
0.000205987 4.63979
0.000206606 4.5896
0.000207226 4.54456
0.000207849 4.49846
0.000208473 4.45409
0.0002091 4.40452
0.000209728 4.35827
0.000210358 4.3165
0.00021099 4.2733
0.000211624 4.22716
0.000212259 4.18383
0.000212897 4.14318
0.000213537 4.10109
0.000214178 4.0611
0.000214821 4.01587
0.000215467 3.96313
0.000216114 3.86333
0.000216763 3.81208
0.000217414 3.82689
0.000218068 3.80339
0.000218723 3.76921
0.00021938 3.73343
0.000220039 3.68874
0.0002207 3.64814
0.000221363 3.61633
0.000222028 3.57646
0.000222695 3.53675
0.000223364 3.50208
0.000224035 3.46712
0.000224708 3.4327
0.000225383 3.3952
0.00022606 3.35926
0.000226739 3.32469
0.00022742 3.29166
0.000228103 3.2574
0.000228789 3.17792
0.000229476 3.06488
0.000230165 3.06587
0.000230857 3.06122
0.00023155 3.01745
0.000232246 2.90856
0.000232944 2.8833
0.000233643 2.89605
0.000234345 2.87111
0.000235049 2.77997
0.000235755 2.7233
0.000236464 2.74509
0.000237174 2.72985
0.000237886 2.666
0.000238601 2.59626
0.000239318 2.60929
0.000240037 2.60332
0.000240758 2.56213
0.000241481 2.4944
0.000242207 2.49756
0.000242934 2.49136
0.000243664 2.46048
0.000244396 2.40765
0.00024513 2.38681
0.000245866 2.37974
0.000246605 2.36964
0.000247346 2.33195
0.000248089 2.29663
0.000248834 2.27115
0.000249582 2.26103
0.000250332 2.27051
0.000251083 2.22494
0.000251838 2.18173
0.000252594 2.16748
0.000253353 2.16913
0.000254114 2.14795
0.000254878 2.12096
0.000255643 2.09286
0.000256411 2.06137
0.000257182 2.06037
0.000257954 2.03995
0.000258729 2.01167
0.000259506 2.00086
0.000260286 1.98064
0.000261068 1.94306
0.000261852 1.90331
0.000262639 1.88422
0.000263428 1.89698
0.000264219 1.88964
0.000265013 1.86997
0.000265809 1.84526
0.000266607 1.81806
0.000267408 1.79201
0.000268212 1.7888
0.000269017 1.77724
0.000269826 1.76021
0.000270636 1.74537
0.000271449 1.7279
0.000272265 1.71193
0.000273082 1.69146
0.000273903 1.67234
0.000274726 1.6497
0.000275551 1.61924
0.000276379 1.6122
0.000277209 1.60288
0.000278042 1.58968
0.000278877 1.5753
0.000279715 1.56028
0.000280555 1.54303
0.000281398 1.5257
0.000282243 1.50981
0.000283091 1.49488
0.000283942 1.47911
0.000284795 1.46259
0.00028565 1.44514
0.000286508 1.423
0.000287369 1.3934
0.000288232 1.39182
0.000289098 1.3851
0.000289967 1.37081
0.000290838 1.35611
0.000291711 1.34146
0.000292588 1.32629
0.000293467 1.31308
0.000294348 1.29801
0.000295233 1.28387
0.000296119 1.27027
0.000297009 1.25644
0.000297901 1.24251
0.000298796 1.22879
0.000299694 1.21547
0.000300594 1.20191
0.000301497 1.18858
0.000302403 1.17284
0.000303311 1.14655
0.000304222 1.13762
0.000305136 1.13285
0.000306053 1.12365
0.000306972 1.11186
0.000307895 1.09944
0.000308819 1.08686
0.000309747 1.07487
0.000310678 1.06299
0.000311611 1.04982
0.000312547 1.03949
0.000313486 1.02793
0.000314428 1.0162
0.000315372 1.00429
0.00031632 0.993734
0.00031727 0.982787
0.000318223 0.971734
0.000319179 0.960907
0.000320138 0.950201
0.0003211 0.939417
0.000322064 0.928928
0.000323032 0.918544
0.000324002 0.908186
0.000324975 0.89792
0.000325952 0.887702
0.000326931 0.877028
0.000327913 0.862533
0.000328898 0.848239
0.000329886 0.841588
0.000330877 0.835648
0.000331871 0.827705
0.000332868 0.819131
0.000333868 0.810322
0.000334871 0.801495
0.000335877 0.792441
0.000336886 0.783388
0.000337898 0.774169
0.000338913 0.765191
0.000339931 0.756499
0.000340953 0.747936
0.000341977 0.739899
0.000343004 0.731831
0.000344035 0.723774
0.000345068 0.715817
0.000346105 0.70763
0.000347144 0.699652
0.000348187 0.691597
0.000349233 0.68371
0.000350282 0.675932
0.000351335 0.668232
0.00035239 0.660603
0.000353449 0.653072
0.00035451 0.645642
0.000355575 0.638295
0.000356644 0.630969
0.000357715 0.624167
0.00035879 0.617471
0.000359867 0.610088
0.000360948 0.602745
0.000362033 0.596615
0.00036312 0.590282
0.000364211 0.582597
0.000365305 0.575458
0.000366403 0.569899
0.000367504 0.563313
0.000368607 0.555703
0.000369715 0.549476
0.000370825 0.544105
0.000371939 0.537229
0.000373057 0.529865
0.000374178 0.521846
0.000375302 0.515046
0.000376429 0.512852
0.00037756 0.50898
0.000378694 0.503491
0.000379832 0.497016
0.000380973 0.490419
0.000382117 0.485138
0.000383265 0.480227
0.000384416 0.475602
0.000385571 0.470493
0.00038673 0.464941
0.000387891 0.459524
0.000389057 0.453934
0.000390225 0.447277
0.000391398 0.441806
0.000392573 0.438441
0.000393753 0.434058
0.000394936 0.429122
0.000396122 0.424325
0.000397312 0.419489
0.000398506 0.414469
0.000399703 0.409139
0.000400903 0.403689
0.000402108 0.398665
0.000403316 0.393461
0.000404527 0.387615
0.000405743 0.389295
0.000406961 0.382117
0.000408184 0.378282
0.00040941 0.374162
0.00041064 0.369847
0.000411874 0.365699
0.000413111 0.361503
0.000414352 0.357207
0.000415597 0.352159
0.000416845 0.346666
0.000418098 0.343662
0.000419353 0.340813
0.000420613 0.336951
0.000421877 0.333385
0.000423144 0.329759
0.000424415 0.325971
0.00042569 0.322204
0.000426969 0.318057
0.000428252 0.310647
0.000429538 0.303085
0.000430829 0.296466
0.000432123 0.294314
0.000433421 0.290897
0.000434723 0.283506
0.000436029 0.277601
0.000437339 0.273248
0.000438653 0.270666
0.00043997 0.265317
0.000441292 0.260081
0.000442618 0.257803
0.000443948 0.25477
0.000445281 0.250745
0.000446619 0.245279
0.000447961 0.243336
0.000449306 0.241955
0.000450656 0.238139
0.00045201 0.233805
0.000453368 0.230335
0.00045473 0.229085
0.000456096 0.227107
0.000457466 0.223851
0.00045884 0.219276
0.000460219 0.21819
0.000461601 0.216586
0.000462988 0.213424
0.000464379 0.209909
0.000465774 0.207888
0.000467173 0.205968
0.000468576 0.204639
0.000469984 0.202641
0.000471396 0.200785
0.000472812 0.199848
0.000474232 0.197374
0.000475657 0.194965
0.000477086 0.192971
0.000478519 0.191037
0.000479957 0.1884
0.000481398 0.18627
0.000482845 0.185603
0.000484295 0.183531
0.00048575 0.181018
0.000487209 0.17863
0.000488673 0.176879
0.000490141 0.175035
0.000491613 0.173009
0.00049309 0.17107
0.000494571 0.169045
0.000496057 0.167404
0.000497547 0.165835
0.000499042 0.164052
0.000500541 0.162433
0.000502045 0.160761
0.000503553 0.158715
0.000505066 0.156397
0.000506583 0.154922
0.000508105 0.153485
0.000509631 0.151736
0.000511162 0.149431
0.000512698 0.147275
0.000514238 0.146131
0.000515783 0.145373
0.000517332 0.144285
0.000518886 0.142231
0.000520445 0.140673
0.000522008 0.139087
0.000523577 0.137606
0.00052515 0.13656
0.000526727 0.135501
0.00052831 0.133494
0.000529897 0.131657
0.000531488 0.130345
0.000533085 0.129153
0.000534686 0.127799
0.000536293 0.12649
0.000537904 0.1252
0.00053952 0.123896
0.00054114 0.122495
0.000542766 0.120862
0.000544397 0.119861
0.000546032 0.118603
0.000547672 0.117207
0.000549318 0.115938
0.000550968 0.114745
0.000552623 0.114187
0.000554283 0.112441
0.000555948 0.111245
0.000557618 0.110327
0.000559294 0.108937
0.000560974 0.107888
0.000562659 0.106451
0.000564349 0.105521
0.000566044 0.104496
0.000567745 0.103177
0.00056945 0.101955
0.000571161 0.101166
0.000572877 0.100069
0.000574598 0.0989597
0.000576324 0.0978053
0.000578055 0.0968644
0.000579792 0.0958474
0.000581534 0.0946894
0.000583281 0.0937132
0.000585033 0.0927259
0.00058679 0.0915691
0.000588553 0.090463
0.000590321 0.0890746
0.000592095 0.0882456
0.000593873 0.0876463
0.000595657 0.0867407
0.000597447 0.0858497
0.000599242 0.0848984
0.000601042 0.0839812
0.000602847 0.0830077
0.000604658 0.0819715
0.000606475 0.0810609
0.000608297 0.0801808
0.000610124 0.0792337
0.000611957 0.0783424
0.000613795 0.0775324
0.000615639 0.0767377
0.000617489 0.0759212
0.000619344 0.0750611
0.000621204 0.0742518
0.00062307 0.0733576
0.000624942 0.0724434
0.000626819 0.0716342
0.000628702 0.0708684
0.000630591 0.0700507
0.000632485 0.0693087
0.000634386 0.0685041
0.000636291 0.0677904
0.000638203 0.0669735
0.00064012 0.0661737
0.000642043 0.0654467
0.000643972 0.0646942
0.000645906 0.0639493
0.000647847 0.0632389
0.000649793 0.0625379
0.000651745 0.061812
0.000653703 0.0610976
0.000655666 0.0604155
0.000657636 0.0597462
0.000659612 0.0590561
0.000661593 0.058367
0.000663581 0.0576986
0.000665574 0.0570384
0.000667574 0.056391
0.000669579 0.0557545
0.000671591 0.0551049
0.000673608 0.0544625
0.000675632 0.0538281
0.000677661 0.0532324
0.000679697 0.0525834
0.000681739 0.0519733
0.000683787 0.0513732
0.000685841 0.0507812
0.000687901 0.0501994
0.000689968 0.0496226
0.000692041 0.049036
0.00069412 0.0484657
0.000696205 0.0479138
0.000698296 0.0475227
0.000700394 0.046803
0.000702498 0.0462484
0.000704608 0.0457138
0.000706725 0.0451882
0.000708848 0.0446538
0.000710978 0.0441419
0.000713113 0.0436532
0.000715256 0.0431423
0.000717404 0.0426308
0.00071956 0.0421243
0.000721721 0.0416303
0.000723889 0.0411472
0.000726064 0.0406704
0.000728245 0.0401971
0.000730433 0.0397282
0.000732627 0.0392631
0.000734828 0.0388047
0.000737035 0.0383504
0.00073925 0.0378992
0.00074147 0.0374481
0.000743698 0.0369124
0.000745932 0.0368697
0.000748173 0.0359306
0.00075042 0.0356545
0.000752675 0.0352839
0.000754936 0.0349051
0.000757204 0.0345114
0.000759478 0.0341072
0.00076176 0.0337097
0.000764048 0.033312
0.000766344 0.0329256
0.000768646 0.0325364
0.000770955 0.03216
0.000773271 0.0317872
0.000775594 0.0314171
0.000777924 0.031047
0.000780261 0.0306829
0.000782605 0.0303227
0.000784956 0.0299666
0.000787314 0.0296155
0.000789679 0.0292691
0.000792051 0.028927
0.00079443 0.0285886
0.000796817 0.0282533
0.000799211 0.0279183
0.000801612 0.0275933
0.00080402 0.0272689
0.000806435 0.0269544
0.000808858 0.0266387
0.000811288 0.0263264
0.000813725 0.0260148
0.000816169 0.0257115
0.000818621 0.0254146
0.00082108 0.025117
0.000823547 0.0248229
0.000826021 0.0245324
0.000828502 0.0242425
0.000830991 0.0239611
0.000833488 0.023679
0.000835992 0.0234011
0.000838503 0.0231247
0.000841022 0.0228568
0.000843548 0.0225901
0.000846082 0.0223281
0.000848624 0.0220625
0.000851173 0.0218022
0.00085373 0.0215446
0.000856295 0.0212914
0.000858868 0.0210421
0.000861448 0.0207968
0.000864035 0.0205545
0.000866631 0.0203259
0.000869235 0.0200774
0.000871846 0.019841
0.000874465 0.019607
0.000877092 0.0194175
0.000879727 0.0191497
0.000882369 0.0189239
0.00088502 0.0187007
0.000887679 0.018482
0.000890346 0.0182667
0.00089302 0.0180527
0.000895703 0.0178381
0.000898394 0.0176312
0.000901093 0.017423
0.000903799 0.0172199
0.000906515 0.0170165
0.000909238 0.0168177
0.000911969 0.0166209
0.000914709 0.0164269
0.000917457 0.016232
0.000920213 0.0160436
0.000922977 0.015855
0.00092575 0.0156696
0.000928531 0.0154875
0.00093132 0.0153034
0.000934118 0.015122
0.000936924 0.0149446
0.000939739 0.0147794
0.000942562 0.0145972
0.000945394 0.0144219
0.000948234 0.0142526
0.000951082 0.0140856
0.000953939 0.0139228
0.000956805 0.0137561
0.000959679 0.0135962
0.000962562 0.0134364
0.000965454 0.0132777
0.000968354 0.0131254
0.000971263 0.0129685
0.000974181 0.012815
0.000977108 0.012665
0.000980043 0.012517
0.000982987 0.0123697
0.00098594 0.0122228
0.000988902 0.0120794
0.000991873 0.0119386
0.000994852 0.0117986
0.000997841 0.0116587
0.00100084 0.011523
0.00100385 0.0113878
0.00100686 0.0112534
0.00100989 0.0111204
0.00101292 0.0109891
0.00101596 0.0108594
0.00101901 0.0107312
0.00102208 0.0106044
0.00102515 0.0104767
0.00102823 0.0103554
0.00103131 0.0102308
0.00103441 0.0101123
0.00103752 0.00999294
0.00104064 0.00987492
0.00104376 0.00975598
0.0010469 0.00964308
0.00105004 0.009541
0.0010532 0.00941431
0.00105636 0.00930552
0.00105954 0.00919326
0.00106272 0.00908702
0.00106591 0.00897978
0.00106911 0.00887374
0.00107232 0.00876901
0.00107555 0.00866307
0.00107878 0.00856307
0.00108202 0.00845968
0.00108527 0.00836205
0.00108853 0.00826333
0.0010918 0.00816577
0.00109508 0.00806935
0.00109837 0.0079718
0.00110167 0.00787992
0.00110498 0.00778459
0.0011083 0.00769484
0.00111163 0.00760399
0.00111497 0.00751419
0.00111831 0.00742555
0.00112167 0.00733567
0.00112504 0.00724905
0.00112842 0.00716341
0.00113181 0.00711496
0.00113521 0.00699522
0.00113862 0.00691262
0.00114204 0.00683098
0.00114548 0.00675027
0.00114892 0.00667273
0.00115237 0.00659179
0.00115583 0.00651395
0.0011593 0.00643708
0.00116278 0.00636104
0.00116628 0.00628803
0.00116978 0.0062138
0.00117329 0.00614047
0.00117682 0.00606587
0.00118036 0.00599419
0.0011839 0.00592555
0.00118746 0.00585349
0.00119102 0.00578441
0.0011946 0.00571818
0.00119819 0.00564857
0.00120179 0.00558189
0.0012054 0.00551597
0.00120902 0.00545288
0.00121265 0.00538646
0.0012163 0.00532285
0.00121995 0.00525999
0.00122362 0.00519786
0.00122729 0.00513651
0.00123098 0.00507585
0.00123468 0.00501592
0.00123839 0.00505705
0.00124211 0.00491342
0.00124584 0.00484033
0.00124958 0.0047832
0.00125333 0.00472673
0.0012571 0.00467089
0.00126088 0.00462118
0.00126466 0.00456126
0.00126846 0.00450739
0.00127227 0.00445417
0.00127609 0.00440157
0.00127993 0.00434962
0.00128377 0.00431851
0.00128763 0.00424749
0.0012915 0.00419736
0.00129538 0.00414777
0.00129927 0.00409882
0.00130317 0.00405044
0.00130709 0.00400259
0.00131101 0.00395537
0.00131495 0.00390863
0.0013189 0.00386245
0.00132286 0.00381685
0.00132684 0.00377177
0.00133082 0.00372709
0.00133482 0.00368308
0.00133883 0.0036394
0.00134285 0.00359663
0.00134689 0.00355396
0.00135093 0.0035122
0.00135499 0.00347055
0.00135906 0.00342957
0.00136315 0.00338906
0.00136724 0.00334906
0.00137135 0.00330951
0.00137547 0.00327044
0.0013796 0.00323183
0.00138374 0.0031935
0.0013879 0.00315597
0.00139207 0.00311853
0.00139625 0.00308189
0.00140045 0.00304532
0.00140465 0.00300938
0.00140887 0.00297384
0.00141311 0.00293872
0.00141735 0.00291015
0.00142161 0.00286974
0.00142588 0.00283586
0.00143016 0.00280405
0.00143446 0.0027693
0.00143877 0.0027366
0.00144309 0.00270429
0.00144743 0.00267219
0.00145177 0.00264082
0.00145614 0.00260946
0.00146051 0.00257883
0.0014649 0.00254838
0.0014693 0.0025183
0.00147371 0.00248857
0.00147814 0.00245919
0.00148258 0.00242999
0.00148703 0.00240131
0.0014915 0.00237295
0.00149598 0.00234511
0.00150048 0.00231724
0.00150498 0.0022899
0.0015095 0.00226287
0.00151404 0.00223598
0.00151859 0.00220974
0.00152315 0.00218366
0.00152772 0.00215773
0.00153231 0.00213241
0.00153692 0.00210723
0.00154153 0.0020822
0.00154616 0.0020576
0.00155081 0.00203346
0.00155547 0.00200946
0.00156014 0.00198558
0.00156483 0.00196214
0.00156953 0.00193897
0.00157424 0.00191609
0.00157897 0.00189346
0.00158372 0.00187126
0.00158847 0.00184902
0.00159325 0.00182719
0.00159803 0.00180562
0.00160283 0.00178431
0.00160765 0.00176324
0.00161248 0.00174227
0.00161732 0.00172186
0.00162218 0.00171664
0.00162705 0.00168145
0.00163194 0.00166145
0.00163684 0.00164184
0.00164176 0.00162245
0.00164669 0.0016033
0.00165164 0.00158437
0.0016566 0.00156582
0.00166158 0.00154733
0.00166657 0.00152907
0.00167158 0.00151101
0.0016766 0.00149318
0.00168163 0.00147541
0.00168669 0.00146438
0.00169175 0.00144078
0.00169684 0.00142377
0.00170193 0.00140697
0.00170705 0.00139036
0.00171217 0.00137395
0.00171732 0.00135773
0.00172248 0.0013417
0.00172765 0.00132587
0.00173284 0.00131007
0.00173805 0.00129475
0.00174327 0.00127947
0.0017485 0.00126423
0.00175376 0.00124944
0.00175903 0.00123455
0.00176431 0.00122012
0.00176961 0.00120558
0.00177493 0.00119148
0.00178026 0.00117742
0.00178561 0.00116352
0.00179097 0.00117377
0.00179635 0.00113607
0.00180175 0.0011228
0.00180716 0.00110941
0.00181259 0.00109631
0.00181803 0.00108337
0.00182349 0.00107059
0.00182897 0.00105795
0.00183447 0.00104546
0.00183998 0.00103312
0.00184551 0.00102093
0.00185105 0.00100901
0.00185661 0.000996971
0.00186219 0.000988106
0.00186778 0.000973959
0.00187339 0.000962085
0.00187902 0.00095073
0.00188467 0.000939507
0.00189033 0.000928417
0.00189601 0.000917459
0.0019017 0.000906633
0.00190741 0.00092317
0.00191314 0.000885362
0.00191889 0.000874911
0.00192466 0.000864453
0.00193044 0.000854381
0.00193624 0.000844296
0.00194205 0.000834336
0.00194789 0.000824487
0.00195374 0.000814629
0.00195961 0.000805141
0.0019655 0.000795638
0.0019714 0.000786123
0.00197732 0.000776974
0.00198326 0.000767678
0.00198922 0.000758618
0.0019952 0.000749786
0.00200119 0.000740924
0.0020072 0.000731997
0.00201323 0.000723421
0.00201928 0.000714823
0.00202535 0.000706204
0.00203143 0.000697811
0.00203753 0.00068964
0.00204365 0.000681445
0.00204979 0.000673346
0.00205595 0.000665216
0.00206213 0.000657309
0.00206832 0.000649497
0.00207453 0.000641778
0.00208077 0.000634149
0.00208702 0.000626731
0.00209329 0.000619165
0.00209958 0.000611805
0.00210588 0.000604537
0.00211221 0.000597353
0.00211855 0.000590253
0.00212492 0.000583239
0.0021313 0.000576307
0.0021377 0.000569459
0.00214413 0.000562691
0.00215057 0.000556004
0.00215703 0.000549397
0.00216351 0.000542867
0.00217001 0.000536415
0.00217653 0.000530043
0.00218306 0.000523744
0.00218962 0.000517406
0.0021962 0.000511371
0.0022028 0.000505295
0.00220942 0.000499291
0.00221605 0.000493359
0.00222271 0.000487496
0.00222939 0.000481701
0.00223608 0.000482065
0.0022428 0.000473191
0.00224954 0.000464734
0.0022563 0.000459102
0.00226308 0.000453756
0.00226987 0.000448257
0.00227669 0.000443037
0.00228353 0.000437774
0.00229039 0.000432809
0.00229727 0.000427325
0.00230417 0.000422355
0.0023111 0.000417229
0.00231804 0.000412378
0.002325 0.000407478
0.00233199 0.000402637
0.00233899 0.000397748
0.00234602 0.000393021
0.00235307 0.000388457
0.00236014 0.000383842
0.00236723 0.000379177
0.00237434 0.000374672
0.00238147 0.00037022
0.00238862 0.000365821
0.0023958 0.000361579
0.002403 0.000357179
0.00241022 0.00035304
0.00241746 0.000348844
0.00242472 0.000344701
0.002432 0.000340607
0.00243931 0.00033656
0.00244664 0.000332461
0.00245399 0.000331465
0.00246136 0.000324609
0.00246875 0.000320853
0.00247617 0.000317042
0.00248361 0.000313176
0.00249107 0.000309556
0.00249855 0.000305879
0.00250606 0.000302148
0.00251359 0.000298557
0.00252114 0.000295011
0.00252871 0.000291605
0.00253631 0.000288042
0.00254393 0.000284622
0.00255157 0.000281241
0.00255923 0.000277998
0.00256692 0.000274599
0.00257463 0.000271336
0.00258237 0.000268113
0.00259012 0.000264929
0.00259791 0.000313897
0.00260571 0.000258672
0.00261354 0.0002556
0.00262139 0.000252564
0.00262926 0.000249564
0.00263716 0.0002466
0.00264508 0.000243766
0.00265303 0.000240776
0.002661 0.00023801
0.00266899 0.000235092
0.00267701 0.000232299
0.00268505 0.000229541
0.00269312 0.000226814
0.00270121 0.00022412
0.00270933 0.000221458
0.00271746 0.000218829
0.00272563 0.000216229
0.00273382 0.000213662
0.00274203 0.000211124
0.00275027 0.000208618
0.00275853 0.000206141
0.00276682 0.000203693
0.00277513 0.000201274
0.00278346 0.000207876
0.00279183 0.000196522
0.00280021 0.000194189
0.00280862 0.000191883
0.00281706 0.000189605
0.00282552 0.000187353
0.00283401 0.000185129
0.00284253 0.000182931
0.00285107 0.000180758
0.00285963 0.000178613
0.00286822 0.000176404
0.00287684 0.000174309
0.00288548 0.000173673
0.00289415 0.000170271
0.00290284 0.000168241
0.00291156 0.000166244
0.00292031 0.00016427
0.00292908 0.00016232
0.00293788 0.000160399
0.00294671 0.000158488
0.00295556 0.000156598
0.00296444 0.000154747
0.00297334 0.00015291
0.00298228 0.00015374
0.00299123 0.000149302
0.00300022 0.000147529
0.00300923 0.000145769
0.00301827 0.000144047
0.00302734 0.000142329
0.00303643 0.00014064
0.00304556 0.000138978
0.00305471 0.00013732
0.00306388 0.000135691
0.00307309 0.000134088
0.00308232 0.000132488
0.00309158 0.000130916
0.00310086 0.000129362
0.00311018 0.000127826
0.00311952 0.000126309
0.00312889 0.00012481
0.00313829 0.000123321
0.00314772 0.000121865
0.00315718 0.000120411
0.00316666 0.000118982
0.00317618 0.000117569
0.00318572 0.000116174
0.00319529 0.000114795
0.00320489 0.000113433
0.00321451 0.000112087
0.00322417 0.000110757
0.00323386 0.000109442
0.00324357 0.000108144
0.00325331 0.000106861
0.00326309 0.000105592
0.00327289 0.000104332
0.00328272 0.000103102
0.00329258 0.000103024
0.00330248 0.000100669
0.0033124 9.94674e-05
0.00332235 9.82871e-05
0.00333233 9.71208e-05
0.00334234 9.60704e-05
0.00335238 9.51419e-05
0.00336245 9.37047e-05
0.00337255 9.26003e-05
0.00338268 9.14946e-05
0.00339284 9.04163e-05
0.00340304 8.93363e-05
0.00341326 8.82765e-05
0.00342351 8.72294e-05
0.0034338 8.61945e-05
0.00344411 8.5172e-05
0.00345446 8.41616e-05
0.00346484 8.31828e-05
0.00347525 8.21766e-05
0.00348569 0.000297382
0.00349616 8.02387e-05
0.00350666 7.92871e-05
0.00351719 7.83469e-05
0.00352776 7.74175e-05
0.00353836 8.50575e-05
0.00354899 7.55919e-05
0.00355965 7.46953e-05
0.00357034 7.38027e-05
0.00358107 7.32806e-05
0.00359183 7.20691e-05
0.00360262 7.12077e-05
0.00361344 7.03701e-05
0.00362429 6.95288e-05
0.00363518 6.87041e-05
0.0036461 6.78962e-05
0.00365705 6.70846e-05
0.00366804 6.62958e-05
0.00367906 6.55029e-05
0.00369011 6.47262e-05
0.0037012 6.39586e-05
0.00371232 6.32003e-05
0.00372347 6.24509e-05
0.00373465 6.17106e-05
0.00374587 6.0979e-05
0.00375713 6.02558e-05
0.00376841 5.9535e-05
0.00377973 5.88292e-05
0.00379109 5.81381e-05
0.00380248 5.74424e-05
0.0038139 5.67614e-05
0.00382536 5.6095e-05
0.00383685 5.543e-05
0.00384837 5.47731e-05
0.00385994 5.41237e-05
0.00387153 5.34823e-05
0.00388316 5.70923e-05
0.00389483 5.34431e-05
0.00390653 5.1603e-05
0.00391826 5.09915e-05
0.00393003 5.03808e-05
0.00394184 4.97837e-05
0.00395368 4.91937e-05
0.00396556 4.86106e-05
0.00397747 4.80346e-05
0.00398942 4.74716e-05
0.0040014 4.69025e-05
0.00401343 4.63443e-05
0.00402548 4.57929e-05
0.00403758 4.52478e-05
0.0040497 4.47095e-05
0.00406187 4.41774e-05
0.00407407 4.36518e-05
0.00408631 4.31325e-05
0.00409859 4.26192e-05
0.0041109 4.21122e-05
0.00412325 4.16112e-05
0.00413564 4.1116e-05
0.00414806 4.06268e-05
0.00416052 4.01436e-05
0.00417302 3.9666e-05
0.00418555 3.91943e-05
0.00419813 3.8728e-05
0.00421074 3.82673e-05
0.00422339 3.78122e-05
0.00423608 3.73624e-05
0.0042488 3.6918e-05
0.00426157 3.64789e-05
0.00427437 3.60392e-05
0.00428721 3.56164e-05
0.00430009 3.5187e-05
0.00431301 3.47685e-05
0.00432596 3.43551e-05
0.00433896 3.39522e-05
0.00435199 3.35428e-05
0.00436507 3.31438e-05
0.00437818 3.27497e-05
0.00439133 3.23661e-05
0.00440452 3.19756e-05
0.00441776 3.1601e-05
0.00443103 3.12254e-05
0.00444434 3.08485e-05
0.00445769 3.04873e-05
0.00447108 3.01194e-05
0.00448451 2.97613e-05
0.00449798 2.94076e-05
0.0045115 2.90634e-05
0.00452505 2.87125e-05
0.00453864 2.83712e-05
0.00455228 2.8034e-05
0.00456595 2.77008e-05
0.00457967 2.73715e-05
0.00459343 2.70462e-05
0.00460723 2.67248e-05
0.00462107 2.64073e-05
0.00463495 2.60934e-05
0.00464887 2.57834e-05
0.00466284 2.5477e-05
0.00467685 2.51742e-05
0.0046909 2.48751e-05
0.00470499 2.45795e-05
0.00471912 2.42876e-05
0.0047333 2.3999e-05
0.00474752 2.37139e-05
0.00476178 2.34322e-05
0.00477608 2.31538e-05
0.00479043 2.28788e-05
0.00480482 2.26071e-05
0.00481926 2.23385e-05
0.00483373 2.20732e-05
0.00484825 2.18111e-05
0.00486282 2.1552e-05
0.00487743 2.12961e-05
0.00489208 2.10432e-05
0.00490678 2.07882e-05
0.00492152 2.05464e-05
0.0049363 2.03025e-05
0.00495113 2.06612e-05
0.004966 1.98182e-05
0.00498092 1.95878e-05
0.00499589 1.93503e-05
0.00501089 1.91256e-05
0.00502595 1.88985e-05
0.00504105 1.86741e-05
0.00505619 1.84476e-05
0.00507138 1.82335e-05
0.00508661 1.80123e-05
0.00510189 1.78033e-05
0.00511722 1.75921e-05
0.00513259 1.73784e-05
0.00514801 1.7177e-05
0.00516348 1.69731e-05
0.00517899 1.6767e-05
0.00519455 1.65728e-05
0.00521015 1.63714e-05
0.0052258 1.61772e-05
0.0052415 1.59852e-05
0.00525725 1.75675e-05
0.00527304 1.56081e-05
0.00528888 1.54276e-05
0.00530477 1.524e-05
0.00532071 1.50638e-05
0.00533669 1.48806e-05
0.00535272 1.47041e-05
0.0053688 1.45297e-05
0.00538493 1.43574e-05
0.00540111 1.41871e-05
0.00541733 1.40234e-05
0.00543361 1.38525e-05
0.00544993 1.36883e-05
0.0054663 1.35305e-05
0.00548272 1.33657e-05
0.00549919 1.32072e-05
0.00551571 1.30506e-05
0.00553228 1.29004e-05
0.0055489 1.2743e-05
0.00556557 1.2592e-05
0.00558229 1.24428e-05
0.00559906 1.22952e-05
0.00561588 1.21495e-05
0.00563275 1.20056e-05
0.00564967 1.18633e-05
0.00566664 1.17227e-05
0.00568367 1.15838e-05
0.00570074 1.14509e-05
0.00571787 1.13109e-05
0.00573504 1.11769e-05
0.00575227 1.10445e-05
0.00576955 1.09137e-05
0.00578689 1.07887e-05
0.00580427 1.06567e-05
0.00582171 1.05304e-05
0.0058392 1.041e-05
0.00585674 1.02825e-05
0.00587433 1.01608e-05
0.00589198 1.00404e-05
0.00590968 9.92154e-06
0.00592743 9.80412e-06
0.00594524 9.68806e-06
0.0059631 9.57336e-06
0.00598101 9.46002e-06
0.00599898 9.34801e-06
0.006017 9.23725e-06
0.00603508 9.12763e-06
0.00605321 9.01942e-06
0.00607139 9.60345e-06
0.00608963 8.80675e-06
0.00610792 8.70235e-06
0.00612627 8.59922e-06
0.00614468 8.49727e-06
0.00616313 8.39652e-06
0.00618165 8.297e-06
0.00620022 8.19865e-06
0.00621885 8.10105e-06
0.00623753 8.00469e-06
0.00625627 7.90978e-06
0.00627506 7.81605e-06
0.00629391 7.72344e-06
0.00631282 1.44466e-05
0.00633178 7.54151e-06
0.0063508 7.45215e-06
0.00636988 7.36388e-06
0.00638902 7.27664e-06
0.00640821 7.19045e-06
0.00642746 7.10491e-06
0.00644677 7.02076e-06
0.00646614 6.93799e-06
0.00648556 6.85546e-06
0.00650505 6.77428e-06
0.00652459 6.69407e-06
0.00654419 6.61483e-06
0.00656385 6.5369e-06
0.00658356 6.45953e-06
0.00660334 6.3827e-06
0.00662318 6.30716e-06
0.00664308 6.23251e-06
0.00666303 6.15876e-06
0.00668305 6.08588e-06
0.00670312 6.01388e-06
0.00672326 5.94299e-06
0.00674346 5.87243e-06
0.00676372 5.80296e-06
0.00678404 5.73432e-06
0.00680442 5.66614e-06
0.00682486 5.5995e-06
0.00684536 5.53292e-06
0.00686592 5.4675e-06
0.00688655 5.40321e-06
0.00690724 6.14783e-06
0.00692799 5.27586e-06
0.0069488 5.21349e-06
0.00696967 5.15188e-06
0.00699061 5.09099e-06
0.00701161 5.03083e-06
0.00703268 4.97137e-06
0.0070538 4.91264e-06
0.00707499 4.8546e-06
0.00709625 4.79725e-06
0.00711756 4.74059e-06
0.00713895 4.68424e-06
0.00716039 4.62892e-06
0.0071819 4.5746e-06
0.00720348 4.52058e-06
0.00722512 4.46686e-06
0.00724682 4.41412e-06
0.00726859 4.36235e-06
0.00729043 4.31087e-06
0.00731233 4.25965e-06
0.00733429 4.20938e-06
0.00735633 4.1597e-06
0.00737843 4.11061e-06
0.00740059 4.06212e-06
0.00742282 4.0142e-06
0.00744512 3.96684e-06
0.00746749 3.92005e-06
0.00748992 3.87382e-06
0.00751242 3.82814e-06
0.00753499 3.78299e-06
0.00755763 3.73839e-06
0.00758033 3.69399e-06
0.0076031 3.65077e-06
0.00762594 3.60741e-06
0.00764885 3.56522e-06
0.00767183 3.5232e-06
0.00769488 3.48137e-06
0.00771799 3.44035e-06
0.00774118 3.39981e-06
0.00776443 3.35976e-06
0.00778776 3.32019e-06
0.00781115 3.28141e-06
0.00783462 3.24276e-06
0.00785815 3.20427e-06
0.00788176 3.16654e-06
0.00790544 3.12926e-06
0.00792919 3.09274e-06
0.00795301 3.05603e-06
0.0079769 3.02006e-06
0.00800086 2.98452e-06
0.0080249 2.94937e-06
0.008049 2.91463e-06
0.00807318 2.8803e-06
0.00809744 2.84638e-06
0.00812176 2.81256e-06
0.00814616 2.77945e-06
0.00817063 2.74703e-06
0.00819518 2.71439e-06
0.0082198 2.68245e-06
0.00824449 2.65118e-06
0.00826926 2.61969e-06
0.0082941 2.58887e-06
0.00831901 2.55871e-06
0.00834401 2.52832e-06
0.00836907 2.49858e-06
0.00839421 2.4695e-06
0.00841943 2.44017e-06
0.00844472 2.41148e-06
0.00847009 2.38343e-06
0.00849554 2.35513e-06
0.00852106 2.32744e-06
0.00854665 2.30039e-06
0.00857233 2.27307e-06
0.00859808 2.24637e-06
0.00862391 2.22027e-06
0.00864982 2.19391e-06
0.0086758 2.16815e-06
0.00870187 2.1427e-06
0.00872801 2.11782e-06
0.00875423 2.09269e-06
0.00878053 2.06812e-06
0.0088069 2.04386e-06
0.00883336 2.01987e-06
0.0088599 1.99618e-06
0.00888651 2.35804e-06
0.00891321 1.94963e-06
0.00893998 1.92649e-06
0.00896684 1.9039e-06
0.00899378 1.88185e-06
0.0090208 1.85979e-06
0.0090479 1.838e-06
0.00907507 1.81647e-06
0.00910234 1.79491e-06
0.0092073 1.71641e-06
0.00939266 1.58727e-06
0.00958175 1.46771e-06
0.00977464 1.35776e-06
0.00997142 1.25567e-06
0.0101722 1.16147e-06
0.0103769 1.07443e-06
0.0105858 9.94005e-07
0.0107989 9.19697e-07
0.0110163 8.51036e-07
0.0112381 8.16108e-07
0.0114644 7.2874e-07
0.0116952 6.74564e-07
0.0119306 6.24709e-07
0.0121708 8.69269e-07
0.0124158 5.3564e-07
0.0126657 4.95895e-07
0.0129207 4.59144e-07
0.0131808 4.25543e-07
0.0134462 3.94256e-07
0.0137169 3.65367e-07
0.013993 3.3863e-07
0.0142747 3.13892e-07
0.0145621 3.32018e-07
0.0148552 2.69832e-07
0.0151543 2.50241e-07
0.0154594 2.32135e-07
0.0157706 1.66498e-06
0.0160881 5.75247e-08
0.016412 2.54363e-08
0.0167423 2.4533e-08
0.0170794 2.36616e-08
0.0174232 2.28211e-08
0.017774 2.20103e-08
0.0181318 2.12283e-08
0.0184968 2.0474e-08
0.0188692 1.97464e-08
0.019249 1.90446e-08
0.0196366 1.83676e-08
0.0200319 1.77147e-08
0.0204351 8.60233e-08
0.0208465 1.64775e-08
0.0212662 1.58915e-08
0.0216943 1.53264e-08
0.0221311 1.47813e-08
0.0225766 1.42555e-08
0.0230311 1.37483e-08
0.0234947 1.32592e-08
0.0239677 1.27874e-08
0.0244502 1.23324e-08
0.0249424 1.18934e-08
0.0254446 1.14701e-08
0.0259568 1.10618e-08
0.0264794 1.06679e-08
0.0270124 1.02881e-08
0.0275562 9.92173e-09
0.028111 9.56835e-09
0.0286769 9.22755e-09
0.0292542 8.89883e-09
0.0298431 8.58179e-09
0.0304439 8.276e-09
0.0310568 7.98107e-09
0.031682 7.69665e-09
0.0323198 7.42229e-09
0.0329704 7.15771e-09
0.0336342 6.9025e-09
0.0343113 6.65638e-09
0.035002 6.419e-09
0.0357067 6.19004e-09
0.0364255 5.96924e-09
0.0371588 5.75675e-09
0.0379068 5.55092e-09
0.03867 5.35283e-09
0.0394484 5.1618e-09
0.0402426 4.97755e-09
0.0410527 4.79986e-09
0.0418792 4.62849e-09
0.0427223 4.46322e-09
0.0435823 4.30383e-09
0.0444597 4.15011e-09
0.0453547 4.00186e-09
0.0462678 3.85888e-09
0.0471992 3.721e-09
0.0481494 3.58802e-09
0.0491188 3.45977e-09
0.0501076 3.33611e-09
0.0511163 3.21684e-09
0.0521454 3.10182e-09
0.0531951 2.9909e-09
0.054266 2.88392e-09
0.0553585 2.78076e-09
0.0564729 2.68127e-09
0.0576098 2.58533e-09
0.0587696 2.49281e-09
0.0599527 2.40359e-09
0.0611596 2.31758e-09
0.0623908 2.23458e-09
0.0636469 2.15456e-09
0.0649282 2.0774e-09
0.0662353 2.00299e-09
0.0675687 1.93124e-09
0.0689289 1.86205e-09
0.0703166 1.79532e-09
0.0717321 1.73098e-09
0.0731762 1.66893e-09
0.0746494 1.6091e-09
0.0761521 1.55141e-09
0.0776852 1.49577e-09
0.0792491 1.44212e-09
0.0808445 1.39039e-09
0.082472 1.3405e-09
0.0841323 1.2924e-09
0.085826 1.24602e-09
0.0875538 1.2013e-09
0.0893164 1.15817e-09
0.0911145 1.11658e-09
0.0929487 1.07649e-09
0.0948199 1.03782e-09
0.0967288 1.00054e-09
0.0986761 9.64595e-10
0.100663 9.29929e-10
0.102689 8.9651e-10
0.104756 8.64288e-10
0.106865 8.33214e-10
0.109017 8.0325e-10
0.111211 7.74367e-10
0.11345 7.46513e-10
0.115734 7.19658e-10
0.118064 6.93763e-10
0.120441 6.68798e-10
0.122865 6.44728e-10
0.125339 6.21515e-10
0.127862 5.99143e-10
0.130436 5.77567e-10
0.133062 5.56765e-10
0.135741 5.3671e-10
0.138473 5.17376e-10
0.141261 4.9873e-10
0.144105 4.80757e-10
0.147006 4.63425e-10
0.149965 4.46721e-10
0.152984 4.30615e-10
0.156064 4.15084e-10
0.159206 4.00111e-10
0.162411 3.85676e-10
0.16568 3.71763e-10
0.169016 3.58344e-10
0.172418 3.45413e-10
0.175889 3.32943e-10
0.17943 3.20921e-10
0.183042 3.09332e-10
0.186727 2.9816e-10
0.190486 2.8739e-10
0.194321 2.77007e-10
0.198233 2.66996e-10
0.202224 2.57345e-10
0.206295 2.48044e-10
0.210448 2.39076e-10
0.214685 2.3043e-10
0.219007 2.22096e-10
0.223415 2.14064e-10
0.227913 2.06319e-10
0.232501 1.98854e-10
0.237182 1.91657e-10
0.241957 1.84719e-10
0.246828 1.78032e-10
0.251797 1.71586e-10
0.256866 1.65372e-10
0.262037 1.59382e-10
0.267312 1.53608e-10
0.272693 1.48043e-10
0.278183 1.42678e-10
0.283783 1.37507e-10
0.289496 1.32522e-10
0.295324 1.27717e-10
0.301269 1.23086e-10
0.307334 1.18621e-10
0.313522 1.14318e-10
0.319833 1.10171e-10
0.326272 1.06173e-10
0.33284 1.0232e-10
0.339541 9.86057e-11
0.346376 9.5026e-11
0.353349 9.15756e-11
0.360463 8.82497e-11
0.367719 8.50445e-11
0.375122 8.1955e-11
0.382674 7.89773e-11
0.390377 7.61074e-11
0.398236 7.33412e-11
0.406253 7.06752e-11
0.414432 6.81055e-11
0.422775 6.56292e-11
0.431286 6.32424e-11
0.439968 6.0942e-11
0.448826 5.87248e-11
0.457861 5.65882e-11
0.467079 5.45289e-11
0.476482 5.25442e-11
0.486074 5.06315e-11
0.495859 4.87882e-11
0.505841 4.70117e-11
0.516025 4.52995e-11
0.526413 4.36496e-11
0.537011 4.20594e-11
0.547821 4.0527e-11
0.55885 3.90502e-11
0.5701 3.7627e-11
0.581577 3.62554e-11
0.593285 3.49337e-11
0.605229 3.36599e-11
0.617413 3.24325e-11
0.629842 3.12496e-11
0.642522 3.01097e-11
0.655457 2.90112e-11
0.668652 2.79527e-11
0.682113 2.69326e-11
0.695845 2.59496e-11
0.709853 2.50024e-11
0.724144 2.40896e-11
0.738722 2.321e-11
0.753593 2.23624e-11
0.768764 2.15457e-11
0.784241 2.07587e-11
0.800028 2.00004e-11
0.816134 1.92696e-11
0.832564 1.85655e-11
0.849325 1.78869e-11
0.866423 1.72332e-11
0.883865 1.66032e-11
0.901659 1.59962e-11
