9.10033e-07 2.038e-30
9.17323e-07 6.05642e-30
9.24672e-07 1.02549e-29
9.32079e-07 1.73738e-29
9.39546e-07 2.92834e-29
9.47072e-07 4.92269e-29
9.54659e-07 8.27567e-29
9.62306e-07 1.38471e-28
9.70015e-07 2.28874e-28
9.77785e-07 3.77559e-28
9.85618e-07 6.20056e-28
9.93513e-07 1.01783e-27
1.00147e-06 1.66471e-27
1.00949e-06 2.71918e-27
1.01758e-06 4.4393e-27
1.02573e-06 7.18497e-27
1.03395e-06 1.15906e-26
1.04223e-06 1.86215e-26
1.05058e-06 2.98296e-26
1.059e-06 4.76769e-26
1.06748e-06 7.59528e-26
1.07603e-06 1.20895e-25
1.08465e-06 1.91557e-25
1.09334e-06 3.03129e-25
1.1021e-06 4.79327e-25
1.11093e-06 7.49532e-25
1.11983e-06 1.1685e-24
1.1288e-06 1.82113e-24
1.13784e-06 2.8372e-24
1.14695e-06 4.38817e-24
1.15614e-06 6.76977e-24
1.1654e-06 1.04483e-23
1.17474e-06 1.61143e-23
1.18415e-06 2.47452e-23
1.19364e-06 3.78932e-23
1.2032e-06 5.80468e-23
1.21284e-06 8.87048e-23
1.22255e-06 1.34146e-22
1.23234e-06 2.02562e-22
1.24222e-06 3.05786e-22
1.25217e-06 4.61083e-22
1.2622e-06 6.93963e-22
1.27231e-06 1.04407e-21
1.2825e-06 1.56482e-21
1.29277e-06 2.31892e-21
1.30313e-06 3.42893e-21
1.31357e-06 5.10919e-21
1.32409e-06 7.60664e-21
1.3347e-06 1.11908e-20
1.34539e-06 1.64243e-20
1.35617e-06 2.41013e-20
1.36703e-06 3.53421e-20
1.37798e-06 5.16867e-20
1.38902e-06 7.55136e-20
1.40015e-06 1.10259e-19
1.41136e-06 1.6032e-19
1.42267e-06 2.33131e-19
1.43407e-06 3.38222e-19
1.44556e-06 4.86753e-19
1.45714e-06 7.00153e-19
1.46881e-06 1.00621e-18
1.48057e-06 1.43906e-18
1.49243e-06 2.05383e-18
1.50439e-06 2.93138e-18
1.51644e-06 4.1699e-18
1.52859e-06 5.9184e-18
1.54083e-06 8.39856e-18
1.55318e-06 1.18906e-17
1.56562e-06 1.67202e-17
1.57816e-06 2.34967e-17
1.5908e-06 3.29895e-17
1.60355e-06 4.62143e-17
1.61639e-06 6.47588e-17
1.62934e-06 9.02548e-17
1.64239e-06 1.25508e-16
1.65555e-06 1.74567e-16
1.66881e-06 2.41851e-16
1.68218e-06 3.34416e-16
1.69565e-06 4.62504e-16
1.70924e-06 6.37215e-16
1.72293e-06 8.75184e-16
1.73673e-06 1.19955e-15
1.75064e-06 1.63454e-15
1.76467e-06 2.22639e-15
1.7788e-06 3.03118e-15
1.79305e-06 4.12623e-15
1.80742e-06 5.58918e-15
1.8219e-06 7.53818e-15
1.83649e-06 1.01735e-14
1.8512e-06 1.37343e-14
1.86603e-06 1.84829e-14
1.88098e-06 2.47455e-14
1.89605e-06 3.31286e-14
1.91124e-06 4.43066e-14
1.92655e-06 5.89788e-14
1.94198e-06 7.84596e-14
1.95753e-06 1.04156e-13
1.97322e-06 1.38248e-13
1.98902e-06 1.82881e-13
2.00496e-06 2.40446e-13
2.02102e-06 3.16053e-13
2.03721e-06 4.15309e-13
2.05353e-06 5.44993e-13
2.06998e-06 7.12695e-13
2.08656e-06 9.32093e-13
2.10327e-06 1.21827e-12
2.12012e-06 1.5812e-12
2.13711e-06 2.04935e-12
2.15423e-06 2.65628e-12
2.17148e-06 3.42905e-12
2.18888e-06 4.41809e-12
2.20641e-06 5.68514e-12
2.22409e-06 7.31666e-12
2.2419e-06 9.37897e-12
2.25311e-06 1.09097e-11
2.25761e-06 1.16032e-11
2.26212e-06 1.23398e-11
2.26664e-06 1.34969e-11
2.27116e-06 2.83507e-11
2.2757e-06 7.53521e-11
2.27849e-06 1.32188e-10
2.28303e-06 3.96287e-10
2.28936e-06 1.41532e-09
2.29393e-06 3.76307e-09
2.30538e-06 1.43614e-08
2.3238e-06 2.49058e-08
2.34237e-06 3.82363e-08
2.3582e-06 4.52398e-08
2.37702e-06 5.41306e-08
2.39896e-06 6.65035e-08
2.41813e-06 8.02978e-08
2.43745e-06 9.70886e-08
2.45693e-06 1.17409e-07
2.47656e-06 1.41198e-07
2.49635e-06 1.69149e-07
2.51629e-06 2.02371e-07
2.5364e-06 2.25133e-07
2.55667e-06 2.39481e-07
2.57709e-06 2.92669e-07
2.59769e-06 4.10681e-07
2.61844e-06 5.0303e-07
2.63936e-06 5.97819e-07
2.66045e-06 7.11062e-07
2.68171e-06 8.45203e-07
2.70314e-06 9.91808e-07
2.72474e-06 1.16008e-06
2.74651e-06 1.34592e-06
2.76845e-06 1.55124e-06
2.79057e-06 1.82014e-06
2.81287e-06 2.2221e-06
2.83535e-06 2.71042e-06
2.858e-06 3.17681e-06
2.88084e-06 3.67614e-06
2.90386e-06 4.2433e-06
2.92706e-06 4.85441e-06
2.95045e-06 5.54568e-06
2.97402e-06 6.13847e-06
2.99778e-06 6.65229e-06
3.02174e-06 7.39792e-06
3.04588e-06 8.43795e-06
3.07022e-06 9.62787e-06
3.09475e-06 1.14355e-05
3.11948e-06 1.3931e-05
3.1444e-06 1.69721e-05
3.16953e-06 2.06658e-05
3.19485e-06 2.4034e-05
3.22038e-06 2.7126e-05
3.24611e-06 3.0587e-05
3.27205e-06 3.45068e-05
3.29819e-06 3.93063e-05
3.32455e-06 4.49834e-05
3.35111e-06 5.14583e-05
3.37789e-06 5.88067e-05
3.40488e-06 6.6626e-05
3.43208e-06 7.53381e-05
3.45951e-06 8.5201e-05
3.48715e-06 9.67257e-05
3.51501e-06 0.000110774
3.5431e-06 0.000126901
3.57141e-06 0.000145197
3.59994e-06 0.000165196
3.62871e-06 0.000187835
3.6577e-06 0.000212942
3.68693e-06 0.000236055
3.71639e-06 0.000260359
3.74608e-06 0.000287553
3.77601e-06 0.000321169
3.80619e-06 0.000359686
3.8366e-06 0.000402813
3.86725e-06 0.000449091
3.89815e-06 0.000499101
3.9293e-06 0.000554726
3.9607e-06 0.000614351
3.99234e-06 0.000676408
4.02424e-06 0.000744694
4.0564e-06 0.000820646
4.08881e-06 0.000906769
4.12148e-06 0.00100202
4.15441e-06 0.00109945
4.18761e-06 0.00119604
4.22107e-06 0.0013024
4.25479e-06 0.00142454
4.28879e-06 0.00155901
4.32306e-06 0.00170567
4.3576e-06 0.00186479
4.39242e-06 0.00203899
4.42751e-06 0.00222643
4.46289e-06 0.00242675
4.49855e-06 0.00264683
4.53449e-06 0.00286898
4.57073e-06 0.00310021
4.60725e-06 0.00335716
4.64406e-06 0.00365453
4.68117e-06 0.00397745
4.71857e-06 0.00431701
4.75627e-06 0.00467003
4.79428e-06 0.00505099
4.83258e-06 0.00545381
4.8712e-06 0.00588586
4.91012e-06 0.00635828
4.94935e-06 0.00688835
4.9889e-06 0.0077216
5.01343e-06 0.011505
5.02272e-06 0.0151584
5.03203e-06 0.0199763
5.04048e-06 0.0256168
5.04982e-06 0.0338373
5.06007e-06 0.0451269
5.06945e-06 0.055395
5.07885e-06 0.0674512
5.08826e-06 0.082127
5.09769e-06 0.0999928
5.10714e-06 0.121755
5.11661e-06 0.147695
5.14183e-06 0.15769
5.18303e-06 0.157557
5.22456e-06 0.158907
5.26643e-06 0.161335
5.30863e-06 0.161881
5.35116e-06 0.157199
5.39404e-06 0.153422
5.43727e-06 0.163174
5.48084e-06 0.177376
5.52475e-06 0.188761
5.56903e-06 0.19774
5.61365e-06 0.206333
5.65863e-06 0.213517
5.70398e-06 0.218527
5.74968e-06 0.213857
5.79576e-06 0.209919
5.8422e-06 0.219905
5.88901e-06 0.233354
5.9362e-06 0.239146
5.98377e-06 0.242014
6.03172e-06 0.249444
6.08005e-06 0.259514
6.12877e-06 0.270043
6.17788e-06 0.281123
6.22738e-06 0.289823
6.27728e-06 0.296508
6.32759e-06 0.300607
6.37829e-06 0.30259
6.4294e-06 0.309666
6.48092e-06 0.320813
6.53285e-06 0.330374
6.5852e-06 0.33927
6.63797e-06 0.348688
6.69116e-06 0.354058
6.74477e-06 0.357686
6.79882e-06 0.359707
6.8533e-06 0.364985
6.90822e-06 0.386586
6.96357e-06 0.403722
7.01937e-06 0.402084
7.07562e-06 0.410344
7.13232e-06 0.431541
7.18947e-06 0.44543
7.24708e-06 0.452091
7.30515e-06 0.461814
7.36369e-06 0.473995
7.42269e-06 0.489624
7.48217e-06 0.502633
7.54213e-06 0.513169
7.60256e-06 0.524189
7.66348e-06 0.53627
7.72489e-06 0.550392
7.78679e-06 0.566588
7.84919e-06 0.583153
7.91209e-06 0.593435
7.97549e-06 0.603679
8.0394e-06 0.615498
8.10382e-06 0.62533
8.16875e-06 0.637905
8.23421e-06 0.656304
8.30019e-06 0.646555
8.3667e-06 0.643663
8.43374e-06 0.681762
8.50132e-06 0.702432
8.56945e-06 0.717205
8.63811e-06 0.735754
8.70733e-06 0.754484
8.77711e-06 0.773608
8.84744e-06 0.793113
8.91833e-06 0.810079
8.9898e-06 0.822395
9.02709e-06 0.826182
9.02978e-06 0.826654
9.03248e-06 0.827125
9.03517e-06 0.827596
9.03787e-06 0.827349
9.04057e-06 0.827819
9.04326e-06 0.82829
9.04596e-06 0.82876
9.04866e-06 0.829229
9.05136e-06 0.833997
9.05406e-06 0.842344
9.05677e-06 0.849969
9.05947e-06 0.858306
9.06217e-06 0.865922
9.06488e-06 0.874248
9.06758e-06 0.88257
9.07029e-06 0.890172
9.07299e-06 0.898484
9.0757e-06 0.907505
9.07841e-06 0.915807
9.08112e-06 0.924103
9.08383e-06 0.933108
9.08654e-06 0.941395
9.08925e-06 0.95039
9.09197e-06 0.959378
9.09468e-06 0.968362
9.09739e-06 0.977341
9.10011e-06 0.986314
9.10282e-06 0.995282
9.10554e-06 1.00496
9.10826e-06 1.01391
9.11098e-06 1.02357
9.11369e-06 1.03323
9.11641e-06 1.04288
9.11913e-06 1.05253
9.12071e-06 1.05803
9.12343e-06 2.13648
9.1273e-06 2.16488
9.13002e-06 2.1851
9.13275e-06 2.20551
9.13547e-06 2.22612
9.1382e-06 2.2469
9.14093e-06 2.2679
9.14366e-06 2.28909
9.14638e-06 2.31046
9.14911e-06 2.33921
9.15184e-06 2.43801
9.15458e-06 2.5612
9.15731e-06 2.69062
9.16004e-06 2.82657
9.16277e-06 2.96935
9.16551e-06 3.11938
9.16824e-06 3.40324
9.17098e-06 3.44256
9.17372e-06 3.61653
9.17645e-06 3.9327
9.17919e-06 3.99181
9.18193e-06 4.19285
9.18467e-06 4.54468
9.18741e-06 4.6272
9.19016e-06 4.86099
9.1929e-06 5.10727
9.19564e-06 5.51508
9.19838e-06 5.63557
9.20113e-06 5.92036
9.20388e-06 6.2201
9.20662e-06 6.53375
9.20937e-06 6.86455
9.21212e-06 7.3782
9.21487e-06 7.57491
9.21762e-06 7.9583
9.22037e-06 8.35961
9.22312e-06 8.78203
9.22587e-06 9.22644
9.22863e-06 9.69188
9.23138e-06 10.1824
9.23413e-06 10.8771
9.23689e-06 11.2373
9.23965e-06 11.804
9.2424e-06 12.4012
9.24516e-06 13.0278
9.24792e-06 13.6859
9.25068e-06 14.1861
9.25344e-06 14.4744
9.25941e-06 15.1275
9.2686e-06 16.2397
9.2778e-06 17.2843
9.287e-06 18.4797
9.29622e-06 19.7577
9.30544e-06 21.1243
9.31467e-06 22.6869
9.32391e-06 24.1472
9.33317e-06 25.8172
9.34243e-06 27.6028
9.3517e-06 29.4914
9.36097e-06 31.4559
9.37026e-06 33.5491
9.37956e-06 35.9508
9.38887e-06 38.1686
9.39818e-06 40.7009
9.40751e-06 43.4157
9.41684e-06 46.3038
9.42619e-06 49.3845
9.43554e-06 52.663
9.4449e-06 56.1666
9.45427e-06 58.6021
9.46365e-06 59.9296
9.47304e-06 61.2943
9.48244e-06 62.676
9.49185e-06 64.096
9.50127e-06 65.8668
9.5107e-06 67.0397
9.52013e-06 68.5518
9.52958e-06 70.1046
9.53903e-06 71.6929
9.5485e-06 73.2979
9.55797e-06 74.7723
9.56746e-06 76.2273
9.57695e-06 77.7108
9.58645e-06 79.2162
9.59596e-06 80.758
9.60549e-06 82.3362
9.61502e-06 83.9319
9.62456e-06 85.5721
9.63411e-06 87.2373
9.64367e-06 88.9283
9.65323e-06 86.6509
9.66281e-06 78.845
9.6724e-06 71.6837
9.682e-06 65.1718
9.6916e-06 59.2594
9.70122e-06 53.8778
9.71085e-06 48.978
9.72048e-06 44.5291
9.73013e-06 40.8118
9.73978e-06 36.8075
9.74944e-06 34.3581
9.75912e-06 37.1184
9.7688e-06 41.0686
9.77849e-06 45.4535
9.7882e-06 50.2995
9.79791e-06 55.6545
9.80763e-06 61.5886
9.81736e-06 68.1542
9.8271e-06 75.4272
9.83685e-06 83.4627
9.84661e-06 92.0868
9.85638e-06 94.6282
9.86616e-06 94.2058
9.87595e-06 93.7982
9.88575e-06 93.3862
9.89556e-06 92.9692
9.90538e-06 92.5605
9.91521e-06 92.1536
9.92504e-06 91.7487
9.93489e-06 91.3455
9.94475e-06 90.9441
9.95462e-06 91.148
9.96449e-06 91.8705
9.97438e-06 92.612
9.98428e-06 93.3461
9.99418e-06 94.0993
1.00041e-05 94.8521
1.0014e-05 95.611
1.0024e-05 96.3686
1.00339e-05 97.1398
1.00439e-05 97.9231
1.00538e-05 97.9012
1.00638e-05 96.9183
1.00738e-05 95.9461
1.00838e-05 94.9762
1.00938e-05 94.0294
1.01038e-05 93.0796
1.01138e-05 92.152
1.01239e-05 91.2265
1.01746e-05 72.0493
1.02665e-05 46.8132
1.03593e-05 77.4254
1.0453e-05 98.3059
1.05474e-05 98.0289
1.06428e-05 90.9464
1.0739e-05 92.4618
1.0836e-05 87.3026
1.0934e-05 90.9357
1.10328e-05 89.0744
1.11325e-05 86.997
1.12331e-05 81.9908
1.13347e-05 83.6677
1.14371e-05 80.7087
1.15405e-05 80.5785
1.16448e-05 78.6884
1.175e-05 69.3293
1.18563e-05 73.4244
1.19634e-05 66.6734
1.20715e-05 49.3695
1.21807e-05 46.572
1.22908e-05 61.7891
1.24018e-05 68.3747
1.25139e-05 67.9817
1.2627e-05 66.0337
1.27412e-05 66.6262
1.28563e-05 65.3353
1.29725e-05 61.2425
1.30898e-05 61.6167
1.32081e-05 61.5358
1.33275e-05 58.7228
1.34479e-05 58.7729
1.35695e-05 57.8749
1.36921e-05 55.8808
1.38159e-05 54.9496
1.39408e-05 51.0431
1.40668e-05 50.5473
1.41939e-05 51.1106
1.43222e-05 50.2991
1.44517e-05 49.8478
1.45823e-05 48.3066
1.47141e-05 46.9318
1.48471e-05 45.9335
1.49813e-05 44.6167
1.51167e-05 42.5423
1.52533e-05 41.403
1.53912e-05 39.148
1.55303e-05 38.0097
1.56707e-05 38.2052
1.58123e-05 38.331
1.59552e-05 37.7306
1.60994e-05 36.2798
1.6245e-05 35.6343
1.63918e-05 35.2046
1.65399e-05 34.4506
1.66894e-05 33.9331
1.68403e-05 33.7646
1.69925e-05 32.5341
1.71461e-05 31.2777
1.73011e-05 30.7686
1.74574e-05 30.2998
1.76152e-05 29.4504
1.77744e-05 28.8603
1.79351e-05 28.6423
1.80972e-05 27.9234
1.82608e-05 27.1865
1.84258e-05 25.8609
1.85924e-05 25.0699
1.87604e-05 24.9026
1.893e-05 23.401
1.91011e-05 23.2497
1.92737e-05 22.5202
1.94479e-05 22.5396
1.96237e-05 21.948
1.98011e-05 21.8965
1.99801e-05 21.0302
2.01606e-05 21.0099
2.03429e-05 20.4573
2.05267e-05 19.5579
2.07123e-05 19.5476
2.08995e-05 19.0009
2.10884e-05 18.7799
2.1279e-05 18.5335
2.14713e-05 18.0093
2.16654e-05 17.6396
2.18612e-05 17.2604
2.20588e-05 16.8724
2.22582e-05 16.3658
2.24594e-05 16.0162
2.26624e-05 15.646
2.28672e-05 15.3004
2.30739e-05 14.8474
2.32824e-05 13.8972
2.34929e-05 14.0468
2.37052e-05 13.7041
2.39195e-05 13.3472
2.41357e-05 13.0659
2.43538e-05 12.7899
2.4574e-05 12.5124
2.47961e-05 12.1785
2.50202e-05 11.8123
2.52463e-05 11.5701
2.54745e-05 11.2829
2.57048e-05 11.1297
2.59371e-05 10.8946
2.61715e-05 10.602
2.64081e-05 10.4688
2.66468e-05 10.2493
2.68876e-05 10.0122
2.71306e-05 9.73882
2.73759e-05 9.46844
2.76233e-05 9.22244
2.7873e-05 9.02409
2.81249e-05 8.84554
2.83791e-05 8.61384
2.86356e-05 8.45456
2.88944e-05 8.27187
2.91556e-05 8.09669
2.94191e-05 7.86404
2.9685e-05 7.69585
2.99533e-05 7.52308
3.02241e-05 7.35968
3.04973e-05 7.18738
3.07729e-05 7.01279
3.10511e-05 6.8419
3.13317e-05 6.67332
3.16149e-05 6.51594
3.19007e-05 6.32916
3.2189e-05 6.20418
3.24799e-05 6.06471
3.27735e-05 5.92964
3.30697e-05 5.79283
3.33686e-05 5.64828
3.36702e-05 5.50646
3.39746e-05 5.38272
3.42816e-05 5.22616
3.45915e-05 5.11166
3.49042e-05 5.01477
3.50791e-05 4.95878
3.51141e-05 4.94663
3.51492e-05 4.93287
3.51844e-05 4.91917
3.52195e-05 4.90546
3.52548e-05 4.89183
3.529e-05 4.87831
3.53253e-05 4.86661
3.53606e-05 4.85559
3.5396e-05 4.84458
3.54313e-05 4.83364
3.54668e-05 4.82265
3.55022e-05 4.81138
3.55377e-05 4.79873
3.55732e-05 4.78599
3.56088e-05 4.77326
3.56444e-05 4.76056
3.568e-05 4.74792
3.57157e-05 4.73348
3.57514e-05 4.71726
3.57872e-05 4.70108
3.58229e-05 4.6868
3.58587e-05 4.66892
3.58946e-05 4.65338
3.59305e-05 4.6418
3.59664e-05 4.63118
3.60024e-05 4.62053
3.60384e-05 4.60994
3.60744e-05 4.59937
3.61104e-05 4.58814
3.61465e-05 4.57573
3.61827e-05 4.56513
3.62189e-05 4.55097
3.62551e-05 4.53863
3.62913e-05 4.52663
3.63276e-05 4.51943
3.63639e-05 4.51382
3.64003e-05 4.50955
3.64367e-05 4.50006
3.64696e-05 4.49287
3.65061e-05 4.47147
3.6546e-05 4.45005
3.65826e-05 4.42652
3.66192e-05 4.40492
3.66558e-05 4.38343
3.66924e-05 4.36255
3.67291e-05 4.34996
3.67658e-05 4.33557
3.68026e-05 4.32298
3.68394e-05 4.31043
3.68762e-05 4.29793
3.69131e-05 4.31194
3.695e-05 4.3619
3.69869e-05 4.4125
3.70239e-05 4.46369
3.70609e-05 4.51547
3.70979e-05 4.56216
3.7135e-05 4.56493
3.71722e-05 4.5626
3.72093e-05 4.56059
3.72465e-05 4.58602
3.72838e-05 5.12083
3.7321e-05 4.61221
3.73583e-05 4.74096
3.73957e-05 4.80223
3.74331e-05 4.9002
3.74705e-05 5.00012
3.7508e-05 5.11529
3.75455e-05 5.07691
3.7583e-05 5.07923
3.76206e-05 5.08157
3.76582e-05 5.0839
3.76958e-05 5.09204
3.77335e-05 5.19609
3.77712e-05 5.19977
3.7809e-05 5.25889
3.78468e-05 5.31872
3.78846e-05 5.37925
3.79225e-05 5.44105
3.79604e-05 5.50388
3.79984e-05 5.63785
3.80364e-05 5.63171
3.80744e-05 5.69848
3.81124e-05 5.67527
3.81505e-05 5.52854
3.81887e-05 5.3861
3.82269e-05 5.24408
3.82651e-05 5.10736
3.83033e-05 5.03177
3.83416e-05 5.17075
3.838e-05 5.40731
3.84183e-05 5.49672
3.84567e-05 5.66901
3.84952e-05 5.82719
3.85337e-05 5.87045
3.85722e-05 5.88779
3.86108e-05 5.90515
3.86494e-05 5.92254
3.8688e-05 5.93082
3.87267e-05 5.74199
3.87654e-05 5.4825
3.88041e-05 5.23473
3.88429e-05 4.99816
3.88818e-05 4.7746
3.89206e-05 4.90851
3.89596e-05 5.01625
3.89985e-05 5.23738
3.90375e-05 5.46828
3.90765e-05 5.70771
3.91156e-05 5.83199
3.91547e-05 5.80374
3.91938e-05 5.77727
3.9233e-05 5.7476
3.92722e-05 5.7198
3.93115e-05 5.69996
3.93508e-05 5.69364
3.93901e-05 5.68904
3.94295e-05 5.68125
3.94689e-05 5.67512
3.95084e-05 5.5837
3.95479e-05 5.30351
3.95874e-05 5.02972
3.9627e-05 4.77004
3.96666e-05 4.5238
3.97063e-05 4.40152
3.9746e-05 4.7555
3.97857e-05 4.82013
3.98255e-05 5.05339
3.98653e-05 5.29796
3.99052e-05 5.49541
3.99451e-05 5.51256
3.9985e-05 5.51776
4.0025e-05 5.52459
4.0065e-05 5.53148
4.0105e-05 5.52874
4.01451e-05 5.49627
4.01853e-05 5.46237
4.02254e-05 5.42868
4.02656e-05 5.3952
4.03059e-05 5.37272
4.03462e-05 5.3805
4.03865e-05 5.39151
4.04269e-05 5.39934
4.04673e-05 5.40879
4.05078e-05 5.40796
4.05483e-05 5.38356
4.05888e-05 5.35825
4.06294e-05 5.33304
4.067e-05 5.30797
4.07107e-05 5.26985
4.07514e-05 5.17836
4.07921e-05 5.09784
4.08329e-05 5.01499
4.08737e-05 4.9329
4.09146e-05 4.82608
4.09555e-05 4.68511
4.09964e-05 4.54816
4.10374e-05 4.66767
4.10784e-05 4.28623
4.11195e-05 4.3091
4.11606e-05 4.46359
4.12018e-05 4.62361
4.1243e-05 4.78938
4.12842e-05 4.95778
4.13255e-05 5.01663
4.13668e-05 5.01535
4.14081e-05 5.01405
4.14495e-05 5.01282
4.1491e-05 5.01103
4.15324e-05 5.0031
4.1574e-05 4.99335
4.16155e-05 4.98367
4.16571e-05 4.97399
4.16988e-05 4.96388
4.17405e-05 4.95181
4.17822e-05 4.93944
4.1824e-05 4.92713
4.18658e-05 4.91483
4.19076e-05 4.90198
4.19495e-05 4.88762
4.19915e-05 4.87322
4.20335e-05 4.85888
4.20755e-05 4.84456
4.21175e-05 4.83108
4.21596e-05 4.81373
4.22018e-05 4.79798
4.2244e-05 4.78225
4.22862e-05 4.76665
4.23285e-05 4.75175
4.23708e-05 4.73724
4.24132e-05 4.72275
4.24556e-05 4.70831
4.2498e-05 4.69342
4.25405e-05 4.6759
4.2583e-05 4.65947
4.26256e-05 4.64009
4.26682e-05 4.62229
4.27109e-05 4.60553
4.27536e-05 4.59231
4.27963e-05 4.57615
4.28391e-05 4.56156
4.28819e-05 4.54838
4.29248e-05 4.52459
4.29677e-05 4.49767
4.30107e-05 4.47092
4.30537e-05 4.44582
4.30967e-05 4.41078
4.31398e-05 4.33376
4.31829e-05 4.24981
4.32261e-05 4.16752
4.32693e-05 4.08677
4.33126e-05 4.00467
4.33559e-05 3.91921
4.33992e-05 3.83544
4.34426e-05 4.20353
4.3486e-05 3.67925
4.35295e-05 3.74691
4.3573e-05 3.87876
4.36166e-05 4.01673
4.36602e-05 4.1565
4.37038e-05 4.26872
4.37475e-05 4.26078
4.37913e-05 4.2437
4.3835e-05 4.22668
4.38789e-05 4.21137
4.39227e-05 4.20422
4.39667e-05 4.20272
4.40106e-05 4.20269
4.40546e-05 4.20267
4.40986e-05 4.20109
4.41427e-05 4.19134
4.41869e-05 4.18031
4.4231e-05 4.16934
4.42753e-05 4.1584
4.43195e-05 4.14808
4.43638e-05 4.13838
4.44082e-05 4.12872
4.44526e-05 4.11906
4.4497e-05 4.10629
4.45415e-05 4.07522
4.4586e-05 4.0411
4.46306e-05 4.00725
4.46752e-05 3.97369
4.47199e-05 3.96113
4.47646e-05 3.96851
4.48093e-05 3.97621
4.48541e-05 3.98395
4.4899e-05 3.98962
4.49439e-05 3.9854
4.49888e-05 3.97981
4.50338e-05 3.97422
4.50788e-05 3.96858
4.51239e-05 3.95703
4.5169e-05 3.94156
4.52141e-05 3.92616
4.52593e-05 3.9108
4.53046e-05 3.89601
4.53499e-05 3.88311
4.53952e-05 3.87038
4.54406e-05 3.85769
4.5486e-05 3.84523
4.55315e-05 3.83657
4.5577e-05 3.8295
4.56226e-05 3.8224
4.56682e-05 3.81535
4.57139e-05 3.80574
4.57596e-05 3.79222
4.58053e-05 3.7787
4.58511e-05 3.76519
4.58969e-05 3.75248
4.59428e-05 3.74387
4.59888e-05 3.73598
4.60347e-05 3.72955
4.60807e-05 3.72025
4.61268e-05 3.70917
4.61729e-05 3.6962
4.62191e-05 3.68327
4.62653e-05 3.6718
4.63116e-05 3.65961
4.63579e-05 3.64731
4.64042e-05 3.63646
4.64506e-05 3.62568
4.6497e-05 3.61517
4.65435e-05 3.60618
4.659e-05 3.60506
4.66366e-05 3.5888
4.66832e-05 3.58011
4.67299e-05 3.57128
4.67766e-05 3.55896
4.68234e-05 3.54803
4.68702e-05 3.53854
4.69171e-05 3.52273
4.6964e-05 3.50361
4.70109e-05 3.4846
4.70579e-05 3.46572
4.7105e-05 3.45198
4.71521e-05 3.44834
4.71992e-05 3.44688
4.72464e-05 3.44544
4.72936e-05 3.44312
4.73409e-05 3.43426
4.73882e-05 3.42391
4.74356e-05 3.41362
4.7483e-05 3.40338
4.75305e-05 3.39403
4.7578e-05 3.38514
4.76256e-05 3.37628
4.76732e-05 3.36741
4.77209e-05 3.35777
4.77686e-05 3.3473
4.78163e-05 3.33824
4.78641e-05 3.32651
4.7912e-05 3.31584
4.79599e-05 3.30461
4.80078e-05 3.29342
4.80558e-05 3.28228
4.81039e-05 3.27034
4.81519e-05 3.25553
4.82001e-05 3.24188
4.82483e-05 3.22566
4.82965e-05 3.20485
4.83448e-05 3.14791
4.83931e-05 3.08527
4.84415e-05 3.02387
4.84899e-05 2.962
4.85384e-05 2.8804
4.85869e-05 2.79677
4.86355e-05 3.50702
4.86841e-05 2.63809
4.87328e-05 2.68931
4.87815e-05 2.79904
4.88303e-05 2.91325
4.88791e-05 3.03222
4.8928e-05 3.07659
4.89769e-05 3.07654
4.90259e-05 3.07386
4.90749e-05 3.07248
4.91239e-05 3.06181
4.9173e-05 3.04375
4.92222e-05 3.02537
4.92714e-05 3.00734
4.93207e-05 2.99918
4.937e-05 3.00204
4.94193e-05 3.00493
4.94687e-05 3.00911
4.95182e-05 3.00621
4.95677e-05 2.99889
4.96173e-05 2.99155
4.96669e-05 2.98425
4.97165e-05 2.97504
4.97662e-05 2.96311
4.9816e-05 2.95119
4.98658e-05 2.93932
4.99156e-05 2.9255
4.99655e-05 2.90861
5.00155e-05 2.89178
5.00655e-05 2.87508
5.01155e-05 2.86489
5.01656e-05 2.86562
5.02158e-05 2.86622
5.0266e-05 2.86699
5.03162e-05 2.86261
5.03665e-05 2.85015
5.04169e-05 2.8376
5.04673e-05 2.82513
5.05178e-05 2.81665
5.05683e-05 2.81369
5.06188e-05 2.81078
5.06694e-05 2.80784
5.07201e-05 2.80192
5.07708e-05 2.79232
5.08215e-05 2.78275
5.08723e-05 2.77324
5.09232e-05 2.76448
5.09741e-05 2.75645
5.10251e-05 2.74971
5.10761e-05 2.74173
5.11271e-05 2.73164
5.11783e-05 2.72224
5.12294e-05 2.71287
5.12806e-05 2.70353
5.13319e-05 2.69441
5.13832e-05 2.68546
5.14346e-05 2.67652
5.1486e-05 2.66758
5.15375e-05 2.65837
5.1589e-05 2.64903
5.16406e-05 2.63975
5.16922e-05 2.63069
5.17439e-05 2.6234
5.17956e-05 2.61655
5.18474e-05 2.61096
5.18992e-05 2.60281
5.19511e-05 2.59541
5.20031e-05 2.5884
5.2055e-05 2.58056
5.21071e-05 2.57333
5.21592e-05 2.5666
5.22113e-05 2.55994
5.22635e-05 2.55329
5.23158e-05 2.54702
5.23681e-05 2.54128
5.24204e-05 2.53561
5.24728e-05 2.52991
5.25253e-05 2.52113
5.25778e-05 2.50973
5.26304e-05 2.49835
5.2683e-05 2.49042
5.27357e-05 2.48186
5.27884e-05 2.47884
5.28412e-05 2.4758
5.2894e-05 2.47352
5.29469e-05 2.46573
5.29998e-05 2.45857
5.30528e-05 2.45142
5.31058e-05 2.4438
5.31589e-05 2.43454
5.32121e-05 2.42533
5.32653e-05 2.41605
5.33185e-05 2.40876
5.33718e-05 2.40432
5.34252e-05 2.3998
5.34786e-05 2.39548
5.3532e-05 2.38899
5.35856e-05 2.38168
5.36391e-05 2.37428
5.36928e-05 2.36692
5.37464e-05 2.35968
5.38002e-05 2.35249
5.3854e-05 2.34532
5.39078e-05 2.338
5.39617e-05 2.33019
5.40156e-05 2.32239
5.40696e-05 2.31462
5.41237e-05 2.30742
5.41778e-05 2.30083
5.4232e-05 2.29426
5.42862e-05 2.28775
5.43405e-05 2.28211
5.43948e-05 2.27666
5.44492e-05 2.27145
5.45036e-05 2.26572
5.45581e-05 2.25914
5.46126e-05 2.25237
5.46672e-05 2.24562
5.47219e-05 2.23906
5.47766e-05 2.2326
5.48313e-05 2.22641
5.48862e-05 2.2201
5.4941e-05 2.21346
5.4996e-05 2.20699
5.50509e-05 2.20032
5.5106e-05 2.19386
5.51611e-05 2.18788
5.52162e-05 2.18174
5.52714e-05 2.17555
5.53267e-05 2.16994
5.5382e-05 2.16453
5.54374e-05 2.15908
5.54928e-05 2.15336
5.55483e-05 2.14634
5.56038e-05 2.13877
5.56594e-05 2.13147
5.5715e-05 2.12441
5.57707e-05 2.11801
5.58265e-05 2.11156
5.58823e-05 2.1052
5.59382e-05 2.09931
5.59941e-05 2.09353
5.60501e-05 2.08798
5.61061e-05 2.08241
5.61622e-05 2.07706
5.62183e-05 2.07174
5.62745e-05 2.06643
5.63308e-05 2.06029
5.63871e-05 2.05391
5.64435e-05 2.04743
5.64999e-05 2.0408
5.65564e-05 2.03414
5.66129e-05 2.02736
5.66695e-05 2.02049
5.67262e-05 2.01479
5.67829e-05 2.00984
5.68397e-05 2.0049
5.68965e-05 1.99973
5.69534e-05 1.9932
5.70103e-05 1.98634
5.70673e-05 1.97961
5.71244e-05 1.97446
5.71815e-05 1.97064
5.72386e-05 1.96682
5.72959e-05 1.96267
5.73531e-05 1.95658
5.74105e-05 1.95017
5.74679e-05 1.94366
5.75253e-05 1.93876
5.75828e-05 1.93277
5.76404e-05 1.92757
5.7698e-05 1.92224
5.77557e-05 1.91623
5.78135e-05 1.91014
5.78713e-05 1.90406
5.79291e-05 1.89843
5.7987e-05 1.89337
5.8045e-05 1.88842
5.8103e-05 1.88337
5.81611e-05 1.8783
5.82192e-05 1.87313
5.82775e-05 1.86953
5.83357e-05 1.86237
5.8394e-05 1.85618
5.84524e-05 1.84989
5.85109e-05 1.84142
5.85693e-05 1.82762
5.86279e-05 1.81358
5.86865e-05 1.80031
5.87452e-05 1.7988
5.88039e-05 1.7994
5.88627e-05 1.80061
5.89215e-05 1.8
5.89805e-05 1.79706
5.90394e-05 1.79411
5.90984e-05 1.79085
5.91575e-05 1.78594
5.92167e-05 1.78078
5.92759e-05 1.77563
5.93351e-05 1.77036
5.93945e-05 1.76531
5.94538e-05 1.76005
5.95133e-05 1.75511
5.95728e-05 1.75026
5.96323e-05 1.74544
5.96919e-05 1.74045
5.97516e-05 1.73518
5.98113e-05 1.7296
5.98711e-05 1.72425
5.9931e-05 1.7188
5.99909e-05 1.71367
6.00509e-05 1.70845
6.01109e-05 1.70336
6.0171e-05 1.69857
6.02312e-05 1.6938
6.02914e-05 1.68909
6.03517e-05 1.68466
6.0412e-05 1.68043
6.04724e-05 1.6762
6.05329e-05 1.67156
6.05934e-05 1.66637
6.06539e-05 1.6613
6.07146e-05 1.65627
6.07753e-05 1.65098
6.0836e-05 1.6457
6.08969e-05 1.64046
6.09577e-05 1.63538
6.10187e-05 1.63034
6.10797e-05 1.62529
6.11408e-05 1.6195
6.12019e-05 1.61341
6.12631e-05 1.60734
6.13243e-05 1.60193
6.13856e-05 1.59753
6.1447e-05 1.59325
6.15084e-05 1.58871
6.15699e-05 1.58412
6.16315e-05 1.57963
6.16931e-05 1.57507
6.17548e-05 1.57143
6.18165e-05 1.56798
6.18783e-05 1.5645
6.19401e-05 1.56048
6.20021e-05 1.55594
6.20641e-05 1.55162
6.21261e-05 1.54661
6.21882e-05 1.5413
6.22504e-05 1.53579
6.23126e-05 1.53029
6.23749e-05 1.52419
6.24373e-05 1.51808
6.24997e-05 1.51265
6.25622e-05 1.51027
6.26247e-05 1.50821
6.26873e-05 1.50622
6.275e-05 1.50224
6.28127e-05 1.49764
6.28755e-05 1.49325
6.29384e-05 1.48812
6.30013e-05 1.48562
6.30643e-05 1.47754
6.31273e-05 1.47342
6.31905e-05 1.4694
6.32536e-05 1.46568
6.33169e-05 1.46163
6.33802e-05 1.457
6.34435e-05 1.45236
6.3507e-05 1.44778
6.35704e-05 1.4439
6.3634e-05 1.4407
6.36976e-05 1.43594
6.37613e-05 1.43224
6.3825e-05 1.42857
6.38889e-05 1.4249
6.39527e-05 1.4199
6.40167e-05 1.41483
6.40807e-05 1.40972
6.41447e-05 1.40551
6.42089e-05 1.40191
6.4273e-05 1.39822
6.43373e-05 1.39427
6.44016e-05 1.39006
6.4466e-05 1.38607
6.45305e-05 1.38202
6.4595e-05 1.3783
6.46595e-05 1.3745
6.47242e-05 1.36986
6.47889e-05 1.36451
6.48537e-05 1.35899
6.49185e-05 1.35441
6.49834e-05 1.35125
6.50484e-05 1.34812
6.51134e-05 1.34438
6.51785e-05 1.33885
6.52437e-05 1.33338
6.53089e-05 1.32422
6.53742e-05 1.30447
6.54395e-05 1.28436
6.5505e-05 1.26915
6.55704e-05 1.2078
6.5636e-05 1.15779
6.57016e-05 2.76726
6.57673e-05 1.17223
6.5833e-05 1.2609
6.58989e-05 1.27655
6.59647e-05 1.28379
6.60307e-05 1.285
6.60967e-05 1.28571
6.61628e-05 1.2836
6.62289e-05 1.28124
6.62951e-05 1.27854
6.63614e-05 1.27526
6.64278e-05 1.27174
6.64942e-05 1.26785
6.65606e-05 1.26237
6.66272e-05 1.25636
6.66938e-05 1.25127
6.67605e-05 1.24768
6.68272e-05 1.24469
6.6894e-05 1.24189
6.69609e-05 1.23969
6.70278e-05 1.23751
6.70949e-05 1.23528
6.71619e-05 1.27335
6.72291e-05 1.22896
6.72963e-05 1.25667
6.73636e-05 1.22183
6.74309e-05 1.21797
6.74983e-05 1.21428
6.75658e-05 1.21076
6.76334e-05 1.20739
6.7701e-05 1.20408
6.77687e-05 1.20042
6.78364e-05 1.19674
6.79042e-05 1.19302
6.79721e-05 1.18971
6.80401e-05 1.18632
6.81081e-05 1.18297
6.81762e-05 1.17968
6.82443e-05 1.17631
6.83126e-05 1.17297
6.83808e-05 1.16915
6.84492e-05 1.16532
6.85176e-05 1.16171
6.85861e-05 1.1585
6.86547e-05 1.15521
6.87233e-05 1.15205
6.87921e-05 1.14904
6.88608e-05 1.14594
6.89297e-05 1.14258
6.89986e-05 1.13915
6.90676e-05 1.13581
6.91366e-05 1.13234
6.92057e-05 1.129
6.92749e-05 1.12566
6.93442e-05 1.12224
6.94135e-05 1.11888
6.94829e-05 1.11536
6.95524e-05 1.11234
6.96219e-05 1.10922
6.96915e-05 1.10627
6.97612e-05 1.10305
6.98309e-05 1.09981
6.99007e-05 1.0964
6.99706e-05 1.09274
7.00406e-05 1.08904
7.01106e-05 1.08558
7.01807e-05 1.08281
7.02508e-05 1.08008
7.03211e-05 1.07731
7.03914e-05 1.07425
7.04617e-05 1.07119
7.05322e-05 1.06655
7.06027e-05 1.0607
7.06733e-05 1.05504
7.07439e-05 1.05253
7.08147e-05 1.0521
7.08855e-05 1.05158
7.09563e-05 1.04883
7.10273e-05 1.04563
7.10983e-05 1.04244
7.11693e-05 1.03932
7.12405e-05 1.03612
7.13117e-05 1.03288
7.1383e-05 1.02995
7.14544e-05 1.02686
7.15258e-05 1.02401
7.15973e-05 1.02133
7.16689e-05 1.01875
7.17405e-05 1.01538
7.18123e-05 1.0115
7.18841e-05 1.00777
7.19559e-05 1.00494
7.20279e-05 1.00216
7.20999e-05 0.99951
7.2172e-05 0.996515
7.22441e-05 0.993405
7.23163e-05 0.990751
7.23886e-05 0.988498
7.2461e-05 0.986451
7.25334e-05 0.983867
7.2606e-05 0.981127
7.26785e-05 0.978148
7.27512e-05 0.973981
7.28239e-05 0.969238
7.28967e-05 0.964991
7.29696e-05 0.963103
7.30426e-05 0.961744
7.31156e-05 0.960101
7.31887e-05 0.957508
7.32619e-05 0.961849
7.33351e-05 0.952266
7.34084e-05 0.949563
7.34818e-05 0.946955
7.35553e-05 0.944497
7.36288e-05 0.941888
7.37024e-05 0.939249
7.37761e-05 0.936175
7.38498e-05 0.932959
7.39237e-05 0.929609
7.39976e-05 0.926051
7.40716e-05 0.922443
7.41456e-05 0.919933
7.42197e-05 0.917973
7.42939e-05 0.916045
7.43682e-05 0.913588
7.44426e-05 0.911243
7.4517e-05 0.908775
7.45915e-05 0.906141
7.4666e-05 0.903687
7.47407e-05 0.900991
7.48154e-05 0.898197
7.48902e-05 0.895431
7.49651e-05 0.892742
7.504e-05 0.890181
7.5115e-05 0.887683
7.51901e-05 0.885328
7.52653e-05 0.882986
7.53406e-05 0.880816
7.54159e-05 0.8785
7.54913e-05 0.876224
7.55667e-05 0.873486
7.56423e-05 0.870739
7.57179e-05 0.86799
7.57936e-05 0.865398
7.58694e-05 0.862821
7.59452e-05 0.860214
7.60211e-05 0.857733
7.60972e-05 0.855269
7.61732e-05 0.852882
7.62494e-05 0.850509
7.63256e-05 0.848137
7.64019e-05 0.845767
7.64783e-05 0.843369
7.65548e-05 0.840359
7.66313e-05 0.837135
7.67079e-05 0.83426
7.67846e-05 0.832612
7.68614e-05 0.830935
7.69382e-05 0.82829
7.70151e-05 0.825065
7.70921e-05 0.822079
7.71692e-05 0.819884
7.72463e-05 0.81805
7.73236e-05 0.815902
7.74009e-05 0.813294
7.74782e-05 0.810778
7.75557e-05 0.808127
7.76332e-05 0.80527
7.77108e-05 0.802829
7.77885e-05 0.801393
7.78663e-05 0.799853
7.79442e-05 0.797952
7.80221e-05 0.795767
7.81001e-05 0.793526
7.81781e-05 0.791092
7.82563e-05 0.78846
7.83345e-05 0.786032
7.84129e-05 0.783714
7.84913e-05 0.781484
7.85697e-05 0.779076
7.86483e-05 0.776754
7.87269e-05 0.77438
7.88056e-05 0.771935
7.88844e-05 0.769509
7.89632e-05 0.767242
7.90422e-05 0.765023
7.91212e-05 0.762757
7.92003e-05 0.760097
7.92795e-05 0.757537
7.93588e-05 0.755232
7.94381e-05 0.753018
7.95175e-05 0.751048
7.9597e-05 0.749599
7.96766e-05 0.748013
7.97562e-05 0.746156
7.9836e-05 0.743964
7.99158e-05 0.741715
7.99957e-05 0.739191
8.00756e-05 0.736527
8.01557e-05 0.734542
8.02358e-05 0.732794
8.03161e-05 0.73094
8.03964e-05 0.728582
8.04767e-05 0.726266
8.05572e-05 0.724421
8.06377e-05 0.722709
8.07183e-05 0.720718
8.0799e-05 0.718067
8.08798e-05 0.715286
8.09607e-05 0.713389
8.10416e-05 0.711751
8.11226e-05 0.710067
8.12037e-05 0.708297
8.12849e-05 0.706573
8.13662e-05 0.704315
8.14475e-05 0.702126
8.15289e-05 0.700009
8.16104e-05 0.698019
8.1692e-05 0.696077
8.17737e-05 0.693294
8.18555e-05 0.69029
8.19373e-05 0.687965
8.20192e-05 0.686178
8.21012e-05 0.684395
8.21833e-05 0.682028
8.22654e-05 0.680247
8.23477e-05 0.678619
8.243e-05 0.677161
8.25124e-05 0.675345
8.25949e-05 0.673133
8.26775e-05 0.670743
8.27601e-05 0.668506
8.28429e-05 0.666114
8.29257e-05 0.663397
8.30086e-05 0.660055
8.30916e-05 0.656776
8.31747e-05 0.653296
8.32578e-05 0.649729
8.3341e-05 0.647622
8.34244e-05 0.646584
8.35078e-05 0.644988
8.35913e-05 0.641546
8.37586e-05 0.636328
8.40102e-05 0.633188
8.42626e-05 0.633003
8.45157e-05 0.627002
8.47696e-05 0.621935
8.50242e-05 0.612857
8.52797e-05 0.615876
8.55358e-05 0.588547
8.57928e-05 0.616979
8.60505e-05 0.597993
8.6309e-05 0.61849
8.65683e-05 0.581567
8.68283e-05 0.584756
8.70892e-05 0.611434
8.73508e-05 0.581489
8.76132e-05 0.568506
8.78764e-05 0.595737
8.81404e-05 0.59399
8.84052e-05 0.574618
8.86708e-05 0.539064
8.89372e-05 0.571526
8.92043e-05 0.575679
8.94723e-05 0.5715
8.97411e-05 0.563746
9.00107e-05 0.525986
9.02811e-05 0.527343
9.05523e-05 0.547058
9.08243e-05 0.544689
9.10972e-05 0.541956
9.13708e-05 0.538734
9.16453e-05 0.533346
9.19206e-05 0.523649
9.21967e-05 0.484893
9.24737e-05 0.49632
9.27515e-05 0.511298
9.30302e-05 0.510474
9.33096e-05 0.506701
9.35899e-05 0.502284
9.38711e-05 0.497622
9.41531e-05 0.491998
9.44359e-05 0.488845
9.47196e-05 0.483975
9.50042e-05 0.477478
9.52896e-05 0.457017
9.55758e-05 0.441745
9.58629e-05 0.463214
9.61509e-05 0.462038
9.64398e-05 0.458666
9.67295e-05 0.455124
9.70201e-05 0.451547
9.73115e-05 0.447764
9.76039e-05 0.443757
9.78971e-05 0.439922
9.81912e-05 0.436371
9.84861e-05 0.432417
9.8782e-05 0.428346
9.90787e-05 0.424458
9.93764e-05 0.421002
9.96749e-05 0.417015
9.99744e-05 0.40997
0.000100275 0.39787
0.000100576 0.397347
0.000100878 0.389522
0.000101181 0.395743
0.000101485 0.39506
0.00010179 0.391947
0.000102096 0.388542
0.000102402 0.385312
0.00010271 0.382176
0.000103019 0.378376
0.000103328 0.37556
0.000103638 0.371702
0.00010395 0.368793
0.000104262 0.365749
0.000104575 0.36212
0.000104889 0.358869
0.000105205 0.356096
0.000105521 0.353019
0.000105838 0.349804
0.000106156 0.346437
0.000106474 0.342787
0.000106794 0.339367
0.000107115 0.336892
0.000107437 0.334066
0.00010776 0.330899
0.000108083 0.327036
0.000108408 0.323862
0.000108734 0.320591
0.00010906 0.308065
0.000109388 0.313399
0.000109717 0.308115
0.000110046 0.309413
0.000110377 0.308844
0.000110708 0.306622
0.000111041 0.303943
0.000111375 0.301183
0.000111709 0.298501
0.000112045 0.296004
0.000112381 0.293325
0.000112719 0.290382
0.000113058 0.287863
0.000113397 0.285522
0.000113738 0.28304
0.000114079 0.280308
0.000114422 0.277999
0.000114766 0.27603
0.000115111 0.273673
0.000115456 0.271228
0.000115803 0.26864
0.000116151 0.265697
0.0001165 0.263365
0.00011685 0.261397
0.000117201 0.259534
0.000117553 0.256797
0.000117906 0.254233
0.000118261 0.252061
0.000118616 0.249669
0.000118972 0.247855
0.00011933 0.245971
0.000119688 0.242881
0.000120048 0.241203
0.000120408 0.239495
0.00012077 0.237277
0.000121133 0.235511
0.000121497 0.233597
0.000121862 0.231643
0.000122228 0.229589
0.000122595 0.227476
0.000122963 0.225508
0.000123333 0.223614
0.000123703 0.221641
0.000124075 0.219758
0.000124447 0.217809
0.000124821 0.215951
0.000125196 0.21391
0.000125572 0.21374
0.00012595 0.210202
0.000126328 0.208352
0.000126707 0.206585
0.000127088 0.204736
0.00012747 0.202181
0.000127853 0.197256
0.000128237 0.206922
0.000128622 0.194149
0.000129009 0.195476
0.000129396 0.194137
0.000129785 0.19246
0.000130175 0.19092
0.000130566 0.189347
0.000130958 0.187638
0.000131351 0.185859
0.000131746 0.18419
0.000132142 0.183215
0.000132539 0.181084
0.000132937 0.179482
0.000133336 0.178024
0.000133737 0.176523
0.000134138 0.175025
0.000134541 0.173542
0.000134946 0.172034
0.000135351 0.170493
0.000135758 0.168901
0.000136165 0.167435
0.000136575 0.166023
0.000136985 0.164544
0.000137396 0.163107
0.000137809 0.161797
0.000138223 0.160414
0.000138638 0.159042
0.000139055 0.157704
0.000139472 0.156425
0.000139891 0.154991
0.000140312 0.153575
0.000140733 0.15237
0.000141156 0.150977
0.00014158 0.149761
0.000142005 0.148423
0.000142432 0.146946
0.00014286 0.145733
0.000143289 0.144685
0.000143719 0.143461
0.000144151 0.1417
0.000144584 0.140846
0.000145019 0.139608
0.000145454 0.138312
0.000145891 0.137358
0.000146329 0.136252
0.000146769 0.135125
0.00014721 0.133759
0.000147652 0.132559
0.000148096 0.131389
0.000148541 0.129919
0.000148987 0.128757
0.000149434 0.127808
0.000149883 0.126409
0.000150334 0.124793
0.000150785 0.123869
0.000151238 0.123253
0.000151693 0.122419
0.000152148 0.121969
0.000152605 0.120196
0.000153064 0.118983
0.000153524 0.118868
0.000153985 0.117476
0.000154447 0.11649
0.000154911 0.116743
0.000155377 0.115036
0.000155843 0.112959
0.000156312 0.114208
0.000156781 0.112014
0.000157252 0.10992
0.000157725 0.110906
0.000158198 0.11011
0.000158674 0.106374
0.00015915 0.107319
0.000159628 0.107897
0.000160108 0.106892
0.000160589 0.105393
0.000161071 0.103939
0.000161555 0.102048
0.000162041 0.102228
0.000162527 0.102262
0.000163016 0.10107
0.000163505 0.0996426
0.000163996 0.0982655
0.000164489 0.0973126
0.000164983 0.0960935
0.000165479 0.0962515
0.000165976 0.0954022
0.000166475 0.0943324
0.000166975 0.0929958
0.000167476 0.0915985
0.000167979 0.0904502
0.000168484 0.0882214
0.00016899 0.0882857
0.000169498 0.0884535
0.000170007 0.0875898
0.000170518 0.0865902
0.00017103 0.0857288
0.000171544 0.084855
0.000172059 0.0838849
0.000172576 0.0826723
0.000173094 0.0804534
0.000173614 0.0798038
0.000174136 0.0792651
0.000174659 0.0792892
0.000175184 0.0786377
0.00017571 0.0778973
0.000176238 0.077059
0.000176767 0.0762539
0.000177298 0.0754783
0.000177831 0.0746977
0.000178365 0.0739549
0.000178901 0.0731446
0.000179438 0.0723763
0.000179978 0.0715863
0.000180518 0.0705767
0.00018106 0.069053
0.000181604 0.0683941
0.00018215 0.0676232
0.000182697 0.0675417
0.000183246 0.0670485
0.000183796 0.0664086
0.000184349 0.0656534
0.000184902 0.0649729
0.000185458 0.064305
0.000186015 0.0635389
0.000186574 0.0625408
0.000187134 0.0607558
0.000187696 0.08216
0.00018826 0.0603796
0.000188826 0.0601877
0.000189393 0.0594929
0.000189962 0.0589475
0.000190533 0.0584292
0.000191105 0.0578202
0.000191679 0.0572089
0.000192255 0.0566159
0.000192833 0.055968
0.000193412 0.0552263
0.000193993 0.0538299
0.000194576 0.053852
0.00019516 0.0529758
0.000195746 0.0529828
0.000196335 0.0524881
0.000196924 0.0519263
0.000197516 0.0513531
0.000198109 0.0508439
0.000198704 0.0503267
0.000199301 0.0497928
0.0001999 0.049286
0.000200501 0.0488009
0.000201103 0.0482929
0.000201707 0.0477815
0.000202313 0.0472534
0.000202921 0.046723
0.00020353 0.0462059
0.000204142 0.045762
0.000204755 0.0452977
0.00020537 0.0448002
0.000205987 0.0443209
0.000206606 0.043811
0.000207226 0.0433672
0.000207849 0.0429179
0.000208473 0.0424718
0.0002091 0.0420025
0.000209728 0.0415602
0.000210358 0.0411468
0.00021099 0.040703
0.000211624 0.0402569
0.000212259 0.0398432
0.000212897 0.0394261
0.000213537 0.0390086
0.000214178 0.038589
0.000214821 0.0381654
0.000215467 0.0376669
0.000216114 0.036654
0.000216763 0.0377217
0.000217414 0.0363493
0.000218068 0.0361155
0.000218723 0.0357689
0.00021938 0.0354207
0.000220039 0.0350198
0.0002207 0.0346331
0.000221363 0.0342778
0.000222028 0.0339284
0.000222695 0.033576
0.000223364 0.0332196
0.000224035 0.032866
0.000224708 0.0325065
0.000225383 0.0321508
0.00022606 0.0318091
0.000226739 0.0314728
0.00022742 0.0311378
0.000228103 0.0308058
0.000228789 0.0303339
0.000229476 0.0297922
0.000230165 0.0295662
0.000230857 0.0293268
0.00023155 0.02898
0.000232246 0.0284122
0.000232944 0.0281225
0.000233643 0.0279649
0.000234345 0.0277148
0.000235049 0.0272081
0.000235755 0.0268184
0.000236464 0.0266993
0.000237174 0.026494
0.000237886 0.0260974
0.000238601 0.0256555
0.000239318 0.0255136
0.000240037 0.0253117
0.000240758 0.0249932
0.000241481 0.0245911
0.000242207 0.0244682
0.000242934 0.0242524
0.000243664 0.023935
0.000244396 0.0235974
0.00024513 0.0234086
0.000245866 0.0232227
0.000246605 0.022986
0.000247346 0.0226925
0.000248089 0.0224813
0.000248834 0.0222058
0.000249582 0.0219201
0.000250332 0.0219215
0.000251083 0.0216642
0.000251838 0.0212921
0.000252594 0.0209743
0.000253353 0.0209449
0.000254114 0.0207678
0.000254878 0.0205333
0.000255643 0.0202439
0.000256411 0.0198442
0.000257182 0.0198083
0.000257954 0.0196796
0.000258729 0.0194597
0.000259506 0.0192762
0.000260286 0.0190277
0.000261068 0.0187608
0.000261852 0.0182381
0.000262639 0.0201941
0.000263428 0.0181668
0.000264219 0.0180696
0.000265013 0.0178823
0.000265809 0.0176616
0.000266607 0.0173818
0.000267408 0.0171897
0.000268212 0.0170243
0.000269017 0.0169453
0.000269826 0.016774
0.000270636 0.0165974
0.000271449 0.01642
0.000272265 0.0162416
0.000273082 0.0160599
0.000273903 0.0158786
0.000274726 0.0156246
0.000275551 0.0154756
0.000276379 0.0152554
0.000277209 0.0151742
0.000278042 0.0150371
0.000278877 0.0148809
0.000279715 0.0147228
0.000280555 0.0145601
0.000281398 0.0143959
0.000282243 0.0142388
0.000283091 0.0140852
0.000283942 0.0139288
0.000284795 0.013773
0.00028565 0.0136092
0.000286508 0.0133908
0.000287369 0.0132994
0.000288232 0.0130779
0.000289098 0.0130207
0.000289967 0.0128859
0.000290838 0.0127447
0.000291711 0.0126034
0.000292588 0.012465
0.000293467 0.0123271
0.000294348 0.0121881
0.000295233 0.0120516
0.000296119 0.0119209
0.000297009 0.0117906
0.000297901 0.0116587
0.000298796 0.0115269
0.000299694 0.0113984
0.000300594 0.0112701
0.000301497 0.011145
0.000302403 0.0109974
0.000303311 0.0107323
0.000304222 0.0109257
0.000305136 0.0106174
0.000306053 0.0105338
0.000306972 0.0104185
0.000307895 0.0103037
0.000308819 0.0101867
0.000309747 0.0100731
0.000310678 0.00995832
0.000311611 0.00983752
0.000312547 0.00973726
0.000313486 0.00963014
0.000314428 0.00952122
0.000315372 0.00941084
0.00031632 0.00930788
0.00031727 0.00920487
0.000318223 0.00910109
0.000319179 0.00900097
0.000320138 0.00890209
0.0003211 0.00879903
0.000322064 0.00870069
0.000323032 0.00860535
0.000324002 0.00850605
0.000324975 0.00840974
0.000325952 0.00831466
0.000326931 0.00821664
0.000327913 0.00807341
0.000328898 0.00793017
0.000329886 0.00814595
0.000330877 0.00782049
0.000331871 0.00774923
0.000332868 0.00766769
0.000333868 0.00758276
0.000334871 0.00749722
0.000335877 0.00741205
0.000336886 0.0073296
0.000337898 0.00724354
0.000338913 0.00716027
0.000339931 0.00708041
0.000340953 0.00699809
0.000341977 0.00692055
0.000343004 0.00684394
0.000344035 0.00676669
0.000345068 0.00668998
0.000346105 0.00661364
0.000347144 0.00653803
0.000348187 0.0064648
0.000349233 0.0063895
0.000350282 0.00631897
0.000351335 0.00624798
0.00035239 0.00617546
0.000353449 0.00610437
0.00035451 0.00603492
0.000355575 0.00596516
0.000356644 0.00589552
0.000357715 0.00583309
0.00035879 0.00577383
0.000359867 0.00570295
0.000360948 0.0056315
0.000362033 0.00557432
0.00036312 0.00551602
0.000364211 0.00544234
0.000365305 0.00537647
0.000366403 0.00532783
0.000367504 0.00526549
0.000368607 0.00519052
0.000369715 0.00513258
0.000370825 0.00508591
0.000371939 0.00501963
0.000373057 0.00494673
0.000374178 0.00521414
0.000375302 0.00480499
0.000376429 0.00478909
0.00037756 0.00475471
0.000378694 0.00470136
0.000379832 0.00464026
0.000380973 0.00457842
0.000382117 0.00452809
0.000383265 0.0044814
0.000384416 0.00443977
0.000385571 0.00439276
0.00038673 0.00434056
0.000387891 0.00428975
0.000389057 0.00423685
0.000390225 0.00417425
0.000391398 0.00412502
0.000392573 0.00409325
0.000393753 0.00405298
0.000394936 0.00400695
0.000396122 0.00396057
0.000397312 0.0039142
0.000398506 0.00386758
0.000399703 0.00381858
0.000400903 0.0037683
0.000402108 0.00376836
0.000403316 0.0036678
0.000404527 0.00361174
0.000405743 0.00614486
0.000406961 0.00356617
0.000408184 0.00353076
0.00040941 0.0034918
0.00041064 0.00345156
0.000411874 0.00341105
0.000413111 0.00337094
0.000414352 0.00333205
0.000415597 0.00328434
0.000416845 0.00329109
0.000418098 0.00320472
0.000419353 0.00317985
0.000420613 0.00314467
0.000421877 0.00311044
0.000423144 0.00307657
0.000424415 0.00304058
0.00042569 0.00300531
0.000426969 0.00296859
0.000428252 0.00291811
0.000429538 0.00286901
0.000430829 0.00282628
0.000432123 0.00280023
0.000433421 0.00276679
0.000434723 0.00271422
0.000436029 0.00266651
0.000437339 0.0027026
0.000438653 0.00261293
0.00043997 0.00257516
0.000441292 0.00253598
0.000442618 0.00251377
0.000443948 0.00248628
0.000445281 0.00245259
0.000446619 0.00240998
0.000447961 0.00238554
0.000449306 0.00236715
0.000450656 0.0023372
0.00045201 0.00230028
0.000453368 0.00226765
0.00045473 0.00224885
0.000456096 0.0022278
0.000457466 0.00219932
0.00045884 0.00216295
0.000460219 0.00214403
0.000461601 0.00212348
0.000462988 0.0020944
0.000464379 0.0020568
0.000465774 0.00244176
0.000467173 0.00209756
0.000468576 0.00200138
0.000469984 0.00198441
0.000471396 0.0019654
0.000472812 0.00194904
0.000474232 0.00192564
0.000475657 0.00190246
0.000477086 0.00188173
0.000478519 0.00186254
0.000479957 0.00183897
0.000481398 0.00181727
0.000482845 0.00180327
0.000484295 0.00178335
0.00048575 0.00176136
0.000487209 0.00173979
0.000488673 0.0017213
0.000490141 0.00170206
0.000491613 0.00168245
0.00049309 0.00166345
0.000494571 0.00164444
0.000496057 0.00162619
0.000497547 0.00160854
0.000499042 0.00159138
0.000500541 0.00157465
0.000502045 0.0015573
0.000503553 0.00153818
0.000505066 0.00151814
0.000506583 0.00150176
0.000508105 0.0014865
0.000509631 0.00146905
0.000511162 0.00144757
0.000512698 0.00152519
0.000514238 0.00141284
0.000515783 0.001405
0.000517332 0.00139207
0.000518886 0.00137335
0.000520445 0.00135716
0.000522008 0.00134168
0.000523577 0.00132747
0.00052515 0.00131433
0.000526727 0.00130116
0.00052831 0.00128374
0.000529897 0.00126834
0.000531488 0.0012548
0.000533085 0.00124072
0.000534686 0.00122713
0.000536293 0.00121413
0.000537904 0.00120113
0.00053952 0.00118784
0.00054114 0.00117368
0.000542766 0.00115869
0.000544397 0.00114704
0.000546032 0.00113481
0.000547672 0.00112162
0.000549318 0.0011088
0.000550968 0.00109726
0.000552623 0.00108712
0.000554283 0.00107261
0.000555948 0.00106091
0.000557618 0.00105027
0.000559294 0.00103737
0.000560974 0.00102573
0.000562659 0.0010138
0.000564349 0.00100345
0.000566044 0.000992617
0.000567745 0.000980658
0.00056945 0.000969012
0.000571161 0.000959321
0.000572877 0.000948487
0.000574598 0.00093789
0.000576324 0.000926955
0.000578055 0.000917017
0.000579792 0.000906838
0.000581534 0.000896226
0.000583281 0.000886374
0.000585033 0.000876195
0.00058679 0.000865851
0.000588553 0.000855006
0.000590321 0.000937233
0.000592095 0.000832513
0.000593873 0.000827238
0.000595657 0.000841177
0.000597447 0.000809355
0.000599242 0.000800225
0.000601042 0.000791491
0.000602847 0.000782423
0.000604658 0.000772808
0.000606475 0.000764029
0.000608297 0.000755468
0.000610124 0.000746692
0.000611957 0.000738249
0.000613795 0.000730037
0.000615639 0.000721968
0.000617489 0.000713943
0.000619344 0.000705878
0.000621204 0.000697878
0.00062307 0.000689527
0.000624942 0.000681575
0.000626819 0.000673887
0.000628702 0.000693566
0.000630591 0.000658535
0.000632485 0.000651229
0.000634386 0.000643661
0.000636291 0.000636489
0.000638203 0.000629028
0.00064012 0.000621789
0.000642043 0.000614902
0.000643972 0.000607785
0.000645906 0.000600738
0.000647847 0.000593949
0.000649793 0.000587254
0.000651745 0.000580494
0.000653703 0.000573789
0.000655666 0.000567326
0.000657636 0.000560749
0.000659612 0.000554216
0.000661593 0.00054773
0.000663581 0.000541491
0.000665574 0.00053516
0.000667574 0.000529101
0.000669579 0.000523139
0.000671591 0.000517118
0.000673608 0.000511128
0.000675632 0.000505196
0.000677661 0.000530777
0.000679697 0.000493519
0.000681739 0.000487785
0.000683787 0.00048224
0.000685841 0.000476771
0.000687901 0.000471344
0.000689968 0.000465768
0.000692041 0.000460359
0.00069412 0.000455043
0.000696205 0.000449913
0.000698296 0.000656492
0.000700394 0.000439709
0.000702498 0.000434644
0.000704608 0.000429644
0.000706725 0.000424655
0.000708848 0.000419651
0.000710978 0.000414796
0.000713113 0.000410189
0.000715256 0.000405368
0.000717404 0.000400641
0.00071956 0.000396009
0.000721721 0.000391435
0.000723889 0.000386816
0.000726064 0.000382259
0.000728245 0.000378012
0.000730433 0.000373628
0.000732627 0.000369299
0.000734828 0.000365043
0.000737035 0.000360873
0.00073925 0.000356686
0.00074147 0.000352171
0.000743698 0.000346912
0.000745932 0.0007615
0.000748173 0.000337685
0.00075042 0.000442054
0.000752675 0.000367595
0.000754936 0.00032862
0.000757204 0.000324851
0.000759478 0.000321117
0.00076176 0.000317407
0.000764048 0.000313764
0.000766344 0.000310156
0.000768646 0.000306556
0.000770955 0.000303098
0.000773271 0.00029953
0.000775594 0.000296092
0.000777924 0.000292689
0.000780261 0.000289274
0.000782605 0.000285897
0.000784956 0.000282572
0.000787314 0.000279307
0.000789679 0.000276096
0.000792051 0.000272911
0.00079443 0.00026976
0.000796817 0.000266647
0.000799211 0.00026357
0.000801612 0.00026053
0.00080402 0.000257607
0.000806435 0.00025456
0.000808858 0.00025171
0.000811288 0.000248727
0.000813725 0.000245856
0.000816169 0.000243038
0.000818621 0.000240247
0.00082108 0.000237469
0.000823547 0.000234731
0.000826021 0.00023203
0.000828502 0.000229358
0.000830991 0.000226712
0.000833488 0.000224169
0.000835992 0.000221515
0.000838503 0.00021897
0.000841022 0.000216442
0.000843548 0.000213955
0.000846082 0.000211501
0.000848624 0.000209048
0.000851173 0.000206632
0.00085373 0.000204252
0.000856295 0.000201904
0.000858868 0.000199583
0.000861448 0.00019728
0.000864035 0.000194998
0.000866631 0.000204058
0.000869235 0.000190517
0.000871846 0.000188327
0.000874465 0.000186158
0.000877092 0.000224119
0.000879727 0.000181877
0.000882369 0.000179795
0.00088502 0.000177716
0.000887679 0.000175683
0.000890346 0.000173681
0.00089302 0.000171673
0.000895703 0.000169677
0.000898394 0.0001693
0.000901093 0.000165782
0.000903799 0.000163895
0.000906515 0.000162027
0.000909238 0.000160151
0.000911969 0.000158309
0.000914709 0.000156437
0.000917457 0.000154581
0.000920213 0.000152806
0.000922977 0.00015105
0.00092575 0.000149317
0.000928531 0.00014761
0.00093132 0.000145909
0.000934118 0.000144219
0.000936924 0.000142537
0.000939739 0.000153621
0.000942562 0.000139322
0.000945394 0.000137682
0.000948234 0.00013611
0.000951082 0.000134553
0.000953939 0.000133023
0.000956805 0.000131492
0.000959679 0.000129969
0.000962562 0.000128472
0.000965454 0.00012701
0.000968354 0.000125551
0.000971263 0.000124089
0.000974181 0.000122651
0.000977108 0.000121249
0.000980043 0.000119857
0.000982987 0.000118492
0.00098594 0.000117129
0.000988902 0.00011578
0.000991873 0.000114454
0.000994852 0.000113144
0.000997841 0.00011186
0.00100084 0.000110572
0.00100385 0.000109298
0.00100686 0.000108035
0.00100989 0.000106798
0.00101292 0.00010557
0.00101596 0.00010435
0.00101901 0.000103157
0.00102208 0.000101971
0.00102515 0.000100799
0.00102823 9.96345e-05
0.00103131 9.84971e-05
0.00103441 9.73657e-05
0.00103752 9.62475e-05
0.00104064 9.51359e-05
0.00104376 9.40446e-05
0.0010469 9.29709e-05
0.00105004 0.000106099
0.0010532 9.08509e-05
0.00105636 8.98084e-05
0.00105954 8.87779e-05
0.00106272 8.77604e-05
0.00106591 8.67545e-05
0.00106911 8.57546e-05
0.00107232 8.47721e-05
0.00107555 8.38064e-05
0.00107878 8.28466e-05
0.00108202 8.1892e-05
0.00108527 8.09546e-05
0.00108853 8.0034e-05
0.0010918 7.91181e-05
0.00109508 7.8207e-05
0.00109837 7.73124e-05
0.00110167 7.64341e-05
0.00110498 7.55599e-05
0.0011083 7.46219e-05
0.00111163 7.37686e-05
0.00111497 7.29254e-05
0.00111831 7.20924e-05
0.00112167 7.12746e-05
0.00112504 7.04546e-05
0.00112842 6.96555e-05
0.00113181 0.000102373
0.00113521 6.80685e-05
0.00113862 6.72916e-05
0.00114204 6.65238e-05
0.00114548 6.57643e-05
0.00114892 6.50142e-05
0.00115237 6.42786e-05
0.00115583 6.35404e-05
0.0011593 6.28163e-05
0.00116278 6.21006e-05
0.00116628 6.13928e-05
0.00116978 6.06938e-05
0.00117329 6.00029e-05
0.00117682 5.93196e-05
0.00118036 5.86441e-05
0.0011839 5.79772e-05
0.00118746 5.73175e-05
0.00119102 5.6666e-05
0.0011946 5.60216e-05
0.00119819 5.53903e-05
0.00120179 5.47608e-05
0.0012054 5.41333e-05
0.00120902 5.35239e-05
0.00121265 5.29162e-05
0.0012163 5.23098e-05
0.00121995 5.17216e-05
0.00122362 5.11347e-05
0.00122729 5.05496e-05
0.00123098 4.99762e-05
0.00123468 4.9428e-05
0.00123839 0.000142805
0.00124211 6.35251e-05
0.00124584 4.77541e-05
0.00124958 4.72082e-05
0.00125333 4.66738e-05
0.0012571 4.61454e-05
0.00126088 5.11156e-05
0.00126466 4.51073e-05
0.00126846 4.46021e-05
0.00127227 4.40929e-05
0.00127609 4.35946e-05
0.00127993 4.31018e-05
0.00128377 0.000213824
0.00128763 4.21337e-05
0.0012915 4.16579e-05
0.00129538 4.11877e-05
0.00129927 4.0723e-05
0.00130317 4.02638e-05
0.00130709 3.98095e-05
0.00131101 3.93659e-05
0.00131495 3.89171e-05
0.0013189 3.84414e-05
0.00132286 3.80132e-05
0.00132684 3.758e-05
0.00133082 3.7157e-05
0.00133482 3.67386e-05
0.00133883 3.6325e-05
0.00134285 3.59213e-05
0.00134689 3.55171e-05
0.00135093 3.51132e-05
0.00135499 3.47184e-05
0.00135906 3.43283e-05
0.00136315 3.39425e-05
0.00136724 3.35663e-05
0.00137135 3.31847e-05
0.00137547 3.28123e-05
0.0013796 3.24442e-05
0.00138374 3.20804e-05
0.0013879 3.17207e-05
0.00139207 3.13698e-05
0.00139625 3.10184e-05
0.00140045 3.06663e-05
0.00140465 3.03231e-05
0.00140887 2.99837e-05
0.00141311 2.9648e-05
0.00141735 3.54405e-05
0.00142161 2.89887e-05
0.00142588 2.86692e-05
0.00143016 3.02871e-05
0.00143446 2.80324e-05
0.00143877 2.77149e-05
0.00144309 2.74055e-05
0.00144743 2.70997e-05
0.00145177 2.67975e-05
0.00145614 2.64986e-05
0.00146051 2.62034e-05
0.0014649 2.59114e-05
0.0014693 2.56228e-05
0.00147371 2.53376e-05
0.00147814 2.50599e-05
0.00148258 2.47768e-05
0.00148703 2.45057e-05
0.0014915 2.4229e-05
0.00149598 2.39597e-05
0.00150048 2.36934e-05
0.00150498 2.34305e-05
0.0015095 2.31704e-05
0.00151404 2.29175e-05
0.00151859 2.26634e-05
0.00152315 2.24079e-05
0.00152772 2.21597e-05
0.00153231 2.19184e-05
0.00153692 2.16714e-05
0.00154153 2.14316e-05
0.00154616 2.11731e-05
0.00155081 2.09429e-05
0.00155547 2.0709e-05
0.00156014 2.04781e-05
0.00156483 2.02518e-05
0.00156953 2.0028e-05
0.00157424 1.98111e-05
0.00157897 1.95883e-05
0.00158372 1.93721e-05
0.00158847 1.91585e-05
0.00159325 1.89472e-05
0.00159803 1.87425e-05
0.00160283 1.85321e-05
0.00160765 1.83279e-05
0.00161248 1.81263e-05
0.00161732 1.79269e-05
0.00162218 3.26803e-05
0.00162705 1.75389e-05
0.00163194 1.73423e-05
0.00163684 1.71518e-05
0.00164176 1.69635e-05
0.00164669 1.67774e-05
0.00165164 1.65934e-05
0.0016566 1.64115e-05
0.00166158 1.62316e-05
0.00166657 1.60539e-05
0.00167158 1.58781e-05
0.0016766 1.57044e-05
0.00168163 1.55327e-05
0.00168669 2.17289e-05
0.00169175 1.51988e-05
0.00169684 1.5029e-05
0.00170193 1.4865e-05
0.00170705 1.47065e-05
0.00171217 1.45424e-05
0.00171732 1.43838e-05
0.00172248 1.42271e-05
0.00172765 1.4076e-05
0.00173284 1.39191e-05
0.00173805 1.37676e-05
0.00174327 1.36178e-05
0.0017485 1.34736e-05
0.00175376 1.33235e-05
0.00175903 1.31788e-05
0.00176431 1.30358e-05
0.00176961 1.28944e-05
0.00177493 1.27546e-05
0.00178026 1.26164e-05
0.00178561 1.24797e-05
0.00179097 2.6746e-05
0.00179635 1.22019e-05
0.00180175 1.20663e-05
0.00180716 1.19359e-05
0.00181259 1.18069e-05
0.00181803 1.16794e-05
0.00182349 1.15533e-05
0.00182897 1.14286e-05
0.00183447 1.13053e-05
0.00183998 1.11869e-05
0.00184551 1.10629e-05
0.00185105 1.09438e-05
0.00185661 1.08295e-05
0.00186219 1.34793e-05
0.00186778 5.91764e-05
0.00187339 1.04806e-05
0.00187902 1.0368e-05
0.00188467 1.02568e-05
0.00189033 1.01468e-05
0.00189601 1.0038e-05
0.0019017 9.93045e-06
0.00190741 3.62246e-05
0.00191314 9.72442e-06
0.00191889 9.61505e-06
0.00192466 9.5156e-06
0.00193044 9.41058e-06
0.00193624 9.31011e-06
0.00194205 9.2108e-06
0.00194789 9.11253e-06
0.00195374 9.01541e-06
0.00195961 8.91937e-06
0.0019655 8.8244e-06
0.0019714 8.73056e-06
0.00197732 8.63771e-06
0.00198326 8.54918e-06
0.00198922 8.45517e-06
0.0019952 8.3654e-06
0.00200119 8.27976e-06
0.0020072 8.18835e-06
0.00201323 8.10114e-06
0.00201928 8.01494e-06
0.00202535 7.92996e-06
0.00203143 7.84537e-06
0.00203753 7.76237e-06
0.00204365 7.67997e-06
0.00204979 7.59843e-06
0.00205595 7.50993e-06
0.00206213 7.43e-06
0.00206832 7.35164e-06
0.00207453 7.2738e-06
0.00208077 7.19651e-06
0.00208702 7.12076e-06
0.00209329 7.04552e-06
0.00209958 6.9711e-06
0.00210588 6.89759e-06
0.00211221 6.82454e-06
0.00211855 6.75293e-06
0.00212492 6.68178e-06
0.0021313 6.61151e-06
0.0021377 6.54196e-06
0.00214413 6.47292e-06
0.00215057 6.40523e-06
0.00215703 6.338e-06
0.00216351 6.27154e-06
0.00217001 6.20583e-06
0.00217653 6.14082e-06
0.00218306 6.12483e-06
0.00218962 6.01306e-06
0.0021962 5.94987e-06
0.0022028 5.88775e-06
0.00220942 5.82844e-06
0.00221605 5.76556e-06
0.00222271 5.70548e-06
0.00222939 5.64635e-06
0.00223608 1.16047e-05
0.0022428 8.38066e-06
0.00224954 5.47206e-06
0.0022563 5.41525e-06
0.00226308 5.35878e-06
0.00226987 5.30325e-06
0.00227669 5.24859e-06
0.00228353 5.19399e-06
0.00229039 5.29466e-06
0.00229727 5.08713e-06
0.00230417 5.03488e-06
0.0023111 4.98262e-06
0.00231804 4.93125e-06
0.002325 4.88072e-06
0.00233199 4.83046e-06
0.00233899 4.7805e-06
0.00234602 4.73135e-06
0.00235307 4.68275e-06
0.00236014 4.63468e-06
0.00236723 4.58743e-06
0.00237434 4.54042e-06
0.00238147 4.49367e-06
0.00238862 4.44797e-06
0.0023958 4.40222e-06
0.002403 4.35725e-06
0.00241022 4.31675e-06
0.00241746 4.26912e-06
0.00242472 4.2253e-06
0.002432 4.18228e-06
0.00243931 4.14e-06
0.00244664 4.09791e-06
0.00245399 5.73853e-06
0.00246136 4.01514e-06
0.00246875 3.97418e-06
0.00247617 3.93417e-06
0.00248361 3.89408e-06
0.00249107 3.85496e-06
0.00249855 3.81601e-06
0.00250606 3.77722e-06
0.00251359 3.73911e-06
0.00252114 3.70142e-06
0.00252871 3.66415e-06
0.00253631 3.62728e-06
0.00254393 3.59107e-06
0.00255157 3.555e-06
0.00255923 3.51908e-06
0.00256692 3.48405e-06
0.00257463 3.44889e-06
0.00258237 3.41436e-06
0.00259012 3.38023e-06
0.00259791 3.0384e-05
0.00260571 3.31304e-06
0.00261354 3.28e-06
0.00262139 3.24731e-06
0.00262926 3.21523e-06
0.00263716 3.18301e-06
0.00264508 3.15137e-06
0.00265303 3.12008e-06
0.002661 3.08938e-06
0.00266899 3.05852e-06
0.00267701 3.02824e-06
0.00268505 2.99852e-06
0.00269312 2.96864e-06
0.00270121 2.93933e-06
0.00270933 2.91057e-06
0.00271746 2.88166e-06
0.00272563 2.85328e-06
0.00273382 2.82545e-06
0.00274203 2.79745e-06
0.00275027 2.76998e-06
0.00275853 2.74304e-06
0.00276682 2.71593e-06
0.00277513 2.68934e-06
0.00278346 1.14403e-05
0.00279183 2.63701e-06
0.00280021 2.61127e-06
0.00280862 2.58581e-06
0.00281706 2.56062e-06
0.00282552 2.53592e-06
0.00283401 2.51103e-06
0.00284253 2.48663e-06
0.00285107 2.4625e-06
0.00285963 2.43863e-06
0.00286822 2.41501e-06
0.00287684 2.39187e-06
0.00288548 3.72111e-06
0.00289415 2.34587e-06
0.00290284 2.32303e-06
0.00291156 2.30086e-06
0.00292031 2.27871e-06
0.00292908 2.25658e-06
0.00293788 2.2534e-06
0.00294671 2.21344e-06
0.00295556 2.19222e-06
0.00296444 2.17122e-06
0.00297334 2.15067e-06
0.00298228 4.74643e-06
0.00299123 2.10977e-06
0.00300022 2.08943e-06
0.00300923 2.06952e-06
0.00301827 2.04982e-06
0.00302734 2.03032e-06
0.00303643 2.01104e-06
0.00304556 1.99195e-06
0.00305471 1.97307e-06
0.00306388 1.95439e-06
0.00307309 1.93611e-06
0.00308232 1.91761e-06
0.00309158 1.89971e-06
0.00310086 1.88181e-06
0.00311018 1.86408e-06
0.00311952 1.84634e-06
0.00312889 1.82919e-06
0.00313829 1.81181e-06
0.00314772 1.79482e-06
0.00315718 1.778e-06
0.00316666 1.76137e-06
0.00317618 1.74489e-06
0.00318572 1.7286e-06
0.00319529 1.71248e-06
0.00320489 1.69672e-06
0.00321451 1.68074e-06
0.00322417 1.66531e-06
0.00323386 1.64984e-06
0.00324357 1.63454e-06
0.00325331 1.6192e-06
0.00326309 1.60421e-06
0.00327289 1.58938e-06
0.00328272 1.5749e-06
0.00329258 2.6721e-06
0.00330248 1.5458e-06
0.0033124 1.53157e-06
0.00332235 1.51749e-06
0.00333233 1.50375e-06
0.00334234 1.59828e-06
0.00335238 3.98253e-05
0.00336245 1.46261e-06
0.00337255 1.44924e-06
0.00338268 1.436e-06
0.00339284 1.42291e-06
0.00340304 1.40994e-06
0.00341326 1.39711e-06
0.00342351 1.38442e-06
0.0034338 1.37184e-06
0.00344411 1.35941e-06
0.00345446 1.34709e-06
0.00346484 1.34781e-06
0.00347525 1.32284e-06
0.00348569 0.000141452
0.00349616 1.29908e-06
0.00350666 1.28739e-06
0.00351719 1.27581e-06
0.00352776 1.26435e-06
0.00353836 5.76749e-06
0.00354899 1.24177e-06
0.00355965 1.23065e-06
0.00357034 1.21983e-06
0.00358107 1.41229e-06
0.00359183 1.19797e-06
0.00360262 1.18737e-06
0.00361344 1.17673e-06
0.00362429 1.16628e-06
0.00363518 1.15592e-06
0.0036461 1.14567e-06
0.00365705 1.13552e-06
0.00366804 1.12548e-06
0.00367906 1.11553e-06
0.00369011 1.10569e-06
0.0037012 1.09594e-06
0.00371232 1.08629e-06
0.00372347 1.07674e-06
0.00373465 1.06729e-06
0.00374587 1.05793e-06
0.00375713 1.04866e-06
0.00376841 1.03948e-06
0.00377973 1.0304e-06
0.00379109 1.0214e-06
0.00380248 1.0125e-06
0.0038139 1.00368e-06
0.00382536 9.94953e-07
0.00383685 9.8648e-07
0.00384837 9.77754e-07
0.00385994 9.69282e-07
0.00387153 9.60896e-07
0.00388316 5.11532e-06
0.00389483 2.15883e-06
0.00390653 9.3622e-07
0.00391826 9.28161e-07
0.00393003 9.20342e-07
0.00394184 9.12273e-07
0.00395368 9.04447e-07
0.00396556 8.96694e-07
0.00397747 8.89019e-07
0.00398942 8.81421e-07
0.0040014 8.73894e-07
0.00401343 8.6642e-07
0.00402548 8.59026e-07
0.00403758 8.51697e-07
0.0040497 8.44446e-07
0.00406187 8.37264e-07
0.00407407 8.3015e-07
0.00408631 8.23108e-07
0.00409859 8.16132e-07
0.0041109 8.09224e-07
0.00412325 8.02384e-07
0.00413564 7.95611e-07
0.00414806 7.88904e-07
0.00416052 7.82261e-07
0.00417302 7.75837e-07
0.00418555 7.6917e-07
0.00419813 7.62716e-07
0.00421074 7.56329e-07
0.00422339 7.5e-07
0.00423608 7.43733e-07
0.0042488 7.37529e-07
0.00426157 7.3138e-07
0.00427437 7.25291e-07
0.00428721 7.19264e-07
0.00430009 7.13291e-07
0.00431301 7.07377e-07
0.00432596 7.01521e-07
0.00433896 6.95718e-07
0.00435199 6.89973e-07
0.00436507 6.84295e-07
0.00437818 6.78658e-07
0.00439133 6.73075e-07
0.00440452 6.67544e-07
0.00441776 6.62049e-07
0.00443103 6.56639e-07
0.00444434 6.51264e-07
0.00445769 6.45941e-07
0.00447108 6.40667e-07
0.00448451 6.35443e-07
0.00449798 6.30256e-07
0.0045115 6.25127e-07
0.00452505 6.20065e-07
0.00453864 6.15021e-07
0.00455228 6.10053e-07
0.00456595 6.05105e-07
0.00457967 6.00227e-07
0.00459343 5.95369e-07
0.00460723 5.9057e-07
0.00462107 5.85832e-07
0.00463495 5.81108e-07
0.00464887 5.76444e-07
0.00466284 5.71822e-07
0.00467685 5.67255e-07
0.0046909 5.62719e-07
0.00470499 5.58211e-07
0.00471912 5.53772e-07
0.0047333 5.49359e-07
0.00474752 5.44976e-07
0.00476178 5.40658e-07
0.00477608 5.3637e-07
0.00479043 5.32118e-07
0.00480482 5.27892e-07
0.00481926 5.23732e-07
0.00483373 5.19585e-07
0.00484825 5.15488e-07
0.00486282 5.11441e-07
0.00487743 5.0742e-07
0.00489208 5.03435e-07
0.00490678 4.99484e-07
0.00492152 4.95572e-07
0.0049363 4.91681e-07
0.00495113 1.08238e-06
0.004966 4.84047e-07
0.00498092 4.80274e-07
0.00499589 4.76535e-07
0.00501089 4.72831e-07
0.00502595 4.69158e-07
0.00504105 4.6552e-07
0.00505619 4.61917e-07
0.00507138 4.58344e-07
0.00508661 4.54804e-07
0.00510189 4.51281e-07
0.00511722 4.47805e-07
0.00513259 4.44359e-07
0.00514801 4.40945e-07
0.00516348 4.37571e-07
0.00517899 4.56384e-07
0.00519455 4.30894e-07
0.00521015 4.27597e-07
0.0052258 4.24334e-07
0.0052415 4.21098e-07
0.00525725 2.15798e-06
0.00527304 4.1471e-07
0.00528888 4.1156e-07
0.00530477 4.08425e-07
0.00532071 4.05341e-07
0.00533669 4.02261e-07
0.00535272 3.99219e-07
0.0053688 3.96205e-07
0.00538493 3.93216e-07
0.00540111 3.90268e-07
0.00541733 3.87321e-07
0.00543361 3.84411e-07
0.00544993 3.81527e-07
0.0054663 3.78666e-07
0.00548272 3.75834e-07
0.00549919 3.73024e-07
0.00551571 3.7024e-07
0.00553228 3.67478e-07
0.0055489 3.64741e-07
0.00556557 3.62029e-07
0.00558229 3.59339e-07
0.00559906 3.56674e-07
0.00561588 3.5403e-07
0.00563275 3.51409e-07
0.00564967 3.48811e-07
0.00566664 3.46235e-07
0.00568367 3.43683e-07
0.00570074 3.41163e-07
0.00571787 3.55886e-07
0.00573504 3.36153e-07
0.00575227 3.33687e-07
0.00576955 3.3124e-07
0.00578689 3.28815e-07
0.00580427 3.26423e-07
0.00582171 3.24039e-07
0.0058392 3.21665e-07
0.00585674 3.19333e-07
0.00587433 3.16999e-07
0.00589198 3.14704e-07
0.00590968 3.1241e-07
0.00592743 3.10146e-07
0.00594524 3.0791e-07
0.0059631 3.05672e-07
0.00598101 3.03464e-07
0.00599898 3.01273e-07
0.006017 2.99112e-07
0.00603508 2.96958e-07
0.00605321 2.9482e-07
0.00607139 9.59659e-07
0.00608963 2.90601e-07
0.00610792 2.88518e-07
0.00612627 2.86441e-07
0.00614468 2.84392e-07
0.00616313 2.82362e-07
0.00618165 2.80356e-07
0.00620022 2.78349e-07
0.00621885 2.76376e-07
0.00623753 2.74411e-07
0.00625627 2.72453e-07
0.00627506 2.70529e-07
0.00629391 2.68604e-07
0.00631282 3.72038e-06
0.00633178 2.64816e-07
0.0063508 2.62957e-07
0.00636988 2.61092e-07
0.00638902 2.59262e-07
0.00640821 2.57427e-07
0.00642746 2.55619e-07
0.00644677 2.53833e-07
0.00646614 2.52044e-07
0.00648556 2.50277e-07
0.00650505 2.48527e-07
0.00652459 2.4679e-07
0.00654419 2.45066e-07
0.00656385 2.43368e-07
0.00658356 2.41664e-07
0.00660334 2.39982e-07
0.00662318 2.38313e-07
0.00664308 2.3666e-07
0.00666303 2.35019e-07
0.00668305 2.33389e-07
0.00670312 2.31775e-07
0.00672326 2.30909e-07
0.00674346 2.28584e-07
0.00676372 2.27008e-07
0.00678404 2.25443e-07
0.00680442 2.23893e-07
0.00682486 2.22353e-07
0.00684536 2.20825e-07
0.00686592 2.19322e-07
0.00688655 2.17819e-07
0.00690724 1.0119e-06
0.00692799 2.14839e-07
0.0069488 2.13372e-07
0.00696967 2.11916e-07
0.00699061 2.10472e-07
0.00701161 2.09039e-07
0.00703268 2.07616e-07
0.0070538 2.06206e-07
0.00707499 2.04807e-07
0.00709625 2.03419e-07
0.00711756 2.02041e-07
0.00713895 2.00674e-07
0.00716039 1.99318e-07
0.0071819 1.97973e-07
0.00720348 1.96636e-07
0.00722512 1.95311e-07
0.00724682 1.93998e-07
0.00726859 1.92703e-07
0.00729043 1.91398e-07
0.00731233 1.90116e-07
0.00733429 1.88841e-07
0.00735633 1.87577e-07
0.00737843 1.86329e-07
0.00740059 1.85076e-07
0.00742282 1.83842e-07
0.00744512 1.82624e-07
0.00746749 1.81397e-07
0.00748992 1.802e-07
0.00751242 1.78992e-07
0.00753499 1.77803e-07
0.00755763 1.76624e-07
0.00758033 1.75453e-07
0.0076031 1.7429e-07
0.00762594 1.73136e-07
0.00764885 1.71992e-07
0.00767183 1.70865e-07
0.00769488 1.69729e-07
0.00771799 1.68611e-07
0.00774118 1.675e-07
0.00776443 1.66398e-07
0.00778776 1.65304e-07
0.00781115 1.64219e-07
0.00783462 1.6315e-07
0.00785815 1.62072e-07
0.00788176 1.61011e-07
0.00790544 1.59966e-07
0.00792919 1.58921e-07
0.00795301 1.57875e-07
0.0079769 1.56845e-07
0.00800086 1.55823e-07
0.0080249 1.54808e-07
0.008049 1.538e-07
0.00807318 1.528e-07
0.00809744 1.51808e-07
0.00812176 1.50822e-07
0.00814616 1.49844e-07
0.00817063 1.48874e-07
0.00819518 1.4791e-07
0.0082198 1.46953e-07
0.00824449 1.46004e-07
0.00826926 1.45061e-07
0.0082941 1.44134e-07
0.00831901 1.43205e-07
0.00834401 1.42275e-07
0.00836907 1.4136e-07
0.00839421 1.40451e-07
0.00841943 1.39549e-07
0.00844472 1.38654e-07
0.00847009 1.37765e-07
0.00849554 1.36883e-07
0.00852106 1.36014e-07
0.00854665 1.35145e-07
0.00857233 1.34274e-07
0.00859808 1.33417e-07
0.00862391 1.32566e-07
0.00864982 1.31721e-07
0.0086758 1.30883e-07
0.00870187 1.3005e-07
0.00872801 1.29231e-07
0.00875423 1.28402e-07
0.00878053 1.27588e-07
0.0088069 1.26779e-07
0.00883336 1.42209e-07
0.0088599 1.25178e-07
0.00888651 5.0363e-07
0.00891321 1.23607e-07
0.00893998 1.2282e-07
0.00896684 1.22044e-07
0.00899378 1.21275e-07
0.0090208 1.20511e-07
0.0090479 1.19752e-07
0.00907507 1.18999e-07
0.00910234 1.18251e-07
0.0092073 1.15451e-07
0.00939266 1.10742e-07
0.00958175 1.06246e-07
0.00977464 1.01954e-07
0.00997142 9.78524e-08
0.0101722 9.39342e-08
0.0103769 9.01888e-08
0.0105858 8.66077e-08
0.0107989 8.31834e-08
0.0110163 7.99062e-08
0.0112381 1.05168e-07
0.0114644 7.3769e-08
0.0116952 7.08945e-08
0.0119306 6.81428e-08
0.0121708 4.18819e-07
0.0124158 6.2978e-08
0.0126657 6.05566e-08
0.0129207 5.82344e-08
0.0131808 5.60079e-08
0.0134462 5.38717e-08
0.0137169 5.1823e-08
0.013993 4.98575e-08
0.0142747 4.79709e-08
0.0145621 6.71241e-08
0.0148552 4.44215e-08
0.0151543 4.2752e-08
0.0154594 4.11486e-08
0.0157706 1.5854e-06
0.0160881 3.70955e-08
0.016412 3.52593e-08
0.0167423 3.40051e-08
0.0170794 3.27951e-08
0.0174232 3.16282e-08
0.017774 3.05025e-08
0.0181318 2.94169e-08
0.0184968 2.83697e-08
0.0188692 2.73596e-08
0.019249 2.63855e-08
0.0196366 2.54458e-08
0.0200319 2.45396e-08
0.0204351 1.05691e-07
0.0208465 2.28225e-08
0.0212662 2.20093e-08
0.0216943 2.12251e-08
0.0221311 2.04686e-08
0.0225766 1.97391e-08
0.0230311 1.90355e-08
0.0234947 1.83569e-08
0.0239677 1.77023e-08
0.0244502 1.7071e-08
0.0249424 1.64622e-08
0.0254446 1.58749e-08
0.0259568 1.53086e-08
0.0264794 1.47624e-08
0.0270124 1.42357e-08
0.0275562 1.37276e-08
0.028111 1.32376e-08
0.0286769 1.2765e-08
0.0292542 1.23093e-08
0.0298431 1.18697e-08
0.0304439 1.14458e-08
0.0310568 1.1037e-08
0.031682 1.06427e-08
0.0323198 1.02625e-08
0.0329704 9.89575e-09
0.0336342 9.54211e-09
0.0343113 9.20101e-09
0.035002 8.87211e-09
0.0357067 8.5549e-09
0.0364255 8.249e-09
0.0371588 7.95639e-09
0.0379068 7.66947e-09
0.03867 7.39511e-09
0.0394484 7.13053e-09
0.0402426 6.87535e-09
0.0410527 6.62929e-09
0.0418792 6.39198e-09
0.0427223 6.16316e-09
0.0435823 5.94247e-09
0.0444597 5.72968e-09
0.0453547 5.52447e-09
0.0462678 5.32655e-09
0.0471992 5.13573e-09
0.0481494 4.95171e-09
0.0491188 4.77424e-09
0.0501076 4.60312e-09
0.0511163 4.43809e-09
0.0521454 4.27896e-09
0.0531951 4.12552e-09
0.054266 3.97757e-09
0.0553585 3.8349e-09
0.0564729 3.6973e-09
0.0576098 3.56463e-09
0.0587696 3.4367e-09
0.0599527 3.31334e-09
0.0611596 3.1946e-09
0.0623908 3.07971e-09
0.0636469 2.96913e-09
0.0649282 2.86247e-09
0.0662353 2.75965e-09
0.0675687 2.6605e-09
0.0689289 2.56491e-09
0.0703166 2.47272e-09
0.0717321 2.38385e-09
0.0731762 2.29815e-09
0.0746494 2.21551e-09
0.0761521 2.13584e-09
0.0776852 2.05901e-09
0.0792491 1.98494e-09
0.0808445 1.91352e-09
0.082472 1.84466e-09
0.0841323 1.77828e-09
0.085826 1.71426e-09
0.0875538 1.65255e-09
0.0893164 1.59304e-09
0.0911145 1.53567e-09
0.0929487 1.48034e-09
0.0948199 1.42701e-09
0.0967288 1.3756e-09
0.0986761 1.32602e-09
0.100663 1.27822e-09
0.102689 1.23214e-09
0.104756 1.18772e-09
0.106865 1.14488e-09
0.109017 1.10358e-09
0.111211 1.06378e-09
0.11345 1.02539e-09
0.115734 9.8839e-10
0.118064 9.52714e-10
0.120441 9.1832e-10
0.122865 8.85169e-10
0.125339 8.53201e-10
0.127862 8.22387e-10
0.130436 7.9268e-10
0.133062 7.6404e-10
0.135741 7.3643e-10
0.138473 7.09819e-10
0.141261 6.84158e-10
0.144105 6.59423e-10
0.147006 6.35578e-10
0.149965 6.12594e-10
0.152984 5.90436e-10
0.156064 5.69074e-10
0.159206 5.48482e-10
0.162411 5.28633e-10
0.16568 5.095e-10
0.169016 4.91053e-10
0.172418 4.73275e-10
0.175889 4.56135e-10
0.17943 4.39614e-10
0.183042 4.23689e-10
0.186727 4.08337e-10
0.190486 3.93541e-10
0.194321 3.79276e-10
0.198233 3.65527e-10
0.202224 3.52274e-10
0.206295 3.395e-10
0.210448 3.27187e-10
0.214685 3.15317e-10
0.219007 3.03878e-10
0.223415 2.92852e-10
0.227913 2.82223e-10
0.232501 2.7198e-10
0.237182 2.62105e-10
0.241957 2.52588e-10
0.246828 2.43415e-10
0.251797 2.34573e-10
0.256866 2.26052e-10
0.262037 2.17839e-10
0.267312 2.09923e-10
0.272693 2.02294e-10
0.278183 1.9494e-10
0.283783 1.87853e-10
0.289496 1.81021e-10
0.295324 1.74438e-10
0.301269 1.68093e-10
0.307334 1.61978e-10
0.313522 1.56084e-10
0.319833 1.50404e-10
0.326272 1.44929e-10
0.33284 1.39654e-10
0.339541 1.34569e-10
0.346376 1.29669e-10
0.353349 1.24947e-10
0.360463 1.20395e-10
0.367719 1.16009e-10
0.375122 1.11782e-10
0.382674 1.07709e-10
0.390377 1.03783e-10
0.398236 9.99997e-11
0.406253 9.6354e-11
0.414432 9.28406e-11
0.422775 8.94549e-11
0.431286 8.61919e-11
0.439968 8.30477e-11
0.448826 8.00175e-11
0.457861 7.7098e-11
0.467079 7.4284e-11
0.476482 7.15725e-11
0.486074 6.89598e-11
0.495859 6.64421e-11
0.505841 6.40158e-11
0.516025 6.16779e-11
0.526413 5.94249e-11
0.537011 5.72541e-11
0.547821 5.51621e-11
0.55885 5.31465e-11
0.5701 5.12043e-11
0.581577 4.93325e-11
0.593285 4.75293e-11
0.605229 4.57916e-11
0.617413 4.41171e-11
0.629842 4.25038e-11
0.642522 4.09491e-11
0.655457 3.94512e-11
0.668652 3.80079e-11
0.682113 3.66172e-11
0.695845 3.52773e-11
0.709853 3.39864e-11
0.724144 3.27423e-11
0.738722 3.15438e-11
0.753593 3.0389e-11
0.768764 2.92762e-11
0.784241 2.82041e-11
0.800028 2.71712e-11
0.816134 2.6176e-11
0.832564 2.52172e-11
0.849325 2.42933e-11
0.866423 2.34031e-11
0.883865 2.25455e-11
0.901659 2.17194e-11
