9.10033e-07 1.87665e-11
9.17323e-07 4.74273e-11
9.24672e-07 6.51161e-11
9.32079e-07 8.92744e-11
9.39546e-07 1.14132e-10
9.47072e-07 1.39902e-10
9.54659e-07 1.71516e-10
9.62306e-07 2.16831e-10
9.70015e-07 3.00665e-10
9.77785e-07 4.08583e-10
9.85618e-07 5.06558e-10
9.93513e-07 6.22493e-10
1.00147e-06 7.61032e-10
1.00949e-06 9.27958e-10
1.01758e-06 1.13413e-09
1.02573e-06 1.46527e-09
1.03395e-06 1.93949e-09
1.04223e-06 2.54415e-09
1.05058e-06 3.31448e-09
1.059e-06 4.24922e-09
1.06748e-06 5.31623e-09
1.07603e-06 6.6319e-09
1.08465e-06 8.09834e-09
1.09334e-06 9.84401e-09
1.1021e-06 1.19853e-08
1.11093e-06 1.49882e-08
1.11983e-06 1.89055e-08
1.1288e-06 2.3854e-08
1.13784e-06 3.00885e-08
1.14695e-06 3.78065e-08
1.15614e-06 4.74412e-08
1.1654e-06 5.9546e-08
1.17474e-06 7.46339e-08
1.18415e-06 8.94181e-08
1.19364e-06 1.04618e-07
1.2032e-06 1.22424e-07
1.21284e-06 1.44532e-07
1.22255e-06 1.79179e-07
1.23234e-06 2.23959e-07
1.24222e-06 2.80136e-07
1.25217e-06 3.15357e-07
1.2622e-06 3.09756e-07
1.27231e-06 2.91994e-07
1.2825e-06 2.41976e-07
1.29277e-06 2.87802e-07
1.30313e-06 3.74152e-07
1.31357e-06 4.25032e-07
1.32409e-06 4.74683e-07
1.3347e-06 5.88331e-07
1.34539e-06 7.09204e-07
1.35617e-06 8.31144e-07
1.36703e-06 9.7547e-07
1.37798e-06 1.15088e-06
1.38902e-06 1.35867e-06
1.40015e-06 1.57032e-06
1.41136e-06 1.70667e-06
1.42267e-06 1.84999e-06
1.43407e-06 2.04242e-06
1.44556e-06 2.42522e-06
1.45714e-06 2.89998e-06
1.46881e-06 3.46898e-06
1.48057e-06 4.12836e-06
1.49243e-06 4.90129e-06
1.50439e-06 5.81911e-06
1.51644e-06 6.82366e-06
1.52859e-06 7.92144e-06
1.54083e-06 9.19571e-06
1.55318e-06 1.06621e-05
1.56562e-06 1.22987e-05
1.57816e-06 1.41791e-05
1.5908e-06 1.52742e-05
1.60355e-06 1.37693e-05
1.61639e-06 1.23997e-05
1.62934e-06 1.36698e-05
1.64239e-06 1.64526e-05
1.65555e-06 1.97775e-05
1.66881e-06 2.27538e-05
1.68218e-06 2.56018e-05
1.69565e-06 2.87986e-05
1.70924e-06 3.28318e-05
1.72293e-06 3.79796e-05
1.73673e-06 4.33009e-05
1.75064e-06 4.73736e-05
1.76467e-06 5.18091e-05
1.7788e-06 5.88978e-05
1.79305e-06 6.79019e-05
1.80742e-06 7.73524e-05
1.8219e-06 0.000107354
1.83649e-06 0.000207112
1.8512e-06 0.000401878
1.86603e-06 0.0005309
1.88098e-06 0.000377931
1.89605e-06 0.000264606
1.91124e-06 0.000200882
1.92655e-06 0.000219353
1.94198e-06 0.000245574
1.95753e-06 0.000262118
1.97322e-06 0.000279173
1.98902e-06 0.000305269
2.00496e-06 0.000349879
2.02102e-06 0.000402608
2.03721e-06 0.000467311
2.05353e-06 0.000541408
2.06998e-06 0.000623258
2.08656e-06 0.000717376
2.10327e-06 0.000824516
2.12012e-06 0.000935704
2.13711e-06 0.00105824
2.15423e-06 0.00119818
2.17148e-06 0.00124115
2.18888e-06 0.00120168
2.20641e-06 0.00131367
2.22409e-06 0.00162074
2.2419e-06 0.0018501
2.25311e-06 0.00195793
2.25761e-06 0.00200352
2.26212e-06 0.0020509
2.26664e-06 0.00212371
2.27116e-06 0.00293028
2.2757e-06 0.00453887
2.27849e-06 0.00589075
2.28303e-06 0.00935723
2.28936e-06 0.0168768
2.29393e-06 0.0261415
2.30538e-06 0.0351558
2.3238e-06 0.0180772
2.34237e-06 0.00981103
2.3582e-06 0.00911627
2.37702e-06 0.0088321
2.39896e-06 0.00974604
2.41813e-06 0.0259644
2.43745e-06 0.0792634
2.45693e-06 0.240248
2.47656e-06 0.369556
2.49635e-06 0.384078
2.51629e-06 0.399592
2.5364e-06 0.439594
2.55667e-06 0.500528
2.57709e-06 0.445914
2.59769e-06 0.302057
2.61844e-06 0.30043
2.63936e-06 0.324296
2.66045e-06 0.319372
2.68171e-06 0.315172
2.70314e-06 0.399067
2.72474e-06 0.53886
2.74651e-06 0.516769
2.76845e-06 0.367613
2.79057e-06 0.296148
2.81287e-06 0.32399
2.83535e-06 0.35547
2.858e-06 0.328022
2.88084e-06 0.285704
2.90386e-06 0.258812
2.92706e-06 0.268136
2.95045e-06 0.280402
2.97402e-06 0.330855
2.99778e-06 0.422311
3.02174e-06 0.488038
3.04588e-06 0.512858
3.07022e-06 0.538563
3.09475e-06 0.537543
3.11948e-06 0.518524
3.1444e-06 0.5002
3.16953e-06 0.482697
3.19485e-06 0.49524
3.22038e-06 0.530452
3.24611e-06 0.568105
3.27205e-06 0.605741
3.29819e-06 0.571805
3.32455e-06 0.508386
3.35111e-06 0.451941
3.37789e-06 0.408398
3.40488e-06 0.420125
3.43208e-06 0.444925
3.45951e-06 0.471177
3.48715e-06 0.477632
3.51501e-06 0.437734
3.5431e-06 0.399383
3.57141e-06 0.378134
3.59994e-06 0.425668
3.62871e-06 0.490407
3.6577e-06 0.545235
3.68693e-06 0.462843
3.71639e-06 0.368975
3.74608e-06 0.303173
3.77601e-06 0.350129
3.80619e-06 0.440708
3.8366e-06 0.554644
3.86725e-06 0.579026
3.89815e-06 0.52691
3.9293e-06 0.479452
3.9607e-06 0.460699
3.99234e-06 0.486771
4.02424e-06 0.515454
4.0564e-06 0.547894
4.08881e-06 0.588642
4.12148e-06 0.632776
4.15441e-06 0.647126
4.18761e-06 0.621716
4.22107e-06 0.601435
4.25479e-06 0.604021
4.28879e-06 0.609133
4.32306e-06 0.597067
4.3576e-06 0.575924
4.39242e-06 0.556095
4.42751e-06 0.554211
4.46289e-06 0.570348
4.49855e-06 0.585698
4.53449e-06 0.582534
4.57073e-06 0.569115
4.60725e-06 0.570424
4.64406e-06 0.614505
4.68117e-06 0.664534
4.71857e-06 0.668739
4.75627e-06 0.62726
4.79428e-06 0.588725
4.83258e-06 0.56325
4.8712e-06 0.541809
4.91012e-06 0.542066
4.94935e-06 0.592856
4.9889e-06 0.649525
5.01343e-06 0.673538
5.02272e-06 0.678521
5.03203e-06 0.683039
5.04048e-06 0.687215
5.04982e-06 0.692139
5.06007e-06 0.695595
5.06945e-06 0.691663
5.07885e-06 0.685983
5.08826e-06 0.680762
5.09769e-06 0.675557
5.10714e-06 0.670806
5.11661e-06 0.665634
5.14183e-06 0.688012
5.18303e-06 0.734714
5.22456e-06 0.743417
5.26643e-06 0.725201
5.30863e-06 0.69502
5.35116e-06 0.633117
5.39404e-06 0.580025
5.43727e-06 0.586921
5.48084e-06 0.609574
5.52475e-06 0.641944
5.56903e-06 0.682987
5.61365e-06 0.706619
5.65863e-06 0.691919
5.70398e-06 0.677407
5.74968e-06 0.666192
5.79576e-06 0.658197
5.8422e-06 0.668266
5.88901e-06 0.68003
5.9362e-06 0.63999
5.98377e-06 0.586351
6.03172e-06 0.603178
6.08005e-06 0.660501
6.12877e-06 0.679316
6.17788e-06 0.669575
6.22738e-06 0.762222
6.27728e-06 0.967633
6.32759e-06 0.916498
6.37829e-06 0.686027
6.4294e-06 0.610361
6.48092e-06 0.619302
6.53285e-06 0.616089
6.5852e-06 0.607119
6.63797e-06 0.605323
6.69116e-06 0.609529
6.74477e-06 0.613961
6.79882e-06 0.601849
6.8533e-06 0.587934
6.90822e-06 0.581966
6.96357e-06 0.580549
7.01937e-06 0.587077
7.07562e-06 0.589675
7.13232e-06 0.58718
7.18947e-06 0.583756
7.24708e-06 0.578807
7.30515e-06 0.572982
7.36369e-06 0.565089
7.42269e-06 0.552167
7.48217e-06 0.499989
7.54213e-06 0.434383
7.60256e-06 0.485311
7.66348e-06 0.537734
7.72489e-06 0.494694
7.78679e-06 0.448573
7.84919e-06 0.419383
7.91209e-06 0.480447
7.97549e-06 0.528186
8.0394e-06 0.523153
8.10382e-06 0.516788
8.16875e-06 0.511586
8.23421e-06 0.507248
8.30019e-06 0.45179
8.3667e-06 0.420954
8.43374e-06 0.479083
8.50132e-06 0.487367
8.56945e-06 0.47958
8.63811e-06 0.48353
8.70733e-06 0.480712
8.77711e-06 0.476127
8.84744e-06 0.472595
8.91833e-06 0.470843
8.9898e-06 0.467845
9.02709e-06 0.465913
9.02978e-06 0.465774
9.03248e-06 0.465635
9.03517e-06 0.465249
9.03787e-06 0.46511
9.04057e-06 0.464971
9.04326e-06 0.464832
9.04596e-06 0.464694
9.04866e-06 0.464802
9.05136e-06 0.469848
9.05406e-06 0.477853
9.05677e-06 0.485606
9.05947e-06 0.493849
9.06217e-06 0.502086
9.06488e-06 0.510318
9.06758e-06 0.518792
9.07029e-06 0.527507
9.07299e-06 0.536217
9.0757e-06 0.545168
9.07841e-06 0.554359
9.08112e-06 0.563545
9.08383e-06 0.572972
9.08654e-06 0.582638
9.08925e-06 0.592299
9.09197e-06 0.6022
9.09468e-06 0.612095
9.09739e-06 0.62223
9.10011e-06 0.632604
9.10282e-06 0.643218
9.10554e-06 0.653824
9.10826e-06 0.664915
9.11098e-06 0.676
9.11369e-06 0.687079
9.11641e-06 0.69864
9.11913e-06 0.710195
9.12071e-06 0.717178
9.12343e-06 1.4623
9.1273e-06 1.49689
9.13002e-06 1.52174
9.13275e-06 1.54702
9.13547e-06 1.57272
9.1382e-06 1.59883
9.14093e-06 1.62564
9.14366e-06 1.6524
9.14638e-06 1.67984
9.14911e-06 1.70578
9.15184e-06 1.70779
9.15458e-06 1.7039
9.15731e-06 1.70028
9.16004e-06 1.69641
9.16277e-06 1.69379
9.16551e-06 1.68846
9.16824e-06 1.81344
9.17098e-06 1.68079
9.17372e-06 1.67697
9.17645e-06 1.8041
9.17919e-06 1.66935
9.18193e-06 1.66556
9.18467e-06 1.79291
9.18741e-06 1.65824
9.19016e-06 1.65423
9.1929e-06 1.65047
9.19564e-06 1.77648
9.19838e-06 1.64321
9.20113e-06 1.63923
9.20388e-06 1.63551
9.20662e-06 1.63203
9.20937e-06 1.62808
9.21212e-06 1.75216
9.21487e-06 1.62068
9.21762e-06 1.617
9.22037e-06 1.61357
9.22312e-06 1.60966
9.22587e-06 1.60624
9.22863e-06 1.60235
9.23138e-06 1.5987
9.23413e-06 1.69907
9.23689e-06 1.59144
9.23965e-06 1.58782
9.2424e-06 1.58423
9.24516e-06 1.58061
9.24792e-06 1.57726
9.25068e-06 1.58322
9.25344e-06 1.6015
9.25941e-06 1.64108
9.2686e-06 1.7356
9.2778e-06 1.76977
9.287e-06 1.83773
9.29622e-06 1.90807
9.30544e-06 1.98161
9.31467e-06 2.09084
9.32391e-06 2.13677
9.33317e-06 2.21885
9.34243e-06 2.30387
9.3517e-06 2.37561
9.36097e-06 2.40759
9.37026e-06 2.43756
9.37956e-06 2.50416
9.38887e-06 2.49933
9.39818e-06 2.5307
9.40751e-06 2.56244
9.41684e-06 2.59459
9.42619e-06 2.62691
9.43554e-06 2.65987
9.4449e-06 2.69324
9.45427e-06 2.7152
9.46365e-06 2.7285
9.47304e-06 2.73666
9.48244e-06 2.74722
9.49185e-06 2.75806
9.50127e-06 2.80906
9.5107e-06 2.78005
9.52013e-06 2.79107
9.52958e-06 2.80235
9.53903e-06 2.8129
9.5485e-06 2.82491
9.55797e-06 2.84278
9.56746e-06 2.86197
9.57695e-06 2.88154
9.58645e-06 2.90147
9.59596e-06 2.92131
9.60549e-06 2.94128
9.61502e-06 2.96115
9.62456e-06 2.9814
9.63411e-06 3.00202
9.64367e-06 3.02241
9.65323e-06 2.99067
9.66281e-06 2.88345
9.6724e-06 2.77906
9.682e-06 2.67834
9.6916e-06 2.58112
9.70122e-06 2.48787
9.71085e-06 2.39772
9.72048e-06 2.31106
9.73013e-06 2.26904
9.73978e-06 2.1464
9.74944e-06 2.0886
9.75912e-06 2.14204
9.7688e-06 2.21633
9.77849e-06 2.55002
9.7882e-06 2.37299
9.79791e-06 2.45507
9.80763e-06 2.5403
9.81736e-06 2.6286
9.8271e-06 2.7198
9.83685e-06 2.81395
9.84661e-06 2.90872
9.85638e-06 2.92921
9.86616e-06 2.91544
9.87595e-06 2.9022
9.88575e-06 2.88856
9.89556e-06 2.87522
9.90538e-06 2.86193
9.91521e-06 2.85862
9.92504e-06 2.83568
9.93489e-06 2.82279
9.94475e-06 2.8094
9.95462e-06 2.80344
9.96449e-06 2.80372
9.97438e-06 2.80421
9.98428e-06 2.80448
9.99418e-06 2.80477
1.00041e-05 2.80482
1.0014e-05 2.8051
1.0024e-05 2.80542
1.00339e-05 2.80564
1.00439e-05 2.80612
1.00538e-05 2.80544
1.00638e-05 2.80355
1.00738e-05 2.80667
1.00838e-05 2.79979
1.00938e-05 2.79791
1.01038e-05 2.79604
1.01138e-05 2.79423
1.01239e-05 2.79228
1.01746e-05 2.57308
1.02665e-05 2.20414
1.03593e-05 2.58194
1.0453e-05 2.78665
1.05474e-05 2.74274
1.06428e-05 2.61014
1.0739e-05 2.54607
1.0836e-05 2.47215
1.0934e-05 2.51931
1.10328e-05 2.47017
1.11325e-05 2.40019
1.12331e-05 2.23951
1.13347e-05 2.29432
1.14371e-05 2.24981
1.15405e-05 2.18784
1.16448e-05 2.11548
1.175e-05 1.93179
1.18563e-05 2.02984
1.19634e-05 1.93169
1.20715e-05 1.7089
1.21807e-05 15.9033
1.22908e-05 1.7515
1.24018e-05 1.83412
1.25139e-05 1.88344
1.2627e-05 1.81328
1.27412e-05 1.79927
1.28563e-05 1.76093
1.29725e-05 1.69255
1.30898e-05 1.684
1.32081e-05 1.66178
1.33275e-05 1.61786
1.34479e-05 1.5798
1.35695e-05 1.56476
1.36921e-05 1.52198
1.38159e-05 1.48649
1.39408e-05 1.38991
1.40668e-05 1.38046
1.41939e-05 1.38084
1.43222e-05 1.3474
1.44517e-05 1.33081
1.45823e-05 1.29591
1.47141e-05 1.26371
1.48471e-05 1.23795
1.49813e-05 1.20555
1.51167e-05 1.16354
1.52533e-05 1.13215
1.53912e-05 1.03143
1.55303e-05 1.03031
1.56707e-05 1.03703
1.58123e-05 1.01912
1.59552e-05 1.00763
1.60994e-05 0.978021
1.6245e-05 0.957447
1.63918e-05 0.937581
1.65399e-05 0.916647
1.66894e-05 0.908642
1.68403e-05 0.90704
1.69925e-05 0.85979
1.71461e-05 0.833262
1.73011e-05 0.814528
1.74574e-05 0.801953
1.76152e-05 0.776483
1.77744e-05 0.75779
1.79351e-05 0.744267
1.80972e-05 0.729754
1.82608e-05 0.707571
1.84258e-05 0.681434
1.85924e-05 0.663365
1.87604e-05 0.68043
1.893e-05 0.645221
1.91011e-05 0.730018
1.92737e-05 0.593509
1.94479e-05 0.585867
1.96237e-05 0.57
1.98011e-05 0.561875
1.99801e-05 0.543332
2.01606e-05 0.536058
2.03429e-05 0.521361
2.05267e-05 0.498837
2.07123e-05 0.498239
2.08995e-05 0.487071
2.10884e-05 0.477976
2.1279e-05 0.468987
2.14713e-05 0.455266
2.16654e-05 0.444783
2.18612e-05 0.434088
2.20588e-05 0.42359
2.22582e-05 0.411532
2.24594e-05 0.401372
2.26624e-05 0.391426
2.28672e-05 0.383958
2.30739e-05 0.370357
2.32824e-05 0.373897
2.34929e-05 0.351366
2.37052e-05 0.342299
2.39195e-05 0.332823
2.41357e-05 0.324938
2.43538e-05 0.316836
2.4574e-05 0.309085
2.47961e-05 0.300153
2.50202e-05 0.290116
2.52463e-05 0.284506
2.54745e-05 0.277713
2.57048e-05 0.273763
2.59371e-05 0.265597
2.61715e-05 0.258132
2.64081e-05 0.252744
2.66468e-05 0.248914
2.68876e-05 0.240499
2.71306e-05 0.234076
2.73759e-05 0.2276
2.76233e-05 0.221737
2.7873e-05 0.251425
2.81249e-05 0.22863
2.83791e-05 0.213911
2.86356e-05 0.201185
2.88944e-05 0.196237
2.91556e-05 0.191542
2.94191e-05 0.186256
2.9685e-05 0.181821
2.99533e-05 0.177441
3.02241e-05 0.173194
3.04973e-05 0.16899
3.07729e-05 0.164744
3.10511e-05 0.163293
3.13317e-05 0.156639
3.16149e-05 0.152829
3.19007e-05 0.148677
3.2189e-05 0.145362
3.24799e-05 0.142003
3.27735e-05 0.138593
3.30697e-05 0.135325
3.33686e-05 0.132095
3.36702e-05 0.128851
3.39746e-05 0.125739
3.42816e-05 0.122349
3.45915e-05 0.119627
3.49042e-05 0.117089
3.50791e-05 0.11571
3.51141e-05 0.115422
3.51492e-05 0.11511
3.51844e-05 0.114798
3.52195e-05 0.114481
3.52548e-05 0.114171
3.529e-05 0.11387
3.53253e-05 0.113576
3.53606e-05 0.113282
3.5396e-05 0.112994
3.54313e-05 0.112714
3.54668e-05 0.112422
3.55022e-05 0.112145
3.55377e-05 0.111858
3.55732e-05 0.111585
3.56088e-05 0.111306
3.56444e-05 0.111028
3.568e-05 0.110745
3.57157e-05 0.110443
3.57514e-05 0.110105
3.57872e-05 0.109774
3.58229e-05 0.109433
3.58587e-05 0.109098
3.58946e-05 0.108764
3.59305e-05 0.108492
3.59664e-05 0.108224
3.60024e-05 0.107952
3.60384e-05 0.107693
3.60744e-05 0.107428
3.61104e-05 0.107154
3.61465e-05 0.106865
3.61827e-05 0.10657
3.62189e-05 0.106288
3.62551e-05 0.106001
3.62913e-05 0.105725
3.63276e-05 0.105489
3.63639e-05 0.105271
3.64003e-05 0.105243
3.64367e-05 0.106004
3.64696e-05 0.1068
3.65061e-05 0.095149
3.6546e-05 0.0948031
3.65826e-05 0.0944263
3.66192e-05 0.094057
3.66558e-05 0.0936956
3.66924e-05 0.0933307
3.67291e-05 0.0930597
3.67658e-05 0.0928248
3.68026e-05 0.0925724
3.68394e-05 0.0922658
3.68762e-05 0.092021
3.69131e-05 0.0920942
3.695e-05 0.0925965
3.69869e-05 0.0931026
3.70239e-05 0.0936116
3.70609e-05 0.0941239
3.70979e-05 0.094547
3.7135e-05 0.0944675
3.71722e-05 0.094303
3.72093e-05 0.0977348
3.72465e-05 0.135236
3.72838e-05 0.702562
3.7321e-05 0.0943376
3.73583e-05 0.146203
3.73957e-05 0.0962789
3.74331e-05 0.0972639
3.74705e-05 0.0982541
3.7508e-05 0.161944
3.75455e-05 0.0988198
3.7583e-05 0.0986803
3.76206e-05 0.0985526
3.76582e-05 0.0984133
3.76958e-05 0.0983532
3.77335e-05 0.177686
3.77712e-05 0.0992752
3.7809e-05 0.0997908
3.78468e-05 0.100303
3.78846e-05 0.100832
3.79225e-05 0.101396
3.79604e-05 0.101986
3.79984e-05 0.20267
3.80364e-05 0.103171
3.80744e-05 0.103779
3.81124e-05 0.103397
3.81505e-05 0.101592
3.81887e-05 0.0997994
3.82269e-05 0.0980463
3.82651e-05 0.0963314
3.83033e-05 0.0953206
3.83416e-05 0.0968249
3.838e-05 0.203239
3.84183e-05 0.100327
3.84567e-05 0.102123
3.84952e-05 0.103784
3.85337e-05 0.1041
3.85722e-05 0.104133
3.86108e-05 0.10416
3.86494e-05 0.104187
3.8688e-05 0.215486
3.87267e-05 0.101961
3.87654e-05 0.0990191
3.88041e-05 0.096178
3.88429e-05 0.0934181
3.88818e-05 0.173261
3.89206e-05 0.232944
3.89596e-05 0.0932478
3.89985e-05 0.0955937
3.90375e-05 0.0979971
3.90765e-05 0.100465
3.91156e-05 0.101641
3.91547e-05 0.101174
3.91938e-05 0.100708
3.9233e-05 0.100245
3.92722e-05 0.10228
3.93115e-05 0.0994439
3.93508e-05 0.100923
3.93901e-05 0.0991613
3.94295e-05 0.0990233
3.94689e-05 0.0988861
3.95084e-05 0.0978005
3.95479e-05 0.0946164
3.95874e-05 0.0914468
3.9627e-05 0.0883932
3.96666e-05 0.118177
3.97063e-05 0.0847187
3.9746e-05 0.292343
3.97857e-05 0.0884228
3.98255e-05 0.0908919
3.98653e-05 0.0934293
3.99052e-05 0.0953907
3.99451e-05 0.0954294
3.9985e-05 0.0953519
4.0025e-05 0.0952745
4.0065e-05 0.0951971
4.0105e-05 0.0982499
4.01451e-05 0.0945424
4.01853e-05 0.0940487
4.02254e-05 0.0935523
4.02656e-05 0.09307
4.03059e-05 0.09271
4.03462e-05 0.0927073
4.03865e-05 0.0927179
4.04269e-05 0.0927332
4.04673e-05 0.0927444
4.05078e-05 0.0926399
4.05483e-05 0.092275
4.05888e-05 0.0918922
4.06294e-05 0.0915221
4.067e-05 0.0911483
4.07107e-05 0.0957454
4.07514e-05 0.0896675
4.07921e-05 0.0903197
4.08329e-05 0.0876731
4.08737e-05 0.0867302
4.09146e-05 0.0854587
4.09555e-05 0.0837752
4.09964e-05 0.0820648
4.10374e-05 0.401114
4.10784e-05 0.0788119
4.11195e-05 0.0790037
4.11606e-05 0.0806338
4.12018e-05 0.0823496
4.1243e-05 0.0840938
4.12842e-05 0.0858469
4.13255e-05 0.0863834
4.13668e-05 0.0862517
4.14081e-05 0.0861253
4.14495e-05 0.0906632
4.1491e-05 0.0858523
4.15324e-05 0.0856526
4.1574e-05 0.0853919
4.16155e-05 0.0851539
4.16571e-05 0.0849219
4.16988e-05 0.0846862
4.17405e-05 0.0844576
4.17822e-05 0.0842301
4.1824e-05 0.0840032
4.18658e-05 0.0837852
4.19076e-05 0.083544
4.19495e-05 0.0832924
4.19915e-05 0.0830353
4.20335e-05 0.0827896
4.20755e-05 0.0825341
4.21175e-05 0.0822797
4.21596e-05 0.0820257
4.22018e-05 0.0817669
4.2244e-05 0.0815039
4.22862e-05 0.0812581
4.23285e-05 0.0809966
4.23708e-05 0.0807432
4.24132e-05 0.080488
4.24556e-05 0.0802349
4.2498e-05 0.0799727
4.25405e-05 0.0796909
4.2583e-05 0.0794109
4.26256e-05 0.0791266
4.26682e-05 0.0788985
4.27109e-05 0.0785742
4.27536e-05 0.0783465
4.27963e-05 0.0781454
4.28391e-05 0.0779006
4.28819e-05 0.0776748
4.29248e-05 0.0773776
4.29677e-05 0.0770023
4.30107e-05 0.0766421
4.30537e-05 0.0762782
4.30967e-05 0.0758481
4.31398e-05 0.0749281
4.31829e-05 0.0739273
4.32261e-05 0.0729405
4.32693e-05 0.0719675
4.33126e-05 0.0709553
4.33559e-05 0.0698586
4.33992e-05 0.0688719
4.34426e-05 0.611451
4.3486e-05 0.0667643
4.35295e-05 0.067432
4.3573e-05 0.0688296
4.36166e-05 0.0959937
4.36602e-05 0.0717144
4.37038e-05 0.0728463
4.37475e-05 0.0726594
4.37913e-05 0.0723798
4.3835e-05 0.0721053
4.38789e-05 0.0793043
4.39227e-05 0.0716607
4.39667e-05 0.0715669
4.40106e-05 0.0714834
4.40546e-05 0.0713899
4.40986e-05 0.0712914
4.41427e-05 0.0711085
4.41869e-05 0.0709132
4.4231e-05 0.0707189
4.42753e-05 0.070525
4.43195e-05 0.070328
4.43638e-05 0.0701441
4.44082e-05 0.0699489
4.44526e-05 0.0697653
4.4497e-05 0.0695421
4.45415e-05 0.0691091
4.4586e-05 0.0686472
4.46306e-05 0.0681933
4.46752e-05 0.0677327
4.47199e-05 0.0986641
4.47646e-05 0.067533
4.48093e-05 0.0675516
4.48541e-05 0.0675702
4.4899e-05 0.0675625
4.49439e-05 0.0674314
4.49888e-05 0.0672779
4.50338e-05 0.0671198
4.50788e-05 0.0669716
4.51239e-05 0.066772
4.5169e-05 0.0665367
4.52141e-05 0.0663072
4.52593e-05 0.0660833
4.53046e-05 0.0658545
4.53499e-05 0.0656166
4.53952e-05 0.0653846
4.54406e-05 0.0651584
4.5486e-05 0.064931
4.55315e-05 0.0647645
4.5577e-05 0.0646223
4.56226e-05 0.0644757
4.56682e-05 0.0643391
4.57139e-05 0.0641819
4.57596e-05 0.0639419
4.58053e-05 0.0637267
4.58511e-05 0.0635072
4.58969e-05 0.0632958
4.59428e-05 0.0631242
4.59888e-05 0.0629579
4.60347e-05 0.0627957
4.60807e-05 0.0626414
4.61268e-05 0.0624415
4.61729e-05 0.0622388
4.62191e-05 0.0620053
4.62653e-05 0.0617955
4.63116e-05 0.0615848
4.63579e-05 0.0614725
4.64042e-05 0.0612327
4.64506e-05 0.0609705
4.6497e-05 0.0609017
4.65435e-05 0.0606107
4.659e-05 0.067591
4.66366e-05 0.0602954
4.66832e-05 0.0601373
4.67299e-05 0.0599523
4.67766e-05 0.0597421
4.68234e-05 0.0595373
4.68702e-05 0.0593698
4.69171e-05 0.0591024
4.6964e-05 0.0588409
4.70109e-05 0.058571
4.70579e-05 0.0583072
4.7105e-05 0.0588756
4.71521e-05 0.0580077
4.71992e-05 0.0579303
4.72464e-05 0.0578574
4.72936e-05 0.0577791
4.73409e-05 0.0576161
4.73882e-05 0.058041
4.74356e-05 0.0572509
4.7483e-05 0.0570767
4.75305e-05 0.0569052
4.7578e-05 0.0567447
4.76256e-05 0.0565892
4.76732e-05 0.0564296
4.77209e-05 0.0562587
4.77686e-05 0.0560763
4.78163e-05 0.05589
4.78641e-05 0.0557089
4.7912e-05 0.0555296
4.79599e-05 0.0553352
4.80078e-05 0.055146
4.80558e-05 0.0549575
4.81039e-05 0.0547634
4.81519e-05 0.0545477
4.82001e-05 0.0543311
4.82483e-05 0.0541201
4.82965e-05 0.0538415
4.83448e-05 0.0531752
4.83931e-05 0.052445
4.84415e-05 0.0517255
4.84899e-05 0.0509895
4.85384e-05 0.0499882
4.85869e-05 0.0489323
4.86355e-05 1.07043
4.86841e-05 0.0469549
4.87328e-05 0.0474873
4.87815e-05 0.0487027
4.88303e-05 0.0499429
4.88791e-05 0.0512084
4.8928e-05 0.0516554
4.89769e-05 0.0515737
4.90259e-05 0.0514965
4.90749e-05 0.051415
4.91239e-05 0.0512304
4.9173e-05 0.0642484
4.92222e-05 0.0506896
4.92714e-05 0.0504219
4.93207e-05 0.0502687
4.937e-05 0.0502425
4.94193e-05 0.0502119
4.94687e-05 0.0501857
4.95182e-05 0.0501039
4.95677e-05 0.388342
4.96173e-05 0.0498044
4.96669e-05 0.0496457
4.97165e-05 0.0494846
4.97662e-05 0.0493102
4.9816e-05 0.0491408
4.98658e-05 0.0489631
4.99156e-05 0.048762
4.99655e-05 0.0485207
5.00155e-05 0.0482754
5.00655e-05 1.01524
5.01155e-05 0.0478641
5.01656e-05 0.0650561
5.02158e-05 0.0477798
5.0266e-05 0.0477345
5.03162e-05 0.0476399
5.03665e-05 0.0474457
5.04169e-05 0.0472553
5.04673e-05 0.0470658
5.05178e-05 0.0469174
5.05683e-05 0.046826
5.06188e-05 0.0467351
5.06694e-05 0.0466489
5.07201e-05 0.0465317
5.07708e-05 0.0463781
5.08215e-05 0.046234
5.08723e-05 0.0460814
5.09232e-05 0.0459363
5.09741e-05 0.0457984
5.10251e-05 0.0456566
5.10761e-05 0.0455108
5.11271e-05 0.0453641
5.11783e-05 0.0452068
5.12294e-05 0.0450457
5.12806e-05 0.0448897
5.13319e-05 0.0447463
5.13832e-05 0.0446029
5.14346e-05 0.0444602
5.1486e-05 0.044313
5.15375e-05 0.0441627
5.1589e-05 0.0440043
5.16406e-05 0.0438465
5.16922e-05 0.0436873
5.17439e-05 0.0435572
5.17956e-05 0.0434235
5.18474e-05 0.0432946
5.18992e-05 0.0435081
5.19511e-05 0.0430477
5.20031e-05 0.0435065
5.2055e-05 0.0427986
5.21071e-05 0.0426746
5.21592e-05 0.0425442
5.22113e-05 0.0424141
5.22635e-05 0.0422842
5.23158e-05 0.0421667
5.23681e-05 0.0420533
5.24204e-05 0.0419491
5.24728e-05 0.0418366
5.25253e-05 0.0416916
5.25778e-05 0.0415154
5.26304e-05 0.0413442
5.2683e-05 0.0447699
5.27357e-05 0.0410553
5.27884e-05 0.0409683
5.28412e-05 0.0408858
5.2894e-05 0.04079
5.29469e-05 0.0406645
5.29998e-05 0.0405326
5.30528e-05 0.0404054
5.31058e-05 0.0402696
5.31589e-05 0.040137
5.32121e-05 0.0400087
5.32653e-05 0.0399037
5.33185e-05 0.03976
5.33718e-05 0.0396602
5.34252e-05 0.0395691
5.34786e-05 0.0394695
5.3532e-05 0.0393544
5.35856e-05 0.0392285
5.36391e-05 0.0391031
5.36928e-05 0.0389828
5.37464e-05 0.0388588
5.38002e-05 0.0387445
5.3854e-05 0.0386223
5.39078e-05 0.0385046
5.39617e-05 0.0383665
5.40156e-05 0.0382364
5.40696e-05 0.0380986
5.41237e-05 0.0379788
5.41778e-05 0.0378637
5.4232e-05 0.0377561
5.42862e-05 0.0376409
5.43405e-05 0.0375388
5.43948e-05 0.0374344
5.44492e-05 0.0373302
5.45036e-05 0.0372245
5.45581e-05 0.0371125
5.46126e-05 0.0370002
5.46672e-05 0.0368883
5.47219e-05 0.0367719
5.47766e-05 0.0366588
5.48313e-05 0.0365462
5.48862e-05 0.0364338
5.4941e-05 0.036325
5.4996e-05 0.0362074
5.50509e-05 0.0360946
5.5106e-05 0.0359834
5.51611e-05 0.0364982
5.52162e-05 0.0357715
5.52714e-05 0.0356703
5.53267e-05 0.0355603
5.5382e-05 0.0359136
5.54374e-05 0.0353519
5.54928e-05 0.0352413
5.55483e-05 0.0351323
5.56038e-05 0.035018
5.56594e-05 0.0349003
5.5715e-05 0.034793
5.57707e-05 0.0347604
5.58265e-05 0.0345752
5.58823e-05 0.034469
5.59382e-05 0.0343678
5.59941e-05 0.0342688
5.60501e-05 0.0341701
5.61061e-05 0.0340713
5.61622e-05 0.0339715
5.62183e-05 0.033872
5.62745e-05 0.0337728
5.63308e-05 0.0336683
5.63871e-05 0.0335605
5.64435e-05 0.0334569
5.64999e-05 0.0333495
5.65564e-05 0.0332373
5.66129e-05 0.0331332
5.66695e-05 0.0330255
5.67262e-05 0.0329219
5.67829e-05 0.032835
5.68397e-05 0.0327373
5.68965e-05 0.032646
5.69534e-05 0.0325279
5.70103e-05 0.0324148
5.70673e-05 0.0322944
5.71244e-05 0.0321937
5.71815e-05 0.0321127
5.72386e-05 0.032024
5.72959e-05 0.0319372
5.73531e-05 0.0318381
5.74105e-05 0.0317369
5.74679e-05 0.0316362
5.75253e-05 0.0323323
5.75828e-05 0.0314453
5.76404e-05 0.0313519
5.7698e-05 0.0312587
5.77557e-05 0.0311695
5.78135e-05 0.0310766
5.78713e-05 0.0309802
5.79291e-05 0.0308965
5.7987e-05 0.0308092
5.8045e-05 0.0307259
5.8103e-05 0.0306454
5.81611e-05 0.0305524
5.82192e-05 0.0304669
5.82775e-05 0.032791
5.83357e-05 0.0302804
5.8394e-05 0.0301887
5.84524e-05 0.0300896
5.85109e-05 0.0299657
5.85693e-05 0.0297742
5.86279e-05 0.0295847
5.86865e-05 0.0293971
5.87452e-05 0.0949955
5.88039e-05 0.0293425
5.88627e-05 0.0293356
5.89215e-05 0.0293027
5.89805e-05 0.0292446
5.90394e-05 0.0291739
5.90984e-05 0.0291008
5.91575e-05 0.0290147
5.92167e-05 0.0289261
5.92759e-05 0.0288378
5.93351e-05 0.0287532
5.93945e-05 0.0286649
5.94538e-05 0.0285731
5.95133e-05 0.0284866
5.95728e-05 0.0284034
5.96323e-05 0.0283205
5.96919e-05 0.0282373
5.97516e-05 0.0281499
5.98113e-05 0.028062
5.98711e-05 0.0279741
5.9931e-05 0.0278914
5.99909e-05 0.0278024
6.00509e-05 0.027721
6.01109e-05 0.0276332
6.0171e-05 0.0275512
6.02312e-05 0.0274733
6.02914e-05 0.027392
6.03517e-05 0.0273124
6.0412e-05 0.0272335
6.04724e-05 0.027151
6.05329e-05 0.0270738
6.05934e-05 0.0269878
6.06539e-05 0.0269058
6.07146e-05 0.026827
6.07753e-05 0.0267398
6.0836e-05 0.0266565
6.08969e-05 0.0265732
6.09577e-05 0.0264902
6.10187e-05 0.026411
6.10797e-05 0.0263246
6.11408e-05 0.0262378
6.12019e-05 0.0261531
6.12631e-05 0.0260614
6.13243e-05 0.025977
6.13856e-05 0.0258969
6.1447e-05 0.0258208
6.15084e-05 0.0257423
6.15699e-05 0.0256634
6.16315e-05 0.0255919
6.16931e-05 0.0255184
6.17548e-05 0.0254464
6.18165e-05 0.0253793
6.18783e-05 0.0253157
6.19401e-05 0.0252394
6.20021e-05 0.025164
6.20641e-05 0.025089
6.21261e-05 0.0250102
6.21882e-05 0.0249275
6.22504e-05 0.0248451
6.23126e-05 0.0247608
6.23749e-05 0.0246719
6.24373e-05 0.024583
6.24997e-05 0.0245
6.25622e-05 0.0244434
6.26247e-05 0.0243906
6.26873e-05 0.0243366
6.275e-05 0.0242678
6.28127e-05 0.0241952
6.28755e-05 0.0241261
6.29384e-05 0.0240446
6.30013e-05 0.0280242
6.30643e-05 0.0238834
6.31273e-05 0.0274084
6.31905e-05 0.0237485
6.32536e-05 0.0236816
6.33169e-05 0.0236081
6.33802e-05 0.023534
6.34435e-05 0.023453
6.3507e-05 0.023378
6.35704e-05 0.0233112
6.3634e-05 0.024527
6.36976e-05 0.0231792
6.37613e-05 0.0231152
6.3825e-05 0.0230551
6.38889e-05 0.0229906
6.39527e-05 0.0229121
6.40167e-05 0.0228381
6.40807e-05 0.0227579
6.41447e-05 0.0226936
6.42089e-05 0.022626
6.4273e-05 0.0225619
6.43373e-05 0.0224978
6.44016e-05 0.0224246
6.4466e-05 0.022355
6.45305e-05 0.0222886
6.4595e-05 0.022225
6.46595e-05 0.0221616
6.47242e-05 0.0220953
6.47889e-05 0.0220178
6.48537e-05 0.0219406
6.49185e-05 0.0218695
6.49834e-05 0.0218047
6.50484e-05 0.0217438
6.51134e-05 0.0216762
6.51785e-05 0.0215931
6.52437e-05 0.0215098
6.53089e-05 0.0213865
6.53742e-05 0.0211505
6.54395e-05 0.0209043
6.5505e-05 0.0285106
6.55704e-05 0.0199864
6.5636e-05 0.0193875
6.57016e-05 2.20876
6.57673e-05 0.0195422
6.5833e-05 0.0433982
6.58989e-05 0.0206796
6.59647e-05 0.020738
6.60307e-05 0.0207281
6.60967e-05 0.0207162
6.61628e-05 0.0206678
6.62289e-05 0.0206179
6.62951e-05 0.0205704
6.63614e-05 0.0205104
6.64278e-05 0.0204528
6.64942e-05 0.0203921
6.65606e-05 0.0203099
6.66272e-05 0.0202239
6.66938e-05 0.049323
6.67605e-05 0.0360727
6.68272e-05 0.0200257
6.6894e-05 0.0199721
6.69609e-05 0.0199316
6.70278e-05 0.0198935
6.70949e-05 0.019853
6.71619e-05 0.0420312
6.72291e-05 0.019741
6.72963e-05 0.0365101
6.73636e-05 0.0196236
6.74309e-05 0.0195636
6.74983e-05 0.019504
6.75658e-05 0.0194471
6.76334e-05 0.0193907
6.7701e-05 0.0193341
6.77687e-05 0.0192756
6.78364e-05 0.0192171
6.79042e-05 0.0191592
6.79721e-05 0.0191031
6.80401e-05 0.0196732
6.81081e-05 0.0189915
6.81762e-05 0.0189354
6.82443e-05 0.0188827
6.83126e-05 0.0188227
6.83808e-05 0.0187636
6.84492e-05 0.0187046
6.85176e-05 0.0186475
6.85861e-05 0.018594
6.86547e-05 0.018544
6.87233e-05 0.0184871
6.87921e-05 0.0184326
6.88608e-05 0.0183782
6.89297e-05 0.0183237
6.89986e-05 0.018269
6.90676e-05 0.0182144
6.91366e-05 0.0181603
6.92057e-05 0.0181065
6.92749e-05 0.018056
6.93442e-05 0.0179981
6.94135e-05 0.0179432
6.94829e-05 0.0178885
6.95524e-05 0.0178398
6.96219e-05 0.0177887
6.96915e-05 0.0177344
6.97612e-05 0.0176816
6.98309e-05 0.0176317
6.99007e-05 0.0175751
6.99706e-05 0.0175198
7.00406e-05 0.0174677
7.01106e-05 0.0174109
7.01807e-05 0.017362
7.02508e-05 0.0173136
7.03211e-05 0.0172639
7.03914e-05 0.0172123
7.04617e-05 0.017164
7.05322e-05 0.0170952
7.06027e-05 0.0170073
7.06733e-05 0.0298455
7.07439e-05 0.0168847
7.08147e-05 0.0168679
7.08855e-05 0.0168488
7.09563e-05 0.0168069
7.10273e-05 0.0167519
7.10983e-05 0.0167004
7.11693e-05 0.0166533
7.12405e-05 0.0166
7.13117e-05 0.0165505
7.1383e-05 0.028745
7.14544e-05 0.0164539
7.15258e-05 0.0164061
7.15973e-05 0.0163587
7.16689e-05 0.0163146
7.17405e-05 0.016278
7.18123e-05 0.0162068
7.18841e-05 0.016154
7.19559e-05 0.0161106
7.20279e-05 0.0160628
7.20999e-05 0.0160171
7.2172e-05 0.0159661
7.22441e-05 0.0159145
7.23163e-05 0.0158672
7.23886e-05 0.0158401
7.2461e-05 0.0157905
7.25334e-05 0.0157445
7.2606e-05 0.0157133
7.26785e-05 0.0170457
7.27512e-05 0.0155906
7.28239e-05 0.0155244
7.28967e-05 0.0166388
7.29696e-05 0.0154302
7.30426e-05 0.0154017
7.31156e-05 0.0153684
7.31887e-05 0.0153278
7.32619e-05 0.0262105
7.33351e-05 0.0152399
7.34084e-05 0.015194
7.34818e-05 0.015151
7.35553e-05 0.0151077
7.36288e-05 0.0150645
7.37024e-05 0.0150205
7.37761e-05 0.0149731
7.38498e-05 0.0149255
7.39237e-05 0.0148796
7.39976e-05 0.0148259
7.40716e-05 0.0147756
7.41456e-05 0.0147368
7.42197e-05 0.0146964
7.42939e-05 0.0146586
7.43682e-05 0.0146176
7.44426e-05 0.014579
7.4517e-05 0.0145341
7.45915e-05 0.0144945
7.4666e-05 0.0144489
7.47407e-05 0.0144061
7.48154e-05 0.0143662
7.48902e-05 0.0143206
7.49651e-05 0.0142786
7.504e-05 0.0142368
7.5115e-05 0.0141955
7.51901e-05 0.0141554
7.52653e-05 0.0141155
7.53406e-05 0.0142702
7.54159e-05 0.014036
7.54913e-05 0.013996
7.55667e-05 0.013957
7.56423e-05 0.0139117
7.57179e-05 0.0138698
7.57936e-05 0.0138288
7.58694e-05 0.0137878
7.59452e-05 0.013748
7.60211e-05 0.0137117
7.60972e-05 0.0136695
7.61732e-05 0.0136293
7.62494e-05 0.0135919
7.63256e-05 0.0135492
7.64019e-05 0.01351
7.64783e-05 0.0134735
7.65548e-05 0.0134271
7.66313e-05 0.0133823
7.67079e-05 0.0133401
7.67846e-05 0.0133092
7.68614e-05 0.0132765
7.69382e-05 0.0132338
7.70151e-05 0.0131888
7.70921e-05 0.013148
7.71692e-05 0.0131093
7.72463e-05 0.0130752
7.73236e-05 0.0130452
7.74009e-05 0.0129992
7.74782e-05 0.0156813
7.75557e-05 0.0129137
7.76332e-05 0.0128663
7.77108e-05 0.0128308
7.77885e-05 0.0127989
7.78663e-05 0.0127743
7.79442e-05 0.0127452
7.80221e-05 0.0127085
7.81001e-05 0.0126687
7.81781e-05 0.0126309
7.82563e-05 0.012593
7.83345e-05 0.0125585
7.84129e-05 0.0125188
7.84913e-05 0.0124818
7.85697e-05 0.0124457
7.86483e-05 0.0124037
7.87269e-05 0.012365
7.88056e-05 0.012327
7.88844e-05 0.0122922
7.89632e-05 0.0122546
7.90422e-05 0.0122208
7.91212e-05 0.0121857
7.92003e-05 0.0121486
7.92795e-05 0.0121145
7.93588e-05 0.0120761
7.94381e-05 0.0120411
7.95175e-05 0.012021
7.9597e-05 0.0119797
7.96766e-05 0.0119462
7.97562e-05 0.0120024
7.9836e-05 0.0118771
7.99158e-05 0.0118417
7.99957e-05 0.0118052
8.00756e-05 0.011769
8.01557e-05 0.0117367
8.02358e-05 0.0117058
8.03161e-05 0.0116733
8.03964e-05 0.0116369
8.04767e-05 0.0119654
8.05572e-05 0.0115692
8.06377e-05 0.0115395
8.07183e-05 0.0115072
8.0799e-05 0.0114724
8.08798e-05 0.0114322
8.09607e-05 0.0113995
8.10416e-05 0.0113685
8.11226e-05 0.0113383
8.12037e-05 0.0113095
8.12849e-05 0.0112803
8.13662e-05 0.0112458
8.14475e-05 0.0112101
8.15289e-05 0.0111767
8.16104e-05 0.0111465
8.1692e-05 0.0111154
8.17737e-05 0.0110774
8.18555e-05 0.011038
8.19373e-05 0.011012
8.20192e-05 0.0109873
8.21012e-05 0.010948
8.21833e-05 0.0101825
8.22654e-05 0.010157
8.23477e-05 0.0101258
8.243e-05 0.0100973
8.25124e-05 0.0100658
8.25949e-05 0.010026
8.26775e-05 0.009986
8.27601e-05 0.00994757
8.28429e-05 0.00990968
8.29257e-05 0.00987181
8.30086e-05 0.00982421
8.30916e-05 0.00977959
8.31747e-05 0.00973914
8.32578e-05 0.00969635
8.3341e-05 0.00966811
8.34244e-05 0.00965604
8.35078e-05 0.00963494
8.35913e-05 0.00958441
8.37586e-05 0.00952151
8.40102e-05 0.00949294
8.42626e-05 0.0094983
8.45157e-05 0.00939989
8.47696e-05 0.00933688
8.50242e-05 0.0092369
8.52797e-05 0.00925493
8.55358e-05 0.00895106
8.57928e-05 0.0092411
8.60505e-05 0.0108818
8.6309e-05 0.00943041
8.65683e-05 0.00876603
8.68283e-05 0.0111483
8.70892e-05 0.00903225
8.73508e-05 0.00866509
8.76132e-05 0.0114038
8.78764e-05 0.00879296
8.81404e-05 0.00876039
8.84052e-05 0.0085126
8.86708e-05 0.0116988
8.89372e-05 0.00851525
8.92043e-05 0.00845053
8.94723e-05 0.00838665
8.97411e-05 0.00828553
9.00107e-05 0.00783079
9.02811e-05 0.012399
9.05523e-05 0.00803514
9.08243e-05 0.014711
9.10972e-05 0.00793841
9.13708e-05 0.00788998
9.16453e-05 0.00780085
9.19206e-05 0.00768087
9.21967e-05 0.00726399
9.24737e-05 0.012025
9.27515e-05 0.00749169
9.30302e-05 0.00745757
9.33096e-05 0.00739659
9.35899e-05 0.00732983
9.38711e-05 0.00726221
9.41531e-05 0.00718421
9.44359e-05 0.00713108
9.47196e-05 0.00705942
9.50042e-05 0.00698078
9.52896e-05 0.0226183
9.55758e-05 0.0127781
9.58629e-05 0.00689079
9.61509e-05 0.00673525
9.64398e-05 0.00668611
9.67295e-05 0.0066275
9.70201e-05 0.00657485
9.73115e-05 0.00651603
9.76039e-05 0.00645648
9.78971e-05 0.00639848
9.81912e-05 0.00634595
9.84861e-05 0.00630893
9.8782e-05 0.00622641
9.90787e-05 0.00617249
9.93764e-05 0.00611653
9.96749e-05 0.00606145
9.99744e-05 0.00596715
0.000100275 0.00582094
0.000100576 0.0145951
0.000100878 0.00582518
0.000101181 0.00575336
0.000101485 0.00573441
0.00010179 0.00568982
0.000102096 0.00563989
0.000102402 0.0055914
0.00010271 0.0055436
0.000103019 0.0054878
0.000103328 0.00603903
0.000103638 0.00539024
0.00010395 0.0053496
0.000104262 0.00529874
0.000104575 0.00524959
0.000104889 0.00520251
0.000105205 0.00515799
0.000105521 0.00511205
0.000105838 0.00506574
0.000106156 0.00501907
0.000106474 0.00496953
0.000106794 0.00491777
0.000107115 0.00488059
0.000107437 0.00484016
0.00010776 0.00479509
0.000108083 0.00474172
0.000108408 0.00469733
0.000108734 0.0370196
0.00010906 0.00449589
0.000109388 0.0173481
0.000109717 0.00466059
0.000110046 0.00448562
0.000110377 0.00446686
0.000110708 0.00443304
0.000111041 0.00439382
0.000111375 0.00435448
0.000111709 0.00431734
0.000112045 0.00427998
0.000112381 0.00424105
0.000112719 0.00420018
0.000113058 0.00416185
0.000113397 0.00412623
0.000113738 0.0040919
0.000114079 0.00405455
0.000114422 0.00401974
0.000114766 0.00398709
0.000115111 0.00395324
0.000115456 0.00391897
0.000115803 0.00388338
0.000116151 0.00384357
0.0001165 0.00380872
0.00011685 0.00377811
0.000117201 0.00375025
0.000117553 0.00371191
0.000117906 0.00367671
0.000118261 0.00364704
0.000118616 0.00361277
0.000118972 0.00358386
0.00011933 0.00355454
0.000119688 0.0035146
0.000120048 0.00348931
0.000120408 0.00346314
0.00012077 0.00343159
0.000121133 0.00345908
0.000121497 0.00337524
0.000121862 0.00334628
0.000122228 0.00331701
0.000122595 0.00328772
0.000122963 0.00325907
0.000123333 0.00323135
0.000123703 0.00320315
0.000124075 0.00317566
0.000124447 0.00314836
0.000124821 0.00312061
0.000125196 0.00309246
0.000125572 0.00446925
0.00012595 0.00303951
0.000126328 0.00301299
0.000126707 0.00298714
0.000127088 0.00296089
0.00012747 0.00292753
0.000127853 0.00288132
0.000128237 0.0223365
0.000128622 0.00307443
0.000129009 0.0028311
0.000129396 0.00284053
0.000129785 0.00278558
0.000130175 0.00276336
0.000130566 0.00274056
0.000130958 0.00271674
0.000131351 0.00269213
0.000131746 0.00266876
0.000132142 0.0029978
0.000132539 0.00262368
0.000132937 0.00261826
0.000133336 0.00257957
0.000133737 0.00255768
0.000134138 0.00253591
0.000134541 0.00251486
0.000134946 0.00249348
0.000135351 0.00247171
0.000135758 0.00244964
0.000136165 0.00242885
0.000136575 0.00240857
0.000136985 0.00238755
0.000137396 0.00236697
0.000137809 0.00234798
0.000138223 0.00232816
0.000138638 0.00230845
0.000139055 0.00228922
0.000139472 0.00226999
0.000139891 0.00225061
0.000140312 0.00223136
0.000140733 0.00221312
0.000141156 0.00219392
0.00014158 0.0021758
0.000142005 0.00215692
0.000142432 0.00213753
0.00014286 0.00211993
0.000143289 0.00210346
0.000143719 0.00208584
0.000144151 0.00206435
0.000144584 0.00204963
0.000145019 0.00203228
0.000145454 0.00201439
0.000145891 0.00199768
0.000146329 0.00188281
0.000146769 0.00186711
0.00014721 0.00184934
0.000147652 0.00183238
0.000148096 0.00181534
0.000148541 0.00179643
0.000148987 0.00177971
0.000149434 0.00176593
0.000149883 0.00174875
0.000150334 0.00172847
0.000150785 0.00171636
0.000151238 0.00170527
0.000151693 0.0016941
0.000152148 0.00168747
0.000152605 0.00166432
0.000153064 0.00164799
0.000153524 0.00167871
0.000153985 0.0016268
0.000154447 0.00161236
0.000154911 0.00161303
0.000155377 0.00159156
0.000155843 0.00156664
0.000156312 0.00157715
0.000156781 0.00155113
0.000157252 0.0015261
0.000157725 0.00153484
0.000158198 0.00152294
0.000158674 0.00197915
0.00015915 0.00148713
0.000159628 0.00148992
0.000160108 0.00149193
0.000160589 0.00145824
0.000161071 0.00204564
0.000161555 0.0014181
0.000162041 0.00141711
0.000162527 0.00141483
0.000163016 0.00139989
0.000163505 0.0013828
0.000163996 0.00210088
0.000164489 0.00237529
0.000164983 0.00133943
0.000165479 0.00133836
0.000165976 0.00132761
0.000166475 0.00132059
0.000166975 0.00129911
0.000167476 0.00130585
0.000167979 0.00217544
0.000168484 0.00124427
0.00016899 0.00124247
0.000169498 0.00124172
0.000170007 0.00123087
0.000170518 0.00121849
0.00017103 0.00121168
0.000171544 0.00119702
0.000172059 0.00118537
0.000172576 0.00117074
0.000173094 0.00114642
0.000173614 0.00226338
0.000174136 0.00113046
0.000174659 0.00112873
0.000175184 0.00112003
0.00017571 0.0011105
0.000176238 0.00110007
0.000176767 0.00108987
0.000177298 0.00108
0.000177831 0.00106993
0.000178365 0.00106006
0.000178901 0.00105035
0.000179438 0.00104083
0.000179978 0.0010516
0.000180518 0.00101909
0.00018106 0.00118755
0.000181604 0.00212739
0.00018215 0.000983531
0.000182697 0.000981022
0.000183246 0.000974249
0.000183796 0.000966071
0.000184349 0.000956906
0.000184902 0.000948262
0.000185458 0.000939459
0.000186015 0.000930156
0.000186574 0.000918481
0.000187134 0.000898751
0.000187696 0.0278198
0.00018826 0.00121406
0.000188826 0.000888063
0.000189393 0.000879738
0.000189962 0.000872188
0.000190533 0.000864946
0.000191105 0.00085721
0.000191679 0.000849564
0.000192255 0.000841886
0.000192833 0.000833704
0.000193412 0.00082474
0.000193993 0.000808981
0.000194576 0.00226526
0.00019516 0.000818856
0.000195746 0.000795868
0.000196335 0.000789392
0.000196924 0.000782337
0.000197516 0.000775242
0.000198109 0.000768256
0.000198704 0.000761435
0.000199301 0.000754599
0.0001999 0.000747964
0.000200501 0.000741442
0.000201103 0.0007349
0.000201707 0.000728297
0.000202313 0.000721577
0.000202921 0.000715054
0.00020353 0.000708567
0.000204142 0.000702322
0.000204755 0.000696163
0.00020537 0.000689902
0.000205987 0.00145922
0.000206606 0.000677412
0.000207226 0.00067155
0.000207849 0.000665471
0.000208473 0.0006595
0.0002091 0.000653504
0.000209728 0.000647728
0.000210358 0.000642242
0.00021099 0.000636348
0.000211624 0.000630469
0.000212259 0.000624959
0.000212897 0.000619561
0.000213537 0.000614228
0.000214178 0.000608879
0.000214821 0.000603335
0.000215467 0.000596819
0.000216114 0.000585256
0.000216763 0.00253127
0.000217414 0.000605587
0.000218068 0.000576723
0.000218723 0.000571988
0.00021938 0.000567108
0.000220039 0.000561945
0.0002207 0.000556898
0.000221363 0.000552187
0.000222028 0.000547337
0.000222695 0.00054251
0.000223364 0.000537802
0.000224035 0.000533216
0.000224708 0.000528606
0.000225383 0.000523888
0.00022606 0.000519298
0.000226739 0.000514746
0.00022742 0.000510196
0.000228103 0.000505294
0.000228789 0.000479043
0.000229476 0.000473536
0.000230165 0.000469878
0.000230857 0.000466332
0.00023155 0.000461935
0.000232246 0.000456078
0.000232944 0.000452023
0.000233643 0.000448872
0.000234345 0.000445079
0.000235049 0.000439871
0.000235755 0.00043538
0.000236464 0.000432579
0.000237174 0.000429428
0.000237886 0.000424979
0.000238601 0.00042018
0.000239318 0.000417332
0.000240037 0.000414089
0.000240758 0.000410098
0.000241481 0.00040567
0.000242207 0.000403533
0.000242934 0.000400243
0.000243664 0.000396008
0.000244396 0.000392062
0.00024513 0.000389482
0.000245866 0.000386613
0.000246605 0.000383107
0.000247346 0.000379493
0.000248089 0.000376834
0.000248834 0.000373141
0.000249582 0.000368962
0.000250332 0.000368296
0.000251083 0.000365204
0.000251838 0.000360549
0.000252594 0.000356181
0.000253353 0.000355276
0.000254114 0.000352865
0.000254878 0.000349748
0.000255643 0.000346002
0.000256411 0.000340863
0.000257182 0.000339837
0.000257954 0.000337978
0.000258729 0.000335147
0.000259506 0.000332354
0.000260286 0.000329034
0.000261068 0.000491982
0.000261852 0.00031931
0.000262639 0.00291066
0.000263428 0.000347937
0.000264219 0.000315689
0.000265013 0.000313083
0.000265809 0.000310177
0.000266607 0.000306663
0.000267408 0.000507536
0.000268212 0.000301397
0.000269017 0.000299978
0.000269826 0.000297593
0.000270636 0.000295109
0.000271449 0.000313995
0.000272265 0.000290234
0.000273082 0.00028766
0.000273903 0.000285166
0.000274726 0.00028186
0.000275551 0.000525561
0.000276379 0.000276817
0.000277209 0.000290036
0.000278042 0.000273355
0.000278877 0.000271118
0.000279715 0.000268861
0.000280555 0.0002723
0.000281398 0.000264302
0.000282243 0.000262077
0.000283091 0.000259882
0.000283942 0.000323511
0.000284795 0.000255492
0.00028565 0.000253239
0.000286508 0.000259791
0.000287369 0.000544263
0.000288232 0.000246041
0.000289098 0.000244894
0.000289967 0.000242936
0.000290838 0.000240915
0.000291711 0.000238904
0.000292588 0.000236904
0.000293467 0.000234941
0.000294348 0.000232964
0.000295233 0.000231032
0.000296119 0.000229118
0.000297009 0.000227225
0.000297901 0.000225328
0.000298796 0.000223444
0.000299694 0.00022159
0.000300594 0.000219739
0.000301497 0.000217911
0.000302403 0.000215884
0.000303311 0.000212616
0.000304222 0.000573349
0.000305136 0.000210432
0.000306053 0.000209048
0.000306972 0.000207359
0.000307895 0.000205651
0.000308819 0.000204
0.000309747 0.000202275
0.000310678 0.000200601
0.000311611 0.000198916
0.000312547 0.000197338
0.000313486 0.000195747
0.000314428 0.00019414
0.000315372 0.000192513
0.00031632 0.000190964
0.00031727 0.000189416
0.000318223 0.000187883
0.000319179 0.000186354
0.000320138 0.000184838
0.0003211 0.00018678
0.000322064 0.000181857
0.000323032 0.000180392
0.000324002 0.000178916
0.000324975 0.000177465
0.000325952 0.000176024
0.000326931 0.000174539
0.000327913 0.000172473
0.000328898 0.000164576
0.000329886 0.000515462
0.000330877 0.000162625
0.000331871 0.000161457
0.000332868 0.000160225
0.000333868 0.000158946
0.000334871 0.000157662
0.000335877 0.000156383
0.000336886 0.000155115
0.000337898 0.000153867
0.000338913 0.000152623
0.000339931 0.000151365
0.000340953 0.000150134
0.000341977 0.000148938
0.000343004 0.000147767
0.000344035 0.000146568
0.000345068 0.000145391
0.000346105 0.000144215
0.000347144 0.000143062
0.000348187 0.000141901
0.000349233 0.000140771
0.000350282 0.000139655
0.000351335 0.000138549
0.00035239 0.000137441
0.000353449 0.000136332
0.00035451 0.000135232
0.000355575 0.000134133
0.000356644 0.000133057
0.000357715 0.000132068
0.00035879 0.000131114
0.000359867 0.000130002
0.000360948 0.000128884
0.000362033 0.00012798
0.00036312 0.000127055
0.000364211 0.000125907
0.000365305 0.000124866
0.000366403 0.000124032
0.000367504 0.000123047
0.000368607 0.000121891
0.000369715 0.000120981
0.000370825 0.000120176
0.000371939 0.000119147
0.000373057 0.000118036
0.000374178 0.000543231
0.000375302 0.000121705
0.000376429 0.000115392
0.00037756 0.000114726
0.000378694 0.000113857
0.000379832 0.000112873
0.000380973 0.000111882
0.000382117 0.000111038
0.000383265 0.000110236
0.000384416 0.000109488
0.000385571 0.000108681
0.00038673 0.000107839
0.000387891 0.000107002
0.000389057 0.000106135
0.000390225 0.000105138
0.000391398 0.00010428
0.000392573 0.000103672
0.000393753 0.000102954
0.000394936 0.000102175
0.000396122 0.000101406
0.000397312 0.000100636
0.000398506 9.98596e-05
0.000399703 9.90305e-05
0.000400903 9.81857e-05
0.000402108 0.000163353
0.000403316 9.6538e-05
0.000404527 9.56717e-05
0.000405743 0.00291902
0.000406961 0.000125509
0.000408184 9.39424e-05
0.00040941 9.32534e-05
0.00041064 9.2559e-05
0.000411874 9.18584e-05
0.000413111 9.11651e-05
0.000414352 9.04712e-05
0.000415597 8.96845e-05
0.000416845 0.000168885
0.000418098 8.82922e-05
0.000419353 8.77843e-05
0.000420613 8.71358e-05
0.000421877 8.64908e-05
0.000423144 8.58527e-05
0.000424415 8.52137e-05
0.00042569 8.45753e-05
0.000426969 8.39236e-05
0.000428252 8.31905e-05
0.000429538 8.24764e-05
0.000430829 8.18128e-05
0.000432123 8.12461e-05
0.000433421 8.06328e-05
0.000434723 7.98954e-05
0.000436029 7.91402e-05
0.000437339 0.000174636
0.000438653 7.80604e-05
0.00043997 7.74651e-05
0.000441292 7.68453e-05
0.000442618 7.63301e-05
0.000443948 7.5782e-05
0.000445281 7.51991e-05
0.000446619 7.45245e-05
0.000447961 7.19733e-05
0.000449306 7.15053e-05
0.000450656 7.09646e-05
0.00045201 7.03813e-05
0.000453368 6.98293e-05
0.00045473 6.93693e-05
0.000456096 6.8897e-05
0.000457466 6.8423e-05
0.00045884 6.78085e-05
0.000460219 6.73554e-05
0.000461601 8.24849e-05
0.000462988 6.63654e-05
0.000464379 7.16716e-05
0.000465774 0.000562375
0.000467173 0.000178654
0.000468576 6.44722e-05
0.000469984 6.40741e-05
0.000471396 6.36467e-05
0.000472812 6.32315e-05
0.000474232 6.27698e-05
0.000475657 6.23136e-05
0.000477086 6.18937e-05
0.000478519 6.14516e-05
0.000479957 6.09995e-05
0.000481398 6.05622e-05
0.000482845 6.01763e-05
0.000484295 5.97531e-05
0.00048575 5.9319e-05
0.000487209 5.88953e-05
0.000488673 5.84846e-05
0.000490141 5.80745e-05
0.000491613 5.7665e-05
0.00049309 5.7263e-05
0.000494571 5.6854e-05
0.000496057 5.64574e-05
0.000497547 5.60672e-05
0.000499042 5.5683e-05
0.000500541 5.53069e-05
0.000502045 5.49379e-05
0.000503553 5.4553e-05
0.000505066 5.41663e-05
0.000506583 5.38071e-05
0.000508105 5.34576e-05
0.000509631 5.30935e-05
0.000511162 5.26923e-05
0.000512698 0.000185144
0.000514238 5.1955e-05
0.000515783 5.1693e-05
0.000517332 5.13676e-05
0.000518886 5.10036e-05
0.000520445 5.06605e-05
0.000522008 5.03225e-05
0.000523577 4.99921e-05
0.00052515 4.96734e-05
0.000526727 4.93548e-05
0.00052831 4.90128e-05
0.000529897 4.86776e-05
0.000531488 4.83606e-05
0.000533085 4.80413e-05
0.000534686 4.7727e-05
0.000536293 4.74172e-05
0.000537904 4.71091e-05
0.00053952 4.67993e-05
0.00054114 4.64848e-05
0.000542766 4.61691e-05
0.000544397 4.58754e-05
0.000546032 4.55795e-05
0.000547672 4.52781e-05
0.000549318 4.49787e-05
0.000550968 4.46903e-05
0.000552623 4.44134e-05
0.000554283 4.41129e-05
0.000555948 4.38235e-05
0.000557618 4.35458e-05
0.000559294 4.32536e-05
0.000560974 4.29742e-05
0.000562659 4.26958e-05
0.000564349 4.2421e-05
0.000566044 4.21484e-05
0.000567745 4.18693e-05
0.00056945 4.15947e-05
0.000571161 4.1334e-05
0.000572877 4.10662e-05
0.000574598 4.08015e-05
0.000576324 4.05364e-05
0.000578055 4.02787e-05
0.000579792 4.00203e-05
0.000581534 3.97593e-05
0.000583281 3.94891e-05
0.000585033 3.84329e-05
0.00058679 3.81811e-05
0.000588553 3.79253e-05
0.000590321 0.00015889
0.000592095 3.73984e-05
0.000593873 3.72086e-05
0.000595657 6.75475e-05
0.000597447 3.67392e-05
0.000599242 3.70665e-05
0.000601042 3.62703e-05
0.000602847 3.60366e-05
0.000604658 3.58032e-05
0.000606475 3.55742e-05
0.000608297 3.53485e-05
0.000610124 3.51207e-05
0.000611957 3.48971e-05
0.000613795 3.46776e-05
0.000615639 3.4457e-05
0.000617489 3.42378e-05
0.000619344 3.40215e-05
0.000621204 3.38065e-05
0.00062307 3.35926e-05
0.000624942 3.33759e-05
0.000626819 3.31655e-05
0.000628702 6.92146e-05
0.000630591 3.27452e-05
0.000632485 3.25406e-05
0.000634386 3.23341e-05
0.000636291 3.21303e-05
0.000638203 3.19265e-05
0.00064012 3.17254e-05
0.000642043 3.15264e-05
0.000643972 3.13271e-05
0.000645906 3.11293e-05
0.000647847 3.09344e-05
0.000649793 3.07407e-05
0.000651745 3.05477e-05
0.000653703 3.03555e-05
0.000655666 3.01653e-05
0.000657636 2.99761e-05
0.000659612 2.97873e-05
0.000661593 2.96e-05
0.000663581 2.94153e-05
0.000665574 2.92324e-05
0.000667574 2.90495e-05
0.000669579 2.88673e-05
0.000671591 2.86869e-05
0.000673608 2.8507e-05
0.000675632 2.83297e-05
0.000677661 6.93669e-05
0.000679697 2.79789e-05
0.000681739 2.78051e-05
0.000683787 2.76319e-05
0.000685841 2.74591e-05
0.000687901 2.72888e-05
0.000689968 2.71199e-05
0.000692041 2.69525e-05
0.00069412 2.67857e-05
0.000696205 2.66187e-05
0.000698296 5.18414e-05
0.000700394 2.62904e-05
0.000702498 2.61283e-05
0.000704608 2.59662e-05
0.000706725 2.58057e-05
0.000708848 2.56458e-05
0.000710978 2.54881e-05
0.000713113 2.53327e-05
0.000715256 2.51764e-05
0.000717404 2.50201e-05
0.00071956 2.48662e-05
0.000721721 2.47138e-05
0.000723889 2.45615e-05
0.000726064 2.441e-05
0.000728245 2.426e-05
0.000730433 2.4111e-05
0.000732627 3.29631e-05
0.000734828 2.3817e-05
0.000737035 2.3672e-05
0.00073925 2.35185e-05
0.00074147 2.30193e-05
0.000743698 2.28663e-05
0.000745932 0.000501196
0.000748173 2.76133e-05
0.00075042 0.000151947
0.000752675 6.87932e-05
0.000754936 2.37726e-05
0.000757204 2.20553e-05
0.000759478 2.19211e-05
0.00076176 2.17869e-05
0.000764048 2.16546e-05
0.000766344 2.1523e-05
0.000768646 2.13916e-05
0.000770955 2.12615e-05
0.000773271 2.11328e-05
0.000775594 2.10039e-05
0.000777924 2.08758e-05
0.000780261 2.07482e-05
0.000782605 2.06212e-05
0.000784956 2.04954e-05
0.000787314 2.03716e-05
0.000789679 2.0249e-05
0.000792051 2.01255e-05
0.00079443 2.00036e-05
0.000796817 1.98832e-05
0.000799211 1.97635e-05
0.000801612 1.96439e-05
0.00080402 1.95243e-05
0.000806435 1.94059e-05
0.000808858 1.92892e-05
0.000811288 1.91724e-05
0.000813725 1.90563e-05
0.000816169 1.89405e-05
0.000818621 1.88256e-05
0.00082108 1.87124e-05
0.000823547 1.85993e-05
0.000826021 1.84871e-05
0.000828502 1.83758e-05
0.000830991 1.82648e-05
0.000833488 1.81546e-05
0.000835992 1.80448e-05
0.000838503 1.7936e-05
0.000841022 1.78281e-05
0.000843548 1.77206e-05
0.000846082 1.76137e-05
0.000848624 1.75077e-05
0.000851173 1.74019e-05
0.00085373 1.72972e-05
0.000856295 1.71932e-05
0.000858868 1.70894e-05
0.000861448 1.69865e-05
0.000864035 1.68842e-05
0.000866631 3.19364e-05
0.000869235 1.66814e-05
0.000871846 1.6581e-05
0.000874465 1.64813e-05
0.000877092 6.72065e-05
0.000879727 1.62835e-05
0.000882369 1.61855e-05
0.00088502 1.60884e-05
0.000887679 1.59914e-05
0.000890346 1.58952e-05
0.00089302 1.57998e-05
0.000895703 1.57045e-05
0.000898394 0.000216668
0.000901093 1.55162e-05
0.000903799 1.54227e-05
0.000906515 1.53301e-05
0.000909238 1.52379e-05
0.000911969 1.51463e-05
0.000914709 1.48853e-05
0.000917457 1.47955e-05
0.000920213 1.47064e-05
0.000922977 1.46179e-05
0.00092575 1.45303e-05
0.000928531 1.44425e-05
0.00093132 1.43555e-05
0.000934118 1.4269e-05
0.000936924 1.41831e-05
0.000939739 3.07027e-05
0.000942562 1.40129e-05
0.000945394 1.39283e-05
0.000948234 1.38445e-05
0.000951082 1.37608e-05
0.000953939 1.36778e-05
0.000956805 1.35954e-05
0.000959679 1.35134e-05
0.000962562 1.3432e-05
0.000965454 1.33509e-05
0.000968354 1.32703e-05
0.000971263 1.31903e-05
0.000974181 1.31102e-05
0.000977108 1.30312e-05
0.000980043 1.29526e-05
0.000982987 1.28743e-05
0.00098594 1.27961e-05
0.000988902 1.27187e-05
0.000991873 1.2642e-05
0.000994852 1.25653e-05
0.000997841 1.24892e-05
0.00100084 1.24137e-05
0.00100385 1.23383e-05
0.00100686 1.22636e-05
0.00100989 1.21894e-05
0.00101292 1.21158e-05
0.00101596 1.20427e-05
0.00101901 1.197e-05
0.00102208 1.18977e-05
0.00102515 1.1826e-05
0.00102823 1.17548e-05
0.00103131 1.16841e-05
0.00103441 1.16139e-05
0.00103752 1.1544e-05
0.00104064 1.14747e-05
0.00104376 1.14059e-05
0.0010469 1.13374e-05
0.00105004 2.96155e-05
0.0010532 0.000278326
0.00105636 1.11349e-05
0.00105954 1.10682e-05
0.00106272 1.10023e-05
0.00106591 1.09364e-05
0.00106911 1.08711e-05
0.00107232 1.08065e-05
0.00107555 1.07419e-05
0.00107878 1.06777e-05
0.00108202 1.06141e-05
0.00108527 1.0551e-05
0.00108853 1.04882e-05
0.0010918 1.04258e-05
0.00109508 1.03639e-05
0.00109837 1.03024e-05
0.00110167 1.02412e-05
0.00110498 1.01803e-05
0.0011083 1.00328e-05
0.00111163 9.9734e-06
0.00111497 9.91454e-06
0.00111831 9.8558e-06
0.00112167 9.7975e-06
0.00112504 9.73959e-06
0.00112842 9.68206e-06
0.00113181 5.04617e-05
0.00113521 9.56816e-06
0.00113862 9.51175e-06
0.00114204 9.45571e-06
0.00114548 9.39993e-06
0.00114892 9.34463e-06
0.00115237 9.28966e-06
0.00115583 9.23509e-06
0.0011593 9.18085e-06
0.00116278 9.12692e-06
0.00116628 9.07332e-06
0.00116978 9.02011e-06
0.00117329 9.65044e-06
0.00117682 8.91469e-06
0.00118036 8.86243e-06
0.0011839 8.8106e-06
0.00118746 8.75905e-06
0.00119102 8.70791e-06
0.0011946 8.65697e-06
0.00119819 8.60641e-06
0.00120179 8.55635e-06
0.0012054 8.50643e-06
0.00120902 8.45682e-06
0.00121265 8.40737e-06
0.0012163 8.35833e-06
0.00121995 8.30969e-06
0.00122362 8.26128e-06
0.00122729 8.21327e-06
0.00123098 8.16548e-06
0.00123468 9.29908e-06
0.00123839 0.00011719
0.00124211 2.7452e-05
0.00124584 7.97746e-06
0.00124958 7.9312e-06
0.00125333 7.88543e-06
0.0012571 7.83952e-06
0.00126088 1.49843e-05
0.00126466 7.74919e-06
0.00126846 7.70416e-06
0.00127227 7.65959e-06
0.00127609 7.61533e-06
0.00127993 7.57129e-06
0.00128377 7.15745e-05
0.00128763 7.48408e-06
0.0012915 7.44089e-06
0.00129538 7.39797e-06
0.00129927 7.35549e-06
0.00130317 7.31297e-06
0.00130709 7.27079e-06
0.00131101 7.22965e-06
0.00131495 7.18709e-06
0.0013189 7.09839e-06
0.00132286 7.05775e-06
0.00132684 7.01701e-06
0.00133082 6.97671e-06
0.00133482 6.93665e-06
0.00133883 6.89698e-06
0.00134285 6.85726e-06
0.00134689 6.81791e-06
0.00135093 6.77883e-06
0.00135499 6.73998e-06
0.00135906 6.70138e-06
0.00136315 6.66298e-06
0.00136724 6.62487e-06
0.00137135 6.58696e-06
0.00137547 6.54929e-06
0.0013796 6.51183e-06
0.00138374 6.47465e-06
0.0013879 6.43766e-06
0.00139207 6.40091e-06
0.00139625 6.36437e-06
0.00140045 6.32804e-06
0.00140465 6.29197e-06
0.00140887 6.25609e-06
0.00141311 6.2204e-06
0.00141735 1.41001e-05
0.00142161 6.14975e-06
0.00142588 6.11475e-06
0.00143016 7.00751e-06
0.00143446 6.04535e-06
0.00143877 6.011e-06
0.00144309 5.97682e-06
0.00144743 5.94281e-06
0.00145177 5.90911e-06
0.00145614 5.87551e-06
0.00146051 5.84215e-06
0.0014649 5.809e-06
0.0014693 5.77607e-06
0.00147371 5.7433e-06
0.00147814 5.71073e-06
0.00148258 5.67839e-06
0.00148703 5.64625e-06
0.0014915 5.61424e-06
0.00149598 5.58247e-06
0.00150048 5.55083e-06
0.00150498 5.51948e-06
0.0015095 5.48825e-06
0.00151404 5.45719e-06
0.00151859 5.42633e-06
0.00152315 5.39568e-06
0.00152772 5.36523e-06
0.00153231 5.33493e-06
0.00153692 5.30478e-06
0.00154153 5.29378e-06
0.00154616 5.2178e-06
0.00155081 5.18837e-06
0.00155547 0.00049638
0.00156014 5.13007e-06
0.00156483 5.10115e-06
0.00156953 5.07241e-06
0.00157424 5.04389e-06
0.00157897 5.01549e-06
0.00158372 4.98724e-06
0.00158847 4.95921e-06
0.00159325 4.9313e-06
0.00159803 4.9036e-06
0.00160283 4.87604e-06
0.00160765 4.84863e-06
0.00161248 4.82138e-06
0.00161732 4.79431e-06
0.00162218 2.34734e-05
0.00162705 4.74064e-06
0.00163194 4.71404e-06
0.00163684 4.68762e-06
0.00164176 4.6613e-06
0.00164669 4.63519e-06
0.00165164 4.60919e-06
0.0016566 4.58338e-06
0.00166158 4.5577e-06
0.00166657 4.53216e-06
0.00167158 4.50677e-06
0.0016766 4.48153e-06
0.00168163 4.45649e-06
0.00168669 1.25818e-05
0.00169175 4.40676e-06
0.00169684 4.38209e-06
0.00170193 4.35761e-06
0.00170705 4.33323e-06
0.00171217 4.30905e-06
0.00171732 4.28496e-06
0.00172248 4.26102e-06
0.00172765 4.23723e-06
0.00173284 4.21358e-06
0.00173805 4.19006e-06
0.00174327 4.16667e-06
0.0017485 4.14344e-06
0.00175376 4.12031e-06
0.00175903 4.09733e-06
0.00176431 4.07451e-06
0.00176961 4.0518e-06
0.00177493 4.02923e-06
0.00178026 4.00677e-06
0.00178561 3.98444e-06
0.00179097 1.88259e-05
0.00179635 3.92397e-06
0.00180175 3.90214e-06
0.00180716 3.88044e-06
0.00181259 3.85885e-06
0.00181803 3.8374e-06
0.00182349 3.81605e-06
0.00182897 3.79484e-06
0.00183447 3.77374e-06
0.00183998 3.75278e-06
0.00184551 3.73192e-06
0.00185105 3.71121e-06
0.00185661 3.69059e-06
0.00186219 7.26529e-06
0.00186778 0.00030948
0.00187339 3.62948e-06
0.00187902 3.60932e-06
0.00188467 3.5893e-06
0.00189033 3.56941e-06
0.00189601 3.54959e-06
0.0019017 3.52992e-06
0.00190741 3.45906e-05
0.00191314 3.84941e-06
0.00191889 3.47157e-06
0.00192466 3.45232e-06
0.00193044 3.43319e-06
0.00193624 3.41418e-06
0.00194205 3.3953e-06
0.00194789 3.37649e-06
0.00195374 3.3578e-06
0.00195961 3.3392e-06
0.0019655 3.32072e-06
0.0019714 3.30237e-06
0.00197732 3.28409e-06
0.00198326 3.26595e-06
0.00198922 3.24786e-06
0.0019952 3.22991e-06
0.00200119 3.21208e-06
0.0020072 3.19438e-06
0.00201323 3.17676e-06
0.00201928 3.15926e-06
0.00202535 3.14185e-06
0.00203143 3.12453e-06
0.00203753 3.57957e-06
0.00204365 3.0902e-06
0.00204979 3.07318e-06
0.00205595 3.04616e-06
0.00206213 3.02938e-06
0.00206832 3.01273e-06
0.00207453 2.99615e-06
0.00208077 2.97965e-06
0.00208702 2.96326e-06
0.00209329 2.94697e-06
0.00209958 2.93075e-06
0.00210588 2.91464e-06
0.00211221 2.8986e-06
0.00211855 2.88267e-06
0.00212492 2.86682e-06
0.0021313 2.85106e-06
0.0021377 2.83541e-06
0.00214413 2.81979e-06
0.00215057 2.8043e-06
0.00215703 2.78889e-06
0.00216351 2.77356e-06
0.00217001 2.75833e-06
0.00217653 2.74317e-06
0.00218306 8.90961e-06
0.00218962 2.71313e-06
0.0021962 2.69823e-06
0.0022028 2.68342e-06
0.00220942 2.67007e-06
0.00221605 2.65403e-06
0.00222271 2.63946e-06
0.00222939 2.62498e-06
0.00223608 1.02093e-05
0.0022428 6.25453e-06
0.00224954 2.58201e-06
0.0022563 2.56784e-06
0.00226308 2.55376e-06
0.00226987 2.53975e-06
0.00227669 2.52582e-06
0.00228353 2.51197e-06
0.00229039 2.62557e-06
0.00229727 2.4845e-06
0.00230417 2.47089e-06
0.0023111 2.45733e-06
0.00231804 2.44386e-06
0.002325 2.43047e-06
0.00233199 2.41714e-06
0.00233899 2.40389e-06
0.00234602 2.39072e-06
0.00235307 2.37762e-06
0.00236014 2.3646e-06
0.00236723 2.35165e-06
0.00237434 2.33877e-06
0.00238147 2.32595e-06
0.00238862 2.31323e-06
0.0023958 2.30055e-06
0.002403 2.28796e-06
0.00241022 2.27818e-06
0.00241746 2.26302e-06
0.00242472 2.25058e-06
0.002432 2.23829e-06
0.00243931 2.22602e-06
0.00244664 2.21383e-06
0.00245399 3.52207e-06
0.00246136 2.18967e-06
0.00246875 2.1777e-06
0.00247617 2.16577e-06
0.00248361 2.15394e-06
0.00249107 2.14214e-06
0.00249855 2.13044e-06
0.00250606 2.11879e-06
0.00251359 2.1072e-06
0.00252114 2.09567e-06
0.00252871 2.08422e-06
0.00253631 2.07281e-06
0.00254393 2.06149e-06
0.00255157 2.05022e-06
0.00255923 2.03902e-06
0.00256692 2.02786e-06
0.00257463 2.01679e-06
0.00258237 2.00576e-06
0.00259012 2.22359e-06
0.00259791 2.27567e-05
0.00260571 1.97306e-06
0.00261354 1.96227e-06
0.00262139 1.95156e-06
0.00262926 1.9409e-06
0.00263716 1.93029e-06
0.00264508 1.91975e-06
0.00265303 1.90926e-06
0.002661 1.89884e-06
0.00266899 1.88848e-06
0.00267701 1.87817e-06
0.00268505 1.86792e-06
0.00269312 1.8577e-06
0.00270121 1.84756e-06
0.00270933 1.83747e-06
0.00271746 1.82745e-06
0.00272563 1.81748e-06
0.00273382 1.80755e-06
0.00274203 1.79769e-06
0.00275027 1.78787e-06
0.00275853 1.77812e-06
0.00276682 1.76842e-06
0.00277513 1.75876e-06
0.00278346 1.23032e-05
0.00279183 1.73962e-06
0.00280021 1.73014e-06
0.00280862 1.72069e-06
0.00281706 1.71132e-06
0.00282552 1.70197e-06
0.00283401 1.69269e-06
0.00284253 1.68345e-06
0.00285107 1.67427e-06
0.00285963 1.66515e-06
0.00286822 1.65606e-06
0.00287684 1.64703e-06
0.00288548 3.38744e-06
0.00289415 1.62912e-06
0.00290284 1.62024e-06
0.00291156 1.61141e-06
0.00292031 1.60263e-06
0.00292908 1.5939e-06
0.00293788 1.58864e-06
0.00294671 1.57657e-06
0.00295556 1.56797e-06
0.00296444 1.55942e-06
0.00297334 1.55093e-06
0.00298228 4.86735e-06
0.00299123 1.53406e-06
0.00300022 1.52571e-06
0.00300923 1.5174e-06
0.00301827 1.50913e-06
0.00302734 1.50091e-06
0.00303643 1.49273e-06
0.00304556 1.4846e-06
0.00305471 1.47651e-06
0.00306388 1.46847e-06
0.00307309 1.46046e-06
0.00308232 1.45251e-06
0.00309158 1.4446e-06
0.00310086 1.43674e-06
0.00311018 1.42891e-06
0.00311952 1.42113e-06
0.00312889 1.41339e-06
0.00313829 1.4057e-06
0.00314772 1.39804e-06
0.00315718 1.39043e-06
0.00316666 1.38286e-06
0.00317618 1.37533e-06
0.00318572 1.36784e-06
0.00319529 1.36039e-06
0.00320489 1.35299e-06
0.00321451 1.34562e-06
0.00322417 1.3383e-06
0.00323386 1.33101e-06
0.00324357 1.32377e-06
0.00325331 1.31657e-06
0.00326309 1.3094e-06
0.00327289 1.30227e-06
0.00328272 1.29519e-06
0.00329258 1.98441e-06
0.00330248 1.28112e-06
0.0033124 1.27415e-06
0.00332235 1.26722e-06
0.00333233 1.26033e-06
0.00334234 1.30551e-06
0.00335238 0.000241018
0.00336245 1.23986e-06
0.00337255 1.23312e-06
0.00338268 1.22641e-06
0.00339284 1.21974e-06
0.00340304 1.2131e-06
0.00341326 1.20651e-06
0.00342351 1.19994e-06
0.0034338 1.19341e-06
0.00344411 1.18693e-06
0.00345446 1.18047e-06
0.00346484 1.18472e-06
0.00347525 1.16766e-06
0.00348569 0.000121384
0.00349616 1.155e-06
0.00350666 1.14871e-06
0.00351719 1.14247e-06
0.00352776 1.13625e-06
0.00353836 4.6191e-06
0.00354899 1.12393e-06
0.00355965 1.11782e-06
0.00357034 1.11174e-06
0.00358107 1.26562e-06
0.00359183 1.09968e-06
0.00360262 2.00562e-05
0.00361344 1.08776e-06
0.00362429 1.08185e-06
0.00363518 1.07596e-06
0.0036461 1.07012e-06
0.00365705 1.0643e-06
0.00366804 1.05851e-06
0.00367906 1.05276e-06
0.00369011 1.04704e-06
0.0037012 1.04134e-06
0.00371232 1.03568e-06
0.00372347 1.03005e-06
0.00373465 1.02446e-06
0.00374587 1.01889e-06
0.00375713 1.01335e-06
0.00376841 1.00784e-06
0.00377973 1.00237e-06
0.00379109 9.96917e-07
0.00380248 9.91498e-07
0.0038139 9.86111e-07
0.00382536 9.80751e-07
0.00383685 9.75421e-07
0.00384837 9.70123e-07
0.00385994 9.64849e-07
0.00387153 9.59607e-07
0.00388316 6.11085e-06
0.00389483 2.49978e-06
0.00390653 9.44049e-07
0.00391826 9.3892e-07
0.00393003 9.33819e-07
0.00394184 9.28745e-07
0.00395368 9.23699e-07
0.00396556 9.18681e-07
0.00397747 9.13689e-07
0.00398942 9.08726e-07
0.0040014 9.03787e-07
0.00401343 8.98868e-07
0.00402548 8.93978e-07
0.00403758 8.89111e-07
0.0040497 8.84275e-07
0.00406187 8.79462e-07
0.00407407 8.74677e-07
0.00408631 8.69918e-07
0.00409859 8.65185e-07
0.0041109 8.60477e-07
0.00412325 8.55797e-07
0.00413564 8.51141e-07
0.00414806 8.46511e-07
0.00416052 8.41907e-07
0.00417302 8.37327e-07
0.00418555 8.32773e-07
0.00419813 8.28244e-07
0.00421074 8.23739e-07
0.00422339 8.19258e-07
0.00423608 8.14803e-07
0.0042488 8.10372e-07
0.00426157 8.05963e-07
0.00427437 8.01581e-07
0.00428721 7.97222e-07
0.00430009 7.92888e-07
0.00431301 7.88576e-07
0.00432596 7.84289e-07
0.00433896 7.80025e-07
0.00435199 7.75785e-07
0.00436507 7.71566e-07
0.00437818 7.67372e-07
0.00439133 7.632e-07
0.00440452 7.59052e-07
0.00441776 7.54924e-07
0.00443103 7.5082e-07
0.00444434 7.46739e-07
0.00445769 7.4268e-07
0.00447108 7.38643e-07
0.00448451 7.34629e-07
0.00449798 7.30636e-07
0.0045115 7.26665e-07
0.00452505 7.22716e-07
0.00453864 7.18788e-07
0.00455228 7.14881e-07
0.00456595 7.10997e-07
0.00457967 7.07132e-07
0.00459343 7.03291e-07
0.00460723 6.99468e-07
0.00462107 6.95667e-07
0.00463495 6.91887e-07
0.00464887 6.88128e-07
0.00466284 6.84388e-07
0.00467685 6.8067e-07
0.0046909 6.76971e-07
0.00470499 6.73292e-07
0.00471912 6.69636e-07
0.0047333 6.65997e-07
0.00474752 6.62379e-07
0.00476178 6.5878e-07
0.00477608 6.55203e-07
0.00479043 6.51642e-07
0.00480482 6.48102e-07
0.00481926 6.4458e-07
0.00483373 6.4108e-07
0.00484825 6.37598e-07
0.00486282 6.34133e-07
0.00487743 6.30689e-07
0.00489208 6.27263e-07
0.00490678 6.23856e-07
0.00492152 6.20467e-07
0.0049363 6.17097e-07
0.00495113 1.37773e-06
0.004966 6.10412e-07
0.00498092 6.07097e-07
0.00499589 6.03799e-07
0.00501089 6.0052e-07
0.00502595 5.97258e-07
0.00504105 5.94014e-07
0.00505619 5.90789e-07
0.00507138 5.87581e-07
0.00508661 5.8439e-07
0.00510189 5.81216e-07
0.00511722 5.78059e-07
0.00513259 5.74921e-07
0.00514801 5.71798e-07
0.00516348 5.68693e-07
0.00517899 0.000347472
0.00519455 5.62532e-07
0.00521015 5.59478e-07
0.0052258 5.5644e-07
0.0052415 5.53419e-07
0.00525725 2.73108e-06
0.00527304 5.47425e-07
0.00528888 5.44453e-07
0.00530477 5.41496e-07
0.00532071 5.38555e-07
0.00533669 5.35631e-07
0.00535272 5.32724e-07
0.0053688 5.29831e-07
0.00538493 5.26954e-07
0.00540111 5.24093e-07
0.00541733 5.21247e-07
0.00543361 5.18417e-07
0.00544993 5.15603e-07
0.0054663 5.12803e-07
0.00548272 5.1002e-07
0.00549919 5.0725e-07
0.00551571 5.04496e-07
0.00553228 5.01757e-07
0.0055489 4.99033e-07
0.00556557 4.96323e-07
0.00558229 4.93629e-07
0.00559906 4.90949e-07
0.00561588 4.88284e-07
0.00563275 4.85632e-07
0.00564967 4.82996e-07
0.00566664 4.80374e-07
0.00568367 4.77766e-07
0.00570074 4.75172e-07
0.00571787 3.91501e-05
0.00573504 4.70028e-07
0.00575227 4.67475e-07
0.00576955 4.64938e-07
0.00578689 4.62413e-07
0.00580427 4.59904e-07
0.00582171 4.57406e-07
0.0058392 4.54923e-07
0.00585674 4.52454e-07
0.00587433 4.49998e-07
0.00589198 4.47555e-07
0.00590968 4.45125e-07
0.00592743 4.42709e-07
0.00594524 4.40305e-07
0.0059631 4.37915e-07
0.00598101 4.35538e-07
0.00599898 4.33173e-07
0.006017 4.30823e-07
0.00603508 4.28486e-07
0.00605321 4.26163e-07
0.00607139 8.48289e-07
0.00608963 4.21551e-07
0.00610792 4.19265e-07
0.00612627 4.1699e-07
0.00614468 4.14728e-07
0.00616313 4.12479e-07
0.00618165 4.10241e-07
0.00620022 4.08015e-07
0.00621885 4.05802e-07
0.00623753 4.03601e-07
0.00625627 4.01411e-07
0.00627506 3.99234e-07
0.00629391 3.97067e-07
0.00631282 5.90769e-06
0.00633178 3.92771e-07
0.0063508 3.9064e-07
0.00636988 3.88521e-07
0.00638902 3.86413e-07
0.00640821 3.84317e-07
0.00642746 3.82231e-07
0.00644677 3.80158e-07
0.00646614 3.78095e-07
0.00648556 3.76043e-07
0.00650505 3.74003e-07
0.00652459 3.71974e-07
0.00654419 3.69955e-07
0.00656385 3.67948e-07
0.00658356 3.65952e-07
0.00660334 3.63967e-07
0.00662318 3.61992e-07
0.00664308 3.60027e-07
0.00666303 3.58074e-07
0.00668305 3.5613e-07
0.00670312 3.54199e-07
0.00672326 3.52412e-07
0.00674346 3.50365e-07
0.00676372 3.48463e-07
0.00678404 3.46572e-07
0.00680442 3.44692e-07
0.00682486 3.42822e-07
0.00684536 3.40961e-07
0.00686592 3.39111e-07
0.00688655 3.37271e-07
0.00690724 1.34017e-06
0.00692799 3.3362e-07
0.0069488 3.3181e-07
0.00696967 3.30009e-07
0.00699061 3.28218e-07
0.00701161 3.26437e-07
0.00703268 3.24665e-07
0.0070538 3.22903e-07
0.00707499 3.2115e-07
0.00709625 3.19407e-07
0.00711756 3.17674e-07
0.00713895 3.15949e-07
0.00716039 3.14234e-07
0.0071819 3.1253e-07
0.00720348 3.10832e-07
0.00722512 3.09145e-07
0.00724682 3.07468e-07
0.00726859 3.05799e-07
0.00729043 3.04139e-07
0.00731233 3.02488e-07
0.00733429 3.00846e-07
0.00735633 2.99213e-07
0.00737843 2.97589e-07
0.00740059 2.95973e-07
0.00742282 2.94367e-07
0.00744512 2.92769e-07
0.00746749 2.9118e-07
0.00748992 2.89599e-07
0.00751242 2.88027e-07
0.00753499 2.86463e-07
0.00755763 2.84908e-07
0.00758033 2.83362e-07
0.0076031 2.81823e-07
0.00762594 2.80293e-07
0.00764885 2.78772e-07
0.00767183 2.77258e-07
0.00769488 2.75752e-07
0.00771799 2.74256e-07
0.00774118 2.72767e-07
0.00776443 2.71285e-07
0.00778776 2.69813e-07
0.00781115 2.68348e-07
0.00783462 2.66891e-07
0.00785815 2.65442e-07
0.00788176 2.64001e-07
0.00790544 2.62567e-07
0.00792919 2.61141e-07
0.00795301 2.59723e-07
0.0079769 2.58312e-07
0.00800086 2.5691e-07
0.0080249 2.55515e-07
0.008049 2.54127e-07
0.00807318 2.52747e-07
0.00809744 2.51373e-07
0.00812176 2.50008e-07
0.00814616 2.4865e-07
0.00817063 2.473e-07
0.00819518 2.45956e-07
0.0082198 2.4462e-07
0.00824449 2.43291e-07
0.00826926 2.4197e-07
0.0082941 2.40655e-07
0.00831901 2.39348e-07
0.00834401 2.38047e-07
0.00836907 2.36754e-07
0.00839421 2.35468e-07
0.00841943 2.34189e-07
0.00844472 2.32917e-07
0.00847009 2.31652e-07
0.00849554 2.30393e-07
0.00852106 2.29141e-07
0.00854665 2.27897e-07
0.00857233 2.26658e-07
0.00859808 2.25427e-07
0.00862391 2.24202e-07
0.00864982 2.22984e-07
0.0086758 2.21772e-07
0.00870187 2.20567e-07
0.00872801 2.19369e-07
0.00875423 2.18177e-07
0.00878053 2.16992e-07
0.0088069 2.15813e-07
0.00883336 0.000255275
0.0088599 2.13474e-07
0.00888651 6.93765e-07
0.00891321 2.1116e-07
0.00893998 2.10013e-07
0.00896684 2.08871e-07
0.00899378 2.07736e-07
0.0090208 2.06607e-07
0.0090479 2.05485e-07
0.00907507 2.04368e-07
0.00910234 2.03258e-07
0.0092073 1.99086e-07
0.00939266 1.92006e-07
0.00958175 1.85177e-07
0.00977464 1.78591e-07
0.00997142 1.72236e-07
0.0101722 1.66107e-07
0.0103769 1.602e-07
0.0105858 1.54502e-07
0.0107989 1.49005e-07
0.0110163 1.43703e-07
0.0112381 1.74948e-07
0.0114644 1.33656e-07
0.0116952 1.28899e-07
0.0119306 1.2431e-07
0.0121708 3.06046e-07
0.0124158 1.15616e-07
0.0126657 1.11499e-07
0.0129207 1.07528e-07
0.0131808 1.03699e-07
0.0134462 1.00004e-07
0.0137169 9.64413e-08
0.013993 9.30049e-08
0.0142747 8.96904e-08
0.0145621 1.19775e-07
0.0148552 8.34115e-08
0.0151543 8.0438e-08
0.0154594 7.757e-08
0.0157706 8.8487e-07
0.0160881 7.26193e-08
0.016412 6.95352e-08
0.0167423 6.70555e-08
0.0170794 6.46635e-08
0.0174232 6.23566e-08
0.017774 6.01315e-08
0.0181318 5.79858e-08
0.0184968 5.59163e-08
0.0188692 5.39203e-08
0.019249 5.19954e-08
0.0196366 5.01387e-08
0.0200319 4.83483e-08
0.0204351 9.19285e-08
0.0208465 4.49561e-08
0.0212662 4.33501e-08
0.0216943 4.18012e-08
0.0221311 4.0307e-08
0.0225766 3.88665e-08
0.0230311 3.74771e-08
0.0234947 3.61372e-08
0.0239677 3.4845e-08
0.0244502 3.35989e-08
0.0249424 3.23973e-08
0.0254446 3.12381e-08
0.0259568 3.01206e-08
0.0264794 2.90425e-08
0.0270124 2.80032e-08
0.0275562 2.70008e-08
0.028111 2.60342e-08
0.0286769 2.51019e-08
0.0292542 2.42031e-08
0.0298431 2.33362e-08
0.0304439 2.25003e-08
0.0310568 2.16942e-08
0.031682 2.09168e-08
0.0323198 2.01671e-08
0.0329704 1.94442e-08
0.0336342 1.87471e-08
0.0343113 1.8075e-08
0.035002 1.74268e-08
0.0357067 1.68017e-08
0.0364255 1.6199e-08
0.0371588 1.56298e-08
0.0379068 1.50574e-08
0.03867 1.4517e-08
0.0394484 1.39959e-08
0.0402426 1.34935e-08
0.0410527 1.30089e-08
0.0418792 1.25417e-08
0.0427223 1.20913e-08
0.0435823 1.16569e-08
0.0444597 1.12382e-08
0.0453547 1.08343e-08
0.0462678 1.04448e-08
0.0471992 1.00694e-08
0.0481494 9.70742e-09
0.0491188 9.35832e-09
0.0501076 9.02174e-09
0.0511163 8.69725e-09
0.0521454 8.38435e-09
0.0531951 8.08268e-09
0.054266 7.7918e-09
0.0553585 7.51134e-09
0.0564729 7.24094e-09
0.0576098 6.98023e-09
0.0587696 6.72886e-09
0.0599527 6.4865e-09
0.0611596 6.25381e-09
0.0623908 6.02757e-09
0.0636469 5.81036e-09
0.0649282 5.60095e-09
0.0662353 5.39905e-09
0.0675687 5.2044e-09
0.0689289 5.01674e-09
0.0703166 4.83581e-09
0.0717321 4.66139e-09
0.0731762 4.49322e-09
0.0746494 4.33109e-09
0.0761521 4.17478e-09
0.0776852 4.0241e-09
0.0792491 3.87882e-09
0.0808445 3.73877e-09
0.082472 3.60376e-09
0.0841323 3.47359e-09
0.085826 3.34811e-09
0.0875538 3.22714e-09
0.0893164 3.11052e-09
0.0911145 2.9981e-09
0.0929487 2.88972e-09
0.0948199 2.78525e-09
0.0967288 2.68453e-09
0.0986761 2.58743e-09
0.100663 2.49383e-09
0.102689 2.40362e-09
0.104756 2.31665e-09
0.106865 2.2328e-09
0.109017 2.15197e-09
0.111211 2.07408e-09
0.11345 1.99897e-09
0.115734 1.92658e-09
0.118064 1.85679e-09
0.120441 1.78953e-09
0.122865 1.7247e-09
0.125339 1.66219e-09
0.127862 1.60194e-09
0.130436 1.54387e-09
0.133062 1.48789e-09
0.135741 1.43394e-09
0.138473 1.38193e-09
0.141261 1.3318e-09
0.144105 1.28348e-09
0.147006 1.23691e-09
0.149965 1.19202e-09
0.152984 1.14875e-09
0.156064 1.10705e-09
0.159206 1.06685e-09
0.162411 1.0281e-09
0.16568 9.90763e-10
0.169016 9.54767e-10
0.172418 9.20079e-10
0.175889 8.86642e-10
0.17943 8.54416e-10
0.183042 8.23359e-10
0.186727 7.93421e-10
0.190486 7.6457e-10
0.194321 7.36764e-10
0.198233 7.09963e-10
0.202224 6.84134e-10
0.206295 6.59239e-10
0.210448 6.3525e-10
0.214685 6.12126e-10
0.219007 5.89844e-10
0.223415 5.68369e-10
0.227913 5.4767e-10
0.232501 5.27726e-10
0.237182 5.08501e-10
0.241957 4.89976e-10
0.246828 4.72122e-10
0.251797 4.54915e-10
0.256866 4.38335e-10
0.262037 4.22356e-10
0.267312 4.06957e-10
0.272693 3.92118e-10
0.278183 3.77816e-10
0.283783 3.64036e-10
0.289496 3.50755e-10
0.295324 3.37956e-10
0.301269 3.25624e-10
0.307334 3.13739e-10
0.313522 3.02286e-10
0.319833 2.91252e-10
0.326272 2.80616e-10
0.33284 2.70369e-10
0.339541 2.60493e-10
0.346376 2.50979e-10
0.353349 2.41809e-10
0.360463 2.32973e-10
0.367719 2.24458e-10
0.375122 2.16255e-10
0.382674 2.08349e-10
0.390377 2.00732e-10
0.398236 1.93393e-10
0.406253 1.8632e-10
0.414432 1.79505e-10
0.422775 1.72939e-10
0.431286 1.66611e-10
0.439968 1.60516e-10
0.448826 1.54641e-10
0.457861 1.48982e-10
0.467079 1.43528e-10
0.476482 1.38274e-10
0.486074 1.33211e-10
0.495859 1.28334e-10
0.505841 1.23634e-10
0.516025 1.19105e-10
0.526413 1.14742e-10
0.537011 1.10538e-10
0.547821 1.06488e-10
0.55885 1.02585e-10
0.5701 9.88261e-11
0.581577 9.52035e-11
0.593285 9.17133e-11
0.605229 8.83511e-11
0.617413 8.51113e-11
0.629842 8.19905e-11
0.642522 7.89832e-11
0.655457 7.6086e-11
0.668652 7.32951e-11
0.682113 7.06018e-11
0.695845 6.80112e-11
0.709853 6.55156e-11
0.724144 6.3111e-11
0.738722 6.07947e-11
0.753593 5.8546e-11
0.768764 5.6397e-11
0.784241 5.43267e-11
0.800028 5.23323e-11
0.816134 5.04107e-11
0.832564 4.85068e-11
0.849325 4.67261e-11
0.866423 4.50105e-11
0.883865 4.33578e-11
0.901659 4.17655e-11
