2.2757e-06 3.56269e-24
2.27849e-06 3.6956e-24
2.28303e-06 4.73653e-24
2.28936e-06 5.48024e-24
2.29393e-06 1.72459e-23
2.30538e-06 2.25104e-19
2.3238e-06 4.1535e-19
2.34237e-06 6.57594e-19
2.3582e-06 9.58596e-19
2.37702e-06 1.51918e-18
2.39896e-06 2.53404e-18
2.41813e-06 3.93922e-18
2.43745e-06 6.11508e-18
2.45693e-06 9.49233e-18
2.47656e-06 1.46318e-17
2.49635e-06 2.24587e-17
2.51629e-06 3.44707e-17
2.5364e-06 5.25851e-17
2.55667e-06 7.9918e-17
2.57709e-06 1.21243e-16
2.59769e-06 1.83414e-16
2.61844e-06 2.76259e-16
2.63936e-06 4.15349e-16
2.66045e-06 6.20336e-16
2.68171e-06 9.24892e-16
2.70314e-06 1.37332e-15
2.72474e-06 2.0368e-15
2.74651e-06 3.01159e-15
2.76845e-06 4.44315e-15
2.79057e-06 6.53977e-15
2.81287e-06 9.58187e-15
2.83535e-06 1.40298e-14
2.858e-06 2.04116e-14
2.88084e-06 2.96469e-14
2.90386e-06 4.29567e-14
2.92706e-06 6.19102e-14
2.95045e-06 8.92016e-14
2.97402e-06 1.27985e-13
2.99778e-06 1.83187e-13
3.02174e-06 2.61214e-13
3.04588e-06 3.71105e-13
3.07022e-06 5.27318e-13
3.09475e-06 7.44515e-13
3.11948e-06 1.04788e-12
3.1444e-06 1.47474e-12
3.16953e-06 2.07472e-12
3.19485e-06 2.90147e-12
3.22038e-06 4.04083e-12
3.24611e-06 5.62899e-12
3.27205e-06 7.83621e-12
3.29819e-06 1.08327e-11
3.32455e-06 1.49254e-11
3.35111e-06 2.05672e-11
3.37789e-06 2.83149e-11
3.40488e-06 3.87075e-11
3.43208e-06 5.28451e-11
3.45951e-06 7.21521e-11
3.48715e-06 9.82537e-11
3.51501e-06 1.32992e-10
3.5431e-06 1.79933e-10
3.57141e-06 2.43296e-10
3.59994e-06 3.27066e-10
3.62871e-06 4.39166e-10
3.6577e-06 5.89518e-10
3.68693e-06 7.86492e-10
3.71639e-06 1.04812e-09
3.74608e-06 1.39616e-09
3.77601e-06 1.84919e-09
3.80619e-06 2.44648e-09
3.8366e-06 3.23663e-09
3.86725e-06 4.26229e-09
3.89815e-06 5.5951e-09
3.9293e-06 7.34447e-09
3.9607e-06 9.61604e-09
3.99234e-06 1.25395e-08
4.02424e-06 1.63474e-08
4.0564e-06 2.12783e-08
4.08881e-06 2.75501e-08
4.12148e-06 3.56729e-08
4.15441e-06 4.60767e-08
4.18761e-06 5.93351e-08
4.22107e-06 7.63392e-08
4.25479e-06 9.78526e-08
4.28879e-06 1.25382e-07
4.32306e-06 1.5989e-07
4.3576e-06 2.03608e-07
4.39242e-06 2.5942e-07
4.42751e-06 3.29307e-07
4.46289e-06 4.16883e-07
4.49855e-06 5.27669e-07
4.53449e-06 6.65316e-07
4.57073e-06 8.37444e-07
4.60725e-06 1.05263e-06
4.64406e-06 1.31806e-06
4.68117e-06 1.65103e-06
4.71857e-06 2.06205e-06
4.75627e-06 2.56829e-06
4.79428e-06 3.19894e-06
4.83258e-06 3.96865e-06
4.8712e-06 4.92054e-06
4.91012e-06 6.08911e-06
4.94935e-06 7.50973e-06
4.9889e-06 9.75235e-06
5.01343e-06 1.80075e-05
5.02272e-06 2.70792e-05
5.03203e-06 4.07255e-05
5.04048e-06 5.87807e-05
5.04982e-06 9.54586e-05
5.06007e-06 0.000141695
5.06945e-06 0.000164126
5.07885e-06 0.000184505
5.08826e-06 0.00020745
5.09769e-06 0.000233215
5.10714e-06 0.000262178
5.11661e-06 0.0002944
5.14183e-06 0.000333899
5.18303e-06 0.000391405
5.22456e-06 0.000464623
5.26643e-06 0.000556025
5.30863e-06 0.000655648
5.35116e-06 0.000742839
5.39404e-06 0.000843653
5.43727e-06 0.0010031
5.48084e-06 0.00120702
5.52475e-06 0.00141983
5.56903e-06 0.00164133
5.61365e-06 0.00190076
5.65863e-06 0.00220344
5.70398e-06 0.00252901
5.74968e-06 0.00278804
5.79576e-06 0.00308286
5.8422e-06 0.00362635
5.88901e-06 0.00431995
5.9362e-06 0.00503685
5.98377e-06 0.00582831
6.03172e-06 0.00669902
6.08005e-06 0.00767357
6.12877e-06 0.00875739
6.17788e-06 0.00996249
6.22738e-06 0.0113499
6.27728e-06 0.012931
6.32759e-06 0.0146685
6.37829e-06 0.0165741
6.4294e-06 0.0188009
6.48092e-06 0.0213794
6.53285e-06 0.0242388
6.5852e-06 0.0274097
6.63797e-06 0.030892
6.69116e-06 0.0347376
6.74477e-06 0.039042
6.79882e-06 0.0439416
6.8533e-06 0.0494801
6.90822e-06 0.0557139
6.96357e-06 0.0626472
7.01937e-06 0.0702043
7.07562e-06 0.078547
7.13232e-06 0.0877964
7.18947e-06 0.0980832
7.24708e-06 0.10952
7.30515e-06 0.122077
7.36369e-06 0.13593
7.42269e-06 0.151521
7.48217e-06 0.168537
7.54213e-06 0.18734
7.60256e-06 0.207687
7.66348e-06 0.230193
7.72489e-06 0.255325
7.78679e-06 0.282691
7.84919e-06 0.312619
7.91209e-06 0.345043
7.97549e-06 0.380717
8.0394e-06 0.419995
8.10382e-06 0.462163
8.16875e-06 0.50844
8.23421e-06 0.55939
8.30019e-06 0.611681
8.3667e-06 0.669359
8.43374e-06 0.737417
8.50132e-06 0.808494
8.56945e-06 0.884853
8.63811e-06 0.969267
8.70733e-06 1.05922
8.77711e-06 1.15742
8.84744e-06 1.2648
8.91833e-06 1.37887
8.9898e-06 1.49552
9.02709e-06 1.55622
9.02978e-06 1.56078
9.03248e-06 1.56532
9.03517e-06 1.56987
9.03787e-06 1.57441
9.04057e-06 1.57895
9.04326e-06 1.58349
9.04596e-06 1.58858
9.04866e-06 1.59366
9.05136e-06 1.62432
9.05406e-06 1.66773
9.05677e-06 1.71279
9.05947e-06 1.75893
9.06217e-06 1.80616
9.06488e-06 1.85446
9.06758e-06 1.90441
9.07029e-06 1.95543
9.07299e-06 2.00809
9.0757e-06 2.06237
9.07841e-06 2.11773
9.08112e-06 2.17472
9.08383e-06 2.23334
9.08654e-06 2.29304
9.08925e-06 2.35491
9.09197e-06 2.4184
9.09468e-06 2.48296
9.09739e-06 2.55025
9.10011e-06 2.6186
9.10282e-06 2.68912
9.10554e-06 2.76126
9.10826e-06 2.83557
9.11098e-06 2.91203
9.11369e-06 2.99012
9.11641e-06 3.07036
9.11913e-06 3.15331
9.12071e-06 3.20186
9.12343e-06 6.57164
9.1273e-06 6.82408
9.13002e-06 7.00692
9.13275e-06 7.19575
9.13547e-06 7.38915
9.1382e-06 7.58824
9.14093e-06 7.79162
9.14366e-06 8.00161
9.14638e-06 8.21661
9.14911e-06 8.43964
9.15184e-06 8.69428
9.15458e-06 8.96278
9.15731e-06 9.24016
9.16004e-06 9.52553
9.16277e-06 9.81963
9.16551e-06 10.1234
9.16824e-06 10.5931
9.17098e-06 10.7584
9.17372e-06 11.0939
9.17645e-06 11.6017
9.17919e-06 11.7894
9.18193e-06 12.1535
9.18467e-06 12.7072
9.18741e-06 12.9156
9.19016e-06 13.3144
9.1929e-06 13.7255
9.19564e-06 14.3509
9.19838e-06 14.5862
9.20113e-06 15.0367
9.20388e-06 15.501
9.20662e-06 15.9799
9.20937e-06 16.4734
9.21212e-06 17.2094
9.21487e-06 17.512
9.21762e-06 18.0527
9.22037e-06 18.6046
9.22312e-06 19.1793
9.22587e-06 19.7716
9.22863e-06 20.3878
9.23138e-06 21.012
9.23413e-06 21.9166
9.23689e-06 22.3357
9.23965e-06 23.0251
9.2424e-06 23.7363
9.24516e-06 24.4693
9.24792e-06 25.2249
9.25068e-06 25.8578
9.25344e-06 26.3166
9.25941e-06 27.3352
9.2686e-06 29.0844
9.2778e-06 30.7385
9.287e-06 32.5897
9.29622e-06 34.5523
9.30544e-06 36.6334
9.31467e-06 38.9711
9.32391e-06 41.1843
9.33317e-06 43.6646
9.34243e-06 46.2947
9.3517e-06 50.5439
9.36097e-06 59.2112
9.37026e-06 69.5747
9.37956e-06 82.014
9.38887e-06 96.0598
9.39818e-06 112.902
9.40751e-06 132.647
9.41684e-06 155.903
9.42619e-06 183.169
9.43554e-06 215.207
9.4449e-06 252.85
9.45427e-06 301.22
9.46365e-06 362.937
9.47304e-06 437.373
9.48244e-06 527.061
9.49185e-06 635.19
9.50127e-06 767.717
9.5107e-06 922.417
9.52013e-06 1111.3
9.52958e-06 1339.62
9.53903e-06 1614.14
9.5485e-06 1920.77
9.55797e-06 2051.78
9.56746e-06 2137.57
9.57695e-06 2226.95
9.58645e-06 2320.07
9.59596e-06 2417.6
9.60549e-06 2518.66
9.61502e-06 2623.97
9.62456e-06 2733.15
9.63411e-06 2847.99
9.64367e-06 2967.59
9.65323e-06 2860.14
9.66281e-06 2449.54
9.6724e-06 2094.39
9.682e-06 1790.57
9.6916e-06 1531.27
9.70122e-06 1309.56
9.71085e-06 1119.43
9.72048e-06 957.496
9.73013e-06 822.47
9.73978e-06 700.106
9.74944e-06 634.229
9.75912e-06 791.509
9.7688e-06 1039.73
9.77849e-06 1365.14
9.7882e-06 1792.63
9.79791e-06 2354.45
9.80763e-06 3092.22
9.81736e-06 4061.37
9.8271e-06 5333.94
9.83685e-06 7005.13
9.84661e-06 9135
9.85638e-06 10146.1
9.86616e-06 10520.1
9.87595e-06 10905.1
9.88575e-06 11299.2
9.89556e-06 11718
9.90538e-06 12141.8
9.91521e-06 12591.6
9.92504e-06 13052.5
9.93489e-06 13530.3
9.94475e-06 14025.5
9.95462e-06 14315.9
9.96449e-06 14420.4
9.97438e-06 14515.6
9.98428e-06 14616.4
9.99418e-06 14718.1
1.00041e-05 14825.4
1.0014e-05 14923.4
1.0024e-05 15027.1
1.00339e-05 15131.6
1.00439e-05 15236.7
1.00538e-05 14763.1
1.00638e-05 13639
1.00738e-05 12595.9
1.00838e-05 11636.8
1.00938e-05 10750.8
1.01038e-05 9929.91
1.01138e-05 9172.81
1.01239e-05 8474.33
1.01746e-05 3620.16
1.02665e-05 567.939
1.03593e-05 5292.15
1.0453e-05 15362.2
1.05474e-05 20097.2
1.06428e-05 20113.5
1.0739e-05 21575.6
1.0836e-05 21000.5
1.0934e-05 21694.7
1.10328e-05 21557.2
1.11325e-05 21082.3
1.12331e-05 20686.9
1.13347e-05 21122.8
1.14371e-05 20264
1.15405e-05 19988.4
1.16448e-05 20126.8
1.175e-05 18699.9
1.18563e-05 16145.8
1.19634e-05 9347.3
1.20715e-05 3072.26
1.21807e-05 962.667
1.22908e-05 6505.26
1.24018e-05 14610.7
1.25139e-05 17348.1
1.2627e-05 16299.8
1.27412e-05 18506.5
1.28563e-05 19837.9
1.29725e-05 18930
1.30898e-05 19015.6
1.32081e-05 19879.9
1.33275e-05 19244.8
1.34479e-05 19879.1
1.35695e-05 19291.9
1.36921e-05 18817.4
1.38159e-05 19128.5
1.39408e-05 19114.1
1.40668e-05 18946.1
1.41939e-05 18455.5
1.43222e-05 18180
1.44517e-05 18380.1
1.45823e-05 18048.6
1.47141e-05 17583.7
1.48471e-05 17353.9
1.49813e-05 17208
1.51167e-05 16941.4
1.52533e-05 16384.2
1.53912e-05 16156.4
1.55303e-05 15926.6
1.56707e-05 15182.6
1.58123e-05 15503.9
1.59552e-05 15649.6
1.60994e-05 15095.5
1.6245e-05 14535.2
1.63918e-05 14410.8
1.65399e-05 13814.2
1.66894e-05 13881.2
1.68403e-05 13942
1.69925e-05 13528.9
1.71461e-05 13172.9
1.73011e-05 13116.2
1.74574e-05 13033.9
1.76152e-05 12668.7
1.77744e-05 12779.3
1.79351e-05 12767.1
1.80972e-05 12553
1.82608e-05 12264
1.84258e-05 11832
1.85924e-05 11575.9
1.87604e-05 11621.9
1.893e-05 11355.2
1.91011e-05 11233.8
1.92737e-05 11015.3
1.94479e-05 11004.8
1.96237e-05 10899.2
1.98011e-05 10747.4
1.99801e-05 10408
2.01606e-05 10201.4
2.03429e-05 10146.1
2.05267e-05 9885.85
2.07123e-05 9796.83
2.08995e-05 9709.61
2.10884e-05 9551.29
2.1279e-05 9361.7
2.14713e-05 9237.41
2.16654e-05 8948.33
2.18612e-05 8871.13
2.20588e-05 8680.3
2.22582e-05 8420.79
2.24594e-05 8327.48
2.26624e-05 8145.07
2.28672e-05 8151.07
2.30739e-05 7898.02
2.32824e-05 7367.58
2.34929e-05 7384.24
2.37052e-05 7249.17
2.39195e-05 7079.63
2.41357e-05 7050.03
2.43538e-05 7015.69
2.4574e-05 6927.11
2.47961e-05 6783.57
2.50202e-05 6780.37
2.52463e-05 6507.59
2.54745e-05 6421.84
2.57048e-05 6510.13
2.59371e-05 6459.9
2.61715e-05 6281.31
2.64081e-05 6443.68
2.66468e-05 6414.85
2.68876e-05 6319.49
2.71306e-05 6123.35
2.73759e-05 5965.19
2.76233e-05 5864.55
2.7873e-05 5685.68
2.81249e-05 5731.19
2.83791e-05 5746.76
2.86356e-05 5659.62
2.88944e-05 5650.89
2.91556e-05 5659.91
2.94191e-05 5533.59
2.9685e-05 5473.82
2.99533e-05 5427.71
3.02241e-05 5385.74
3.04973e-05 5314.49
3.07729e-05 5237.47
3.10511e-05 5168.83
3.13317e-05 5087.5
3.16149e-05 5028.55
3.19007e-05 4926.72
3.2189e-05 4876.25
3.24799e-05 4845.5
3.27735e-05 4832.64
3.30697e-05 4774.32
3.33686e-05 4692.32
3.36702e-05 4586.66
3.39746e-05 4549.15
3.42816e-05 4523.82
3.45915e-05 4473.63
3.49042e-05 4431.13
3.50791e-05 4422.84
3.51141e-05 4416.17
3.51492e-05 4406.37
3.51844e-05 4398.02
3.52195e-05 4388.26
3.52548e-05 4378.53
3.529e-05 4367.86
3.53253e-05 4367.49
3.53606e-05 4370.24
3.5396e-05 4373.01
3.54313e-05 4375.78
3.54668e-05 4379.97
3.55022e-05 4378.46
3.55377e-05 4360.19
3.55732e-05 4338.92
3.56088e-05 4320.59
3.56444e-05 4299.53
3.568e-05 4279.96
3.57157e-05 4266.02
3.57514e-05 4257.76
3.57872e-05 4250.94
3.58229e-05 4241.34
3.58587e-05 4234.55
3.58946e-05 4227.18
3.59305e-05 4225.3
3.59664e-05 4226.43
3.60024e-05 4228.94
3.60384e-05 4230.05
3.60744e-05 4231.16
3.61104e-05 4229.25
3.61465e-05 4225.86
3.61827e-05 4222.41
3.62189e-05 4220.36
3.62551e-05 4215.51
3.62913e-05 4212.08
3.63276e-05 4210.03
3.63639e-05 4205.22
3.64003e-05 4205.47
3.64367e-05 4222.34
3.64696e-05 4241.02
3.65061e-05 4247.42
3.6546e-05 4226.01
3.65826e-05 4204.76
3.66192e-05 4184.94
3.66558e-05 4163.91
3.66924e-05 4141.63
3.67291e-05 4122.8
3.67658e-05 4102.87
3.68026e-05 4081.65
3.68394e-05 4061.92
3.68762e-05 4043.62
3.69131e-05 4066.16
3.695e-05 4149.55
3.69869e-05 4236.06
3.70239e-05 4321.63
3.70609e-05 4411.7
3.70979e-05 4491.55
3.7135e-05 4514.44
3.71722e-05 4526.22
3.72093e-05 4540.77
3.72465e-05 4554.04
3.72838e-05 4568.7
3.7321e-05 4677.39
3.73583e-05 4850.21
3.73957e-05 5032.11
3.74331e-05 5219.49
3.74705e-05 5413.82
3.7508e-05 5565.01
3.75455e-05 5608.39
3.7583e-05 5644.89
3.76206e-05 5682.95
3.76582e-05 5721.29
3.76958e-05 5771.72
3.77335e-05 5907.44
3.77712e-05 6064.62
3.7809e-05 6226.05
3.78468e-05 6393.11
3.78846e-05 6561.38
3.79225e-05 6713
3.79604e-05 6852.77
3.79984e-05 6995.49
3.80364e-05 7141.08
3.80744e-05 7289.75
3.81124e-05 7268.1
3.81505e-05 6999.89
3.81887e-05 6737.96
3.82269e-05 6487.09
3.82651e-05 6246.88
3.83033e-05 6119.43
3.83416e-05 6394.36
3.838e-05 6716.86
3.84183e-05 7054.06
3.84567e-05 7408.2
3.84952e-05 7752.5
3.85337e-05 7901.65
3.85722e-05 8009.11
3.86108e-05 8115.33
3.86494e-05 8224.32
3.8688e-05 8311.65
3.87267e-05 7878.28
3.87654e-05 7274.21
3.88041e-05 6716.45
3.88429e-05 6200.17
3.88818e-05 5727.69
3.89206e-05 5803.14
3.89596e-05 6280.3
3.89985e-05 6795.27
3.90375e-05 7353.9
3.90765e-05 7956.89
3.91156e-05 8288.06
3.91547e-05 8247.35
3.91938e-05 8205.59
3.9233e-05 8164.02
3.92722e-05 8122.67
3.93115e-05 8099.06
3.93508e-05 8104.93
3.93901e-05 8110.13
3.94295e-05 8117.9
3.94689e-05 8124.38
3.95084e-05 7916.29
3.95479e-05 7246.39
3.95874e-05 6613.75
3.9627e-05 6037.49
3.96666e-05 5511.45
3.97063e-05 5264.81
3.9746e-05 5712.4
3.97857e-05 6234.95
3.98255e-05 6809.64
3.98653e-05 7433.05
3.99052e-05 7967.42
3.99451e-05 8077.74
3.9985e-05 8164.05
4.0025e-05 8251.28
4.0065e-05 8339.49
4.0105e-05 8402.61
4.01451e-05 8386.07
4.01853e-05 8365.01
4.02254e-05 8344.04
4.02656e-05 8323.11
4.03059e-05 8305.33
4.03462e-05 8296.24
4.03865e-05 8287.61
4.04269e-05 8279
4.04673e-05 8270.39
4.05078e-05 8249.58
4.05483e-05 8200.76
4.05888e-05 8151.07
4.06294e-05 8100.4
4.067e-05 8052.55
4.07107e-05 7938.66
4.07514e-05 7715.89
4.07921e-05 7494.06
4.08329e-05 7279.71
4.08737e-05 7072.77
4.09146e-05 6834.09
4.09555e-05 6558.46
4.09964e-05 6293.83
4.10374e-05 6040.17
4.10784e-05 5796.25
4.11195e-05 5880.86
4.11606e-05 6260.49
4.12018e-05 6663.21
4.1243e-05 7091.91
4.12842e-05 7540.82
4.13255e-05 7715.6
4.13668e-05 7739.57
4.14081e-05 7761.21
4.14495e-05 7785.33
4.1491e-05 7806.75
4.15324e-05 7804.85
4.1574e-05 7796.29
4.16155e-05 7787.79
4.16571e-05 7779.27
4.16988e-05 7769.12
4.17405e-05 7749.81
4.17822e-05 7731.8
4.1824e-05 7712.59
4.18658e-05 7693.47
4.19076e-05 7673.67
4.19495e-05 7656.27
4.19915e-05 7638.98
4.20335e-05 7621.7
4.20755e-05 7604.5
4.21175e-05 7585.64
4.21596e-05 7562.5
4.22018e-05 7539.44
4.2244e-05 7516.42
4.22862e-05 7493.74
4.23285e-05 7476.03
4.23708e-05 7459.32
4.24132e-05 7445.06
4.24556e-05 7429.61
4.2498e-05 7412.8
4.25405e-05 7388.34
4.2583e-05 7362.67
4.26256e-05 7337.09
4.26682e-05 7310.42
4.27109e-05 7283.75
4.27536e-05 7251.15
4.27963e-05 7218.54
4.28391e-05 7184.9
4.28819e-05 7152.2
4.29248e-05 7097.44
4.29677e-05 7027.49
4.30107e-05 6957.08
4.30537e-05 6889.71
4.30967e-05 6803.71
4.31398e-05 6615.89
4.31829e-05 6413.84
4.32261e-05 6217.93
4.32693e-05 6028.04
4.33126e-05 5852.87
4.33559e-05 5701.1
4.33992e-05 5553.67
4.34426e-05 5412.06
4.3486e-05 5283.11
4.35295e-05 5465.61
4.3573e-05 5792.42
4.36166e-05 6141.18
4.36602e-05 6510.76
4.37038e-05 6817.88
4.37475e-05 6836.09
4.37913e-05 6830.79
4.3835e-05 6826.67
4.38789e-05 6822.55
4.39227e-05 6824.04
4.39667e-05 6829.54
4.40106e-05 6836.2
4.40546e-05 6840.59
4.40986e-05 6845.63
4.41427e-05 6849.28
4.41869e-05 6850.24
4.4231e-05 6852.37
4.42753e-05 6854.47
4.43195e-05 6849.88
4.43638e-05 6836.49
4.44082e-05 6821.99
4.44526e-05 6808.66
4.4497e-05 6795.55
4.45415e-05 6774.83
4.4586e-05 6754.34
4.46306e-05 6733.88
4.46752e-05 6714.64
4.47199e-05 6702.68
4.47646e-05 6698.03
4.48093e-05 6694.52
4.48541e-05 6692.14
4.4899e-05 6689.15
4.49439e-05 6696.26
4.49888e-05 6703.35
4.50338e-05 6709.34
4.50788e-05 6716.22
4.51239e-05 6698.38
4.5169e-05 6665.07
4.52141e-05 6629.71
4.52593e-05 6596.74
4.53046e-05 6566
4.53499e-05 6551.58
4.53952e-05 6539.39
4.54406e-05 6526.11
4.5486e-05 6512.34
4.55315e-05 6512.37
4.5577e-05 6517.46
4.56226e-05 6523.63
4.56682e-05 6528.73
4.57139e-05 6522.25
4.57596e-05 6497.76
4.58053e-05 6471.99
4.58511e-05 6447.42
4.58969e-05 6425.79
4.59428e-05 6421.48
4.59888e-05 6417.81
4.60347e-05 6415.28
4.60807e-05 6413.62
4.61268e-05 6400.83
4.61729e-05 6381.02
4.62191e-05 6363.45
4.62653e-05 6343.74
4.63116e-05 6329.38
4.63579e-05 6318.89
4.64042e-05 6309.68
4.64506e-05 6301.58
4.6497e-05 6291.46
4.65435e-05 6283.21
4.659e-05 6276.16
4.66366e-05 6268.05
4.66832e-05 6259.83
4.67299e-05 6247.12
4.67766e-05 6233.74
4.68234e-05 6221.45
4.68702e-05 6207.05
4.69171e-05 6187.7
4.6964e-05 6160.42
4.70109e-05 6134.32
4.70579e-05 6107.26
4.7105e-05 6086.07
4.71521e-05 6083.75
4.71992e-05 6084.8
4.72464e-05 6084.79
4.72936e-05 6083.27
4.73409e-05 6079.23
4.73882e-05 6075.44
4.74356e-05 6069.53
4.7483e-05 6065.38
4.75305e-05 6050.34
4.7578e-05 6029.65
4.76256e-05 6011.11
4.76732e-05 5990.54
4.77209e-05 5974.03
4.77686e-05 5957.41
4.78163e-05 5942.94
4.78641e-05 5926.41
4.7912e-05 5909.98
4.79599e-05 5891.74
4.80078e-05 5873.52
4.80558e-05 5855.34
4.81039e-05 5834.69
4.81519e-05 5805.1
4.82001e-05 5774.95
4.82483e-05 5746.01
4.82965e-05 5695.93
4.83448e-05 5531.32
4.83931e-05 5350.19
4.84415e-05 5174.99
4.84899e-05 5003.87
4.85384e-05 4831.58
4.85869e-05 4663.17
4.86355e-05 4502.3
4.86841e-05 4355.28
4.87328e-05 4495.97
4.87815e-05 4775.65
4.88303e-05 5071.59
4.88791e-05 5381.69
4.8928e-05 5519.4
4.89769e-05 5539.14
4.90259e-05 5558.95
4.90749e-05 5578.83
4.91239e-05 5579.9
4.9173e-05 5565.45
4.92222e-05 5551.05
4.92714e-05 5536.68
4.93207e-05 5531.54
4.937e-05 5536.67
4.94193e-05 5541.82
4.94687e-05 5546.97
4.95182e-05 5546.24
4.95677e-05 5537.98
4.96173e-05 5530.74
4.96669e-05 5521.49
4.97165e-05 5505.43
4.97662e-05 5478.24
4.9816e-05 5452.1
4.98658e-05 5424.05
4.99156e-05 5396.77
4.99655e-05 5368.94
5.00155e-05 5341.26
5.00655e-05 5313.69
5.01155e-05 5300.22
5.01656e-05 5309.71
5.02158e-05 5319.65
5.0266e-05 5329.62
5.03162e-05 5329.38
5.03665e-05 5313.19
5.04169e-05 5296.78
5.04673e-05 5280.44
5.05178e-05 5272.23
5.05683e-05 5275.35
5.06188e-05 5278.55
5.06694e-05 5281.74
5.07201e-05 5274.18
5.07708e-05 5253.59
5.08215e-05 5233.09
5.08723e-05 5212.65
5.09232e-05 5200.17
5.09741e-05 5195.35
5.10251e-05 5190.53
5.10761e-05 5185.68
5.11271e-05 5172.44
5.11783e-05 5153.32
5.12294e-05 5134.3
5.12806e-05 5115.28
5.13319e-05 5095.09
5.13832e-05 5074.3
5.14346e-05 5053.57
5.1486e-05 5032.99
5.15375e-05 5012.34
5.1589e-05 4994.05
5.16406e-05 4974.84
5.16922e-05 4957.1
5.17439e-05 4951.39
5.17956e-05 4948.5
5.18474e-05 4945.62
5.18992e-05 4942.49
5.19511e-05 4938.11
5.20031e-05 4932.59
5.2055e-05 4929.03
5.21071e-05 4926.11
5.21592e-05 4928.34
5.22113e-05 4930.87
5.22635e-05 4933.37
5.23158e-05 4933.98
5.23681e-05 4934.95
5.24204e-05 4934.94
5.24728e-05 4934.92
5.25253e-05 4917.71
5.25778e-05 4885.85
5.26304e-05 4854.18
5.2683e-05 4823.17
5.27357e-05 4826.84
5.27884e-05 4843.62
5.28412e-05 4860.47
5.2894e-05 4875.59
5.29469e-05 4878.82
5.29998e-05 4879.65
5.30528e-05 4880.46
5.31058e-05 4873.7
5.31589e-05 4842.17
5.32121e-05 4809.4
5.32653e-05 4776.83
5.33185e-05 4761.53
5.33718e-05 4771.08
5.34252e-05 4780.87
5.34786e-05 4790.33
5.3532e-05 4786.28
5.35856e-05 4773.85
5.36391e-05 4763.33
5.36928e-05 4751.84
5.37464e-05 4739.05
5.38002e-05 4728.06
5.3854e-05 4716.18
5.39078e-05 4704.38
5.39617e-05 4692.78
5.40156e-05 4681.22
5.40696e-05 4669.68
5.41237e-05 4659.58
5.41778e-05 4651.01
5.4232e-05 4642.45
5.42862e-05 4634.25
5.43405e-05 4632.23
5.43948e-05 4632.27
5.44492e-05 4632.28
5.45036e-05 4628.8
5.45581e-05 4617.52
5.46126e-05 4604.59
5.46672e-05 4591.67
5.47219e-05 4582.66
5.47766e-05 4578.34
5.48313e-05 4574.03
5.48862e-05 4569.37
5.4941e-05 4558.62
5.4996e-05 4545.93
5.50509e-05 4533.32
5.5106e-05 4524.1
5.51611e-05 4526.45
5.52162e-05 4529.54
5.52714e-05 4531.7
5.53267e-05 4530.84
5.5382e-05 4525.13
5.54374e-05 4518.51
5.54928e-05 4512.56
5.55483e-05 4496.82
5.56038e-05 4479.18
5.56594e-05 4460.71
5.5715e-05 4446.54
5.57707e-05 4435.8
5.58265e-05 4425.19
5.58823e-05 4413.94
5.59382e-05 4409.6
5.59941e-05 4406.51
5.60501e-05 4402.52
5.61061e-05 4399.83
5.61622e-05 4393.68
5.62183e-05 4389.23
5.62745e-05 4382.98
5.63308e-05 4379.33
5.63871e-05 4374.44
5.64435e-05 4371.32
5.64999e-05 4365.27
5.65564e-05 4349.48
5.66129e-05 4332.4
5.66695e-05 4315.37
5.67262e-05 4309.29
5.67829e-05 4311.98
5.68397e-05 4316.47
5.68965e-05 4315.75
5.69534e-05 4297.7
5.70103e-05 4275.54
5.70673e-05 4253.5
5.71244e-05 4249.74
5.71815e-05 4264.17
5.72386e-05 4277.76
5.72959e-05 4289.74
5.73531e-05 4281.36
5.74105e-05 4268.65
5.74679e-05 4257.73
5.75253e-05 4247.74
5.75828e-05 4242.23
5.76404e-05 4235.84
5.7698e-05 4228.02
5.77557e-05 4213.08
5.78135e-05 4197.12
5.78713e-05 4180.35
5.79291e-05 4175
5.7987e-05 4175.57
5.8045e-05 4176.98
5.8103e-05 4177.96
5.81611e-05 4177.14
5.82192e-05 4176.18
5.82775e-05 4175.82
5.83357e-05 4165.77
5.8394e-05 4150.09
5.84524e-05 4135.28
5.85109e-05 4121.43
5.85693e-05 4110.6
5.86279e-05 4099.01
5.86865e-05 4086.77
5.87452e-05 4062.08
5.88039e-05 4035.8
5.88627e-05 4007.97
5.89215e-05 3998.86
5.89805e-05 4013.54
5.90394e-05 4026.6
5.90984e-05 4037.65
5.91575e-05 4033.92
5.92167e-05 4027.85
5.92759e-05 4022.62
5.93351e-05 4015.05
5.93945e-05 4008.8
5.94538e-05 4001.74
5.95133e-05 3995.82
5.95728e-05 3995.23
5.96323e-05 3994.84
5.96919e-05 3994.39
5.97516e-05 3986.36
5.98113e-05 3976.03
5.98711e-05 3967.41
5.9931e-05 3956.54
5.99909e-05 3946.06
6.00509e-05 3936.46
6.01109e-05 3928.14
6.0171e-05 3928.6
6.02312e-05 3928.52
6.02914e-05 3927.6
6.03517e-05 3927.21
6.0412e-05 3926.79
6.04724e-05 3926.28
6.05329e-05 3920.27
6.05934e-05 3911.51
6.06539e-05 3901.14
6.07146e-05 3890.77
6.07753e-05 3879.62
6.0836e-05 3867.61
6.08969e-05 3855.66
6.09577e-05 3850.3
6.10187e-05 3844.96
6.10797e-05 3839.13
6.11408e-05 3820.32
6.12019e-05 3797.03
6.12631e-05 3773.89
6.13243e-05 3763.33
6.13856e-05 3765.79
6.1447e-05 3767.41
6.15084e-05 3765.02
6.15699e-05 3749.48
6.16315e-05 3731.61
6.16931e-05 3717.98
6.17548e-05 3720.74
6.18165e-05 3727.05
6.18783e-05 3733
6.19401e-05 3728.81
6.20021e-05 3721.77
6.20641e-05 3713.14
6.21261e-05 3702.97
6.21882e-05 3687.85
6.22504e-05 3673.57
6.23126e-05 3658.15
6.23749e-05 3639.93
6.24373e-05 3621.67
6.24997e-05 3608.94
6.25622e-05 3616.42
6.26247e-05 3628.56
6.26873e-05 3638.45
6.275e-05 3640.81
6.28127e-05 3639.05
6.28755e-05 3638.68
6.29384e-05 3630.01
6.30013e-05 3618.53
6.30643e-05 3607.06
6.31273e-05 3602.01
6.31905e-05 3604.33
6.32536e-05 3605.08
6.33169e-05 3606.52
6.33802e-05 3604.76
6.34435e-05 3604.52
6.3507e-05 3601.82
6.35704e-05 3596.96
6.3634e-05 3591.91
6.36976e-05 3587.03
6.37613e-05 3582.88
6.3825e-05 3579.65
6.38889e-05 3574.16
6.39527e-05 3562.65
6.40167e-05 3550.26
6.40807e-05 3536.67
6.41447e-05 3531.58
6.42089e-05 3529.57
6.4273e-05 3527.53
6.43373e-05 3524.2
6.44016e-05 3520.9
6.4466e-05 3516.04
6.45305e-05 3510.29
6.4595e-05 3503.92
6.46595e-05 3495.99
6.47242e-05 3485.14
6.47889e-05 3470.51
6.48537e-05 3454.38
6.49185e-05 3446.78
6.49834e-05 3452.11
6.50484e-05 3457.73
6.51134e-05 3458.92
6.51785e-05 3450.03
6.52437e-05 3441.5
6.53089e-05 3418.02
6.53742e-05 3352.9
6.54395e-05 3288.3
6.5505e-05 3211.89
6.55704e-05 3096.04
6.5636e-05 2980.98
6.57016e-05 2917.5
6.57673e-05 3036.05
6.5833e-05 3184.93
6.58989e-05 3318.75
6.59647e-05 3347.29
6.60307e-05 3362.6
6.60967e-05 3374.53
6.61628e-05 3376.83
6.62289e-05 3378.14
6.62951e-05 3377.86
6.63614e-05 3372.91
6.64278e-05 3366.37
6.64942e-05 3359.97
6.65606e-05 3349.6
6.66272e-05 3338.51
6.66938e-05 3329.21
6.67605e-05 3331.6
6.68272e-05 3334.55
6.6894e-05 3335.87
6.69609e-05 3323.37
6.70278e-05 3306.74
6.70949e-05 3294.16
6.71619e-05 3294.98
6.72291e-05 3299.25
6.72963e-05 3302.07
6.73636e-05 3291.48
6.74309e-05 3279.73
6.74983e-05 3269.55
6.75658e-05 3266.82
6.76334e-05 3265.21
6.7701e-05 3263.15
6.77687e-05 3259.85
6.78364e-05 3254.8
6.79042e-05 3250.51
6.79721e-05 3246.2
6.80401e-05 3242.65
6.81081e-05 3239.39
6.81762e-05 3238.99
6.82443e-05 3240.29
6.83126e-05 3236.78
6.83808e-05 3226.5
6.84492e-05 3214.39
6.85176e-05 3206.71
6.85861e-05 3205.93
6.86547e-05 3206.1
6.87233e-05 3206.12
6.87921e-05 3208.84
6.88608e-05 3211.58
6.89297e-05 3211.05
6.89986e-05 3204.85
6.90676e-05 3200.12
6.91366e-05 3194.25
6.92057e-05 3189.33
6.92749e-05 3184.34
6.93442e-05 3177.51
6.94135e-05 3169.8
6.94829e-05 3162.51
6.95524e-05 3161.65
6.96219e-05 3162.74
6.96915e-05 3162.99
6.97612e-05 3157.09
6.98309e-05 3150.64
6.99007e-05 3143.19
6.99706e-05 3134.48
7.00406e-05 3125.63
7.01106e-05 3118.39
7.01807e-05 3119.32
7.02508e-05 3119.19
7.03211e-05 3118.76
7.03914e-05 3114.19
7.04617e-05 3111
7.05322e-05 3100.57
7.06027e-05 3086.17
7.06733e-05 3070.53
7.07439e-05 3060.19
7.08147e-05 3050.51
7.08855e-05 3041.35
7.09563e-05 3029.65
7.10273e-05 3017.31
7.10983e-05 3005.42
7.11693e-05 2995.51
7.12405e-05 2986.61
7.13117e-05 2977.96
7.1383e-05 2975.07
7.14544e-05 2970.99
7.15258e-05 2970.55
7.15973e-05 2974.58
7.16689e-05 2977.04
7.17405e-05 2969.91
7.18123e-05 2956.26
7.18841e-05 2943.53
7.19559e-05 2944.54
7.20279e-05 2948.58
7.20999e-05 2952.48
7.2172e-05 2959.5
7.22441e-05 2967.55
7.23163e-05 2971.07
7.23886e-05 2968.45
7.2461e-05 2965.58
7.25334e-05 2964.51
7.2606e-05 2965.11
7.26785e-05 2965.42
7.27512e-05 2959.57
7.28239e-05 2952.2
7.28967e-05 2945.09
7.29696e-05 2947.63
7.30426e-05 2951.68
7.31156e-05 2953.87
7.31887e-05 2952.43
7.32619e-05 2949.44
7.33351e-05 2946.8
7.34084e-05 2943.88
7.34818e-05 2941.28
7.35553e-05 2944.84
7.36288e-05 2948.83
7.37024e-05 2950.94
7.37761e-05 2942.22
7.38498e-05 2932.95
7.39237e-05 2921.62
7.39976e-05 2909.91
7.40716e-05 2898.56
7.41456e-05 2899.41
7.42197e-05 2905.21
7.42939e-05 2911.47
7.43682e-05 2910.74
7.44426e-05 2909.61
7.4517e-05 2907.88
7.45915e-05 2904.95
7.4666e-05 2901.95
7.47407e-05 2897.56
7.48154e-05 2892.22
7.48902e-05 2888.06
7.49651e-05 2886.52
7.504e-05 2886.52
7.5115e-05 2886.37
7.51901e-05 2885.81
7.52653e-05 2885.9
7.53406e-05 2884.61
7.54159e-05 2883.96
7.54913e-05 2882.84
7.55667e-05 2878.23
7.56423e-05 2872.87
7.57179e-05 2866.89
7.57936e-05 2860.39
7.58694e-05 2852.58
7.59452e-05 2847.68
7.60211e-05 2844.07
7.60972e-05 2840.95
7.61732e-05 2835.6
7.62494e-05 2831.45
7.63256e-05 2825.96
7.64019e-05 2821.77
7.64783e-05 2816.47
7.65548e-05 2801.88
7.66313e-05 2784.88
7.67079e-05 2773.52
7.67846e-05 2781.56
7.68614e-05 2789.43
7.69382e-05 2785.09
7.70151e-05 2771.08
7.70921e-05 2758.84
7.71692e-05 2758.46
7.72463e-05 2759.66
7.73236e-05 2758.33
7.74009e-05 2752.88
7.74782e-05 2747.63
7.75557e-05 2746.92
7.76332e-05 2748.75
7.77108e-05 2749.86
7.77885e-05 2748.73
7.78663e-05 2748.15
7.79442e-05 2747.78
7.80221e-05 2749.05
7.81001e-05 2748.99
7.81781e-05 2743.64
7.82563e-05 2736.83
7.83345e-05 2730
7.84129e-05 2725.04
7.84913e-05 2719.65
7.85697e-05 2720.91
7.86483e-05 2723.41
7.87269e-05 2720.75
7.88056e-05 2711.49
7.88844e-05 2700.78
7.89632e-05 2688.71
7.90422e-05 2676.75
7.91212e-05 2667.83
7.92003e-05 2667.02
7.92795e-05 2666.1
7.93588e-05 2660.82
7.94381e-05 2652.67
7.95175e-05 2650.95
7.9597e-05 2663
7.96766e-05 2673.81
7.97562e-05 2674.06
7.9836e-05 2669.02
7.99158e-05 2664.06
7.99957e-05 2661.46
8.00756e-05 2659.6
8.01557e-05 2656.88
8.02358e-05 2655.59
8.03161e-05 2651.9
8.03964e-05 2646.27
8.04767e-05 2640.62
8.05572e-05 2636.3
8.06377e-05 2632.49
8.07183e-05 2627.23
8.0799e-05 2619.63
8.08798e-05 2611.06
8.09607e-05 2609.13
8.10416e-05 2609.16
8.11226e-05 2610.08
8.12037e-05 2612.6
8.12849e-05 2614.81
8.13662e-05 2613.84
8.14475e-05 2611.24
8.15289e-05 2608.66
8.16104e-05 2606.08
8.1692e-05 2601.7
8.17737e-05 2590.88
8.18555e-05 2577.33
8.19373e-05 2570.16
8.20192e-05 2568.2
8.21012e-05 2567.11
8.21833e-05 2569.86
8.22654e-05 2573.05
8.23477e-05 2574.06
8.243e-05 2572.78
8.25124e-05 2572.24
8.25949e-05 2575.95
8.26775e-05 2579.45
8.27601e-05 2575.43
8.28429e-05 2568.89
8.29257e-05 2558.75
8.30086e-05 2543.06
8.30916e-05 2528.09
8.31747e-05 2517.86
8.32578e-05 2508.62
8.3341e-05 2504.97
8.34244e-05 2505.64
8.35078e-05 2505.77
8.35913e-05 2500.78
8.37586e-05 2475.5
8.40102e-05 2460.23
8.42626e-05 2451.87
8.45157e-05 2447.24
8.47696e-05 2435.62
8.50242e-05 2384.45
8.52797e-05 2396.44
8.55358e-05 2270.02
8.57928e-05 2464.82
8.60505e-05 2416.64
8.6309e-05 2488.29
8.65683e-05 2333.44
8.68283e-05 2328.8
8.70892e-05 2485.95
8.73508e-05 2417.48
8.76132e-05 2378.04
8.78764e-05 2466.06
8.81404e-05 2453.55
8.84052e-05 2409.2
8.86708e-05 2308.03
8.89372e-05 2418.74
8.92043e-05 2438.16
8.94723e-05 2417.07
8.97411e-05 2403.7
9.00107e-05 2288.04
9.02811e-05 2287.79
9.05523e-05 2377.26
9.08243e-05 2357.09
9.10972e-05 2355.73
9.13708e-05 2356.23
9.16453e-05 2343.79
9.19206e-05 2319.93
9.21967e-05 2208.65
9.24737e-05 2223.71
9.27515e-05 2277.51
9.30302e-05 2287.17
9.33096e-05 2279.59
9.35899e-05 2254.99
9.38711e-05 2248.03
9.41531e-05 2233.28
9.44359e-05 2227.8
9.47196e-05 2222.95
9.50042e-05 2205.48
9.52896e-05 2137.96
9.55758e-05 2075.4
9.58629e-05 2159.43
9.61509e-05 2156.8
9.64398e-05 2135.54
9.67295e-05 2125.57
9.70201e-05 2123.95
9.73115e-05 2104.9
9.76039e-05 2095.63
9.78971e-05 2078.63
9.81912e-05 2087.16
9.84861e-05 2078.9
9.8782e-05 2063.86
9.90787e-05 2053.31
9.93764e-05 2043.87
9.96749e-05 2033.7
9.99744e-05 2009.73
0.000100275 1969.73
0.000100576 1944.59
0.000100878 1941.83
0.000101181 1961.64
0.000101485 1957.28
0.00010179 1945.54
0.000102096 1936.61
0.000102402 1928.4
0.00010271 1919.77
0.000103019 1903.1
0.000103328 1886.86
0.000103638 1875.91
0.00010395 1868.26
0.000104262 1861.06
0.000104575 1847.94
0.000104889 1837.73
0.000105205 1831.09
0.000105521 1817.28
0.000105838 1804
0.000106156 1792.2
0.000106474 1777.32
0.000106794 1762.46
0.000107115 1755.74
0.000107437 1745.35
0.00010776 1731.89
0.000108083 1717.63
0.000108408 1705.83
0.000108734 1693.29
0.00010906 1659.94
0.000109388 1642.93
0.000109717 1650.51
0.000110046 1656.7
0.000110377 1656.37
0.000110708 1647.88
0.000111041 1637.25
0.000111375 1625.86
0.000111709 1612.27
0.000112045 1604.53
0.000112381 1595.27
0.000112719 1581.53
0.000113058 1571.64
0.000113397 1562.32
0.000113738 1550.79
0.000114079 1538.1
0.000114422 1530.97
0.000114766 1528
0.000115111 1520.01
0.000115456 1509.45
0.000115803 1495.39
0.000116151 1479.43
0.0001165 1471.49
0.00011685 1467.11
0.000117201 1462.8
0.000117553 1449.2
0.000117906 1437.07
0.000118261 1427.53
0.000118616 1413.14
0.000118972 1409.81
0.00011933 1405.74
0.000119688 1384.58
0.000120048 1382.74
0.000120408 1378.78
0.00012077 1368.9
0.000121133 1363.14
0.000121497 1357.4
0.000121862 1350.02
0.000122228 1341.2
0.000122595 1331.86
0.000122963 1324.13
0.000123333 1316.68
0.000123703 1308.75
0.000124075 1300.63
0.000124447 1293.69
0.000124821 1285.55
0.000125196 1276.22
0.000125572 1269.08
0.00012595 1262.1
0.000126328 1253.8
0.000126707 1246.7
0.000127088 1239.86
0.00012747 1231.47
0.000127853 1212.58
0.000128237 1183.27
0.000128622 1195.35
0.000129009 1198.68
0.000129396 1195.18
0.000129785 1192.18
0.000130175 1184.89
0.000130566 1179.19
0.000130958 1170.86
0.000131351 1161.31
0.000131746 1155.51
0.000132142 1150.48
0.000132539 1140.88
0.000132937 1133.99
0.000133336 1130.75
0.000133737 1124.87
0.000134138 1120.53
0.000134541 1115.25
0.000134946 1109.59
0.000135351 1102.43
0.000135758 1092.73
0.000136165 1085.3
0.000136575 1083.67
0.000136985 1082.57
0.000137396 1079.55
0.000137809 1075.52
0.000138223 1071
0.000138638 1062.38
0.000139055 1054.08
0.000139472 1048.28
0.000139891 1042.34
0.000140312 1035.7
0.000140733 1035.28
0.000141156 1030.11
0.00014158 1028.44
0.000142005 1022.66
0.000142432 1014.94
0.00014286 1011.44
0.000143289 1012.83
0.000143719 1010.83
0.000144151 1000.94
0.000144584 1002.09
0.000145019 998.95
0.000145454 994.164
0.000145891 991.917
0.000146329 988.411
0.000146769 984.269
0.00014721 977.397
0.000147652 977.463
0.000148096 975.912
0.000148541 970.034
0.000148987 969.974
0.000149434 970.85
0.000149883 964.484
0.000150334 957.822
0.000150785 954.764
0.000151238 960.121
0.000151693 959.451
0.000152148 958.294
0.000152605 955.886
0.000153064 952.717
0.000153524 953.193
0.000153985 951.228
0.000154447 949.796
0.000154911 950.81
0.000155377 940.497
0.000155843 927.734
0.000156312 937.305
0.000156781 934.636
0.000157252 927.997
0.000157725 914.189
0.000158198 916.188
0.000158674 907.916
0.00015915 923.063
0.000159628 915.792
0.000160108 912.078
0.000160589 911.709
0.000161071 907.062
0.000161555 902.551
0.000162041 900.248
0.000162527 898.831
0.000163016 898.944
0.000163505 896.625
0.000163996 879.244
0.000164489 863.033
0.000164983 866.579
0.000165479 870.987
0.000165976 859.564
0.000166475 846.39
0.000166975 840.33
0.000167476 834.494
0.000167979 821.433
0.000168484 809.194
0.00016899 809.004
0.000169498 809.245
0.000170007 800.074
0.000170518 790.199
0.00017103 783.786
0.000171544 777.56
0.000172059 770.068
0.000172576 761.003
0.000173094 746.883
0.000173614 736.27
0.000174136 734.924
0.000174659 731.733
0.000175184 725.467
0.00017571 718.765
0.000176238 712.655
0.000176767 705.951
0.000177298 698.751
0.000177831 692.673
0.000178365 686.824
0.000178901 680.638
0.000179438 674.255
0.000179978 666.998
0.000180518 658.932
0.00018106 649.684
0.000181604 641.831
0.00018215 638.775
0.000182697 635.783
0.000183246 631.083
0.000183796 625.959
0.000184349 619.621
0.000184902 615.085
0.000185458 610.577
0.000186015 604.334
0.000186574 597.135
0.000187134 586.852
0.000187696 580.398
0.00018826 580.46
0.000188826 575.262
0.000189393 566.446
0.000189962 563.266
0.000190533 560.559
0.000191105 554.495
0.000191679 548.876
0.000192255 543.463
0.000192833 537.017
0.000193412 529.743
0.000193993 520.9
0.000194576 513.394
0.00019516 512.444
0.000195746 510.254
0.000196335 505.821
0.000196924 500.22
0.000197516 494.438
0.000198109 490.168
0.000198704 486.067
0.000199301 481.844
0.0001999 478.528
0.000200501 475.457
0.000201103 471.41
0.000201707 466.716
0.000202313 461.176
0.000202921 456.493
0.00020353 452.507
0.000204142 449.673
0.000204755 446.265
0.00020537 441.937
0.000205987 437.351
0.000206606 432.862
0.000207226 429.11
0.000207849 425.298
0.000208473 421.331
0.0002091 416.858
0.000209728 412.999
0.000210358 410.127
0.00021099 406.151
0.000211624 402.02
0.000212259 398.284
0.000212897 394.905
0.000213537 391.686
0.000214178 387.953
0.000214821 384.126
0.000215467 379.946
0.000216114 373.843
0.000216763 369.494
0.000217414 367.822
0.000218068 364.977
0.000218723 361.906
0.00021938 358.807
0.000220039 354.203
0.0002207 350.318
0.000221363 348.456
0.000222028 344.208
0.000222695 340.057
0.000223364 337.321
0.000224035 334.432
0.000224708 331.424
0.000225383 328.387
0.00022606 324.782
0.000226739 321.52
0.00022742 318.917
0.000228103 315.329
0.000228789 300.192
0.000229476 277.111
0.000230165 282.451
0.000230857 286.519
0.00023155 280.704
0.000232246 258.905
0.000232944 257.627
0.000233643 265
0.000234345 261.363
0.000235049 244.872
0.000235755 237.189
0.000236464 246.519
0.000237174 245.39
0.000237886 234.688
0.000238601 223.997
0.000239318 231.021
0.000240037 232.904
0.000240758 226.994
0.000241481 215.825
0.000242207 219.53
0.000242934 221.591
0.000243664 218.496
0.000244396 210.418
0.00024513 208.268
0.000245866 209.649
0.000246605 211.103
0.000247346 206.029
0.000248089 199.421
0.000248834 196.829
0.000249582 199.157
0.000250332 201.214
0.000251083 193.835
0.000251838 189.708
0.000252594 192.252
0.000253353 192.936
0.000254114 190.333
0.000254878 187.513
0.000255643 185.782
0.000256411 185.415
0.000257182 185.491
0.000257954 182.177
0.000258729 178.82
0.000259506 179.562
0.000260286 179.3
0.000261068 176.968
0.000261852 174.275
0.000262639 172.788
0.000263428 173.506
0.000264219 173.017
0.000265013 171.191
0.000265809 168.798
0.000266607 167.013
0.000267408 167.345
0.000268212 166.389
0.000269017 164.431
0.000269826 162.966
0.000270636 162.341
0.000271449 161.037
0.000272265 160.111
0.000273082 158.015
0.000273903 156.459
0.000274726 155.625
0.000275551 154.144
0.000276379 152.734
0.000277209 151.399
0.000278042 150.343
0.000278877 149.491
0.000279715 148.431
0.000280555 146.872
0.000281398 145.223
0.000282243 143.971
0.000283091 142.88
0.000283942 141.588
0.000284795 140.124
0.00028565 138.653
0.000286508 137.058
0.000287369 135.239
0.000288232 134.419
0.000289098 133.397
0.000289967 132.052
0.000290838 130.692
0.000291711 129.369
0.000292588 127.908
0.000293467 126.882
0.000294348 125.443
0.000295233 124.175
0.000296119 123
0.000297009 121.752
0.000297901 120.47
0.000298796 119.171
0.000299694 117.939
0.000300594 116.708
0.000301497 115.566
0.000302403 114.219
0.000303311 112.486
0.000304222 111.556
0.000305136 110.705
0.000306053 109.648
0.000306972 108.573
0.000307895 107.462
0.000308819 106.3
0.000309747 105.233
0.000310678 104.136
0.000311611 102.842
0.000312547 101.978
0.000313486 100.946
0.000314428 99.8727
0.000315372 98.7106
0.00031632 97.7213
0.00031727 96.728
0.000318223 95.7158
0.000319179 94.7317
0.000320138 93.6948
0.0003211 92.6663
0.000322064 91.6596
0.000323032 90.6813
0.000324002 89.6892
0.000324975 88.7385
0.000325952 87.759
0.000326931 86.7978
0.000327913 85.6596
0.000328898 84.5669
0.000329886 83.7254
0.000330877 82.9564
0.000331871 82.0861
0.000332868 81.1999
0.000333868 80.3557
0.000334871 79.4914
0.000335877 78.6227
0.000336886 77.7533
0.000337898 76.8635
0.000338913 75.9815
0.000339931 75.1439
0.000340953 74.3301
0.000341977 73.5699
0.000343004 72.8174
0.000344035 72.0145
0.000345068 71.2402
0.000346105 70.4487
0.000347144 69.6691
0.000348187 68.9121
0.000349233 68.1493
0.000350282 67.4083
0.000351335 66.6615
0.00035239 65.913
0.000353449 65.1803
0.00035451 64.4689
0.000355575 63.7683
0.000356644 63.0431
0.000357715 62.3511
0.00035879 61.6647
0.000359867 60.9891
0.000360948 60.32
0.000362033 59.69
0.00036312 59.0397
0.000364211 58.3201
0.000365305 57.6425
0.000366403 57.0221
0.000367504 56.3685
0.000368607 55.68
0.000369715 55.0553
0.000370825 54.4672
0.000371939 53.8674
0.000373057 53.249
0.000374178 52.5467
0.000375302 51.9317
0.000376429 51.5131
0.00037756 51.0217
0.000378694 50.4559
0.000379832 49.8801
0.000380973 49.3099
0.000382117 48.7633
0.000383265 48.258
0.000384416 47.7552
0.000385571 47.2052
0.00038673 46.6526
0.000387891 46.1366
0.000389057 45.6183
0.000390225 45.089
0.000391398 44.5801
0.000392573 44.1306
0.000393753 43.6451
0.000394936 43.1317
0.000396122 42.6682
0.000397312 42.1666
0.000398506 41.6385
0.000399703 41.1585
0.000400903 40.712
0.000402108 40.2632
0.000403316 39.7928
0.000404527 39.2781
0.000405743 38.8846
0.000406961 38.5398
0.000408184 38.1344
0.00040941 37.7294
0.00041064 37.2988
0.000411874 36.8851
0.000413111 36.4864
0.000414352 36.061
0.000415597 35.6214
0.000416845 35.166
0.000418098 34.797
0.000419353 34.4296
0.000420613 34.0241
0.000421877 33.6762
0.000423144 33.3414
0.000424415 32.9532
0.00042569 32.5876
0.000426969 32.1273
0.000428252 31.0081
0.000429538 29.8086
0.000430829 28.7303
0.000432123 28.6284
0.000433421 28.3087
0.000434723 27.2572
0.000436029 26.5672
0.000437339 26.0523
0.000438653 25.6338
0.00043997 24.8443
0.000441292 24.1255
0.000442618 23.8963
0.000443948 23.5981
0.000445281 23.1304
0.000446619 22.4022
0.000447961 22.2792
0.000449306 22.2448
0.000450656 21.791
0.00045201 21.2965
0.000453368 20.9595
0.00045473 20.9589
0.000456096 20.8123
0.000457466 20.4579
0.00045884 19.9209
0.000460219 19.9581
0.000461601 19.9024
0.000462988 19.5965
0.000464379 19.4218
0.000465774 19.3185
0.000467173 19.2144
0.000468576 18.9786
0.000469984 18.7096
0.000471396 18.5543
0.000472812 18.6155
0.000474232 18.3765
0.000475657 18.1377
0.000477086 17.9853
0.000478519 17.8521
0.000479957 17.5656
0.000481398 17.3599
0.000482845 17.4414
0.000484295 17.254
0.00048575 16.9805
0.000487209 16.7267
0.000488673 16.5903
0.000490141 16.4446
0.000491613 16.2777
0.00049309 16.0852
0.000494571 15.8733
0.000496057 15.7849
0.000497547 15.6972
0.000499042 15.5372
0.000500541 15.3982
0.000502045 15.2522
0.000503553 15.0506
0.000505066 14.8087
0.000506583 14.7172
0.000508105 14.6084
0.000509631 14.4433
0.000511162 14.2498
0.000512698 14.1466
0.000514238 13.9931
0.000515783 13.916
0.000517332 13.8585
0.000518886 13.6467
0.000520445 13.5206
0.000522008 13.3709
0.000523577 13.2387
0.00052515 13.183
0.000526727 13.1597
0.00052831 12.9216
0.000529897 12.7188
0.000531488 12.6131
0.000533085 12.5458
0.000534686 12.4292
0.000536293 12.3275
0.000537904 12.2238
0.00053952 12.1141
0.00054114 11.9873
0.000542766 11.8159
0.000544397 11.7657
0.000546032 11.6438
0.000547672 11.5067
0.000549318 11.4063
0.000550968 11.2935
0.000552623 11.3327
0.000554283 11.1249
0.000555948 11.0147
0.000557618 10.9602
0.000559294 10.8217
0.000560974 10.7512
0.000562659 10.5832
0.000564349 10.525
0.000566044 10.4466
0.000567745 10.3047
0.00056945 10.1851
0.000571161 10.1517
0.000572877 10.0507
0.000574598 9.94717
0.000576324 9.83662
0.000578055 9.76382
0.000579792 9.67564
0.000581534 9.55674
0.000583281 9.46955
0.000585033 9.37428
0.00058679 9.25219
0.000588553 9.1612
0.000590321 9.0601
0.000592095 8.98219
0.000593873 8.89764
0.000595657 8.80858
0.000597447 8.73883
0.000599242 8.64893
0.000601042 8.56091
0.000602847 8.46714
0.000604658 8.35307
0.000606475 8.26528
0.000608297 8.18257
0.000610124 8.08897
0.000611957 8.00522
0.000613795 7.9326
0.000615639 7.86103
0.000617489 7.7904
0.000619344 7.70682
0.000621204 7.62855
0.00062307 7.53441
0.000624942 7.43729
0.000626819 7.35788
0.000628702 7.28061
0.000630591 7.20467
0.000632485 7.13967
0.000634386 7.05684
0.000636291 6.99349
0.000638203 6.90439
0.00064012 6.82226
0.000642043 6.75798
0.000643972 6.68186
0.000645906 6.60723
0.000647847 6.53594
0.000649793 6.46647
0.000651745 6.39349
0.000653703 6.3208
0.000655666 6.25415
0.000657636 6.18919
0.000659612 6.11906
0.000661593 6.04825
0.000663581 5.98062
0.000665574 5.9146
0.000667574 5.85092
0.000669579 5.78824
0.000671591 5.72262
0.000673608 5.6567
0.000675632 5.59175
0.000677661 5.52935
0.000679697 5.46661
0.000681739 5.40402
0.000683787 5.34545
0.000685841 5.28681
0.000687901 5.22585
0.000689968 5.16453
0.000692041 5.10633
0.00069412 5.04896
0.000696205 4.99165
0.000698296 4.93492
0.000700394 4.8782
0.000702498 4.82269
0.000704608 4.76892
0.000706725 4.71496
0.000708848 4.66032
0.000710978 4.60677
0.000713113 4.55437
0.000715256 4.50147
0.000717404 4.45035
0.00071956 4.39941
0.000721721 4.34843
0.000723889 4.29897
0.000726064 4.24935
0.000728245 4.20071
0.000730433 4.15186
0.000732627 4.10388
0.000734828 4.05736
0.000737035 4.01104
0.00073925 3.96383
0.00074147 3.91791
0.000743698 3.86975
0.000745932 3.82173
0.000748173 3.77694
0.00075042 3.73465
0.000752675 3.69506
0.000754936 3.65484
0.000757204 3.61351
0.000759478 3.57198
0.00076176 3.53056
0.000764048 3.48955
0.000766344 3.4483
0.000768646 3.4087
0.000770955 3.36929
0.000773271 3.33082
0.000775594 3.29277
0.000777924 3.25501
0.000780261 3.21699
0.000782605 3.1789
0.000784956 3.14247
0.000787314 3.10719
0.000789679 3.07167
0.000792051 3.03527
0.00079443 2.99977
0.000796817 2.96533
0.000799211 2.93008
0.000801612 2.89653
0.00080402 2.8629
0.000806435 2.82908
0.000808858 2.79698
0.000811288 2.76416
0.000813725 2.73246
0.000816169 2.70188
0.000818621 2.67022
0.00082108 2.63908
0.000823547 2.60843
0.000826021 2.57826
0.000828502 2.54863
0.000830991 2.51904
0.000833488 2.4894
0.000835992 2.46095
0.000838503 2.43182
0.000841022 2.40385
0.000843548 2.37582
0.000846082 2.34794
0.000848624 2.32064
0.000851173 2.29388
0.00085373 2.26757
0.000856295 2.24052
0.000858868 2.21501
0.000861448 2.18949
0.000864035 2.16463
0.000866631 2.13999
0.000869235 2.11465
0.000871846 2.08977
0.000874465 2.06512
0.000877092 2.04174
0.000879727 2.0177
0.000882369 1.99336
0.00088502 1.97019
0.000887679 1.94824
0.000890346 1.92554
0.00089302 1.90385
0.000895703 1.88148
0.000898394 1.85933
0.000901093 1.83788
0.000903799 1.81588
0.000906515 1.7947
0.000909238 1.77414
0.000911969 1.7541
0.000914709 1.7335
0.000917457 1.71232
0.000920213 1.69243
0.000922977 1.6733
0.00092575 1.6531
0.000928531 1.63417
0.00093132 1.61539
0.000934118 1.59666
0.000936924 1.57867
0.000939739 1.55983
0.000942562 1.54168
0.000945394 1.52416
0.000948234 1.50583
0.000951082 1.48841
0.000953939 1.47136
0.000956805 1.45419
0.000959679 1.43711
0.000962562 1.42028
0.000965454 1.40391
0.000968354 1.38765
0.000971263 1.37135
0.000974181 1.35513
0.000977108 1.33951
0.000980043 1.32398
0.000982987 1.30857
0.00098594 1.29335
0.000988902 1.27845
0.000991873 1.2636
0.000994852 1.24832
0.000997841 1.23419
0.00100084 1.21967
0.00100385 1.20534
0.00100686 1.1912
0.00100989 1.17721
0.00101292 1.1634
0.00101596 1.14976
0.00101901 1.13578
0.00102208 1.12243
0.00102515 1.10927
0.00102823 1.09624
0.00103131 1.08338
0.00103441 1.07115
0.00103752 1.05858
0.00104064 1.04567
0.00104376 1.03389
0.0010469 1.02175
0.00105004 1.0093
0.0010532 0.997914
0.00105636 0.986212
0.00105954 0.974638
0.00106272 0.963199
0.00106591 0.951905
0.00106911 0.940501
0.00107232 0.929466
0.00107555 0.918552
0.00107878 0.907773
0.00108202 0.897076
0.00108527 0.886548
0.00108853 0.876191
0.0010918 0.865864
0.00109508 0.855702
0.00109837 0.845662
0.00110167 0.835737
0.00110498 0.825929
0.0011083 0.816192
0.00111163 0.806613
0.00111497 0.797147
0.00111831 0.787799
0.00112167 0.778555
0.00112504 0.769418
0.00112842 0.760389
0.00113181 0.751503
0.00113521 0.742648
0.00113862 0.733889
0.00114204 0.725277
0.00114548 0.716761
0.00114892 0.70835
0.00115237 0.700039
0.00115583 0.691825
0.0011593 0.683707
0.00116278 0.675686
0.00116628 0.667754
0.00116978 0.659919
0.00117329 0.652135
0.00117682 0.644522
0.00118036 0.636913
0.0011839 0.629443
0.00118746 0.622054
0.00119102 0.614758
0.0011946 0.607544
0.00119819 0.600414
0.00120179 0.593326
0.0012054 0.586363
0.00120902 0.579525
0.00121265 0.572684
0.0012163 0.56596
0.00121995 0.55932
0.00122362 0.552754
0.00122729 0.54627
0.00123098 0.539858
0.00123468 0.533523
0.00123839 0.527324
0.00124211 0.52105
0.00124584 0.51496
0.00124958 0.508919
0.00125333 0.502908
0.0012571 0.497004
0.00126088 0.491177
0.00126466 0.485409
0.00126846 0.479713
0.00127227 0.474085
0.00127609 0.468522
0.00127993 0.463021
0.00128377 0.457591
0.00128763 0.452219
0.0012915 0.446912
0.00129538 0.441628
0.00129927 0.436485
0.00130317 0.431326
0.00130709 0.426262
0.00131101 0.421262
0.00131495 0.416318
0.0013189 0.411433
0.00132286 0.406605
0.00132684 0.401832
0.00133082 0.397118
0.00133482 0.392457
0.00133883 0.387852
0.00134285 0.383302
0.00134689 0.378803
0.00135093 0.374321
0.00135499 0.369928
0.00135906 0.365587
0.00136315 0.361295
0.00136724 0.357057
0.00137135 0.352866
0.00137547 0.348725
0.0013796 0.344633
0.00138374 0.34059
0.0013879 0.336593
0.00139207 0.332643
0.00139625 0.328739
0.00140045 0.324881
0.00140465 0.32107
0.00140887 0.317302
0.00141311 0.313578
0.00141735 0.309905
0.00142161 0.306262
0.00142588 0.302669
0.00143016 0.299119
0.00143446 0.295607
0.00143877 0.292137
0.00144309 0.288676
0.00144743 0.285321
0.00145177 0.281976
0.00145614 0.27863
0.00146051 0.275361
0.0014649 0.27213
0.0014693 0.268937
0.00147371 0.265782
0.00147814 0.262662
0.00148258 0.25958
0.00148703 0.256535
0.0014915 0.25349
0.00149598 0.250515
0.00150048 0.247608
0.00150498 0.24467
0.0015095 0.241799
0.00151404 0.238961
0.00151859 0.236189
0.00152315 0.233385
0.00152772 0.230647
0.00153231 0.227974
0.00153692 0.225265
0.00154153 0.222622
0.00154616 0.220009
0.00155081 0.217427
0.00155547 0.214876
0.00156014 0.212354
0.00156483 0.209862
0.00156953 0.2074
0.00157424 0.204966
0.00157897 0.202561
0.00158372 0.200184
0.00158847 0.197835
0.00159325 0.195513
0.00159803 0.193188
0.00160283 0.190952
0.00160765 0.188711
0.00161248 0.186466
0.00161732 0.184277
0.00162218 0.182131
0.00162705 0.179978
0.00163194 0.177896
0.00163684 0.175778
0.00164176 0.173715
0.00164669 0.171677
0.00165164 0.169662
0.0016566 0.167671
0.00166158 0.165704
0.00166657 0.163759
0.00167158 0.161837
0.0016766 0.159938
0.00168163 0.158062
0.00168669 0.156213
0.00169175 0.154373
0.00169684 0.152562
0.00170193 0.150772
0.00170705 0.148973
0.00171217 0.147254
0.00171732 0.145526
0.00172248 0.143789
0.00172765 0.142131
0.00173284 0.140434
0.00173805 0.138785
0.00174327 0.137186
0.0017485 0.135548
0.00175376 0.133985
0.00175903 0.132384
0.00176431 0.13086
0.00176961 0.129324
0.00177493 0.127807
0.00178026 0.126307
0.00178561 0.124796
0.00179097 0.123395
0.00179635 0.121913
0.00180175 0.120454
0.00180716 0.119041
0.00181259 0.117644
0.00181803 0.116264
0.00182349 0.1149
0.00182897 0.113551
0.00183447 0.112218
0.00183998 0.110901
0.00184551 0.1096
0.00185105 0.108314
0.00185661 0.107043
0.00186219 0.10579
0.00186778 0.104545
0.00187339 0.103319
0.00187902 0.102106
0.00188467 0.100908
0.00189033 0.0997236
0.00189601 0.0985533
0.0019017 0.0973975
0.00190741 0.096284
0.00191314 0.0951251
0.00191889 0.0940088
0.00192466 0.0929056
0.00193044 0.0917897
0.00193624 0.0907383
0.00194205 0.0896735
0.00194789 0.0885956
0.00195374 0.0875557
0.00195961 0.0865282
0.0019655 0.0855378
0.0019714 0.084509
0.00197732 0.083543
0.00198326 0.0825372
0.00198922 0.0815938
0.0019952 0.0806361
0.00200119 0.0796877
0.0020072 0.0787187
0.00201323 0.0778111
0.00201928 0.0768887
0.00202535 0.0759528
0.00203143 0.0750527
0.00203753 0.0741633
0.00204365 0.0733089
0.00204979 0.0724153
0.00205595 0.0715571
0.00206213 0.0707087
0.00206832 0.069871
0.00207453 0.0690428
0.00208077 0.0682245
0.00208702 0.067416
0.00209329 0.0666165
0.00209958 0.0658274
0.00210588 0.0650475
0.00211221 0.0642761
0.00211855 0.0635147
0.00212492 0.0627617
0.0021313 0.0620181
0.0021377 0.061283
0.00214413 0.0605567
0.00215057 0.0598387
0.00215703 0.0591295
0.00216351 0.0584291
0.00217001 0.0577366
0.00217653 0.0570522
0.00218306 0.0563764
0.00218962 0.0557079
0.0021962 0.055048
0.0022028 0.0543728
0.00220942 0.0537507
0.00221605 0.0530913
0.00222271 0.0524845
0.00222939 0.0518623
0.00223608 0.0512319
0.0022428 0.0506212
0.00224954 0.0500181
0.0022563 0.049425
0.00226308 0.0488389
0.00226987 0.0482827
0.00227669 0.0477102
0.00228353 0.0471227
0.00229039 0.0465865
0.00229727 0.0460125
0.00230417 0.0454668
0.0023111 0.0449494
0.00231804 0.0444172
0.002325 0.0438908
0.00233199 0.0433704
0.00233899 0.0428459
0.00234602 0.0423381
0.00235307 0.0418363
0.00236014 0.0413404
0.00236723 0.0408484
0.00237434 0.0403643
0.00238147 0.0398859
0.00238862 0.0394133
0.0023958 0.0389461
0.002403 0.0384824
0.00241022 0.0380283
0.00241746 0.0375777
0.00242472 0.0371303
0.002432 0.0366923
0.00243931 0.0362554
0.00244664 0.0358256
0.00245399 0.0354053
0.00246136 0.0349795
0.00246875 0.034565
0.00247617 0.0341573
0.00248361 0.0337504
0.00249107 0.0333504
0.00249855 0.0329572
0.00250606 0.0325645
0.00251359 0.0321806
0.00252114 0.0317973
0.00252871 0.0314204
0.00253631 0.031048
0.00254393 0.0306781
0.00255157 0.0303145
0.00255923 0.0299572
0.00256692 0.0296002
0.00257463 0.0292494
0.00258237 0.0289027
0.00259012 0.0285602
0.00259791 0.0283056
0.00260571 0.0278872
0.00261354 0.0275567
0.00262139 0.0272282
0.00262926 0.0269055
0.00263716 0.0265886
0.00264508 0.0262735
0.00265303 0.0259602
0.002661 0.0256525
0.00266899 0.0253485
0.00267701 0.0250481
0.00268505 0.0247512
0.00269312 0.0244578
0.00270121 0.024168
0.00270933 0.0238796
0.00271746 0.0235986
0.00272563 0.023317
0.00273382 0.0230406
0.00274203 0.0227675
0.00275027 0.0224977
0.00275853 0.0222329
0.00276682 0.0219676
0.00277513 0.0217073
0.00278346 0.0214599
0.00279183 0.0211958
0.00280021 0.0209446
0.00280862 0.0206946
0.00281706 0.0204511
0.00282552 0.020207
0.00283401 0.0199692
0.00284253 0.0197325
0.00285107 0.0194969
0.00285963 0.0192659
0.00286822 0.0190375
0.00287684 0.0188119
0.00288548 0.0185904
0.00289415 0.0183686
0.00290284 0.018151
0.00291156 0.0179358
0.00292031 0.0177233
0.00292908 0.0175132
0.00293788 0.0173057
0.00294671 0.0171006
0.00295556 0.0168962
0.00296444 0.0166959
0.00297334 0.0164981
0.00298228 0.0163054
0.00299123 0.0161093
0.00300022 0.0159184
0.00300923 0.0157297
0.00301827 0.0155433
0.00302734 0.0153591
0.00303643 0.0151771
0.00304556 0.0149972
0.00305471 0.0148194
0.00306388 0.0146438
0.00307309 0.0144703
0.00308232 0.0142988
0.00309158 0.0141293
0.00310086 0.0139603
0.00311018 0.0137965
0.00311952 0.0136313
0.00312889 0.0134698
0.00313829 0.0133102
0.00314772 0.0131524
0.00315718 0.0129981
0.00316666 0.0128425
0.00317618 0.0126903
0.00318572 0.0125399
0.00319529 0.0123912
0.00320489 0.0122444
0.00321451 0.0120993
0.00322417 0.0119559
0.00323386 0.0118142
0.00324357 0.0116726
0.00325331 0.0115359
0.00326309 0.0113991
0.00327289 0.011264
0.00328272 0.011129
0.00329258 0.0109984
0.00330248 0.0108667
0.0033124 0.010738
0.00332235 0.0106107
0.00333233 0.0104864
0.00334234 0.0103608
0.00335238 0.0102379
0.00336245 0.0101166
0.00337255 0.00999667
0.00338268 0.0098782
0.00339284 0.00976113
0.00340304 0.00964543
0.00341326 0.00953111
0.00342351 0.00941819
0.0034338 0.00930653
0.00344411 0.00919627
0.00345446 0.00908727
0.00346484 0.0089796
0.00347525 0.00887171
0.00348569 0.0090551
0.00349616 0.00866408
0.00350666 0.00855999
0.00351719 0.00845998
0.00352776 0.00835827
0.00353836 0.00827274
0.00354899 0.0081613
0.00355965 0.00806458
0.00357034 0.00797045
0.00358107 0.00787508
0.00359183 0.00778122
0.00360262 0.007689
0.00361344 0.00759789
0.00362429 0.00750787
0.00363518 0.00741885
0.0036461 0.00733095
0.00365705 0.00724406
0.00366804 0.00715821
0.00367906 0.00707337
0.00369011 0.00698954
0.0037012 0.00690672
0.00371232 0.00682349
0.00372347 0.00674398
0.00373465 0.00666406
0.00374587 0.00658507
0.00375713 0.00650703
0.00376841 0.00642859
0.00377973 0.00635375
0.00379109 0.00627843
0.00380248 0.00620402
0.0038139 0.00613051
0.00382536 0.00605654
0.00383685 0.00598607
0.00384837 0.00591384
0.00385994 0.00584372
0.00387153 0.00577447
0.00388316 0.00571198
0.00389483 0.00563973
0.00390653 0.00557286
0.00391826 0.00550553
0.00393003 0.00544029
0.00394184 0.00537582
0.00395368 0.00531337
0.00396556 0.00524914
0.00397747 0.00518694
0.00398942 0.00512547
0.0040014 0.00506466
0.00401343 0.00500432
0.00402548 0.00494467
0.00403758 0.00488573
0.0040497 0.00482753
0.00406187 0.00476998
0.00407407 0.0047119
0.00408631 0.00465698
0.00409859 0.00460026
0.0041109 0.00454665
0.00412325 0.00449247
0.00413564 0.0044377
0.00414806 0.00438603
0.00416052 0.00433376
0.00417302 0.00428212
0.00418555 0.0042311
0.00419813 0.00418067
0.00421074 0.00412965
0.00422339 0.00408163
0.00423608 0.00403299
0.0042488 0.00398375
0.00426157 0.00393625
0.00427437 0.00388934
0.00428721 0.00384417
0.00430009 0.00379835
0.00431301 0.00375193
0.00432596 0.00370722
0.00433896 0.00366418
0.00435199 0.00362054
0.00436507 0.00357624
0.00437818 0.00353477
0.00439133 0.00349151
0.00440452 0.00344989
0.00441776 0.00340992
0.00443103 0.00336814
0.00444434 0.003328
0.00445769 0.00328835
0.00447108 0.00324915
0.00448451 0.00321043
0.00449798 0.00317218
0.0045115 0.00313437
0.00452505 0.00309701
0.00453864 0.00306011
0.00455228 0.00302364
0.00456595 0.00298871
0.00457967 0.002952
0.00459343 0.00291681
0.00460723 0.00288206
0.00462107 0.00284771
0.00463495 0.00281378
0.00464887 0.00278024
0.00466284 0.00274711
0.00467685 0.00271438
0.0046909 0.00268203
0.00470499 0.00265006
0.00471912 0.00261848
0.0047333 0.00258727
0.00474752 0.00255644
0.00476178 0.00252598
0.00477608 0.00249589
0.00479043 0.00246615
0.00480482 0.00243675
0.00481926 0.00240771
0.00483373 0.00237798
0.00484825 0.00235068
0.00486282 0.00232265
0.00487743 0.00229498
0.00489208 0.00226764
0.00490678 0.00224061
0.00492152 0.0022129
0.0049363 0.00218754
0.00495113 0.00216212
0.004966 0.00213472
0.00498092 0.00211028
0.00499589 0.00208512
0.00501089 0.00205928
0.00502595 0.00203473
0.00504105 0.00201049
0.00505619 0.00198701
0.00507138 0.00196333
0.00508661 0.00193994
0.00510189 0.00191672
0.00511722 0.00189388
0.00513259 0.00187141
0.00514801 0.00184901
0.00516348 0.00182707
0.00517899 0.0018052
0.00519455 0.00178368
0.00521015 0.00176243
0.0052258 0.00174143
0.0052415 0.00172067
0.00525725 0.00170211
0.00527304 0.00167981
0.00528888 0.00165979
0.00530477 0.00164001
0.00532071 0.00162037
0.00533669 0.00160116
0.00535272 0.00158208
0.0053688 0.00156313
0.00538493 0.0015445
0.00540111 0.00152609
0.00541733 0.00150791
0.00543361 0.00148994
0.00544993 0.00147218
0.0054663 0.00145464
0.00548272 0.00143731
0.00549919 0.00142018
0.00551571 0.00140316
0.00553228 0.00138644
0.0055489 0.00137001
0.00556557 0.00135359
0.00558229 0.00133746
0.00559906 0.00132152
0.00561588 0.00130577
0.00563275 0.00129012
0.00564967 0.00127484
0.00566664 0.00125964
0.00568367 0.00124463
0.00570074 0.0012298
0.00571787 0.00121515
0.00573504 0.00120067
0.00575227 0.00118627
0.00576955 0.00117222
0.00578689 0.00115816
0.00580427 0.00114436
0.00582171 0.00113073
0.0058392 0.00111725
0.00585674 0.00110394
0.00587433 0.0010907
0.00589198 0.0010777
0.00590968 0.00106494
0.00592743 0.00105225
0.00594524 0.00103963
0.0059631 0.00102724
0.00598101 0.001015
0.00599898 0.0010029
0.006017 0.000990912
0.00603508 0.000979068
0.00605321 0.000967281
0.00607139 0.000956622
0.00608963 0.000944296
0.00610792 0.000933092
0.00612627 0.000921938
0.00614468 0.000910835
0.00616313 0.00089995
0.00618165 0.000889273
0.00620022 0.000878562
0.00621885 0.000868061
0.00623753 0.000857764
0.00625627 0.000847431
0.00627506 0.000837303
0.00629391 0.000827295
0.00631282 0.000831031
0.00633178 0.000807637
0.0063508 0.000797983
0.00636988 0.000788446
0.00638902 0.000779021
0.00640821 0.000769631
0.00642746 0.000760431
0.00644677 0.000751343
0.00646614 0.000742361
0.00648556 0.000733488
0.00650505 0.000724719
0.00652459 0.000716057
0.00654419 0.000707498
0.00656385 0.000699041
0.00658356 0.000690688
0.00660334 0.000682431
0.00662318 0.000674199
0.00664308 0.000666138
0.00666303 0.000658252
0.00668305 0.000650383
0.00670312 0.000642611
0.00672326 0.000634855
0.00674346 0.000627266
0.00676372 0.000619769
0.00678404 0.000612433
0.00680442 0.000605114
0.00682486 0.000597809
0.00684536 0.000590663
0.00686592 0.000583603
0.00688655 0.000576627
0.00690724 0.000570622
0.00692799 0.000562924
0.0069488 0.000556196
0.00696967 0.000549549
0.00699061 0.00054298
0.00701161 0.000536491
0.00703268 0.000530006
0.0070538 0.000523742
0.00707499 0.000517412
0.00709625 0.000511226
0.00711756 0.000505188
0.00713895 0.000499148
0.00716039 0.000493113
0.0071819 0.000487219
0.00720348 0.000481394
0.00722512 0.00047564
0.00724682 0.000469956
0.00726859 0.000464338
0.00729043 0.000458788
0.00731233 0.000453305
0.00733429 0.000447886
0.00735633 0.000442533
0.00737843 0.000437243
0.00740059 0.000432018
0.00742282 0.000426853
0.00744512 0.000421752
0.00746749 0.00041671
0.00748992 0.00041173
0.00751242 0.000406742
0.00753499 0.000401947
0.00755763 0.000397143
0.00758033 0.000392331
0.0076031 0.000387706
0.00762594 0.000383007
0.00764885 0.000378429
0.00767183 0.000373906
0.00769488 0.000369501
0.00771799 0.000365021
0.00774118 0.000360657
0.00776443 0.000356346
0.00778776 0.000352087
0.00781115 0.000347879
0.00783462 0.000343721
0.00785815 0.000339613
0.00788176 0.000335489
0.00790544 0.000331543
0.00792919 0.000327516
0.00795301 0.000323664
0.0079769 0.000319796
0.00800086 0.00031591
0.0080249 0.000312193
0.008049 0.000308394
0.00807318 0.000304765
0.00809744 0.000301118
0.00812176 0.000297453
0.00814616 0.000293955
0.00817063 0.000290376
0.00819518 0.00028696
0.0082198 0.000283527
0.00824449 0.000280135
0.00826926 0.000276722
0.0082941 0.00027347
0.00831901 0.000270138
0.00834401 0.000266904
0.00836907 0.00026371
0.00839421 0.000260613
0.00841943 0.000257435
0.00844472 0.000254414
0.00847009 0.00025131
0.00849554 0.000248302
0.00852106 0.000245331
0.00854665 0.000242395
0.00857233 0.000239494
0.00859808 0.000236629
0.00862391 0.000233855
0.00864982 0.000230998
0.0086758 0.000228234
0.00870187 0.000225502
0.00872801 0.000222804
0.00875423 0.000220138
0.00878053 0.000217503
0.0088069 0.000214844
0.00883336 0.000212329
0.0088599 0.000209788
0.00888651 0.0002077
0.00891321 0.000204797
0.00893998 0.000202291
0.00896684 0.000199925
0.00899378 0.000197533
0.0090208 0.000195168
0.0090479 0.000192777
0.00907507 0.000190526
0.00910234 0.000188191
0.0092073 0.00017981
0.00939266 0.000165987
0.00958175 0.000153176
0.00977464 0.0001414
0.00997142 0.000130527
0.0101722 0.000120478
0.0103769 0.000111202
0.0105858 0.000102639
0.0107989 9.47353e-05
0.0110163 8.74184e-05
0.0112381 8.07133e-05
0.0114644 7.4464e-05
0.0116952 6.87298e-05
0.0119306 6.34291e-05
0.0121708 5.88452e-05
0.0124158 5.40267e-05
0.0126657 4.98596e-05
0.0129207 4.60171e-05
0.0131808 4.24711e-05
0.0134462 3.91946e-05
0.0137169 3.61707e-05
0.013993 3.33833e-05
0.0142747 3.08059e-05
0.0145621 2.85114e-05
0.0148552 2.62384e-05
0.0151543 2.42119e-05
0.0154594 2.23483e-05
0.0157706 2.26936e-05
0.0160881 3.415e-06
0.016412 2.18759e-08
0.0167423 2.10995e-08
0.0170794 2.03506e-08
0.0174232 1.96282e-08
0.017774 1.89312e-08
0.0181318 1.82591e-08
0.0184968 1.76108e-08
0.0188692 1.69854e-08
0.019249 1.63822e-08
0.0196366 1.58003e-08
0.0200319 1.5239e-08
0.0204351 9.28757e-08
0.0208465 1.41756e-08
0.0212662 1.3672e-08
0.0216943 1.31862e-08
0.0221311 1.27176e-08
0.0225766 1.22656e-08
0.0230311 1.18297e-08
0.0234947 1.14092e-08
0.0239677 1.10036e-08
0.0244502 1.06125e-08
0.0249424 1.02351e-08
0.0254446 9.87115e-09
0.0259568 9.52017e-09
0.0264794 9.18155e-09
0.0270124 8.85502e-09
0.0275562 8.54004e-09
0.028111 8.23622e-09
0.0286769 7.94322e-09
0.0292542 7.66057e-09
0.0298431 7.38801e-09
0.0304439 7.12506e-09
0.0310568 6.87146e-09
0.031682 6.62689e-09
0.0323198 6.39096e-09
0.0329704 6.16346e-09
0.0336342 5.94398e-09
0.0343113 5.73233e-09
0.035002 5.52819e-09
0.0357067 5.33127e-09
0.0364255 5.14139e-09
0.0371588 4.9585e-09
0.0379068 4.78157e-09
0.03867 4.61118e-09
0.0394484 4.44688e-09
0.0402426 4.28838e-09
0.0410527 4.13554e-09
0.0418792 3.98811e-09
0.0427223 3.84592e-09
0.0435823 3.7088e-09
0.0444597 3.57655e-09
0.0453547 3.449e-09
0.0462678 3.32597e-09
0.0471992 3.20731e-09
0.0481494 3.0929e-09
0.0491188 2.98252e-09
0.0501076 2.87611e-09
0.0511163 2.77347e-09
0.0521454 2.67446e-09
0.0531951 2.57899e-09
0.054266 2.48691e-09
0.0553585 2.39811e-09
0.0564729 2.31248e-09
0.0576098 2.22988e-09
0.0587696 2.15022e-09
0.0599527 2.0734e-09
0.0611596 1.99936e-09
0.0623908 1.92787e-09
0.0636469 1.85898e-09
0.0649282 1.79253e-09
0.0662353 1.72845e-09
0.0675687 1.66665e-09
0.0689289 1.60706e-09
0.0703166 1.54958e-09
0.0717321 1.49416e-09
0.0731762 1.4407e-09
0.0746494 1.38915e-09
0.0761521 1.33945e-09
0.0776852 1.29152e-09
0.0792491 1.24529e-09
0.0808445 1.20071e-09
0.082472 1.15772e-09
0.0841323 1.11627e-09
0.085826 1.07629e-09
0.0875538 1.03774e-09
0.0893164 1.00056e-09
0.0911145 9.64716e-10
0.0929487 9.30147e-10
0.0948199 8.96811e-10
0.0967288 8.64664e-10
0.0986761 8.33667e-10
0.100663 8.03772e-10
0.102689 7.74953e-10
0.104756 7.47161e-10
0.106865 7.20358e-10
0.109017 6.9451e-10
0.111211 6.69594e-10
0.11345 6.45563e-10
0.115734 6.22391e-10
0.118064 6.00048e-10
0.120441 5.78503e-10
0.122865 5.57732e-10
0.125339 5.37699e-10
0.127862 5.18385e-10
0.130436 4.99762e-10
0.133062 4.81804e-10
0.135741 4.64488e-10
0.138473 4.47795e-10
0.141261 4.31696e-10
0.144105 4.16174e-10
0.147006 4.01209e-10
0.149965 3.8678e-10
0.152984 3.72867e-10
0.156064 3.59451e-10
0.159206 3.46517e-10
0.162411 3.34046e-10
0.16568 3.22022e-10
0.169016 3.10429e-10
0.172418 2.99252e-10
0.175889 2.88475e-10
0.17943 2.78084e-10
0.183042 2.68067e-10
0.186727 2.58408e-10
0.190486 2.49096e-10
0.194321 2.40118e-10
0.198233 2.31462e-10
0.202224 2.23117e-10
0.206295 2.15071e-10
0.210448 2.07315e-10
0.214685 1.99836e-10
0.219007 1.92626e-10
0.223415 1.85676e-10
0.227913 1.78975e-10
0.232501 1.72515e-10
0.237182 1.66286e-10
0.241957 1.60282e-10
0.246828 1.54494e-10
0.251797 1.48913e-10
0.256866 1.43534e-10
0.262037 1.38348e-10
0.267312 1.33348e-10
0.272693 1.28529e-10
0.278183 1.23882e-10
0.283783 1.19403e-10
0.289496 1.15085e-10
0.295324 1.10923e-10
0.301269 1.06911e-10
0.307334 1.03042e-10
0.313522 9.93133e-11
0.319833 9.57194e-11
0.326272 9.22547e-11
0.33284 8.89146e-11
0.339541 8.56949e-11
0.346376 8.25916e-11
0.353349 7.95999e-11
0.360463 7.6716e-11
0.367719 7.39365e-11
0.375122 7.1257e-11
0.382674 6.86742e-11
0.390377 6.61847e-11
0.398236 6.37849e-11
0.406253 6.14719e-11
0.414432 5.92423e-11
0.422775 5.70933e-11
0.431286 5.50218e-11
0.439968 5.30253e-11
0.448826 5.11008e-11
0.457861 4.9246e-11
0.467079 4.7458e-11
0.476482 4.57348e-11
0.486074 4.40739e-11
0.495859 4.24732e-11
0.505841 4.09302e-11
0.516025 3.9443e-11
0.526413 3.80097e-11
0.537011 3.66281e-11
0.547821 3.52967e-11
0.55885 3.40135e-11
0.5701 3.27767e-11
0.581577 3.15847e-11
0.593285 3.04359e-11
0.605229 2.93286e-11
0.617413 2.82616e-11
0.629842 2.72332e-11
0.642522 2.62418e-11
0.655457 2.52866e-11
0.668652 2.4366e-11
0.682113 2.34789e-11
0.695845 2.26238e-11
0.709853 2.17998e-11
0.724144 2.10057e-11
0.738722 2.02403e-11
0.753593 1.95028e-11
0.768764 1.87921e-11
0.784241 1.81072e-11
0.800028 1.74471e-11
0.816134 1.68109e-11
0.832564 1.61979e-11
0.849325 1.56072e-11
0.866423 1.5038e-11
0.883865 1.44894e-11
0.901659 1.39607e-11
