2.27116e-06 5.71747e-44
2.2757e-06 2.77487e-40
2.27849e-06 1.21627e-38
2.28303e-06 4.68166e-33
2.28936e-06 3.82575e-29
2.29393e-06 1.69281e-25
2.30538e-06 1.18384e-21
2.3238e-06 2.29922e-21
2.34237e-06 3.85414e-21
2.3582e-06 5.8945e-21
2.37702e-06 9.93066e-21
2.39896e-06 1.7682e-20
2.41813e-06 2.91174e-20
2.43745e-06 4.78956e-20
2.45693e-06 7.87367e-20
2.47656e-06 1.28445e-19
2.49635e-06 2.08641e-19
2.51629e-06 3.38794e-19
2.5364e-06 5.46132e-19
2.55667e-06 8.77349e-19
2.57709e-06 1.40601e-18
2.59769e-06 2.24636e-18
2.61844e-06 3.57195e-18
2.63936e-06 5.6656e-18
2.66045e-06 8.92301e-18
2.68171e-06 1.40271e-17
2.70314e-06 2.19475e-17
2.72474e-06 3.42967e-17
2.74651e-06 5.3387e-17
2.76845e-06 8.28963e-17
2.79057e-06 1.28375e-16
2.81287e-06 1.97806e-16
2.83535e-06 3.04501e-16
2.858e-06 4.65326e-16
2.88084e-06 7.09863e-16
2.90386e-06 1.08041e-15
2.92706e-06 1.63285e-15
2.95045e-06 2.46725e-15
2.97402e-06 3.71306e-15
2.99778e-06 5.57159e-15
3.02174e-06 8.32113e-15
3.04588e-06 1.23777e-14
3.07022e-06 1.84064e-14
3.09475e-06 2.71901e-14
3.11948e-06 3.99885e-14
3.1444e-06 5.88346e-14
3.16953e-06 8.65567e-14
3.19485e-06 1.26391e-13
3.22038e-06 1.8367e-13
3.24611e-06 2.66947e-13
3.27205e-06 3.87838e-13
3.29819e-06 5.58745e-13
3.32455e-06 8.0214e-13
3.35111e-06 1.15163e-12
3.37789e-06 1.65144e-12
3.40488e-06 2.34954e-12
3.43208e-06 3.33809e-12
3.45951e-06 4.74052e-12
3.48715e-06 6.71228e-12
3.51501e-06 9.43797e-12
3.5431e-06 1.32683e-11
3.57141e-06 1.86263e-11
3.59994e-06 2.59728e-11
3.62871e-06 3.61927e-11
3.6577e-06 5.03898e-11
3.68693e-06 6.97116e-11
3.71639e-06 9.62639e-11
3.74608e-06 1.32892e-10
3.77601e-06 1.82269e-10
3.80619e-06 2.49625e-10
3.8366e-06 3.4193e-10
3.86725e-06 4.66033e-10
3.89815e-06 6.32509e-10
3.9293e-06 8.58932e-10
3.9607e-06 1.16243e-09
3.99234e-06 1.56582e-09
4.02424e-06 2.10902e-09
4.0564e-06 2.83526e-09
4.08881e-06 3.79027e-09
4.12148e-06 5.06621e-09
4.15441e-06 6.75222e-09
4.18761e-06 8.96903e-09
4.22107e-06 1.19022e-08
4.25479e-06 1.57245e-08
4.28879e-06 2.07523e-08
4.32306e-06 2.72928e-08
4.3576e-06 3.58218e-08
4.39242e-06 4.69989e-08
4.42751e-06 6.14678e-08
4.46289e-06 8.01168e-08
4.49855e-06 1.04408e-07
4.53449e-06 1.35469e-07
4.57073e-06 1.75401e-07
4.60725e-06 2.26789e-07
4.64406e-06 2.92166e-07
4.68117e-06 3.7642e-07
4.71857e-06 4.83363e-07
4.75627e-06 6.18987e-07
4.79428e-06 7.92624e-07
4.83258e-06 1.01069e-06
4.8712e-06 1.28756e-06
4.91012e-06 1.63722e-06
4.94935e-06 2.07369e-06
4.9889e-06 2.70669e-06
5.01343e-06 4.14655e-06
5.02272e-06 5.405e-06
5.03203e-06 7.04888e-06
5.04048e-06 8.95619e-06
5.04982e-06 1.34491e-05
5.06007e-06 1.74693e-05
5.06945e-06 1.94382e-05
5.07885e-06 2.12412e-05
5.08826e-06 2.32104e-05
5.09769e-06 2.53546e-05
5.10714e-06 2.77012e-05
5.11661e-06 3.02509e-05
5.14183e-06 3.47681e-05
5.18303e-06 4.24853e-05
5.22456e-06 5.20983e-05
5.26643e-06 6.40297e-05
5.30863e-06 7.82168e-05
5.35116e-06 9.40011e-05
5.39404e-06 0.000113009
5.43727e-06 0.000137861
5.48084e-06 0.000168844
5.52475e-06 0.00020471
5.56903e-06 0.000246632
5.61365e-06 0.00029701
5.65863e-06 0.000357272
5.70398e-06 0.000428044
5.74968e-06 0.000505376
5.79576e-06 0.0005974
5.8422e-06 0.000720588
5.88901e-06 0.000872212
5.9362e-06 0.00104391
5.98377e-06 0.00124436
6.03172e-06 0.00147928
6.08005e-06 0.00175714
6.12877e-06 0.00208259
6.17788e-06 0.00246536
6.22738e-06 0.00291476
6.27728e-06 0.00344357
6.32759e-06 0.004059
6.37829e-06 0.00477519
6.4294e-06 0.00561763
6.48092e-06 0.00660632
6.53285e-06 0.00775531
6.5852e-06 0.00908765
6.63797e-06 0.0106288
6.69116e-06 0.0124079
6.74477e-06 0.0144841
6.79882e-06 0.016888
6.8533e-06 0.0196763
6.90822e-06 0.0228709
6.96357e-06 0.0265685
7.01937e-06 0.0308086
7.07562e-06 0.0356824
7.13232e-06 0.0412883
7.18947e-06 0.0477209
7.24708e-06 0.0550923
7.30515e-06 0.0634896
7.36369e-06 0.0730887
7.42269e-06 0.0840686
7.48217e-06 0.0965623
7.54213e-06 0.110807
7.60256e-06 0.126923
7.66348e-06 0.145289
7.72489e-06 0.166136
7.78679e-06 0.189591
7.84919e-06 0.216248
7.91209e-06 0.246214
7.97549e-06 0.280147
8.0394e-06 0.318409
8.10382e-06 0.361255
8.16875e-06 0.409476
8.23421e-06 0.463836
8.30019e-06 0.52364
8.3667e-06 0.590877
8.43374e-06 0.668262
8.50132e-06 0.753702
8.56945e-06 0.848722
8.63811e-06 0.955053
8.70733e-06 1.07257
8.77711e-06 1.20336
8.84744e-06 1.34876
8.91833e-06 1.51005
8.9898e-06 1.68682
9.02709e-06 1.78329
9.02978e-06 1.79097
9.03248e-06 1.79782
9.03517e-06 1.80548
9.03787e-06 1.81315
9.04057e-06 1.81998
9.04326e-06 1.82763
9.04596e-06 1.83528
9.04866e-06 1.84374
9.05136e-06 1.88824
9.05406e-06 1.95155
9.05677e-06 2.01809
9.05947e-06 2.08622
9.06217e-06 2.15596
9.06488e-06 2.22892
9.06758e-06 2.30429
9.07029e-06 2.38207
9.07299e-06 2.46225
9.0757e-06 2.54565
9.07841e-06 2.63146
9.08112e-06 2.72047
9.08383e-06 2.81188
9.08654e-06 2.9065
9.08925e-06 3.00514
9.09197e-06 3.10617
9.09468e-06 3.21121
9.09739e-06 3.31945
9.10011e-06 3.43169
9.10282e-06 3.54713
9.10554e-06 3.66738
9.10826e-06 3.79082
9.11098e-06 3.91906
9.11369e-06 4.0513
9.11641e-06 4.18752
9.11913e-06 4.32935
9.12071e-06 4.41313
9.12343e-06 9.10874
9.1273e-06 9.54781
9.13002e-06 9.8704
9.13275e-06 10.203
9.13547e-06 10.5477
9.1382e-06 10.9031
9.14093e-06 11.2706
9.14366e-06 11.6521
9.14638e-06 12.0456
9.14911e-06 12.4505
9.15184e-06 12.86
9.15458e-06 13.2815
9.15731e-06 13.7168
9.16004e-06 14.1671
9.16277e-06 14.6303
9.16551e-06 15.1097
9.16824e-06 15.7831
9.17098e-06 16.116
9.17372e-06 16.6359
9.17645e-06 17.3859
9.17919e-06 17.7502
9.18193e-06 18.3311
9.18467e-06 19.1556
9.18741e-06 19.558
9.19016e-06 20.1977
9.1929e-06 20.8501
9.19564e-06 21.7836
9.19838e-06 22.2447
9.20113e-06 22.9723
9.20388e-06 23.7235
9.20662e-06 24.4998
9.20937e-06 25.3011
9.21212e-06 26.4114
9.21487e-06 26.9917
9.21762e-06 27.8744
9.22037e-06 28.786
9.22312e-06 29.7277
9.22587e-06 30.7081
9.22863e-06 31.7123
9.23138e-06 32.7418
9.23413e-06 34.1487
9.23689e-06 34.9353
9.23965e-06 36.0772
9.2424e-06 37.2572
9.24516e-06 38.4759
9.24792e-06 39.7421
9.25068e-06 40.6586
9.25344e-06 41.1594
9.25941e-06 42.2486
9.2686e-06 44.104
9.2778e-06 45.7727
9.287e-06 47.6436
9.29622e-06 49.599
9.30544e-06 51.6344
9.31467e-06 53.9118
9.32391e-06 55.9411
9.33317e-06 58.2355
9.34243e-06 60.6157
9.3517e-06 63.8489
9.36097e-06 69.2097
9.37026e-06 75.1282
9.37956e-06 81.8205
9.38887e-06 88.5303
9.39818e-06 96.1059
9.40751e-06 104.319
9.41684e-06 113.242
9.42619e-06 122.92
9.43554e-06 133.44
9.4449e-06 144.84
9.45427e-06 168.689
9.46365e-06 208.975
9.47304e-06 259.057
9.48244e-06 321
9.49185e-06 397.821
9.50127e-06 494.282
9.5107e-06 610.746
9.52013e-06 756.855
9.52958e-06 937.82
9.53903e-06 1162.11
9.5485e-06 1419.4
9.55797e-06 1536.42
9.56746e-06 1617.33
9.57695e-06 1702.34
9.58645e-06 1792.61
9.59596e-06 1886.81
9.60549e-06 1985.96
9.61502e-06 2090.33
9.62456e-06 2200.2
9.63411e-06 2315.86
9.64367e-06 2437.6
9.65323e-06 2342.71
9.66281e-06 1959.05
9.6724e-06 1636.02
9.682e-06 1365.98
9.6916e-06 1140.43
9.70122e-06 952.206
9.71085e-06 795.008
9.72048e-06 663.795
9.73013e-06 556.588
9.73978e-06 462.718
9.74944e-06 417.382
9.75912e-06 577.448
9.7688e-06 853.685
9.77849e-06 1261.83
9.7882e-06 1865.8
9.79791e-06 2757.38
9.80763e-06 4076.68
9.81736e-06 6026.34
9.8271e-06 8907.98
9.83685e-06 13168.8
9.84661e-06 19284.3
9.85638e-06 22917.5
9.86616e-06 24950.3
9.87595e-06 27163.9
9.88575e-06 29573.9
9.89556e-06 32205.5
9.90538e-06 35070.2
9.91521e-06 38189.1
9.92504e-06 41576.7
9.93489e-06 45265.7
9.94475e-06 49296.5
9.95462e-06 51285.1
9.96449e-06 51306.3
9.97438e-06 51319.9
9.98428e-06 51326.1
9.99418e-06 51347.2
1.00041e-05 51360.8
1.0014e-05 51374.6
1.0024e-05 51388
1.00339e-05 51401.8
1.00439e-05 51415.2
1.00538e-05 48139.7
1.00638e-05 41552.6
1.00738e-05 35867.9
1.00838e-05 30958.9
1.00938e-05 26721
1.01038e-05 23062.3
1.01138e-05 19910.3
1.01239e-05 17182.5
1.01746e-05 6072.91
1.02665e-05 719.139
1.03593e-05 10531.1
1.0453e-05 54475.2
1.05474e-05 97114.7
1.06428e-05 109529
1.0739e-05 123469
1.0836e-05 125283
1.0934e-05 128213
1.10328e-05 131540
1.11325e-05 129916
1.12331e-05 129366
1.13347e-05 131714
1.14371e-05 125408
1.15405e-05 120993
1.16448e-05 119597
1.175e-05 105526
1.18563e-05 73245.4
1.19634e-05 25435.5
1.20715e-05 4926.72
1.21807e-05 1519.07
1.22908e-05 14162.7
1.24018e-05 59975.4
1.25139e-05 95499.4
1.2627e-05 95960.7
1.27412e-05 119198
1.28563e-05 135161
1.29725e-05 131446
1.30898e-05 131537
1.32081e-05 140072
1.33275e-05 138265
1.34479e-05 143536
1.35695e-05 138323
1.36921e-05 135691
1.38159e-05 139287
1.39408e-05 140831
1.40668e-05 139313
1.41939e-05 135579
1.43222e-05 133001
1.44517e-05 136559
1.45823e-05 135116
1.47141e-05 131489
1.48471e-05 130715
1.49813e-05 130749
1.51167e-05 129838
1.52533e-05 124990
1.53912e-05 124156
1.55303e-05 123076
1.56707e-05 116395
1.58123e-05 120360
1.59552e-05 122586
1.60994e-05 118312
1.6245e-05 113537
1.63918e-05 113505
1.65399e-05 108011
1.66894e-05 109278
1.68403e-05 111209
1.69925e-05 107863
1.71461e-05 106086
1.73011e-05 106179
1.74574e-05 105989
1.76152e-05 103456
1.77744e-05 104938
1.79351e-05 105566
1.80972e-05 104536
1.82608e-05 101730
1.84258e-05 98258.2
1.85924e-05 97228.6
1.87604e-05 97931.9
1.893e-05 96785.9
1.91011e-05 95544.1
1.92737e-05 94150.1
1.94479e-05 94373.9
1.96237e-05 94194.7
1.98011e-05 92631.4
1.99801e-05 89942.3
2.01606e-05 87446.6
2.03429e-05 87603
2.05267e-05 86116.6
2.07123e-05 85675.6
2.08995e-05 85404
2.10884e-05 83800.4
2.1279e-05 81936.6
2.14713e-05 81298.7
2.16654e-05 78693.6
2.18612e-05 78606.5
2.20588e-05 77176.6
2.22582e-05 75019.4
2.24594e-05 74320.3
2.26624e-05 72556.3
2.28672e-05 73409.8
2.30739e-05 71313.7
2.32824e-05 66367.3
2.34929e-05 66457.3
2.37052e-05 65358.1
2.39195e-05 63492.8
2.41357e-05 63916.6
2.43538e-05 64622.4
2.4574e-05 64116.9
2.47961e-05 62550.8
2.50202e-05 63123.9
2.52463e-05 59856
2.54745e-05 59666
2.57048e-05 61372.4
2.59371e-05 61110.8
2.61715e-05 59401.2
2.64081e-05 62659.6
2.66468e-05 62866.5
2.68876e-05 62097.9
2.71306e-05 59904.2
2.73759e-05 58343
2.76233e-05 57647.1
2.7873e-05 54876.8
2.81249e-05 56314.9
2.83791e-05 58108.7
2.86356e-05 57121.8
2.88944e-05 57821.9
2.91556e-05 58782.9
2.94191e-05 57567.1
2.9685e-05 57289.7
2.99533e-05 57159.1
3.02241e-05 57092.7
3.04973e-05 56686.8
3.07729e-05 56196.9
3.10511e-05 55719.7
3.13317e-05 55043.2
3.16149e-05 54785.6
3.19007e-05 53721.3
3.2189e-05 53446.9
3.24799e-05 53628.6
3.27735e-05 54207.9
3.30697e-05 53842.5
3.33686e-05 53052
3.36702e-05 51789.1
3.39746e-05 51707.8
3.42816e-05 51936.5
3.45915e-05 51602.8
3.49042e-05 51536.3
3.50791e-05 51727.3
3.51141e-05 51722.2
3.51492e-05 51585.8
3.51844e-05 51492
3.52195e-05 51356.5
3.52548e-05 51263.1
3.529e-05 51137.2
3.53253e-05 51207.3
3.53606e-05 51360.4
3.5396e-05 51471.9
3.54313e-05 51626
3.54668e-05 51759.1
3.55022e-05 51785.6
3.55377e-05 51518.2
3.55732e-05 51177.6
3.56088e-05 50880.8
3.56444e-05 50544.3
3.568e-05 50230.9
3.57157e-05 50030.4
3.57514e-05 49965.1
3.57872e-05 49878.7
3.58229e-05 49793
3.58587e-05 49707.3
3.58946e-05 49616.7
3.59305e-05 49678.1
3.59664e-05 49790.5
3.60024e-05 49861.8
3.60384e-05 49953.9
3.60744e-05 50066.7
3.61104e-05 50130.5
3.61465e-05 50123.5
3.61827e-05 50156.1
3.62189e-05 50148.2
3.62551e-05 50180.7
3.62913e-05 50173.1
3.63276e-05 50195.2
3.63639e-05 50240.9
3.64003e-05 50304.7
3.64367e-05 50655.1
3.64696e-05 51026.9
3.65061e-05 51217.9
3.6546e-05 50999.3
3.65826e-05 50733.1
3.66192e-05 50488.5
3.66558e-05 50265.4
3.66924e-05 50020.1
3.67291e-05 49742.1
3.67658e-05 49436.1
3.68026e-05 49151.8
3.68394e-05 48869.3
3.68762e-05 48608.3
3.69131e-05 48874.2
3.695e-05 49885.6
3.69869e-05 50899.1
3.70239e-05 51973.7
3.70609e-05 53050.6
3.70979e-05 54002.2
3.7135e-05 54162.6
3.71722e-05 54187.3
3.72093e-05 54212.6
3.72465e-05 54238
3.72838e-05 54279.6
3.7321e-05 55493.3
3.73583e-05 57515.5
3.73957e-05 59612
3.74331e-05 61804.5
3.74705e-05 64036.9
3.7508e-05 65860.3
3.75455e-05 66521.4
3.7583e-05 67140.5
3.76206e-05 67765.7
3.76582e-05 68396.4
3.76958e-05 69174
3.77335e-05 70974.8
3.77712e-05 73042.5
3.7809e-05 75170.5
3.78468e-05 77360.4
3.78846e-05 79627.4
3.79225e-05 81665.2
3.79604e-05 83592.8
3.79984e-05 85585.7
3.80364e-05 87605.5
3.80744e-05 89653.9
3.81124e-05 89448.2
3.81505e-05 85947.4
3.81887e-05 82552.7
3.82269e-05 79293.2
3.82651e-05 76161.8
3.83033e-05 74554.1
3.83416e-05 78212.8
3.838e-05 82540.6
3.84183e-05 87105.8
3.84567e-05 91901.8
3.84952e-05 96606.3
3.85337e-05 98827.1
3.85722e-05 100506
3.86108e-05 102212
3.86494e-05 103967
3.8688e-05 105369
3.87267e-05 99530.8
3.87654e-05 91267.4
3.88041e-05 83687.2
3.88429e-05 76753.8
3.88818e-05 70416.3
3.89206e-05 71531.3
3.89596e-05 78079.3
3.89985e-05 85245.8
3.90375e-05 93050.1
3.90765e-05 101587
3.91156e-05 106207
3.91547e-05 105376
3.91938e-05 104552
3.9233e-05 103715
3.92722e-05 102923
3.93115e-05 102565
3.93508e-05 103027
3.93901e-05 103490
3.94295e-05 103955
3.94689e-05 104421
3.95084e-05 101694
3.95479e-05 92109.7
3.95874e-05 83161.4
3.9627e-05 75079.9
3.96666e-05 67799.6
3.97063e-05 64469.7
3.9746e-05 70791.4
3.97857e-05 78276.7
3.98255e-05 86574.6
3.98653e-05 95731
3.99052e-05 103760
3.99451e-05 105859
3.9985e-05 107655
4.0025e-05 109463
4.0065e-05 111283
4.0105e-05 112685
4.01451e-05 112681
4.01853e-05 112578
4.02254e-05 112457
4.02656e-05 112372
4.03059e-05 112242
4.03462e-05 112038
4.03865e-05 111830
4.04269e-05 111604
4.04673e-05 111415
4.05078e-05 111020
4.05483e-05 110174
4.05888e-05 109336
4.06294e-05 108503
4.067e-05 107695
4.07107e-05 105918
4.07514e-05 102463
4.07921e-05 99094.3
4.08329e-05 95817.8
4.08737e-05 92667
4.09146e-05 89289.1
4.09555e-05 85582
4.09964e-05 82062.3
4.10374e-05 78671.9
4.10784e-05 75403.1
4.11195e-05 76775.1
4.11606e-05 82288.1
4.12018e-05 88215.5
4.1243e-05 94568.1
4.12842e-05 101233
4.13255e-05 104012
4.13668e-05 104553
4.14081e-05 105098
4.14495e-05 105627
4.1491e-05 106164
4.15324e-05 106236
4.1574e-05 106180
4.16155e-05 106106
4.16571e-05 106068
4.16988e-05 105965
4.17405e-05 105758
4.17822e-05 105496
4.1824e-05 105252
4.18658e-05 105009
4.19076e-05 104795
4.19495e-05 104592
4.19915e-05 104373
4.20335e-05 104171
4.20755e-05 103988
4.21175e-05 103720
4.21596e-05 103361
4.22018e-05 103021
4.2244e-05 102700
4.22862e-05 102351
4.23285e-05 102185
4.23708e-05 102090
4.24132e-05 102013
4.24556e-05 101901
4.2498e-05 101769
4.25405e-05 101430
4.2583e-05 101056
4.26256e-05 100701
4.26682e-05 100331
4.27109e-05 99914.1
4.27536e-05 99458.2
4.27963e-05 99002.5
4.28391e-05 98548.9
4.28819e-05 98089
4.29248e-05 97160.1
4.29677e-05 95949.5
4.30107e-05 94754.1
4.30537e-05 93573.2
4.30967e-05 92184.2
4.31398e-05 89445.6
4.31829e-05 86515.4
4.32261e-05 83697.5
4.32693e-05 80971.6
4.33126e-05 78535
4.33559e-05 76575.8
4.33992e-05 74658
4.34426e-05 72771.6
4.3486e-05 71133.3
4.35295e-05 73902.6
4.3573e-05 78817.5
4.36166e-05 84040.1
4.36602e-05 89608.8
4.37038e-05 94323.9
4.37475e-05 94752.8
4.37913e-05 94850.7
4.3835e-05 94948.9
4.38789e-05 95063.3
4.39227e-05 95169.7
4.39667e-05 95264.6
4.40106e-05 95376.4
4.40546e-05 95488.4
4.40986e-05 95628.4
4.41427e-05 95791.8
4.41869e-05 95981.1
4.4231e-05 96171.3
4.42753e-05 96361.3
4.43195e-05 96390
4.43638e-05 96260.6
4.44082e-05 96131
4.44526e-05 96001.6
4.4497e-05 95876.5
4.45415e-05 95773.1
4.4586e-05 95673.5
4.46306e-05 95573.9
4.46752e-05 95491.5
4.47199e-05 95402.3
4.47646e-05 95356.7
4.48093e-05 95311.2
4.48541e-05 95265.6
4.4899e-05 95278.3
4.49439e-05 95455.8
4.49888e-05 95678.9
4.50338e-05 95902.2
4.50788e-05 96121.5
4.51239e-05 95856.3
4.5169e-05 95265.7
4.52141e-05 94678.9
4.52593e-05 94095.6
4.53046e-05 93610.2
4.53499e-05 93478.5
4.53952e-05 93353.9
4.54406e-05 93229.6
4.5486e-05 93099.7
4.55315e-05 93212.8
4.5577e-05 93416.3
4.56226e-05 93636.5
4.56682e-05 93824.7
4.57139e-05 93813
4.57596e-05 93463.4
4.58053e-05 93110.3
4.58511e-05 92758.3
4.58969e-05 92459.4
4.59428e-05 92470.2
4.59888e-05 92500.5
4.60347e-05 92547.7
4.60807e-05 92606.5
4.61268e-05 92452
4.61729e-05 92205.9
4.62191e-05 91976.5
4.62653e-05 91715.4
4.63116e-05 91539.2
4.63579e-05 91448.5
4.64042e-05 91345.4
4.64506e-05 91258
4.6497e-05 91178.1
4.65435e-05 91138.9
4.659e-05 91122.4
4.66366e-05 91090.1
4.66832e-05 91038.9
4.67299e-05 90914.9
4.67766e-05 90745.9
4.68234e-05 90576.7
4.68702e-05 90408.4
4.69171e-05 90134.5
4.6964e-05 89721.9
4.70109e-05 89327.5
4.70579e-05 88902.8
4.7105e-05 88615.6
4.71521e-05 88657.9
4.71992e-05 88738.7
4.72464e-05 88819.2
4.72936e-05 88895.7
4.73409e-05 88936.5
4.73882e-05 88969.1
4.74356e-05 89001.8
4.7483e-05 89025.9
4.75305e-05 88811.3
4.7578e-05 88484.3
4.76256e-05 88174.2
4.76732e-05 87834
4.77209e-05 87572.6
4.77686e-05 87375.3
4.78163e-05 87178.7
4.78641e-05 86982.3
4.7912e-05 86768.5
4.79599e-05 86522
4.80078e-05 86275.4
4.80558e-05 86029.2
4.81039e-05 85735.2
4.81519e-05 85267
4.82001e-05 84788.1
4.82483e-05 84312
4.82965e-05 83520.4
4.83448e-05 80924.8
4.83931e-05 78091.5
4.84415e-05 75328
4.84899e-05 72684.6
4.85384e-05 70235.1
4.85869e-05 67880.5
4.86355e-05 65620.3
4.86841e-05 63601.6
4.87328e-05 65764
4.87815e-05 69970.2
4.88303e-05 74428.3
4.88791e-05 79125.6
4.8928e-05 81314.5
4.89769e-05 81791.1
4.90259e-05 82270.5
4.90749e-05 82737.5
4.91239e-05 82896.7
4.9173e-05 82761.2
4.92222e-05 82625.8
4.92714e-05 82490.9
4.93207e-05 82471.9
4.937e-05 82583.2
4.94193e-05 82694.6
4.94687e-05 82806.1
4.95182e-05 82835.3
4.95677e-05 82758.9
4.96173e-05 82667.5
4.96669e-05 82606.1
4.97165e-05 82377.9
4.97662e-05 81934
4.9816e-05 81476
4.98658e-05 81035
4.99156e-05 80610.5
4.99655e-05 80171.6
5.00155e-05 79734.9
5.00655e-05 79300.9
5.01155e-05 79119.7
5.01656e-05 79351.6
5.02158e-05 79592.2
5.0266e-05 79833.6
5.03162e-05 79901.9
5.03665e-05 79697.9
5.04169e-05 79475.9
5.04673e-05 79283.7
5.05178e-05 79198.6
5.05683e-05 79332.6
5.06188e-05 79453.5
5.06694e-05 79574.2
5.07201e-05 79486.8
5.07708e-05 79146.1
5.08215e-05 78807
5.08723e-05 78469
5.09232e-05 78312.2
5.09741e-05 78315.7
5.10251e-05 78347.9
5.10761e-05 78364.5
5.11271e-05 78180
5.11783e-05 77854.1
5.12294e-05 77530.2
5.12806e-05 77206.5
5.13319e-05 76857
5.13832e-05 76480.3
5.14346e-05 76119.4
5.1486e-05 75762.4
5.15375e-05 75453.1
5.1589e-05 75142.8
5.16406e-05 74819.4
5.16922e-05 74541.7
5.17439e-05 74523.9
5.17956e-05 74567.5
5.18474e-05 74625.3
5.18992e-05 74666.5
5.19511e-05 74680.7
5.20031e-05 74721.4
5.2055e-05 74733.8
5.21071e-05 74799.9
5.21592e-05 75003.7
5.22113e-05 75186.9
5.22635e-05 75398.8
5.23158e-05 75545
5.23681e-05 75658.7
5.24204e-05 75757.4
5.24728e-05 75856
5.25253e-05 75587.7
5.25778e-05 75006.2
5.26304e-05 74415.3
5.2683e-05 73872.5
5.27357e-05 74039
5.27884e-05 74477.5
5.28412e-05 74932.8
5.2894e-05 75370
5.29469e-05 75561.8
5.29998e-05 75706.7
5.30528e-05 75851.8
5.31058e-05 75816.3
5.31589e-05 75190.7
5.32121e-05 74521.6
5.32653e-05 73886.4
5.33185e-05 73628.7
5.33718e-05 73934.8
5.34252e-05 74247.1
5.34786e-05 74538.9
5.3532e-05 74555.6
5.35856e-05 74390
5.36391e-05 74225.5
5.36928e-05 74045.8
5.37464e-05 73885.6
5.38002e-05 73710
5.3854e-05 73521.1
5.39078e-05 73368.8
5.39617e-05 73214.5
5.40156e-05 73089.3
5.40696e-05 72950.7
5.41237e-05 72829.6
5.41778e-05 72727.6
5.4232e-05 72625.4
5.42862e-05 72530.5
5.43405e-05 72563.9
5.43948e-05 72626.1
5.44492e-05 72715.2
5.45036e-05 72738.4
5.45581e-05 72566.8
5.46126e-05 72366.3
5.46672e-05 72192.9
5.47219e-05 72086.6
5.47766e-05 72077.4
5.48313e-05 72054.7
5.48862e-05 72037.7
5.4941e-05 71904
5.4996e-05 71702.2
5.50509e-05 71528.1
5.5106e-05 71419.7
5.51611e-05 71568.8
5.52162e-05 71761.8
5.52714e-05 71941.9
5.53267e-05 71996.5
5.5382e-05 71949
5.54374e-05 71901.1
5.54928e-05 71828.3
5.55483e-05 71551
5.56038e-05 71259.1
5.56594e-05 70955.2
5.5715e-05 70695.8
5.57707e-05 70549.4
5.58265e-05 70419.1
5.58823e-05 70280.7
5.59382e-05 70233.5
5.59941e-05 70242.8
5.60501e-05 70252.2
5.61061e-05 70264.2
5.61622e-05 70214.1
5.62183e-05 70188.4
5.62745e-05 70149.6
5.63308e-05 70140
5.63871e-05 70149.6
5.64435e-05 70159.4
5.64999e-05 70108.5
5.65564e-05 69859.7
5.66129e-05 69567.9
5.66695e-05 69277.4
5.67262e-05 69233
5.67829e-05 69394.9
5.68397e-05 69583.2
5.68965e-05 69678.2
5.69534e-05 69323
5.70103e-05 68878.9
5.70673e-05 68450.6
5.71244e-05 68459.8
5.71815e-05 68878.3
5.72386e-05 69299.5
5.72959e-05 69644.9
5.73531e-05 69546.8
5.74105e-05 69356.7
5.74679e-05 69180.1
5.75253e-05 69062.1
5.75828e-05 69016.1
5.76404e-05 68957.4
5.7698e-05 68862.6
5.77557e-05 68591.3
5.78135e-05 68281.7
5.78713e-05 67986
5.79291e-05 67941
5.7987e-05 68058.7
5.8045e-05 68189.2
5.8103e-05 68320.6
5.81611e-05 68393.5
5.82192e-05 68462.3
5.82775e-05 68525
5.83357e-05 68378.4
5.8394e-05 68117.7
5.84524e-05 67845.3
5.85109e-05 67644.2
5.85693e-05 67525.6
5.86279e-05 67437.4
5.86865e-05 67310.9
5.87452e-05 66749.3
5.88039e-05 66080
5.88627e-05 65430
5.89215e-05 65245.2
5.89805e-05 65674.8
5.90394e-05 66094.6
5.90984e-05 66472.3
5.91575e-05 66478.6
5.92167e-05 66415.4
5.92759e-05 66376.8
5.93351e-05 66287.1
5.93945e-05 66195.1
5.94538e-05 66103.6
5.95133e-05 66079.9
5.95728e-05 66167.7
5.96323e-05 66248.3
5.96919e-05 66330.9
5.97516e-05 66225.9
5.98113e-05 66082.5
5.98711e-05 65939.3
5.9931e-05 65776.9
5.99909e-05 65634.4
6.00509e-05 65467.3
6.01109e-05 65383
6.0171e-05 65479.1
6.02312e-05 65570.9
6.02914e-05 65647
6.03517e-05 65706.7
6.0412e-05 65759.6
6.04724e-05 65823.1
6.05329e-05 65761.5
6.05934e-05 65614.1
6.06539e-05 65479.3
6.07146e-05 65332.5
6.07753e-05 65125.3
6.0836e-05 64917.1
6.08969e-05 64733.6
6.09577e-05 64689
6.10187e-05 64668.5
6.10797e-05 64635
6.11408e-05 64275.6
6.12019e-05 63804.5
6.12631e-05 63324.6
6.13243e-05 63121
6.13856e-05 63268.5
6.1447e-05 63428.4
6.15084e-05 63456
6.15699e-05 63135.7
6.16315e-05 62786.4
6.16931e-05 62523.3
6.17548e-05 62659.6
6.18165e-05 62881.4
6.18783e-05 63083.1
6.19401e-05 63065.4
6.20021e-05 62949.5
6.20641e-05 62822.4
6.21261e-05 62620.3
6.21882e-05 62364
6.22504e-05 62108.8
6.23126e-05 61828.4
6.23749e-05 61487
6.24373e-05 61144.9
6.24997e-05 60906.7
6.25622e-05 61160.2
6.26247e-05 61458.3
6.26873e-05 61768.6
6.275e-05 61892.8
6.28127e-05 61956.8
6.28755e-05 62028.1
6.29384e-05 61952.5
6.30013e-05 61767.6
6.30643e-05 61594.9
6.31273e-05 61572.2
6.31905e-05 61681.2
6.32536e-05 61778.8
6.33169e-05 61884.2
6.33802e-05 61938.1
6.34435e-05 62014.6
6.3507e-05 62041.6
6.35704e-05 62003.7
6.3634e-05 61948.7
6.36976e-05 61885.5
6.37613e-05 61861.8
6.3825e-05 61829.1
6.38889e-05 61770.9
6.39527e-05 61586
6.40167e-05 61366.8
6.40807e-05 61166.9
6.41447e-05 61102.9
6.42089e-05 61114
6.4273e-05 61124.8
6.43373e-05 61126.4
6.44016e-05 61092.7
6.4466e-05 61081.8
6.45305e-05 61018.5
6.4595e-05 60907.5
6.46595e-05 60819.7
6.47242e-05 60629.1
6.47889e-05 60362.2
6.48537e-05 60073.5
6.49185e-05 59987.7
6.49834e-05 60180.6
6.50484e-05 60391.6
6.51134e-05 60515.3
6.51785e-05 60390.2
6.52437e-05 60278.8
6.53089e-05 59905.6
6.53742e-05 58798.9
6.54395e-05 57684.6
6.5505e-05 56441.6
6.55704e-05 54680.3
6.5636e-05 52929.8
6.57016e-05 51933.6
6.57673e-05 53885
6.5833e-05 56258.1
6.58989e-05 58383.3
6.59647e-05 58922.9
6.60307e-05 59249
6.60967e-05 59531.8
6.61628e-05 59619.8
6.62289e-05 59699.2
6.62951e-05 59748.5
6.63614e-05 59688.2
6.64278e-05 59608.6
6.64942e-05 59504.3
6.65606e-05 59337.2
6.66272e-05 59143
6.66938e-05 58991.7
6.67605e-05 59090.9
6.68272e-05 59251.3
6.6894e-05 59349.9
6.69609e-05 59085.4
6.70278e-05 58741.8
6.70949e-05 58463.6
6.71619e-05 58555.6
6.72291e-05 58739.9
6.72963e-05 58860.5
6.73636e-05 58698.5
6.74309e-05 58479.6
6.74983e-05 58307.1
6.75658e-05 58315.3
6.76334e-05 58326.9
6.7701e-05 58350.8
6.77687e-05 58321.6
6.78364e-05 58287
6.79042e-05 58252.4
6.79721e-05 58206.6
6.80401e-05 58171.7
6.81081e-05 58162.2
6.81762e-05 58249.3
6.82443e-05 58330.9
6.83126e-05 58331.6
6.83808e-05 58119
6.84492e-05 57918.9
6.85176e-05 57789
6.85861e-05 57841.6
6.86547e-05 57910.3
6.87233e-05 58001.7
6.87921e-05 58143.1
6.88608e-05 58274.9
6.89297e-05 58329.6
6.89986e-05 58270
6.90676e-05 58210.3
6.91366e-05 58144.1
6.92057e-05 58072.9
6.92749e-05 57990.1
6.93442e-05 57897.3
6.94135e-05 57768
6.94829e-05 57669.5
6.95524e-05 57717.2
6.96219e-05 57812
6.96915e-05 57885.3
6.97612e-05 57799.6
6.98309e-05 57680.2
6.99007e-05 57560.9
6.99706e-05 57440.4
7.00406e-05 57320.4
7.01106e-05 57237.2
7.01807e-05 57313
7.02508e-05 57375.7
7.03211e-05 57402.2
7.03914e-05 57365.6
7.04617e-05 57306.6
7.05322e-05 57126.4
7.06027e-05 56834
7.06733e-05 56534.8
7.07439e-05 56303.6
7.08147e-05 56108.7
7.08855e-05 55899.2
7.09563e-05 55656.2
7.10273e-05 55389.4
7.10983e-05 55125.6
7.11693e-05 54933.1
7.12405e-05 54750.5
7.13117e-05 54612.7
7.1383e-05 54594.7
7.14544e-05 54582.8
7.15258e-05 54655
7.15973e-05 54812.6
7.16689e-05 54956.4
7.17405e-05 54860.2
7.18123e-05 54578.9
7.18841e-05 54340.7
7.19559e-05 54410.9
7.20279e-05 54562.3
7.20999e-05 54748.4
7.2172e-05 54984.5
7.22441e-05 55219.4
7.23163e-05 55385.8
7.23886e-05 55390.3
7.2461e-05 55377.7
7.25334e-05 55410.3
7.2606e-05 55486
7.26785e-05 55555.2
7.27512e-05 55500.9
7.28239e-05 55401.2
7.28967e-05 55333.4
7.29696e-05 55440.7
7.30426e-05 55567.7
7.31156e-05 55678.7
7.31887e-05 55695.4
7.32619e-05 55708.5
7.33351e-05 55707.1
7.34084e-05 55694.1
7.34818e-05 55689.7
7.35553e-05 55840.6
7.36288e-05 56042.5
7.37024e-05 56178.8
7.37761e-05 56033.9
7.38498e-05 55856.4
7.39237e-05 55664
7.39976e-05 55448.9
7.40716e-05 55242
7.41456e-05 55308.4
7.42197e-05 55524.7
7.42939e-05 55719
7.43682e-05 55772.4
7.44426e-05 55798.7
7.4517e-05 55818.1
7.45915e-05 55783.5
7.4666e-05 55757.4
7.47407e-05 55708.4
7.48154e-05 55644.3
7.48902e-05 55592.6
7.49651e-05 55635.2
7.504e-05 55699
7.5115e-05 55755.6
7.51901e-05 55795.8
7.52653e-05 55835.1
7.53406e-05 55881.2
7.54159e-05 55931.8
7.54913e-05 55968.2
7.55667e-05 55900.4
7.56423e-05 55809.8
7.57179e-05 55702
7.57936e-05 55560.4
7.58694e-05 55428.8
7.59452e-05 55334.5
7.60211e-05 55282.2
7.60972e-05 55226.1
7.61732e-05 55150.8
7.62494e-05 55072.5
7.63256e-05 54988.6
7.64019e-05 54906.5
7.64783e-05 54793.7
7.65548e-05 54475.4
7.66313e-05 54081
7.67079e-05 53835.1
7.67846e-05 54081.1
7.68614e-05 54358.2
7.69382e-05 54311.7
7.70151e-05 54021.3
7.70921e-05 53772.3
7.71692e-05 53785.7
7.72463e-05 53851.3
7.73236e-05 53862.5
7.74009e-05 53784.6
7.74782e-05 53712.3
7.75557e-05 53780.2
7.76332e-05 53899.5
7.77108e-05 53999.8
7.77885e-05 54004.4
7.78663e-05 53995.2
7.79442e-05 54044.1
7.80221e-05 54124.8
7.81001e-05 54172.9
7.81781e-05 54072.2
7.82563e-05 53951.7
7.83345e-05 53837.8
7.84129e-05 53730.3
7.84913e-05 53647
7.85697e-05 53732.9
7.86483e-05 53864.1
7.87269e-05 53847.8
7.88056e-05 53660.3
7.88844e-05 53466.1
7.89632e-05 53188.4
7.90422e-05 52889.2
7.91212e-05 52721.6
7.92003e-05 52782.9
7.92795e-05 52840.7
7.93588e-05 52742.1
7.94381e-05 52602.5
7.95175e-05 52593.8
7.9597e-05 52942.9
7.96766e-05 53275.5
7.97562e-05 53323.3
7.9836e-05 53254.8
7.99158e-05 53209.7
7.99957e-05 53221.3
8.00756e-05 53234.8
8.01557e-05 53238.2
8.02358e-05 53224.8
8.03161e-05 53186.5
8.03964e-05 53083.2
8.04767e-05 52988.8
8.05572e-05 52922.6
8.06377e-05 52866.8
8.07183e-05 52793.9
8.0799e-05 52648.3
8.08798e-05 52526.8
8.09607e-05 52526.7
8.10416e-05 52559.5
8.11226e-05 52625.9
8.12037e-05 52735.9
8.12849e-05 52848.6
8.13662e-05 52860.4
8.14475e-05 52869
8.15289e-05 52848.4
8.16104e-05 52820.9
8.1692e-05 52766.1
8.17737e-05 52533.9
8.18555e-05 52276.6
8.19373e-05 52104.1
8.20192e-05 52034
8.21012e-05 52002.1
8.21833e-05 52144.6
8.22654e-05 52288.1
8.23477e-05 52346.1
8.243e-05 52323.2
8.25124e-05 52361.8
8.25949e-05 52511.3
8.26775e-05 52655.9
8.27601e-05 52587.4
8.28429e-05 52459.6
8.29257e-05 52248.3
8.30086e-05 51909.4
8.30916e-05 51592.1
8.31747e-05 51420
8.32578e-05 51277.6
8.3341e-05 51239.4
8.34244e-05 51282
8.35078e-05 51315.4
8.35913e-05 51267.7
8.37586e-05 50719
8.40102e-05 50480.4
8.42626e-05 50222.4
8.45157e-05 50177.1
8.47696e-05 49997.8
8.50242e-05 48854.3
8.52797e-05 49019.4
8.55358e-05 46465.7
8.57928e-05 50743.5
8.60505e-05 50091.9
8.6309e-05 51230
8.65683e-05 48231.5
8.68283e-05 48006
8.70892e-05 51263.8
8.73508e-05 50347.7
8.76132e-05 49790.7
8.78764e-05 51155.8
8.81404e-05 50834.1
8.84052e-05 50210.8
8.86708e-05 48658.5
8.89372e-05 50477.1
8.92043e-05 50781.2
8.94723e-05 50359
8.97411e-05 50213.1
9.00107e-05 48234.5
9.02811e-05 48319.1
9.05523e-05 49966.3
9.08243e-05 49416.8
9.10972e-05 49461.1
9.13708e-05 49555.2
9.16453e-05 49348
9.19206e-05 48990.1
9.21967e-05 47169
9.24737e-05 47315.2
9.27515e-05 48134
9.30302e-05 48365
9.33096e-05 48293.6
9.35899e-05 47732.2
9.38711e-05 47682.2
9.41531e-05 47428.1
9.44359e-05 47318.6
9.47196e-05 47319.4
9.50042e-05 47018.4
9.52896e-05 45889.9
9.55758e-05 44724.5
9.58629e-05 46170.4
9.61509e-05 46064
9.64398e-05 45598.6
9.67295e-05 45388.5
9.70201e-05 45423.2
9.73115e-05 44982.7
9.76039e-05 44874.8
9.78971e-05 44499.1
9.81912e-05 44829.1
9.84861e-05 44725.9
9.8782e-05 44415.3
9.90787e-05 44239.2
9.93764e-05 44072.8
9.96749e-05 43869.6
9.99744e-05 43422.8
0.000100275 42689.2
0.000100576 42243.6
0.000100878 42171
0.000101181 42472.2
0.000101485 42354.6
0.00010179 42101.9
0.000102096 41947.9
0.000102402 41819
0.00010271 41663.8
0.000103019 41311.5
0.000103328 40966.9
0.000103638 40750.5
0.00010395 40626.9
0.000104262 40499.8
0.000104575 40227.1
0.000104889 40009.4
0.000105205 39885.7
0.000105521 39601.2
0.000105838 39317.3
0.000106156 39113.4
0.000106474 38794.2
0.000106794 38477.1
0.000107115 38352.5
0.000107437 38136.7
0.00010776 37848.9
0.000108083 37553.3
0.000108408 37326.8
0.000108734 37098.3
0.00010906 36553.6
0.000109388 36240.3
0.000109717 36314.7
0.000110046 36382
0.000110377 36357.1
0.000110708 36194.1
0.000111041 35977.9
0.000111375 35723.9
0.000111709 35468.3
0.000112045 35324.1
0.000112381 35115.2
0.000112719 34814.1
0.000113058 34618.1
0.000113397 34419.2
0.000113738 34160
0.000114079 33881.7
0.000114422 33752.2
0.000114766 33716.7
0.000115111 33577.4
0.000115456 33335.1
0.000115803 33029.1
0.000116151 32677.3
0.0001165 32510.8
0.00011685 32442.2
0.000117201 32385.8
0.000117553 32083.8
0.000117906 31813.9
0.000118261 31607.6
0.000118616 31295.9
0.000118972 31251.8
0.00011933 31186.4
0.000119688 30686.4
0.000120048 30678.1
0.000120408 30635.4
0.00012077 30413.4
0.000121133 30304.2
0.000121497 30201.6
0.000121862 30062.7
0.000122228 29872.9
0.000122595 29676.7
0.000122963 29507.3
0.000123333 29355
0.000123703 29195.5
0.000124075 29036.7
0.000124447 28886.8
0.000124821 28726.5
0.000125196 28517.8
0.000125572 28381
0.00012595 28231.2
0.000126328 28066.6
0.000126707 27908.8
0.000127088 27782
0.00012747 27625.8
0.000127853 27265.6
0.000128237 26662.6
0.000128622 26870.7
0.000129009 26920.7
0.000129396 26851.8
0.000129785 26824.7
0.000130175 26678.9
0.000130566 26562.8
0.000130958 26380.8
0.000131351 26167.1
0.000131746 26045.4
0.000132142 25955.1
0.000132539 25744.2
0.000132937 25601.9
0.000133336 25554.1
0.000133737 25424.2
0.000134138 25349.7
0.000134541 25248.6
0.000134946 25127.8
0.000135351 24980.4
0.000135758 24760.9
0.000136165 24598.1
0.000136575 24592.4
0.000136985 24613.3
0.000137396 24574.8
0.000137809 24489.8
0.000138223 24414.4
0.000138638 24217.6
0.000139055 24035.4
0.000139472 23919
0.000139891 23796.2
0.000140312 23654.5
0.000140733 23685
0.000141156 23581.6
0.00014158 23564.8
0.000142005 23450.5
0.000142432 23279
0.00014286 23206.5
0.000143289 23293.7
0.000143719 23274.5
0.000144151 23052
0.000144584 23118.9
0.000145019 23067.8
0.000145454 22976.7
0.000145891 22952.3
0.000146329 22891.9
0.000146769 22814.9
0.00014721 22664.7
0.000147652 22698.7
0.000148096 22690.9
0.000148541 22581
0.000148987 22612
0.000149434 22674.7
0.000149883 22544.6
0.000150334 22419.5
0.000150785 22361.2
0.000151238 22537.8
0.000151693 22541.1
0.000152148 22533
0.000152605 22530.9
0.000153064 22482.7
0.000153524 22505.9
0.000153985 22494.4
0.000154447 22494.5
0.000154911 22514.4
0.000155377 22283.1
0.000155843 21986.8
0.000156312 22198.3
0.000156781 22224.6
0.000157252 22114.2
0.000157725 21658.6
0.000158198 21763.1
0.000158674 21697.3
0.00015915 22062.1
0.000159628 21830.5
0.000160108 21762.1
0.000160589 21807.6
0.000161071 21745.5
0.000161555 21669.3
0.000162041 21606.6
0.000162527 21558
0.000163016 21616.9
0.000163505 21602.3
0.000163996 21177.1
0.000164489 20780.1
0.000164983 20885.5
0.000165479 21011
0.000165976 20716.6
0.000166475 20381.1
0.000166975 20266.4
0.000167476 20166.9
0.000167979 19860
0.000168484 19571.6
0.00016899 19568
0.000169498 19572.8
0.000170007 19344.3
0.000170518 19105
0.00017103 18953.5
0.000171544 18811.6
0.000172059 18635.9
0.000172576 18425.3
0.000173094 18103.8
0.000173614 17856.6
0.000174136 17805.9
0.000174659 17720.9
0.000175184 17555.9
0.00017571 17399
0.000176238 17251.4
0.000176767 17092.8
0.000177298 16913.5
0.000177831 16757.9
0.000178365 16616.6
0.000178901 16466.6
0.000179438 16311
0.000179978 16129.6
0.000180518 15940.2
0.00018106 15736.5
0.000181604 15560.2
0.00018215 15480.9
0.000182697 15386.9
0.000183246 15283.9
0.000183796 15150.8
0.000184349 15006.5
0.000184902 14891.7
0.000185458 14783.8
0.000186015 14642.3
0.000186574 14469
0.000187134 14239.9
0.000187696 14091.7
0.00018826 14074.8
0.000188826 13938.2
0.000189393 13727.6
0.000189962 13653.5
0.000190533 13598.8
0.000191105 13459.5
0.000191679 13318.6
0.000192255 13191.4
0.000192833 13037.3
0.000193412 12863.1
0.000193993 12668.3
0.000194576 12504.5
0.00019516 12461.2
0.000195746 12401.9
0.000196335 12295.6
0.000196924 12153.3
0.000197516 12013.8
0.000198109 11910
0.000198704 11807.6
0.000199301 11711.9
0.0001999 11638.8
0.000200501 11569.4
0.000201103 11476.6
0.000201707 11358.9
0.000202313 11225.1
0.000202921 11115.5
0.00020353 11024.1
0.000204142 10961.8
0.000204755 10887.9
0.00020537 10782.7
0.000205987 10672.7
0.000206606 10566.4
0.000207226 10478.1
0.000207849 10389.2
0.000208473 10296.7
0.0002091 10187.7
0.000209728 10099.9
0.000210358 10033.7
0.00021099 9940.02
0.000211624 9840.33
0.000212259 9752.79
0.000212897 9676.29
0.000213537 9602.79
0.000214178 9514.32
0.000214821 9419.18
0.000215467 9324.07
0.000216114 9188.88
0.000216763 9082.39
0.000217414 9032.49
0.000218068 8960.8
0.000218723 8886.12
0.00021938 8811.2
0.000220039 8697.64
0.0002207 8604.49
0.000221363 8564.59
0.000222028 8454.28
0.000222695 8349.61
0.000223364 8291.42
0.000224035 8219.22
0.000224708 8147.63
0.000225383 8078.18
0.00022606 7988.02
0.000226739 7913.23
0.00022742 7848.34
0.000228103 7760.64
0.000228789 7350.83
0.000229476 6722.77
0.000230165 6881.43
0.000230857 7002.58
0.00023155 6852.95
0.000232246 6259.23
0.000232944 6232.38
0.000233643 6442.23
0.000234345 6345.95
0.000235049 5898.83
0.000235755 5698.13
0.000236464 5966.12
0.000237174 5938.88
0.000237886 5652.83
0.000238601 5371.09
0.000239318 5573.61
0.000240037 5630.49
0.000240758 5473.58
0.000241481 5175.23
0.000242207 5282.8
0.000242934 5347.32
0.000243664 5270.39
0.000244396 5052.87
0.00024513 4999.23
0.000245866 5046.55
0.000246605 5096.67
0.000247346 4966.63
0.000248089 4791.86
0.000248834 4732.16
0.000249582 4808.75
0.000250332 4871.25
0.000251083 4669.19
0.000251838 4562.95
0.000252594 4646.39
0.000253353 4666.66
0.000254114 4599.57
0.000254878 4526.91
0.000255643 4487.41
0.000256411 4492.3
0.000257182 4497.3
0.000257954 4409.17
0.000258729 4321.74
0.000259506 4345.86
0.000260286 4349.55
0.000261068 4296.09
0.000261852 4233.58
0.000262639 4201.75
0.000263428 4217.19
0.000264219 4206.19
0.000265013 4161.33
0.000265809 4101.34
0.000266607 4060.6
0.000267408 4082.94
0.000268212 4056.31
0.000269017 4003.27
0.000269826 3966.86
0.000270636 3957.23
0.000271449 3926.89
0.000272265 3906.12
0.000273082 3853.35
0.000273903 3816.23
0.000274726 3801.71
0.000275551 3771.6
0.000276379 3733.25
0.000277209 3698.26
0.000278042 3673.34
0.000278877 3654.39
0.000279715 3631.26
0.000280555 3593.01
0.000281398 3551.64
0.000282243 3522.39
0.000283091 3496.46
0.000283942 3465.19
0.000284795 3430.42
0.00028565 3395.67
0.000286508 3358.69
0.000287369 3318.79
0.000288232 3295.42
0.000289098 3268.73
0.000289967 3235.3
0.000290838 3202.73
0.000291711 3170.1
0.000292588 3133.65
0.000293467 3110.54
0.000294348 3074.69
0.000295233 3043.41
0.000296119 3014.83
0.000297009 2984.92
0.000297901 2952.97
0.000298796 2921.44
0.000299694 2891.38
0.000300594 2861.44
0.000301497 2833.38
0.000302403 2800.95
0.000303311 2761.11
0.000304222 2738.25
0.000305136 2715.54
0.000306053 2688.9
0.000306972 2662.83
0.000307895 2635.82
0.000308819 2607.06
0.000309747 2581.45
0.000310678 2555.12
0.000311611 2523.37
0.000312547 2502.07
0.000313486 2477.15
0.000314428 2450.78
0.000315372 2422.81
0.00031632 2398.58
0.00031727 2374.65
0.000318223 2350.36
0.000319179 2325.88
0.000320138 2301.16
0.0003211 2276.26
0.000322064 2251.8
0.000323032 2227.45
0.000324002 2204.17
0.000324975 2180.9
0.000325952 2157.54
0.000326931 2133.95
0.000327913 2107.49
0.000328898 2081.6
0.000329886 2061.36
0.000330877 2041.81
0.000331871 2020.37
0.000332868 1998.45
0.000333868 1977.82
0.000334871 1957.74
0.000335877 1936.76
0.000336886 1915.68
0.000337898 1893.65
0.000338913 1872.02
0.000339931 1851.86
0.000340953 1832.52
0.000341977 1813.76
0.000343004 1795.41
0.000344035 1776.53
0.000345068 1757.59
0.000346105 1738.18
0.000347144 1718.85
0.000348187 1700.48
0.000349233 1682.32
0.000350282 1664.53
0.000351335 1646.12
0.00035239 1627.44
0.000353449 1609.65
0.00035451 1592.92
0.000355575 1575.49
0.000356644 1557.6
0.000357715 1540.67
0.00035879 1524.31
0.000359867 1507.97
0.000360948 1491.57
0.000362033 1475.63
0.00036312 1459.74
0.000364211 1442.38
0.000365305 1425.77
0.000366403 1410.27
0.000367504 1394.23
0.000368607 1377.42
0.000369715 1362.14
0.000370825 1347.17
0.000371939 1332.91
0.000373057 1318.14
0.000374178 1301.03
0.000375302 1286.19
0.000376429 1275.19
0.00037756 1262.8
0.000378694 1248.81
0.000379832 1234.73
0.000380973 1220.82
0.000382117 1207.71
0.000383265 1194.91
0.000384416 1182.44
0.000385571 1169.03
0.00038673 1154.83
0.000387891 1142.12
0.000389057 1129.64
0.000390225 1116.68
0.000391398 1104.3
0.000392573 1093.14
0.000393753 1080.69
0.000394936 1068.09
0.000396122 1056.3
0.000397312 1044.24
0.000398506 1031.18
0.000399703 1019.52
0.000400903 1008.8
0.000402108 997.867
0.000403316 986.193
0.000404527 973.794
0.000405743 963.514
0.000406961 954.737
0.000408184 944.671
0.00040941 934.565
0.00041064 924.25
0.000411874 913.998
0.000413111 903.97
0.000414352 893.567
0.000415597 882.776
0.000416845 871.812
0.000418098 862.395
0.000419353 853.01
0.000420613 842.966
0.000421877 834.583
0.000423144 826.552
0.000424415 816.865
0.00042569 807.767
0.000426969 796.05
0.000428252 766.286
0.000429538 733.985
0.000430829 705.31
0.000432123 702.995
0.000433421 695.017
0.000434723 667.362
0.000436029 649.704
0.000437339 636.248
0.000438653 624.663
0.00043997 603.913
0.000441292 585.365
0.000442618 579.633
0.000443948 571.689
0.000445281 559.754
0.000446619 541.326
0.000447961 538.616
0.000449306 538.274
0.000450656 526.517
0.00045201 514.206
0.000453368 506.052
0.00045473 506.472
0.000456096 503.064
0.000457466 494.315
0.00045884 480.891
0.000460219 482.494
0.000461601 481.682
0.000462988 473.926
0.000464379 470.185
0.000465774 468.319
0.000467173 466.393
0.000468576 460.033
0.000469984 453.17
0.000471396 449.627
0.000472812 452.149
0.000474232 446.26
0.000475657 440.233
0.000477086 436.525
0.000478519 433.566
0.000479957 426.214
0.000481398 421.394
0.000482845 424.355
0.000484295 419.736
0.00048575 412.843
0.000487209 406.51
0.000488673 403.272
0.000490141 399.866
0.000491613 395.888
0.00049309 391.164
0.000494571 385.818
0.000496057 384.028
0.000497547 382.539
0.000499042 378.443
0.000500541 375.018
0.000502045 371.488
0.000503553 366.531
0.000505066 360.487
0.000506583 358.58
0.000508105 356.298
0.000509631 352.276
0.000511162 347.535
0.000512698 345.56
0.000514238 341.665
0.000515783 339.705
0.000517332 338.737
0.000518886 333.5
0.000520445 330.496
0.000522008 326.959
0.000523577 323.731
0.00052515 322.519
0.000526727 322.417
0.00052831 316.353
0.000529897 311.229
0.000531488 308.88
0.000533085 307.377
0.000534686 304.604
0.000536293 302.224
0.000537904 299.944
0.00053952 297.224
0.00054114 294.219
0.000542766 289.943
0.000544397 288.984
0.000546032 286.015
0.000547672 282.585
0.000549318 280.275
0.000550968 277.493
0.000552623 279.039
0.000554283 273.756
0.000555948 271.054
0.000557618 269.899
0.000559294 266.506
0.000560974 264.963
0.000562659 260.651
0.000564349 259.403
0.000566044 257.584
0.000567745 254.062
0.00056945 251.103
0.000571161 250.505
0.000572877 248.106
0.000574598 245.579
0.000576324 242.892
0.000578055 241.218
0.000579792 239.093
0.000581534 236.162
0.000583281 234.054
0.000585033 231.721
0.00058679 228.678
0.000588553 226.53
0.000590321 224.216
0.000592095 222.302
0.000593873 220.134
0.000595657 217.942
0.000597447 216.312
0.000599242 214.112
0.000601042 211.995
0.000602847 209.692
0.000604658 206.829
0.000606475 204.681
0.000608297 202.628
0.000610124 200.323
0.000611957 198.316
0.000613795 196.591
0.000615639 194.864
0.000617489 193.14
0.000619344 191.105
0.000621204 189.222
0.00062307 186.846
0.000624942 184.411
0.000626819 182.476
0.000628702 180.584
0.000630591 178.706
0.000632485 177.143
0.000634386 175.12
0.000636291 173.567
0.000638203 171.37
0.00064012 169.343
0.000642043 167.768
0.000643972 165.887
0.000645906 164.014
0.000647847 162.29
0.000649793 160.573
0.000651745 158.777
0.000653703 156.989
0.000655666 155.343
0.000657636 153.75
0.000659612 152.019
0.000661593 150.268
0.000663581 148.606
0.000665574 146.961
0.000667574 145.389
0.000669579 143.842
0.000671591 142.205
0.000673608 140.548
0.000675632 138.972
0.000677661 137.429
0.000679697 135.883
0.000681739 134.354
0.000683787 132.876
0.000685841 131.415
0.000687901 129.905
0.000689968 128.414
0.000692041 126.962
0.00069412 125.519
0.000696205 124.108
0.000698296 122.687
0.000700394 121.292
0.000702498 119.916
0.000704608 118.589
0.000706725 117.248
0.000708848 115.902
0.000710978 114.568
0.000713113 113.268
0.000715256 111.984
0.000717404 110.696
0.00071956 109.417
0.000721721 108.164
0.000723889 106.925
0.000726064 105.701
0.000728245 104.499
0.000730433 103.292
0.000732627 102.094
0.000734828 100.918
0.000737035 99.7728
0.00073925 98.6223
0.00074147 97.4635
0.000743698 96.2728
0.000745932 95.1143
0.000748173 94.019
0.00075042 92.961
0.000752675 91.9418
0.000754936 90.9358
0.000757204 89.8962
0.000759478 88.8735
0.00076176 87.8573
0.000764048 86.8354
0.000766344 85.824
0.000768646 84.8335
0.000770955 83.8436
0.000773271 82.8729
0.000775594 81.932
0.000777924 80.9848
0.000780261 80.0422
0.000782605 79.112
0.000784956 78.2021
0.000787314 77.3036
0.000789679 76.4155
0.000792051 75.5359
0.00079443 74.6561
0.000796817 73.8031
0.000799211 72.9421
0.000801612 72.1088
0.00080402 71.2507
0.000806435 70.418
0.000808858 69.6256
0.000811288 68.8217
0.000813725 68.0116
0.000816169 67.2276
0.000818621 66.4483
0.00082108 65.6889
0.000823547 64.9365
0.000826021 64.169
0.000828502 63.4211
0.000830991 62.6833
0.000833488 61.9556
0.000835992 61.2414
0.000838503 60.5383
0.000841022 59.8462
0.000843548 59.1528
0.000846082 58.4539
0.000848624 57.7841
0.000851173 57.1086
0.00085373 56.4516
0.000856295 55.7999
0.000858868 55.1386
0.000861448 54.499
0.000864035 53.8886
0.000866631 53.273
0.000869235 52.6578
0.000871846 52.0373
0.000874465 51.4402
0.000877092 50.832
0.000879727 50.228
0.000882369 49.6536
0.00088502 49.0759
0.000887679 48.5206
0.000890346 47.9682
0.00089302 47.4049
0.000895703 46.8353
0.000898394 46.2863
0.000901093 45.7525
0.000903799 45.2188
0.000906515 44.6905
0.000909238 44.1679
0.000911969 43.66
0.000914709 43.1424
0.000917457 42.6562
0.000920213 42.1783
0.000922977 41.6957
0.00092575 41.1912
0.000928531 40.7101
0.00093132 40.244
0.000934118 39.7852
0.000936924 39.3062
0.000939739 38.8535
0.000942562 38.4119
0.000945394 37.9528
0.000948234 37.5082
0.000951082 37.071
0.000953939 36.6522
0.000956805 36.2202
0.000959679 35.7831
0.000962562 35.3698
0.000965454 34.9729
0.000968354 34.5747
0.000971263 34.1678
0.000974181 33.7634
0.000977108 33.3741
0.000980043 32.9882
0.000982987 32.5976
0.00098594 32.2192
0.000988902 31.8465
0.000991873 31.4775
0.000994852 31.1108
0.000997841 30.7461
0.00100084 30.378
0.00100385 30.0217
0.00100686 29.6774
0.00100989 29.3295
0.00101292 28.9784
0.00101596 28.6462
0.00101901 28.3105
0.00102208 27.9785
0.00102515 27.6506
0.00102823 27.3193
0.00103131 26.9994
0.00103441 26.69
0.00103752 26.37
0.00104064 26.0609
0.00104376 25.7555
0.0010469 25.4535
0.00105004 25.1624
0.0010532 24.8603
0.00105636 24.5691
0.00105954 24.2809
0.00106272 23.9965
0.00106591 23.7153
0.00106911 23.4374
0.00107232 23.1627
0.00107555 22.8911
0.00107878 22.6229
0.00108202 22.3577
0.00108527 22.0957
0.00108853 21.8367
0.0010918 21.5808
0.00109508 21.3279
0.00109837 21.078
0.00110167 20.8242
0.00110498 20.5868
0.0011083 20.3389
0.00111163 20.1072
0.00111497 19.8648
0.00111831 19.6322
0.00112167 19.402
0.00112504 19.1746
0.00112842 18.9499
0.00113181 18.7278
0.00113521 18.5083
0.00113862 18.2913
0.00114204 18.077
0.00114548 17.8585
0.00114892 17.6557
0.00115237 17.4487
0.00115583 17.2378
0.0011593 17.0421
0.00116278 16.8425
0.00116628 16.6386
0.00116978 16.45
0.00117329 16.2509
0.00117682 16.0603
0.00118036 15.8783
0.0011839 15.6923
0.00118746 15.5084
0.00119102 15.3267
0.0011946 15.1408
0.00119819 14.9633
0.00120179 14.7942
0.0012054 14.6146
0.00120902 14.4433
0.00121265 14.2802
0.0012163 14.1067
0.00121995 13.9414
0.00122362 13.7778
0.00122729 13.6164
0.00123098 13.4568
0.00123468 13.299
0.00123839 13.1433
0.00124211 12.9891
0.00124584 12.8369
0.00124958 12.6865
0.00125333 12.5378
0.0012571 12.3908
0.00126088 12.2456
0.00126466 12.1021
0.00126846 11.9603
0.00127227 11.8201
0.00127609 11.6815
0.00127993 11.544
0.00128377 11.4082
0.00128763 11.275
0.0012915 11.1423
0.00129538 11.0111
0.00129927 10.882
0.00130317 10.7545
0.00130709 10.6285
0.00131101 10.5039
0.00131495 10.3803
0.0013189 10.2586
0.00132286 10.1384
0.00132684 10.0195
0.00133082 9.90156
0.00133482 9.78549
0.00133883 9.6708
0.00134285 9.55692
0.00134689 9.44486
0.00135093 9.33421
0.00135499 9.22478
0.00135906 9.11667
0.00136315 9.00977
0.00136724 8.90367
0.00137135 8.79929
0.00137547 8.69616
0.0013796 8.59426
0.00138374 8.49355
0.0013879 8.39346
0.00139207 8.29507
0.00139625 8.19786
0.00140045 8.10174
0.00140465 8.00683
0.00140887 7.91246
0.00141311 7.81967
0.00141735 7.72806
0.00142161 7.63746
0.00142588 7.54795
0.00143016 7.4595
0.00143446 7.37207
0.00143877 7.28514
0.00144309 7.19976
0.00144743 7.11535
0.00145177 7.03201
0.00145614 6.94903
0.00146051 6.86761
0.0014649 6.78711
0.0014693 6.70756
0.00147371 6.62896
0.00147814 6.55125
0.00148258 6.47447
0.00148703 6.39861
0.0014915 6.32311
0.00149598 6.249
0.00150048 6.17573
0.00150498 6.1029
0.0015095 6.03185
0.00151404 5.96065
0.00151859 5.89127
0.00152315 5.82174
0.00152772 5.75353
0.00153231 5.6861
0.00153692 5.61943
0.00154153 5.55311
0.00154616 5.48851
0.00155081 5.42369
0.00155547 5.36011
0.00156014 5.29729
0.00156483 5.23472
0.00156953 5.17385
0.00157424 5.11323
0.00157897 5.05283
0.00158372 4.99359
0.00158847 4.93508
0.00159325 4.87721
0.00159803 4.82006
0.00160283 4.76358
0.00160765 4.70773
0.00161248 4.65209
0.00161732 4.59805
0.00162218 4.54416
0.00162705 4.49045
0.00163194 4.43781
0.00163684 4.3858
0.00164176 4.33394
0.00164669 4.28315
0.00165164 4.23294
0.0016566 4.18333
0.00166158 4.13428
0.00166657 4.08583
0.00167158 4.03793
0.0016766 3.99061
0.00168163 3.94342
0.00168669 3.89762
0.00169175 3.85152
0.00169684 3.80679
0.00170193 3.76175
0.00170705 3.71765
0.00171217 3.6741
0.00171732 3.63101
0.00172248 3.58846
0.00172765 3.54641
0.00173284 3.50485
0.00173805 3.46376
0.00174327 3.42274
0.0017485 3.38306
0.00175376 3.34297
0.00175903 3.30379
0.00176431 3.26508
0.00176961 3.2268
0.00177493 3.18898
0.00178026 3.15119
0.00178561 3.11466
0.00179097 3.0778
0.00179635 3.04209
0.00180175 3.00602
0.00180716 2.97079
0.00181259 2.93597
0.00181803 2.90157
0.00182349 2.86756
0.00182897 2.83395
0.00183447 2.80073
0.00183998 2.7679
0.00184551 2.73506
0.00185105 2.70341
0.00185661 2.67173
0.00186219 2.64041
0.00186778 2.60907
0.00187339 2.57888
0.00187902 2.54826
0.00188467 2.51878
0.00189033 2.48888
0.00189601 2.4597
0.0019017 2.43088
0.00190741 2.40243
0.00191314 2.37424
0.00191889 2.34641
0.00192466 2.3189
0.00193044 2.29173
0.00193624 2.26448
0.00194205 2.23795
0.00194789 2.21209
0.00195374 2.18579
0.00195961 2.16017
0.0019655 2.13485
0.0019714 2.10983
0.00197732 2.08511
0.00198326 2.06067
0.00198922 2.03651
0.0019952 2.01264
0.00200119 1.989
0.0020072 1.96545
0.00201323 1.94181
0.00201928 1.91917
0.00202535 1.89644
0.00203143 1.87399
0.00203753 1.8518
0.00204365 1.8295
0.00204979 1.8082
0.00205595 1.78642
0.00206213 1.76526
0.00206832 1.74436
0.00207453 1.72371
0.00208077 1.70328
0.00208702 1.68311
0.00209329 1.66318
0.00209958 1.64347
0.00210588 1.62367
0.00211221 1.60478
0.00211855 1.58543
0.00212492 1.56665
0.0021313 1.5481
0.0021377 1.52976
0.00214413 1.51164
0.00215057 1.49373
0.00215703 1.47604
0.00216351 1.45856
0.00217001 1.44129
0.00217653 1.42422
0.00218306 1.40736
0.00218962 1.39069
0.0021962 1.37421
0.0022028 1.35794
0.00220942 1.34186
0.00221605 1.32597
0.00222271 1.30993
0.00222939 1.29474
0.00223608 1.27942
0.0022428 1.26393
0.00224954 1.24896
0.0022563 1.23417
0.00226308 1.21988
0.00226987 1.20511
0.00227669 1.19116
0.00228353 1.17673
0.00229039 1.16279
0.00229727 1.14902
0.00230417 1.13541
0.0023111 1.12196
0.00231804 1.10867
0.002325 1.09555
0.00233199 1.08225
0.00233899 1.06975
0.00234602 1.05708
0.00235307 1.04425
0.00236014 1.03219
0.00236723 1.01997
0.00237434 1.00788
0.00238147 0.995642
0.00238862 0.98416
0.0023958 0.972505
0.002403 0.960986
0.00241022 0.949294
0.00241746 0.938056
0.00242472 0.927251
0.002432 0.915967
0.00243931 0.905419
0.00244664 0.894394
0.00245399 0.883808
0.00246136 0.873332
0.00246875 0.86299
0.00247617 0.852772
0.00248361 0.842667
0.00249107 0.832687
0.00249855 0.822826
0.00250606 0.813079
0.00251359 0.803454
0.00252114 0.793934
0.00252871 0.784534
0.00253631 0.77524
0.00254393 0.765768
0.00255157 0.756992
0.00255923 0.748025
0.00256692 0.739166
0.00257463 0.730124
0.00258237 0.721765
0.00259012 0.713218
0.00259791 0.704895
0.00260571 0.696425
0.00261354 0.688179
0.00262139 0.679745
0.00262926 0.671695
0.00263716 0.664022
0.00264508 0.65588
0.00265303 0.648389
0.002661 0.640431
0.00266899 0.632849
0.00267701 0.625349
0.00268505 0.617945
0.00269312 0.610627
0.00270121 0.603393
0.00270933 0.596245
0.00271746 0.589186
0.00272563 0.582205
0.00273382 0.575309
0.00274203 0.568494
0.00275027 0.561762
0.00275853 0.554841
0.00276682 0.548534
0.00277513 0.542041
0.00278346 0.535631
0.00279183 0.529249
0.00280021 0.522956
0.00280862 0.516763
0.00281706 0.510642
0.00282552 0.504595
0.00283401 0.498592
0.00284253 0.492686
0.00285107 0.486851
0.00285963 0.481086
0.00286822 0.475363
0.00287684 0.469732
0.00288548 0.464171
0.00289415 0.458671
0.00290284 0.453214
0.00291156 0.447847
0.00292031 0.442542
0.00292908 0.437301
0.00293788 0.432097
0.00294671 0.426979
0.00295556 0.421947
0.00296444 0.416925
0.00297334 0.411988
0.00298228 0.407111
0.00299123 0.402262
0.00300022 0.397498
0.00300923 0.392791
0.00301827 0.388114
0.00302734 0.383541
0.00303643 0.378975
0.00304556 0.374486
0.00305471 0.37005
0.00306388 0.365668
0.00307309 0.361313
0.00308232 0.357034
0.00309158 0.352805
0.00310086 0.348628
0.00311018 0.344474
0.00311952 0.340419
0.00312889 0.336364
0.00313829 0.332379
0.00314772 0.328443
0.00315718 0.324529
0.00316666 0.320709
0.00317618 0.31691
0.00318572 0.313134
0.00319529 0.309425
0.00320489 0.305761
0.00321451 0.302117
0.00322417 0.298562
0.00323386 0.295002
0.00324357 0.291509
0.00325331 0.288056
0.00326309 0.284644
0.00327289 0.281273
0.00328272 0.277942
0.00329258 0.27463
0.00330248 0.271398
0.0033124 0.268161
0.00332235 0.264985
0.00333233 0.261847
0.00334234 0.258724
0.00335238 0.255659
0.00336245 0.252631
0.00337255 0.249639
0.00338268 0.246683
0.00339284 0.243761
0.00340304 0.240874
0.00341326 0.238
0.00342351 0.235202
0.0034338 0.232395
0.00344411 0.229643
0.00345446 0.226923
0.00346484 0.224235
0.00347525 0.22158
0.00348569 0.219347
0.00349616 0.216362
0.00350666 0.2138
0.00351719 0.211268
0.00352776 0.208745
0.00353836 0.206292
0.00354899 0.20383
0.00355965 0.201416
0.00357034 0.199031
0.00358107 0.196673
0.00359183 0.194343
0.00360262 0.192042
0.00361344 0.189747
0.00362429 0.1875
0.00363518 0.185279
0.0036461 0.183085
0.00365705 0.180917
0.00366804 0.178774
0.00367906 0.176657
0.00369011 0.174565
0.0037012 0.172477
0.00371232 0.170454
0.00372347 0.168436
0.00373465 0.166421
0.00374587 0.16445
0.00375713 0.162503
0.00376841 0.160578
0.00377973 0.158677
0.00379109 0.156797
0.00380248 0.15494
0.0038139 0.153106
0.00382536 0.151273
0.00383685 0.149481
0.00384837 0.147711
0.00385994 0.145961
0.00387153 0.144214
0.00388316 0.14253
0.00389483 0.140838
0.00390653 0.139169
0.00391826 0.137502
0.00393003 0.135892
0.00394184 0.134282
0.00395368 0.132674
0.00396556 0.131102
0.00397747 0.12955
0.00398942 0.128015
0.0040014 0.126479
0.00401343 0.124991
0.00402548 0.123485
0.00403758 0.122014
0.0040497 0.120579
0.00406187 0.119125
0.00407407 0.117706
0.00408631 0.116304
0.00409859 0.114919
0.0041109 0.11355
0.00412325 0.112198
0.00413564 0.110861
0.00414806 0.109541
0.00416052 0.108237
0.00417302 0.106947
0.00418555 0.105674
0.00419813 0.104398
0.00421074 0.103172
0.00422339 0.101926
0.00423608 0.100712
0.0042488 0.0995123
0.00426157 0.0983271
0.00427437 0.0971563
0.00428721 0.0959992
0.00430009 0.0948557
0.00431301 0.0937261
0.00432596 0.092593
0.00433896 0.0915069
0.00435199 0.0904001
0.00436507 0.0893234
0.00437818 0.0882765
0.00439133 0.0872084
0.00440452 0.0861698
0.00441776 0.0851432
0.00443103 0.0841459
0.00444434 0.0831271
0.00445769 0.0821372
0.00447108 0.0811589
0.00448451 0.0801923
0.00449798 0.0792373
0.0045115 0.0782934
0.00452505 0.0773612
0.00453864 0.0764398
0.00455228 0.0755296
0.00456595 0.0746301
0.00457967 0.0737252
0.00459343 0.0728631
0.00460723 0.0719953
0.00462107 0.0711381
0.00463495 0.0702908
0.00464887 0.0694382
0.00466284 0.0686109
0.00467685 0.0677939
0.0046909 0.0669864
0.00470499 0.0661884
0.00471912 0.0654003
0.0047333 0.0646213
0.00474752 0.0638517
0.00476178 0.0630914
0.00477608 0.0623246
0.00479043 0.0615821
0.00480482 0.0608485
0.00481926 0.060139
0.00483373 0.0594076
0.00484825 0.0587154
0.00486282 0.0580161
0.00487743 0.0573254
0.00489208 0.0566425
0.00490678 0.0559529
0.00492152 0.0552865
0.0049363 0.0546282
0.00495113 0.0539931
0.004966 0.0533347
0.00498092 0.0526994
0.00499589 0.0520717
0.00501089 0.0514517
0.00502595 0.0508386
0.00504105 0.0502332
0.00505619 0.0496205
0.00507138 0.0490439
0.00508661 0.0484599
0.00510189 0.0478682
0.00511722 0.0472981
0.00513259 0.046749
0.00514801 0.0461779
0.00516348 0.0456422
0.00517899 0.0450988
0.00519455 0.0445617
0.00521015 0.0440311
0.0052258 0.0435069
0.0052415 0.0429744
0.00525725 0.0424647
0.00527304 0.041957
0.00528888 0.0414571
0.00530477 0.0409633
0.00532071 0.0404756
0.00533669 0.0399936
0.00535272 0.0395171
0.0053688 0.0390464
0.00538493 0.0385815
0.00540111 0.0381221
0.00541733 0.0376678
0.00543361 0.0372194
0.00544993 0.0367761
0.0054663 0.0363381
0.00548272 0.0359054
0.00549919 0.0354776
0.00551571 0.0350553
0.00553228 0.0346245
0.0055489 0.0342253
0.00556557 0.0338045
0.00558229 0.0334149
0.00559906 0.033017
0.00561588 0.0326238
0.00563275 0.0322224
0.00564967 0.0318383
0.00566664 0.0314722
0.00568367 0.0310976
0.00570074 0.0307143
0.00571787 0.0303485
0.00573504 0.029987
0.00575227 0.0296426
0.00576955 0.0292768
0.00578689 0.0289281
0.00580427 0.0285835
0.00582171 0.028243
0.0058392 0.0279066
0.00585674 0.0275742
0.00587433 0.0272459
0.00589198 0.0269215
0.00590968 0.0266008
0.00592743 0.0262841
0.00594524 0.0259709
0.0059631 0.0256617
0.00598101 0.0253561
0.00599898 0.0250538
0.006017 0.0247549
0.00603508 0.0244579
0.00605321 0.0241644
0.00607139 0.0238769
0.00608963 0.0235906
0.00610792 0.0233088
0.00612627 0.0230291
0.00614468 0.022754
0.00616313 0.0224822
0.00618165 0.0222136
0.00620022 0.0219471
0.00621885 0.0216849
0.00623753 0.0214258
0.00625627 0.0211687
0.00627506 0.0209158
0.00629391 0.020666
0.00631282 0.0204413
0.00633178 0.0201752
0.0063508 0.019933
0.00636988 0.0196949
0.00638902 0.0194596
0.00640821 0.0192271
0.00642746 0.0189974
0.00644677 0.0187705
0.00646614 0.0185451
0.00648556 0.0183236
0.00650505 0.0181047
0.00652459 0.0178884
0.00654419 0.0176747
0.00656385 0.0174636
0.00658356 0.0172539
0.00660334 0.0170478
0.00662318 0.0168441
0.00664308 0.0166429
0.00666303 0.0164441
0.00668305 0.0162465
0.00670312 0.0160525
0.00672326 0.0158607
0.00674346 0.0156701
0.00676372 0.0154829
0.00678404 0.0152979
0.00680442 0.0151152
0.00682486 0.0149346
0.00684536 0.0147562
0.00686592 0.0145789
0.00688655 0.0144047
0.00690724 0.0142336
0.00692799 0.0140626
0.0069488 0.0138946
0.00696967 0.0137286
0.00699061 0.0135646
0.00701161 0.0134016
0.00703268 0.0132414
0.0070538 0.0130833
0.00707499 0.012927
0.00709625 0.0127726
0.00711756 0.012619
0.00713895 0.0124682
0.00716039 0.0123192
0.0071819 0.0121721
0.00720348 0.0120267
0.00722512 0.011883
0.00724682 0.011741
0.00726859 0.0115998
0.00729043 0.0114612
0.00731233 0.0113243
0.00733429 0.011189
0.00735633 0.0110553
0.00737843 0.0109233
0.00740059 0.0107928
0.00742282 0.0106629
0.00744512 0.0105355
0.00746749 0.0104096
0.00748992 0.0102853
0.00751242 0.0101614
0.00753499 0.010041
0.00755763 0.00992008
0.00758033 0.00980257
0.0076031 0.00968451
0.00762594 0.00956881
0.00764885 0.00945449
0.00767183 0.00934154
0.00769488 0.00922995
0.00771799 0.0091197
0.00774118 0.0090098
0.00776443 0.00890313
0.00778776 0.00879581
0.00781115 0.00869074
0.00783462 0.00858692
0.00785815 0.00848436
0.00788176 0.008383
0.00790544 0.00828191
0.00792919 0.00818389
0.00795301 0.0080852
0.0079769 0.00798862
0.00800086 0.00789317
0.0080249 0.00779872
0.008049 0.00770539
0.00807318 0.00761318
0.00809744 0.00752207
0.00812176 0.00743205
0.00814616 0.00734312
0.00817063 0.00725525
0.00819518 0.00716751
0.0082198 0.00708265
0.00824449 0.00699699
0.00826926 0.00691325
0.0082941 0.00683053
0.00831901 0.00674878
0.00834401 0.00666802
0.00836907 0.00658822
0.00839421 0.0065085
0.00841943 0.00643148
0.00844472 0.00635365
0.00847009 0.00627762
0.00849554 0.00620249
0.00852106 0.00612826
0.00854665 0.00605493
0.00857233 0.00598246
0.00859808 0.00591087
0.00862391 0.00583928
0.00864982 0.00577024
0.0086758 0.00570034
0.00870187 0.00563212
0.00872801 0.00556471
0.00875423 0.00549897
0.00878053 0.00543231
0.0088069 0.00536732
0.00883336 0.00530308
0.0088599 0.00523961
0.00888651 0.00517738
0.00891321 0.00511496
0.00893998 0.00505375
0.00896684 0.00499328
0.00899378 0.0049327
0.0090208 0.00487366
0.0090479 0.00481615
0.00907507 0.00475771
0.00910234 0.00470159
0.0092073 0.00449007
0.00939266 0.00414488
0.00958175 0.00382547
0.00977464 0.00353136
0.00997142 0.00325987
0.0101722 0.00300829
0.0103769 0.00277606
0.0105858 0.00256306
0.0107989 0.00236512
0.0110163 0.00218308
0.0112381 0.00201508
0.0114644 0.00185933
0.0116952 0.0017162
0.0119306 0.00158411
0.0121708 0.00146235
0.0124158 0.00134947
0.0126657 0.00124493
0.0129207 0.00114901
0.0131808 0.00106031
0.0134462 0.000978558
0.0137169 0.000903053
0.013993 0.00083341
0.0142747 0.000769015
0.0145621 0.000709752
0.0148552 0.000654771
0.0151543 0.000604243
0.0154594 0.000557572
0.0157706 0.000517916
0.0160881 8.47401e-05
0.016412 1.85601e-08
0.0167423 1.79016e-08
0.0170794 1.72663e-08
0.0174232 1.66536e-08
0.017774 1.60625e-08
0.0181318 1.54924e-08
0.0184968 1.49425e-08
0.0188692 1.4412e-08
0.019249 1.39004e-08
0.0196366 1.34069e-08
0.0200319 1.29309e-08
0.0204351 8.06234e-08
0.0208465 1.20289e-08
0.0212662 1.16017e-08
0.0216943 1.11896e-08
0.0221311 1.07922e-08
0.0225766 1.04089e-08
0.0230311 1.00391e-08
0.0234947 9.68249e-09
0.0239677 9.33852e-09
0.0244502 9.00673e-09
0.0249424 8.68672e-09
0.0254446 8.37802e-09
0.0259568 8.08026e-09
0.0264794 7.7931e-09
0.0270124 7.51613e-09
0.0275562 7.24897e-09
0.028111 6.99127e-09
0.0286769 6.74274e-09
0.0292542 6.50302e-09
0.0298431 6.27182e-09
0.0304439 6.04882e-09
0.0310568 5.8337e-09
0.031682 5.62622e-09
0.0323198 5.42612e-09
0.0329704 5.23313e-09
0.0336342 5.04699e-09
0.0343113 4.86743e-09
0.035002 4.69426e-09
0.0357067 4.52722e-09
0.0364255 4.36614e-09
0.0371588 4.21104e-09
0.0379068 4.06092e-09
0.03867 3.91637e-09
0.0394484 3.77698e-09
0.0402426 3.64251e-09
0.0410527 3.51283e-09
0.0418792 3.38775e-09
0.0427223 3.26712e-09
0.0435823 3.15078e-09
0.0444597 3.03856e-09
0.0453547 2.93033e-09
0.0462678 2.82595e-09
0.0471992 2.72527e-09
0.0481494 2.62817e-09
0.0491188 2.53452e-09
0.0501076 2.4442e-09
0.0511163 2.35709e-09
0.0521454 2.27308e-09
0.0531951 2.19205e-09
0.054266 2.11391e-09
0.0553585 2.03853e-09
0.0564729 1.96585e-09
0.0576098 1.89574e-09
0.0587696 1.82813e-09
0.0599527 1.76292e-09
0.0611596 1.70007e-09
0.0623908 1.63938e-09
0.0636469 1.58088e-09
0.0649282 1.52447e-09
0.0662353 1.47006e-09
0.0675687 1.41759e-09
0.0689289 1.36699e-09
0.0703166 1.31818e-09
0.0717321 1.27112e-09
0.0731762 1.22573e-09
0.0746494 1.18195e-09
0.0761521 1.13974e-09
0.0776852 1.09902e-09
0.0792491 1.05975e-09
0.0808445 1.02189e-09
0.082472 9.8537e-10
0.0841323 9.50152e-10
0.085826 9.16188e-10
0.0875538 8.83436e-10
0.0893164 8.51849e-10
0.0911145 8.21388e-10
0.0929487 7.92013e-10
0.0948199 7.63684e-10
0.0967288 7.36366e-10
0.0986761 7.1002e-10
0.100663 6.84611e-10
0.102689 6.60115e-10
0.104756 6.36489e-10
0.106865 6.13704e-10
0.109017 5.91728e-10
0.111211 5.70544e-10
0.11345 5.50112e-10
0.115734 5.30409e-10
0.118064 5.11409e-10
0.120441 4.93086e-10
0.122865 4.7542e-10
0.125339 4.58381e-10
0.127862 4.41952e-10
0.130436 4.2611e-10
0.133062 4.10832e-10
0.135741 3.961e-10
0.138473 3.81897e-10
0.141261 3.68198e-10
0.144105 3.5499e-10
0.147006 3.42253e-10
0.149965 3.29973e-10
0.152984 3.18131e-10
0.156064 3.06711e-10
0.159206 2.957e-10
0.162411 2.85083e-10
0.16568 2.74846e-10
0.169016 2.64973e-10
0.172418 2.55456e-10
0.175889 2.46278e-10
0.17943 2.37429e-10
0.183042 2.28896e-10
0.186727 2.20668e-10
0.190486 2.12736e-10
0.194321 2.05087e-10
0.198233 1.97711e-10
0.202224 1.906e-10
0.206295 1.83744e-10
0.210448 1.77134e-10
0.214685 1.70759e-10
0.219007 1.64614e-10
0.223415 1.58689e-10
0.227913 1.52976e-10
0.232501 1.47468e-10
0.237182 1.42157e-10
0.241957 1.37037e-10
0.246828 1.321e-10
0.251797 1.27341e-10
0.256866 1.22752e-10
0.262037 1.18328e-10
0.267312 1.14062e-10
0.272693 1.0995e-10
0.278183 1.05986e-10
0.283783 1.02163e-10
0.289496 9.84784e-11
0.295324 9.49258e-11
0.301269 9.15007e-11
0.307334 8.81984e-11
0.313522 8.50146e-11
0.319833 8.19457e-11
0.326272 7.89869e-11
0.33284 7.61349e-11
0.339541 7.33851e-11
0.346376 7.0734e-11
0.353349 6.81786e-11
0.360463 6.57149e-11
0.367719 6.33398e-11
0.375122 6.10502e-11
0.382674 5.88429e-11
0.390377 5.67154e-11
0.398236 5.46644e-11
0.406253 5.2687e-11
0.414432 5.07809e-11
0.422775 4.89436e-11
0.431286 4.71721e-11
0.439968 4.5465e-11
0.448826 4.3819e-11
0.457861 4.22326e-11
0.467079 4.07032e-11
0.476482 3.92289e-11
0.486074 3.78079e-11
0.495859 3.6438e-11
0.505841 3.51179e-11
0.516025 3.38451e-11
0.526413 3.26183e-11
0.537011 3.14357e-11
0.547821 3.02959e-11
0.55885 2.91972e-11
0.5701 2.81382e-11
0.581577 2.71172e-11
0.593285 2.61334e-11
0.605229 2.51851e-11
0.617413 2.42711e-11
0.629842 2.339e-11
0.642522 2.25408e-11
0.655457 2.17223e-11
0.668652 2.09335e-11
0.682113 2.01731e-11
0.695845 1.94402e-11
0.709853 1.87339e-11
0.724144 1.80531e-11
0.738722 1.73969e-11
0.753593 1.67646e-11
0.768764 1.61551e-11
0.784241 1.55676e-11
0.800028 1.50015e-11
0.816134 1.44558e-11
0.832564 1.39299e-11
0.849325 1.34231e-11
0.866423 1.29347e-11
0.883865 1.24639e-11
0.901659 1.20102e-11
