9.10033e-07 1.88056e-11
9.17323e-07 4.75362e-11
9.24672e-07 6.52627e-11
9.32079e-07 8.94963e-11
9.39546e-07 1.1441e-10
9.47072e-07 1.40268e-10
9.54659e-07 1.71994e-10
9.62306e-07 2.17446e-10
9.70015e-07 3.01458e-10
9.77785e-07 4.09417e-10
9.85618e-07 5.07703e-10
9.93513e-07 6.24047e-10
1.00147e-06 7.62816e-10
1.00949e-06 9.3031e-10
1.01758e-06 1.13688e-09
1.02573e-06 1.46895e-09
1.03395e-06 1.94429e-09
1.04223e-06 2.55041e-09
1.05058e-06 3.3225e-09
1.059e-06 4.25864e-09
1.06748e-06 5.32824e-09
1.07603e-06 6.64922e-09
1.08465e-06 8.12014e-09
1.09334e-06 9.86991e-09
1.1021e-06 1.20158e-08
1.11093e-06 1.50265e-08
1.11983e-06 1.89527e-08
1.1288e-06 2.39049e-08
1.13784e-06 3.01659e-08
1.14695e-06 3.78888e-08
1.15614e-06 4.75643e-08
1.1654e-06 5.96847e-08
1.17474e-06 7.48287e-08
1.18415e-06 8.96491e-08
1.19364e-06 1.04888e-07
1.2032e-06 1.22738e-07
1.21284e-06 1.44904e-07
1.22255e-06 1.79667e-07
1.23234e-06 2.24713e-07
1.24222e-06 2.80958e-07
1.25217e-06 3.16158e-07
1.2622e-06 3.1058e-07
1.27231e-06 2.9289e-07
1.2825e-06 2.4266e-07
1.29277e-06 2.88616e-07
1.30313e-06 3.7503e-07
1.31357e-06 4.26014e-07
1.32409e-06 4.75949e-07
1.3347e-06 5.89935e-07
1.34539e-06 7.11107e-07
1.35617e-06 8.33272e-07
1.36703e-06 9.78052e-07
1.37798e-06 1.15393e-06
1.38902e-06 1.36222e-06
1.40015e-06 1.57427e-06
1.41136e-06 1.71158e-06
1.42267e-06 1.85386e-06
1.43407e-06 2.04739e-06
1.44556e-06 2.43038e-06
1.45714e-06 2.90831e-06
1.46881e-06 3.4788e-06
1.48057e-06 4.13954e-06
1.49243e-06 4.91468e-06
1.50439e-06 5.83446e-06
1.51644e-06 6.84054e-06
1.52859e-06 7.9415e-06
1.54083e-06 9.21984e-06
1.55318e-06 1.06884e-05
1.56562e-06 1.23292e-05
1.57816e-06 1.42194e-05
1.5908e-06 1.53062e-05
1.60355e-06 1.37988e-05
1.61639e-06 1.24329e-05
1.62934e-06 1.37069e-05
1.64239e-06 1.64916e-05
1.65555e-06 1.98202e-05
1.66881e-06 2.28088e-05
1.68218e-06 2.56623e-05
1.69565e-06 2.88729e-05
1.70924e-06 3.29171e-05
1.72293e-06 3.80878e-05
1.73673e-06 4.34132e-05
1.75064e-06 4.74898e-05
1.76467e-06 5.19337e-05
1.7788e-06 5.90461e-05
1.79305e-06 6.80791e-05
1.80742e-06 7.75501e-05
1.8219e-06 0.000107632
1.83649e-06 0.000207587
1.8512e-06 0.000403017
1.86603e-06 0.000532381
1.88098e-06 0.000378983
1.89605e-06 0.000265423
1.91124e-06 0.000201422
1.92655e-06 0.000219857
1.94198e-06 0.000246108
1.95753e-06 0.000262812
1.97322e-06 0.000279863
1.98902e-06 0.00030602
2.00496e-06 0.000350683
2.02102e-06 0.000403654
2.03721e-06 0.000468494
2.05353e-06 0.000542688
2.06998e-06 0.000624796
2.08656e-06 0.000719091
2.10327e-06 0.000826355
2.12012e-06 0.000937739
2.13711e-06 0.00106138
2.15423e-06 0.00120034
2.17148e-06 0.00124432
2.18888e-06 0.00120409
2.20641e-06 0.00131586
2.22409e-06 0.00162451
2.2419e-06 0.00185414
2.25311e-06 0.00196281
2.25761e-06 0.00200853
2.26212e-06 0.00205499
2.26664e-06 0.00212871
2.27116e-06 0.0029368
2.2757e-06 0.00454871
2.27849e-06 0.00590481
2.28303e-06 0.00937682
2.28936e-06 0.0169146
2.29393e-06 0.0262033
2.30538e-06 0.035231
2.3238e-06 0.018109
2.34237e-06 0.00982859
2.3582e-06 0.00912841
2.37702e-06 0.00884616
2.39896e-06 0.00976857
2.41813e-06 0.0260167
2.43745e-06 0.0794306
2.45693e-06 0.240756
2.47656e-06 0.3705
2.49635e-06 0.385016
2.51629e-06 0.400435
2.5364e-06 0.440459
2.55667e-06 0.501578
2.57709e-06 0.446785
2.59769e-06 0.30247
2.61844e-06 0.300785
2.63936e-06 0.324661
2.66045e-06 0.319746
2.68171e-06 0.315508
2.70314e-06 0.399607
2.72474e-06 0.539704
2.74651e-06 0.517669
2.76845e-06 0.368289
2.79057e-06 0.296728
2.81287e-06 0.32455
2.83535e-06 0.356012
2.858e-06 0.328574
2.88084e-06 0.286061
2.90386e-06 0.259065
2.92706e-06 0.268498
2.95045e-06 0.280788
2.97402e-06 0.331387
2.99778e-06 0.423186
3.02174e-06 0.489058
3.04588e-06 0.513935
3.07022e-06 0.539669
3.09475e-06 0.538476
3.11948e-06 0.519306
3.1444e-06 0.500736
3.16953e-06 0.483082
3.19485e-06 0.495687
3.22038e-06 0.531067
3.24611e-06 0.568988
3.27205e-06 0.606845
3.29819e-06 0.57284
3.32455e-06 0.509308
3.35111e-06 0.452757
3.37789e-06 0.40911
3.40488e-06 0.420922
3.43208e-06 0.445824
3.45951e-06 0.472223
3.48715e-06 0.478716
3.51501e-06 0.438612
3.5431e-06 0.400108
3.57141e-06 0.378749
3.59994e-06 0.426362
3.62871e-06 0.491153
3.6577e-06 0.545983
3.68693e-06 0.463359
3.71639e-06 0.369278
3.74608e-06 0.303308
3.77601e-06 0.350367
3.80619e-06 0.441207
3.8366e-06 0.555521
3.86725e-06 0.580096
3.89815e-06 0.527744
3.9293e-06 0.480146
3.9607e-06 0.461354
3.99234e-06 0.487379
4.02424e-06 0.516211
4.0564e-06 0.548442
4.08881e-06 0.589267
4.12148e-06 0.633942
4.15441e-06 0.647899
4.18761e-06 0.622444
4.22107e-06 0.602269
4.25479e-06 0.604812
4.28879e-06 0.609695
4.32306e-06 0.597661
4.3576e-06 0.576731
4.39242e-06 0.55704
4.42751e-06 0.554969
4.46289e-06 0.57103
4.49855e-06 0.586802
4.53449e-06 0.583524
4.57073e-06 0.57027
4.60725e-06 0.571155
4.64406e-06 0.615337
4.68117e-06 0.665431
4.71857e-06 0.669832
4.75627e-06 0.627872
4.79428e-06 0.589563
4.83258e-06 0.563848
4.8712e-06 0.542763
4.91012e-06 0.542687
4.94935e-06 0.593734
4.9889e-06 0.650176
5.01343e-06 0.674729
5.02272e-06 0.679265
5.03203e-06 0.683783
5.04048e-06 0.687989
5.04982e-06 0.692881
5.06007e-06 0.696399
5.06945e-06 0.692244
5.07885e-06 0.686877
5.08826e-06 0.681528
5.09769e-06 0.676604
5.10714e-06 0.671288
5.11661e-06 0.666395
5.14183e-06 0.688554
5.18303e-06 0.735133
5.22456e-06 0.743986
5.26643e-06 0.725855
5.30863e-06 0.695457
5.35116e-06 0.633696
5.39404e-06 0.580951
5.43727e-06 0.587401
5.48084e-06 0.609993
5.52475e-06 0.642333
5.56903e-06 0.683806
5.61365e-06 0.707207
5.65863e-06 0.692416
5.70398e-06 0.677816
5.74968e-06 0.667014
5.79576e-06 0.658846
5.8422e-06 0.668884
5.88901e-06 0.680834
5.9362e-06 0.640462
5.98377e-06 0.586816
6.03172e-06 0.603483
6.08005e-06 0.661149
6.12877e-06 0.679934
6.17788e-06 0.669827
6.22738e-06 0.763145
6.27728e-06 0.968994
6.32759e-06 0.917669
6.37829e-06 0.686523
6.4294e-06 0.610699
6.48092e-06 0.619934
6.53285e-06 0.616594
6.5852e-06 0.607596
6.63797e-06 0.605579
6.69116e-06 0.61007
6.74477e-06 0.614144
6.79882e-06 0.602241
6.8533e-06 0.588066
6.90822e-06 0.582189
6.96357e-06 0.58084
7.01937e-06 0.587457
7.07562e-06 0.589826
7.13232e-06 0.587465
7.18947e-06 0.583661
7.24708e-06 0.579022
7.30515e-06 0.573283
7.36369e-06 0.565061
7.42269e-06 0.551903
7.48217e-06 0.499809
7.54213e-06 0.433925
7.60256e-06 0.48507
7.66348e-06 0.537811
7.72489e-06 0.49485
7.78679e-06 0.448541
7.84919e-06 0.419329
7.91209e-06 0.480257
7.97549e-06 0.528221
8.0394e-06 0.522989
8.10382e-06 0.516527
8.16875e-06 0.511405
8.23421e-06 0.507087
8.30019e-06 0.451801
8.3667e-06 0.420925
8.43374e-06 0.478604
8.50132e-06 0.487005
8.56945e-06 0.479258
8.63811e-06 0.483377
8.70733e-06 0.480249
8.77711e-06 0.475722
8.84744e-06 0.472175
8.91833e-06 0.470283
8.9898e-06 0.467468
9.02709e-06 0.465307
9.02978e-06 0.465168
9.03248e-06 0.465029
9.03517e-06 0.464891
9.03787e-06 0.464752
9.04057e-06 0.464613
9.04326e-06 0.464475
9.04596e-06 0.464336
9.04866e-06 0.464198
9.05136e-06 0.469333
9.05406e-06 0.477215
9.05677e-06 0.485321
9.05947e-06 0.493194
9.06217e-06 0.50152
9.06488e-06 0.509841
9.06758e-06 0.518386
9.07029e-06 0.526926
9.07299e-06 0.53569
9.0757e-06 0.544676
9.07841e-06 0.553657
9.08112e-06 0.562862
9.08383e-06 0.572289
9.08654e-06 0.581939
9.08925e-06 0.591583
9.09197e-06 0.60145
9.09468e-06 0.611311
9.09739e-06 0.621622
9.10011e-06 0.631926
9.10282e-06 0.642454
9.10554e-06 0.653201
9.10826e-06 0.663943
9.11098e-06 0.675134
9.11369e-06 0.686318
9.11641e-06 0.697723
9.11913e-06 0.709349
9.12071e-06 0.716052
9.12343e-06 1.46048
9.1273e-06 1.49499
9.13002e-06 1.5198
9.13275e-06 1.5448
9.13547e-06 1.57067
9.1382e-06 1.59674
9.14093e-06 1.62324
9.14366e-06 1.65019
9.14638e-06 1.67735
9.14911e-06 1.70319
9.15184e-06 1.70489
9.15458e-06 1.70084
9.15731e-06 1.69658
9.16004e-06 1.69233
9.16277e-06 1.6891
9.16551e-06 1.68386
9.16824e-06 1.80843
9.17098e-06 1.67544
9.17372e-06 1.67124
9.17645e-06 1.79747
9.17919e-06 1.66265
9.18193e-06 1.65871
9.18467e-06 1.78562
9.18741e-06 1.65041
9.19016e-06 1.64628
9.1929e-06 1.64215
9.19564e-06 1.76771
9.19838e-06 1.63393
9.20113e-06 1.62984
9.20388e-06 1.62576
9.20662e-06 1.62168
9.20937e-06 1.61762
9.21212e-06 1.74123
9.21487e-06 1.60953
9.21762e-06 1.60527
9.22037e-06 1.60125
9.22312e-06 1.59746
9.22587e-06 1.59346
9.22863e-06 1.58947
9.23138e-06 1.58548
9.23413e-06 1.68513
9.23689e-06 1.57756
9.23965e-06 1.5736
9.2424e-06 1.56968
9.24516e-06 1.5655
9.24792e-06 1.56181
9.25068e-06 1.56757
9.25344e-06 1.58505
9.25941e-06 1.62362
9.2686e-06 1.71605
9.2778e-06 1.74792
9.287e-06 1.8136
9.29622e-06 1.88175
9.30544e-06 1.95226
9.31467e-06 2.05863
9.32391e-06 2.10202
9.33317e-06 2.18104
9.34243e-06 2.26305
9.3517e-06 2.33073
9.36097e-06 2.35674
9.37026e-06 2.38101
9.37956e-06 2.44126
9.38887e-06 2.43029
9.39818e-06 2.45532
9.40751e-06 2.48059
9.41684e-06 2.50614
9.42619e-06 2.53195
9.43554e-06 2.55824
9.4449e-06 2.58436
9.45427e-06 2.60055
9.46365e-06 2.61001
9.47304e-06 2.61383
9.48244e-06 2.6205
9.49185e-06 2.62741
9.50127e-06 2.67331
9.5107e-06 2.64081
9.52013e-06 2.64735
9.52958e-06 2.65438
9.53903e-06 2.66088
9.5485e-06 2.66838
9.55797e-06 2.68222
9.56746e-06 2.69765
9.57695e-06 2.71317
9.58645e-06 2.72878
9.59596e-06 2.74448
9.60549e-06 2.76048
9.61502e-06 2.77615
9.62456e-06 2.79212
9.63411e-06 2.80819
9.64367e-06 2.82445
9.65323e-06 2.79704
9.66281e-06 2.70663
9.6724e-06 2.61807
9.682e-06 2.53251
9.6916e-06 2.44981
9.70122e-06 2.36981
9.71085e-06 2.2926
9.72048e-06 2.21767
9.73013e-06 2.18622
9.73978e-06 2.07512
9.74944e-06 2.02439
9.75912e-06 2.06845
9.7688e-06 2.13
9.77849e-06 2.45057
9.7882e-06 2.25865
9.79791e-06 2.32587
9.80763e-06 2.39514
9.81736e-06 2.46657
9.8271e-06 2.53977
9.83685e-06 2.61537
9.84661e-06 2.69072
9.85638e-06 2.70566
9.86616e-06 2.69297
9.87595e-06 2.68056
9.88575e-06 2.66778
9.89556e-06 2.65549
9.90538e-06 2.64283
9.91521e-06 2.64015
9.92504e-06 2.61846
9.93489e-06 2.60619
9.94475e-06 2.59363
9.95462e-06 2.58704
9.96449e-06 2.58541
9.97438e-06 2.58379
9.98428e-06 2.58236
9.99418e-06 2.58054
1.00041e-05 2.57891
1.0014e-05 2.57729
1.0024e-05 2.57593
1.00339e-05 2.57404
1.00439e-05 2.57241
1.00538e-05 2.57197
1.00638e-05 2.57313
1.00738e-05 2.57888
1.00838e-05 2.57503
1.00938e-05 2.57578
1.01038e-05 2.57674
1.01138e-05 2.57776
1.01239e-05 2.57864
1.01746e-05 2.40912
1.02665e-05 2.1103
1.03593e-05 2.40567
1.0453e-05 2.55195
1.05474e-05 2.50809
1.06428e-05 2.3925
1.0739e-05 2.32339
1.0836e-05 2.26225
1.0934e-05 2.30002
1.10328e-05 2.25568
1.11325e-05 2.19057
1.12331e-05 2.04206
1.13347e-05 2.09245
1.14371e-05 2.05534
1.15405e-05 1.99319
1.16448e-05 1.92458
1.175e-05 1.763
1.18563e-05 1.85182
1.19634e-05 1.77347
1.20715e-05 1.597
1.21807e-05 15.8295
1.22908e-05 1.60569
1.24018e-05 1.66883
1.25139e-05 1.71878
1.2627e-05 1.65362
1.27412e-05 1.63766
1.28563e-05 1.60236
1.29725e-05 1.54452
1.30898e-05 1.53503
1.32081e-05 1.51236
1.33275e-05 1.47556
1.34479e-05 1.4369
1.35695e-05 1.42383
1.36921e-05 1.38636
1.38159e-05 1.35271
1.39408e-05 1.26458
1.40668e-05 1.25571
1.41939e-05 1.25594
1.43222e-05 1.22457
1.44517e-05 1.20888
1.45823e-05 1.1778
1.47141e-05 1.14913
1.48471e-05 1.12559
1.49813e-05 1.09667
1.51167e-05 1.05996
1.52533e-05 1.03131
1.53912e-05 0.935332
1.55303e-05 0.936576
1.56707e-05 0.943324
1.58123e-05 0.925222
1.59552e-05 0.915073
1.60994e-05 0.888565
1.6245e-05 0.869586
1.63918e-05 0.850812
1.65399e-05 0.831786
1.66894e-05 0.825083
1.68403e-05 0.824256
1.69925e-05 0.779929
1.71461e-05 0.756498
1.73011e-05 0.738839
1.74574e-05 0.727478
1.76152e-05 0.704131
1.77744e-05 0.686723
1.79351e-05 0.673641
1.80972e-05 0.660867
1.82608e-05 0.640395
1.84258e-05 0.617815
1.85924e-05 0.601566
1.87604e-05 0.619026
1.893e-05 0.58772
1.91011e-05 0.672843
1.92737e-05 0.538026
1.94479e-05 0.530305
1.96237e-05 0.515791
1.98011e-05 0.507629
1.99801e-05 0.491349
2.01606e-05 0.483857
2.03429e-05 0.470617
2.05267e-05 0.450011
2.07123e-05 0.449513
2.08995e-05 0.440018
2.10884e-05 0.431374
2.1279e-05 0.423055
2.14713e-05 0.410364
2.16654e-05 0.401
2.18612e-05 0.39101
2.20588e-05 0.381522
2.22582e-05 0.370754
2.24594e-05 0.361363
2.26624e-05 0.352343
2.28672e-05 0.345806
2.30739e-05 0.333205
2.32824e-05 0.33919
2.34929e-05 0.31617
2.37052e-05 0.307865
2.39195e-05 0.299463
2.41357e-05 0.292238
2.43538e-05 0.284783
2.4574e-05 0.277686
2.47961e-05 0.269579
2.50202e-05 0.260174
2.52463e-05 0.255352
2.54745e-05 0.249198
2.57048e-05 0.245654
2.59371e-05 0.238124
2.61715e-05 0.231221
2.64081e-05 0.226199
2.66468e-05 0.222895
2.68876e-05 0.215039
2.71306e-05 0.209321
2.73759e-05 0.203517
2.76233e-05 0.1983
2.7873e-05 0.228542
2.81249e-05 0.206124
2.83791e-05 0.191937
2.86356e-05 0.179667
2.88944e-05 0.175077
2.91556e-05 0.170876
2.94191e-05 0.166115
2.9685e-05 0.162109
2.99533e-05 0.15816
3.02241e-05 0.154307
3.04973e-05 0.150466
3.07729e-05 0.146713
3.10511e-05 0.145681
3.13317e-05 0.139458
3.16149e-05 0.13603
3.19007e-05 0.132343
3.2189e-05 0.129325
3.24799e-05 0.126331
3.27735e-05 0.123248
3.30697e-05 0.120318
3.33686e-05 0.117446
3.36702e-05 0.114582
3.39746e-05 0.111788
3.42816e-05 0.108778
3.45915e-05 0.106328
3.49042e-05 0.104051
3.50791e-05 0.102796
3.51141e-05 0.102538
3.51492e-05 0.10226
3.51844e-05 0.10199
3.52195e-05 0.101708
3.52548e-05 0.101434
3.529e-05 0.101166
3.53253e-05 0.100898
3.53606e-05 0.100646
3.5396e-05 0.100382
3.54313e-05 0.100126
3.54668e-05 0.0998756
3.55022e-05 0.0996214
3.55377e-05 0.0993715
3.55732e-05 0.0991168
3.56088e-05 0.0988686
3.56444e-05 0.098627
3.568e-05 0.0983806
3.57157e-05 0.0981027
3.57514e-05 0.0978113
3.57872e-05 0.097521
3.58229e-05 0.0972201
3.58587e-05 0.0969263
3.58946e-05 0.0966318
3.59305e-05 0.0963871
3.59664e-05 0.09614
3.60024e-05 0.095905
3.60384e-05 0.0956596
3.60744e-05 0.0954259
3.61104e-05 0.0951821
3.61465e-05 0.0949233
3.61827e-05 0.0946707
3.62189e-05 0.0944247
3.62551e-05 0.0941679
3.62913e-05 0.0939274
3.63276e-05 0.0937059
3.63639e-05 0.0935035
3.64003e-05 0.0934783
3.64367e-05 0.0942597
3.64696e-05 0.0950588
3.65061e-05 0.0834262
3.6546e-05 0.0831357
3.65826e-05 0.0828224
3.66192e-05 0.0825162
3.66558e-05 0.0821999
3.66924e-05 0.0818964
3.67291e-05 0.0816619
3.67658e-05 0.0814526
3.68026e-05 0.0812372
3.68394e-05 0.0809563
3.68762e-05 0.0807428
3.69131e-05 0.0807807
3.695e-05 0.0811444
3.69869e-05 0.0815049
3.70239e-05 0.081873
3.70609e-05 0.0822485
3.70979e-05 0.0825421
3.7135e-05 0.0824499
3.71722e-05 0.0822852
3.72093e-05 0.0857197
3.72465e-05 0.123228
3.72838e-05 0.690645
3.7321e-05 0.0821556
3.73583e-05 0.133772
3.73957e-05 0.0835556
3.74331e-05 0.0842638
3.74705e-05 0.084973
3.7508e-05 0.148478
3.75455e-05 0.0853121
3.7583e-05 0.0851732
3.76206e-05 0.0850291
3.76582e-05 0.0848795
3.76958e-05 0.0847915
3.77335e-05 0.164004
3.77712e-05 0.0853904
3.7809e-05 0.0857294
3.78468e-05 0.0860647
3.78846e-05 0.0864133
3.79225e-05 0.0867924
3.79604e-05 0.0872022
3.79984e-05 0.18775
3.80364e-05 0.0880279
3.80744e-05 0.0884499
3.81124e-05 0.088125
3.81505e-05 0.0867259
3.81887e-05 0.0853346
3.82269e-05 0.0839721
3.82651e-05 0.0826327
3.83033e-05 0.0818315
3.83416e-05 0.0829442
3.838e-05 0.188935
3.84183e-05 0.0855225
3.84567e-05 0.0868389
3.84952e-05 0.0880508
3.85337e-05 0.0882365
3.85722e-05 0.088204
3.86108e-05 0.0881767
3.86494e-05 0.0881386
3.8688e-05 0.199501
3.87267e-05 0.0864078
3.87654e-05 0.0842065
3.88041e-05 0.0820648
3.88429e-05 0.0799819
3.88818e-05 0.160513
3.89206e-05 0.220119
3.89596e-05 0.0797676
3.89985e-05 0.0814805
3.90375e-05 0.0832228
3.90765e-05 0.0850162
3.91156e-05 0.0858408
3.91547e-05 0.0854404
3.91938e-05 0.0850525
3.9233e-05 0.0846557
3.92722e-05 0.0867696
3.93115e-05 0.0839833
3.93508e-05 0.0855342
3.93901e-05 0.0837299
3.94295e-05 0.0836086
3.94689e-05 0.0834935
3.95084e-05 0.0826655
3.95479e-05 0.0802729
3.95874e-05 0.0778821
3.9627e-05 0.0755648
3.96666e-05 0.106085
3.97063e-05 0.0729847
3.9746e-05 0.280056
3.97857e-05 0.075444
3.98255e-05 0.0772381
3.98653e-05 0.0790839
3.99052e-05 0.0804891
3.99451e-05 0.0804653
3.9985e-05 0.0803597
4.0025e-05 0.080254
4.0065e-05 0.0801487
4.0105e-05 0.0832088
4.01451e-05 0.0795862
4.01853e-05 0.0791838
4.02254e-05 0.0787788
4.02656e-05 0.0783862
4.03059e-05 0.078081
4.03462e-05 0.0780595
4.03865e-05 0.0780368
4.04269e-05 0.0780288
4.04673e-05 0.0780068
4.05078e-05 0.0779082
4.05483e-05 0.0776047
4.05888e-05 0.077297
4.06294e-05 0.0769904
4.067e-05 0.0766909
4.07107e-05 0.0814142
4.07514e-05 0.0755841
4.07921e-05 0.0764647
4.08329e-05 0.074058
4.08737e-05 0.0733466
4.09146e-05 0.0723789
4.09555e-05 0.0710889
4.09964e-05 0.0697665
4.10374e-05 0.389244
4.10784e-05 0.0672584
4.11195e-05 0.0673783
4.11606e-05 0.068562
4.12018e-05 0.0698118
4.1243e-05 0.0710764
4.12842e-05 0.0723491
4.13255e-05 0.0727125
4.13668e-05 0.0725865
4.14081e-05 0.072466
4.14495e-05 0.0770123
4.1491e-05 0.0722054
4.15324e-05 0.0720161
4.1574e-05 0.0717839
4.16155e-05 0.0715587
4.16571e-05 0.0713444
4.16988e-05 0.0711295
4.17405e-05 0.0709297
4.17822e-05 0.0707427
4.1824e-05 0.0705464
4.18658e-05 0.0703639
4.19076e-05 0.0701597
4.19495e-05 0.0699497
4.19915e-05 0.0697396
4.20335e-05 0.0695351
4.20755e-05 0.0693264
4.21175e-05 0.0691136
4.21596e-05 0.0688913
4.22018e-05 0.0686745
4.2244e-05 0.0684634
4.22862e-05 0.0682549
4.23285e-05 0.0680348
4.23708e-05 0.0678192
4.24132e-05 0.0676063
4.24556e-05 0.0674004
4.2498e-05 0.0671817
4.25405e-05 0.0669471
4.2583e-05 0.0667099
4.26256e-05 0.0664737
4.26682e-05 0.0662931
4.27109e-05 0.0660181
4.27536e-05 0.0658271
4.27963e-05 0.0656621
4.28391e-05 0.065449
4.28819e-05 0.0652598
4.29248e-05 0.0650262
4.29677e-05 0.0647309
4.30107e-05 0.0644502
4.30537e-05 0.0641703
4.30967e-05 0.0638329
4.31398e-05 0.0631297
4.31829e-05 0.0623648
4.32261e-05 0.0616146
4.32693e-05 0.0608692
4.33126e-05 0.0600834
4.33559e-05 0.0592321
4.33992e-05 0.0584759
4.34426e-05 0.601294
4.3486e-05 0.056808
4.35295e-05 0.0572814
4.3573e-05 0.0582969
4.36166e-05 0.085094
4.36602e-05 0.0603828
4.37038e-05 0.0611879
4.37475e-05 0.0610236
4.37913e-05 0.0607874
4.3835e-05 0.060551
4.38789e-05 0.0677964
4.39227e-05 0.0601673
4.39667e-05 0.0600789
4.40106e-05 0.0599906
4.40546e-05 0.0599024
4.40986e-05 0.0598026
4.41427e-05 0.059642
4.41869e-05 0.059472
4.4231e-05 0.0593028
4.42753e-05 0.059134
4.43195e-05 0.0589674
4.43638e-05 0.0588038
4.44082e-05 0.058639
4.44526e-05 0.0584757
4.4497e-05 0.0582866
4.45415e-05 0.0579497
4.4586e-05 0.0575782
4.46306e-05 0.0572138
4.46752e-05 0.0568564
4.47199e-05 0.0878331
4.47646e-05 0.0566608
4.48093e-05 0.0566587
4.48541e-05 0.0566472
4.4899e-05 0.0566211
4.49439e-05 0.0564994
4.49888e-05 0.0563652
4.50338e-05 0.0562311
4.50788e-05 0.0560973
4.51239e-05 0.0559282
4.5169e-05 0.055736
4.52141e-05 0.0555445
4.52593e-05 0.0553535
4.53046e-05 0.0551628
4.53499e-05 0.054969
4.53952e-05 0.0547761
4.54406e-05 0.0545839
4.5486e-05 0.0543944
4.55315e-05 0.0542479
4.5577e-05 0.0541184
4.56226e-05 0.0539894
4.56682e-05 0.0538606
4.57139e-05 0.0537264
4.57596e-05 0.0535301
4.58053e-05 0.0533489
4.58511e-05 0.0531683
4.58969e-05 0.052994
4.59428e-05 0.0528552
4.59888e-05 0.0527149
4.60347e-05 0.0525788
4.60807e-05 0.0524508
4.61268e-05 0.0522811
4.61729e-05 0.0521067
4.62191e-05 0.0519109
4.62653e-05 0.0517291
4.63116e-05 0.051549
4.63579e-05 0.0514678
4.64042e-05 0.0512497
4.64506e-05 0.0510232
4.6497e-05 0.0509758
4.65435e-05 0.0507116
4.659e-05 0.0577207
4.66366e-05 0.0504535
4.66832e-05 0.0503173
4.67299e-05 0.050154
4.67766e-05 0.0499754
4.68234e-05 0.0497972
4.68702e-05 0.0496563
4.69171e-05 0.0494273
4.6964e-05 0.0492191
4.70109e-05 0.049003
4.70579e-05 0.0487923
4.7105e-05 0.0494036
4.71521e-05 0.048532
4.71992e-05 0.0484592
4.72464e-05 0.0483863
4.72936e-05 0.0483063
4.73409e-05 0.0481715
4.73882e-05 0.0486313
4.74356e-05 0.0478785
4.7483e-05 0.0477329
4.75305e-05 0.0475903
4.7578e-05 0.0474497
4.76256e-05 0.0473095
4.76732e-05 0.0471697
4.77209e-05 0.0470258
4.77686e-05 0.0468776
4.78163e-05 0.04673
4.78641e-05 0.0465828
4.7912e-05 0.0464305
4.79599e-05 0.0462685
4.80078e-05 0.0461067
4.80558e-05 0.0459455
4.81039e-05 0.0457814
4.81519e-05 0.0456061
4.82001e-05 0.0454303
4.82483e-05 0.0452553
4.82965e-05 0.0450345
4.83448e-05 0.0445318
4.83931e-05 0.0439821
4.84415e-05 0.0434396
4.84899e-05 0.0428864
4.85384e-05 0.0421146
4.85869e-05 0.041297
4.86355e-05 1.06317
4.86841e-05 0.0397574
4.87328e-05 0.0401454
4.87815e-05 0.0410415
4.88303e-05 0.0419599
4.88791e-05 0.0428909
4.8928e-05 0.0432014
4.89769e-05 0.0431236
4.90259e-05 0.0430416
4.90749e-05 0.0429599
4.91239e-05 0.0428069
4.9173e-05 0.0558805
4.92222e-05 0.0423596
4.92714e-05 0.0421407
4.93207e-05 0.0420099
4.937e-05 0.0419766
4.94193e-05 0.0419434
4.94687e-05 0.0419102
4.95182e-05 0.0418337
4.95677e-05 0.380362
4.96173e-05 0.0415724
4.96669e-05 0.0414393
4.97165e-05 0.0413052
4.97662e-05 0.041166
4.9816e-05 0.0410274
4.98658e-05 0.0408892
4.99156e-05 0.0407261
4.99655e-05 0.040523
5.00155e-05 0.0403202
5.00655e-05 1.00812
5.01155e-05 0.0399708
5.01656e-05 0.0571653
5.02158e-05 0.0398771
5.0266e-05 0.0398291
5.03162e-05 0.0397396
5.03665e-05 0.0395811
5.04169e-05 0.0394306
5.04673e-05 0.0392766
5.05178e-05 0.0391519
5.05683e-05 0.0390677
5.06188e-05 0.0389839
5.06694e-05 0.0389003
5.07201e-05 0.0388002
5.07708e-05 0.03868
5.08215e-05 0.0385604
5.08723e-05 0.038441
5.09232e-05 0.038321
5.09741e-05 0.0382005
5.10251e-05 0.0380803
5.10761e-05 0.0379606
5.11271e-05 0.03784
5.11783e-05 0.0377076
5.12294e-05 0.03758
5.12806e-05 0.0374527
5.13319e-05 0.0373244
5.13832e-05 0.0371956
5.14346e-05 0.0370674
5.1486e-05 0.0369399
5.15375e-05 0.0368164
5.1589e-05 0.0366947
5.16406e-05 0.0365694
5.16922e-05 0.0364531
5.17439e-05 0.036337
5.17956e-05 0.0362225
5.18474e-05 0.0361042
5.18992e-05 0.0363334
5.19511e-05 0.0358941
5.20031e-05 0.0363783
5.2055e-05 0.0356937
5.21071e-05 0.03559
5.21592e-05 0.0354749
5.22113e-05 0.0353593
5.22635e-05 0.0352403
5.23158e-05 0.0351373
5.23681e-05 0.0350433
5.24204e-05 0.0349498
5.24728e-05 0.0348565
5.25253e-05 0.0347347
5.25778e-05 0.0345884
5.26304e-05 0.0344429
5.2683e-05 0.037899
5.27357e-05 0.0342012
5.27884e-05 0.0341217
5.28412e-05 0.0340424
5.2894e-05 0.0339598
5.29469e-05 0.0338546
5.29998e-05 0.0337453
5.30528e-05 0.0336363
5.31058e-05 0.0335272
5.31589e-05 0.0334174
5.32121e-05 0.0333078
5.32653e-05 0.0332254
5.33185e-05 0.0330974
5.33718e-05 0.0330208
5.34252e-05 0.0329406
5.34786e-05 0.0328601
5.3532e-05 0.0327601
5.35856e-05 0.0326456
5.36391e-05 0.0325355
5.36928e-05 0.0324308
5.37464e-05 0.0323327
5.38002e-05 0.0322331
5.3854e-05 0.0321376
5.39078e-05 0.0320423
5.39617e-05 0.0319315
5.40156e-05 0.0318203
5.40696e-05 0.0317096
5.41237e-05 0.0316057
5.41778e-05 0.0315107
5.4232e-05 0.0314154
5.42862e-05 0.0313205
5.43405e-05 0.0312293
5.43948e-05 0.0311394
5.44492e-05 0.0310498
5.45036e-05 0.0309591
5.45581e-05 0.0308633
5.46126e-05 0.0307673
5.46672e-05 0.0306679
5.47219e-05 0.030577
5.47766e-05 0.0304834
5.48313e-05 0.03039
5.48862e-05 0.0302968
5.4941e-05 0.0301992
5.4996e-05 0.030108
5.50509e-05 0.0300139
5.5106e-05 0.029916
5.51611e-05 0.030447
5.52162e-05 0.0297315
5.52714e-05 0.0296341
5.53267e-05 0.0295448
5.5382e-05 0.0299227
5.54374e-05 0.0293774
5.54928e-05 0.0292874
5.55483e-05 0.0291972
5.56038e-05 0.0291019
5.56594e-05 0.0290069
5.5715e-05 0.0289136
5.57707e-05 0.028902
5.58265e-05 0.0287334
5.58823e-05 0.0286438
5.59382e-05 0.0285569
5.59941e-05 0.0284712
5.60501e-05 0.0283859
5.61061e-05 0.0283006
5.61622e-05 0.0282155
5.62183e-05 0.0281268
5.62745e-05 0.0280458
5.63308e-05 0.0279577
5.63871e-05 0.0278674
5.64435e-05 0.0277738
5.64999e-05 0.0276878
5.65564e-05 0.0275987
5.66129e-05 0.02751
5.66695e-05 0.0274178
5.67262e-05 0.0273372
5.67829e-05 0.0272584
5.68397e-05 0.0271766
5.68965e-05 0.0270907
5.69534e-05 0.0269988
5.70103e-05 0.0268976
5.70673e-05 0.0268041
5.71244e-05 0.026718
5.71815e-05 0.0266392
5.72386e-05 0.0265679
5.72959e-05 0.0264881
5.73531e-05 0.0264044
5.74105e-05 0.0263231
5.74679e-05 0.0262385
5.75253e-05 0.0269482
5.75828e-05 0.0260827
5.76404e-05 0.0260072
5.7698e-05 0.0259318
5.77557e-05 0.0258517
5.78135e-05 0.0257752
5.78713e-05 0.025699
5.79291e-05 0.02563
5.7987e-05 0.0255603
5.8045e-05 0.0254908
5.8103e-05 0.0254202
5.81611e-05 0.0253452
5.82192e-05 0.02527
5.82775e-05 0.0276093
5.83357e-05 0.0251172
5.8394e-05 0.0250383
5.84524e-05 0.024956
5.85109e-05 0.0248588
5.85693e-05 0.0247057
5.86279e-05 0.0245512
5.86865e-05 0.0244006
5.87452e-05 0.0900431
5.88039e-05 0.0243501
5.88627e-05 0.0243441
5.89215e-05 0.0243128
5.89805e-05 0.0242615
5.90394e-05 0.0241936
5.90984e-05 0.0241321
5.91575e-05 0.0240595
5.92167e-05 0.0239853
5.92759e-05 0.0239113
5.93351e-05 0.0238373
5.93945e-05 0.0237631
5.94538e-05 0.0236893
5.95133e-05 0.0236168
5.95728e-05 0.0235471
5.96323e-05 0.0234778
5.96919e-05 0.0234082
5.97516e-05 0.0233352
5.98113e-05 0.0232581
5.98711e-05 0.0231848
5.9931e-05 0.0231128
5.99909e-05 0.0230454
6.00509e-05 0.0229748
6.01109e-05 0.0229013
6.0171e-05 0.0228357
6.02312e-05 0.0227634
6.02914e-05 0.0226983
6.03517e-05 0.0226268
6.0412e-05 0.0225624
6.04724e-05 0.0224914
6.05329e-05 0.0224266
6.05934e-05 0.0223546
6.06539e-05 0.0222898
6.07146e-05 0.0222213
6.07753e-05 0.0221488
6.0836e-05 0.0220801
6.08969e-05 0.0220149
6.09577e-05 0.021943
6.10187e-05 0.0218748
6.10797e-05 0.0218102
6.11408e-05 0.0217394
6.12019e-05 0.0216643
6.12631e-05 0.0215929
6.13243e-05 0.0215231
6.13856e-05 0.0214551
6.1447e-05 0.0213908
6.15084e-05 0.021321
6.15699e-05 0.0212581
6.16315e-05 0.0211989
6.16931e-05 0.0211336
6.17548e-05 0.0210786
6.18165e-05 0.0210212
6.18783e-05 0.0209604
6.19401e-05 0.0208991
6.20021e-05 0.020836
6.20641e-05 0.0207765
6.21261e-05 0.0207081
6.21882e-05 0.0206439
6.22504e-05 0.0205765
6.23126e-05 0.0205078
6.23749e-05 0.0204356
6.24373e-05 0.0203601
6.24997e-05 0.020292
6.25622e-05 0.0202452
6.26247e-05 0.0201976
6.26873e-05 0.0201495
6.275e-05 0.020091
6.28127e-05 0.0200298
6.28755e-05 0.0199687
6.29384e-05 0.0199013
6.30013e-05 0.0239021
6.30643e-05 0.0197736
6.31273e-05 0.0233134
6.31905e-05 0.0196545
6.32536e-05 0.0196009
6.33169e-05 0.0195418
6.33802e-05 0.0194766
6.34435e-05 0.0194082
6.3507e-05 0.0193487
6.35704e-05 0.0192896
6.3634e-05 0.0205215
6.36976e-05 0.0191794
6.37613e-05 0.0191253
6.3825e-05 0.0190748
6.38889e-05 0.0190203
6.39527e-05 0.0189559
6.40167e-05 0.0188964
6.40807e-05 0.0188341
6.41447e-05 0.0187743
6.42089e-05 0.0187233
6.4273e-05 0.0186692
6.43373e-05 0.0186122
6.44016e-05 0.0185536
6.4466e-05 0.0184951
6.45305e-05 0.0184398
6.4595e-05 0.0183872
6.46595e-05 0.0183348
6.47242e-05 0.0182776
6.47889e-05 0.0182149
6.48537e-05 0.0181522
6.49185e-05 0.0180933
6.49834e-05 0.0180371
6.50484e-05 0.0179876
6.51134e-05 0.0179305
6.51785e-05 0.01786
6.52437e-05 0.0177956
6.53089e-05 0.0176958
6.53742e-05 0.0175176
6.54395e-05 0.0173336
6.5505e-05 0.0250093
6.55704e-05 0.016633
6.5636e-05 0.0161717
6.57016e-05 2.20616
6.57673e-05 0.0162792
6.5833e-05 0.0399821
6.58989e-05 0.0171216
6.59647e-05 0.0171594
6.60307e-05 0.0171489
6.60967e-05 0.0171313
6.61628e-05 0.0170884
6.62289e-05 0.017045
6.62951e-05 0.017001
6.63614e-05 0.0169528
6.64278e-05 0.0169038
6.64942e-05 0.0168557
6.65606e-05 0.0167864
6.66272e-05 0.0167205
6.66938e-05 0.0458494
6.67605e-05 0.0325989
6.68272e-05 0.0165513
6.6894e-05 0.0165081
6.69609e-05 0.0164735
6.70278e-05 0.0164412
6.70949e-05 0.016407
6.71619e-05 0.0385993
6.72291e-05 0.0163104
6.72963e-05 0.0330952
6.73636e-05 0.0162161
6.74309e-05 0.0161667
6.74983e-05 0.0161143
6.75658e-05 0.0160662
6.76334e-05 0.0160183
6.7701e-05 0.0159705
6.77687e-05 0.0159246
6.78364e-05 0.0158726
6.79042e-05 0.0158243
6.79721e-05 0.0157778
6.80401e-05 0.0163612
6.81081e-05 0.0156884
6.81762e-05 0.015641
6.82443e-05 0.0155907
6.83126e-05 0.0155432
6.83808e-05 0.0154978
6.84492e-05 0.0154494
6.85176e-05 0.0154023
6.85861e-05 0.0153577
6.86547e-05 0.0153102
6.87233e-05 0.0152653
6.87921e-05 0.0152194
6.88608e-05 0.0151738
6.89297e-05 0.0151315
6.89986e-05 0.0150866
6.90676e-05 0.0150419
6.91366e-05 0.014994
6.92057e-05 0.014949
6.92749e-05 0.0149042
6.93442e-05 0.014859
6.94135e-05 0.0148139
6.94829e-05 0.0147689
6.95524e-05 0.0147283
6.96219e-05 0.0146822
6.96915e-05 0.014639
6.97612e-05 0.0145949
6.98309e-05 0.0145536
6.99007e-05 0.0145095
6.99706e-05 0.014465
7.00406e-05 0.0144206
7.01106e-05 0.014374
7.01807e-05 0.0143321
7.02508e-05 0.0142935
7.03211e-05 0.0142486
7.03914e-05 0.014209
7.04617e-05 0.0141637
7.05322e-05 0.0141076
7.06027e-05 0.0140418
7.06733e-05 0.0268993
7.07439e-05 0.0139415
7.08147e-05 0.0139268
7.08855e-05 0.0139072
7.09563e-05 0.0138689
7.10273e-05 0.0138249
7.10983e-05 0.0137816
7.11693e-05 0.0137431
7.12405e-05 0.0136992
7.13117e-05 0.0136614
7.1383e-05 0.0258683
7.14544e-05 0.0135811
7.15258e-05 0.0135381
7.15973e-05 0.0135008
7.16689e-05 0.0134579
7.17405e-05 0.013434
7.18123e-05 0.0133768
7.18841e-05 0.0133348
7.19559e-05 0.0132934
7.20279e-05 0.013256
7.20999e-05 0.0132176
7.2172e-05 0.0131747
7.22441e-05 0.0131342
7.23163e-05 0.0130915
7.23886e-05 0.0130735
7.2461e-05 0.013024
7.25334e-05 0.0129884
7.2606e-05 0.0129656
7.26785e-05 0.0143073
7.27512e-05 0.0128655
7.28239e-05 0.0128088
7.28967e-05 0.0139798
7.29696e-05 0.0127309
7.30426e-05 0.0127093
7.31156e-05 0.0126811
7.31887e-05 0.0126445
7.32619e-05 0.0235702
7.33351e-05 0.0125709
7.34084e-05 0.0125312
7.34818e-05 0.0124945
7.35553e-05 0.0124582
7.36288e-05 0.0124222
7.37024e-05 0.0123887
7.37761e-05 0.0123478
7.38498e-05 0.0123124
7.39237e-05 0.0122707
7.39976e-05 0.0122305
7.40716e-05 0.0121906
7.41456e-05 0.0121551
7.42197e-05 0.0121247
7.42939e-05 0.0120887
7.43682e-05 0.0120546
7.44426e-05 0.0120204
7.4517e-05 0.0119859
7.45915e-05 0.0119506
7.4666e-05 0.0119154
7.47407e-05 0.01188
7.48154e-05 0.0118446
7.48902e-05 0.0118093
7.49651e-05 0.0117765
7.504e-05 0.0117411
7.5115e-05 0.0117066
7.51901e-05 0.011674
7.52653e-05 0.0116388
7.53406e-05 0.0118005
7.54159e-05 0.0115751
7.54913e-05 0.0115416
7.55667e-05 0.0115071
7.56423e-05 0.0114697
7.57179e-05 0.011435
7.57936e-05 0.0114002
7.58694e-05 0.0113656
7.59452e-05 0.0113323
7.60211e-05 0.0112995
7.60972e-05 0.0112697
7.61732e-05 0.0112369
7.62494e-05 0.0112043
7.63256e-05 0.0111688
7.64019e-05 0.011136
7.64783e-05 0.0111032
7.65548e-05 0.0110686
7.66313e-05 0.0110363
7.67079e-05 0.0110024
7.67846e-05 0.0109724
7.68614e-05 0.0109429
7.69382e-05 0.0109094
7.70151e-05 0.0108705
7.70921e-05 0.0108379
7.71692e-05 0.0108054
7.72463e-05 0.0107767
7.73236e-05 0.0107557
7.74009e-05 0.0107173
7.74782e-05 0.0134086
7.75557e-05 0.0106446
7.76332e-05 0.0106074
7.77108e-05 0.0105759
7.77885e-05 0.0105475
7.78663e-05 0.0105262
7.79442e-05 0.0104995
7.80221e-05 0.010472
7.81001e-05 0.0104391
7.81781e-05 0.010408
7.82563e-05 0.0103768
7.83345e-05 0.0103488
7.84129e-05 0.0103159
7.84913e-05 0.0102856
7.85697e-05 0.0102534
7.86483e-05 0.0102209
7.87269e-05 0.0101889
7.88056e-05 0.0101575
7.88844e-05 0.0101265
7.89632e-05 0.0100986
7.90422e-05 0.0100715
7.91212e-05 0.0100428
7.92003e-05 0.0100113
7.92795e-05 0.00997994
7.93588e-05 0.00995093
7.94381e-05 0.00992532
7.95175e-05 0.00990836
7.9597e-05 0.0098676
7.96766e-05 0.00984305
7.97562e-05 0.0099027
7.9836e-05 0.00978389
7.99158e-05 0.00975521
7.99957e-05 0.00972824
8.00756e-05 0.00969625
8.01557e-05 0.00967164
8.02358e-05 0.00964538
8.03161e-05 0.00961584
8.03964e-05 0.00958993
8.04767e-05 0.0099239
8.05572e-05 0.00953286
8.06377e-05 0.0095077
8.07183e-05 0.00948072
8.0799e-05 0.00944993
8.08798e-05 0.00941925
8.09607e-05 0.00939174
8.10416e-05 0.00936536
8.11226e-05 0.00933969
8.12037e-05 0.00931538
8.12849e-05 0.00929076
8.13662e-05 0.00926444
8.14475e-05 0.00923455
8.15289e-05 0.00920441
8.16104e-05 0.00918001
8.1692e-05 0.00915494
8.17737e-05 0.00912463
8.18555e-05 0.00909345
8.19373e-05 0.00907166
8.20192e-05 0.00905546
8.21012e-05 0.0090218
8.21833e-05 0.00826074
8.22654e-05 0.0082371
8.23477e-05 0.00821259
8.243e-05 0.00818752
8.25124e-05 0.00816008
8.25949e-05 0.0081261
8.26775e-05 0.00809203
8.27601e-05 0.00806284
8.28429e-05 0.00802958
8.29257e-05 0.00799694
8.30086e-05 0.0079614
8.30916e-05 0.00792882
8.31747e-05 0.0078961
8.32578e-05 0.0078614
8.3341e-05 0.00784428
8.34244e-05 0.00783216
8.35078e-05 0.00781738
8.35913e-05 0.00777348
8.37586e-05 0.00772435
8.40102e-05 0.00770404
8.42626e-05 0.00771243
8.45157e-05 0.00762987
8.47696e-05 0.00758376
8.50242e-05 0.00750847
8.52797e-05 0.00751727
8.55358e-05 0.00729169
8.57928e-05 0.00749931
8.60505e-05 0.00919928
8.6309e-05 0.00768278
8.65683e-05 0.00712321
8.68283e-05 0.00950297
8.70892e-05 0.0073068
8.73508e-05 0.00702092
8.76132e-05 0.00980498
8.78764e-05 0.00710569
8.81404e-05 0.00707914
8.84052e-05 0.0068899
8.86708e-05 0.0101842
8.89372e-05 0.00689918
8.92043e-05 0.00682199
8.94723e-05 0.00676936
8.97411e-05 0.00668785
9.00107e-05 0.00634222
9.02811e-05 0.010918
9.05523e-05 0.00648534
9.08243e-05 0.0131733
9.10972e-05 0.00640217
9.13708e-05 0.00636465
9.16453e-05 0.00629341
9.19206e-05 0.00619749
9.21967e-05 0.00589072
9.24737e-05 0.0106327
9.27515e-05 0.00604365
9.30302e-05 0.00600998
9.33096e-05 0.0059592
9.35899e-05 0.00590614
9.38711e-05 0.00585161
9.41531e-05 0.00579177
9.44359e-05 0.00574748
9.47196e-05 0.00568881
9.50042e-05 0.00562708
9.52896e-05 0.0213356
9.55758e-05 0.0115428
9.58629e-05 0.00557434
9.61509e-05 0.00542568
9.64398e-05 0.00538055
9.67295e-05 0.00533551
9.70201e-05 0.00528894
9.73115e-05 0.00524325
9.76039e-05 0.00519637
9.78971e-05 0.00515104
9.81912e-05 0.00510522
9.84861e-05 0.00508298
9.8782e-05 0.0050086
9.90787e-05 0.00496574
9.93764e-05 0.00492113
9.96749e-05 0.00487491
9.99744e-05 0.00480285
0.000100275 0.00468977
0.000100576 0.0134893
0.000100878 0.00472049
0.000101181 0.00462915
0.000101485 0.00461165
0.00010179 0.00457565
0.000102096 0.00453441
0.000102402 0.00449464
0.00010271 0.00445586
0.000103019 0.00441167
0.000103328 0.00497426
0.000103638 0.00433418
0.00010395 0.00430125
0.000104262 0.00425765
0.000104575 0.0042172
0.000104889 0.00417905
0.000105205 0.0041435
0.000105521 0.00410631
0.000105838 0.00406915
0.000106156 0.00403158
0.000106474 0.00399147
0.000106794 0.0039525
0.000107115 0.00392144
0.000107437 0.00388871
0.00010776 0.00385283
0.000108083 0.00381023
0.000108408 0.00377408
0.000108734 0.0361248
0.00010906 0.00361776
0.000109388 0.0164872
0.000109717 0.00378258
0.000110046 0.00360324
0.000110377 0.00358585
0.000110708 0.00355791
0.000111041 0.00352725
0.000111375 0.00349572
0.000111709 0.00346495
0.000112045 0.00343464
0.000112381 0.0034034
0.000112719 0.00337121
0.000113058 0.00334111
0.000113397 0.00331248
0.000113738 0.00328413
0.000114079 0.00325435
0.000114422 0.00322655
0.000114766 0.00319994
0.000115111 0.003172
0.000115456 0.00314402
0.000115803 0.00311526
0.000116151 0.00308487
0.0001165 0.00305698
0.00011685 0.0030316
0.000117201 0.00300766
0.000117553 0.00297844
0.000117906 0.0029509
0.000118261 0.00292597
0.000118616 0.00289917
0.000118972 0.00287591
0.00011933 0.00285176
0.000119688 0.00282075
0.000120048 0.00279931
0.000120408 0.00277761
0.00012077 0.00275282
0.000121133 0.00278581
0.000121497 0.00270684
0.000121862 0.0026836
0.000122228 0.00266017
0.000122595 0.0026365
0.000122963 0.00261362
0.000123333 0.00259123
0.000123703 0.00256868
0.000124075 0.0025467
0.000124447 0.0025246
0.000124821 0.00250252
0.000125196 0.00247991
0.000125572 0.00386326
0.00012595 0.00243749
0.000126328 0.0024164
0.000126707 0.00239556
0.000127088 0.00237462
0.00012747 0.00234829
0.000127853 0.00231636
0.000128237 0.0217916
0.000128622 0.00251816
0.000129009 0.00227087
0.000129396 0.0022845
0.000129785 0.00223374
0.000130175 0.00221616
0.000130566 0.00219778
0.000130958 0.00217861
0.000131351 0.00215923
0.000131746 0.00214046
0.000132142 0.00247397
0.000132539 0.00210434
0.000132937 0.00210346
0.000133336 0.00206877
0.000133737 0.00205118
0.000134138 0.00203376
0.000134541 0.00201681
0.000134946 0.00199978
0.000135351 0.00198244
0.000135758 0.00196503
0.000136165 0.00194827
0.000136575 0.00193192
0.000136985 0.00191526
0.000137396 0.00189887
0.000137809 0.0018833
0.000138223 0.00186725
0.000138638 0.00185135
0.000139055 0.00183611
0.000139472 0.00182082
0.000139891 0.00180533
0.000140312 0.00178982
0.000140733 0.00177505
0.000141156 0.00175979
0.00014158 0.00174536
0.000142005 0.00173043
0.000142432 0.00171525
0.00014286 0.00170096
0.000143289 0.00168765
0.000143719 0.00167334
0.000144151 0.00165692
0.000144584 0.00164468
0.000145019 0.00163073
0.000145454 0.00161671
0.000145891 0.00160258
0.000146329 0.00149064
0.000146769 0.00147822
0.00014721 0.00146447
0.000147652 0.00145077
0.000148096 0.00143701
0.000148541 0.00142213
0.000148987 0.00140895
0.000149434 0.00139776
0.000149883 0.0013847
0.000150334 0.0013691
0.000150785 0.00135954
0.000151238 0.00135023
0.000151693 0.0013415
0.000152148 0.00133605
0.000152605 0.00131791
0.000153064 0.00130521
0.000153524 0.00133639
0.000153985 0.00128814
0.000154447 0.00127674
0.000154911 0.00127636
0.000155377 0.00125995
0.000155843 0.00124073
0.000156312 0.0012476
0.000156781 0.00122796
0.000157252 0.00120926
0.000157725 0.00121511
0.000158198 0.00120534
0.000158674 0.0016737
0.00015915 0.0011775
0.000159628 0.00117842
0.000160108 0.00118345
0.000160589 0.00115416
0.000161071 0.00174734
0.000161555 0.00112394
0.000162041 0.00112227
0.000162527 0.00111947
0.000163016 0.00110811
0.000163505 0.00109517
0.000163996 0.00181904
0.000164489 0.00209909
0.000164983 0.00106213
0.000165479 0.00106043
0.000165976 0.00105222
0.000166475 0.00104815
0.000166975 0.0010305
0.000167476 0.00104138
0.000167979 0.00191639
0.000168484 0.000989725
0.00016899 0.000987661
0.000169498 0.000986219
0.000170007 0.0009779
0.000170518 0.000968582
0.00017103 0.000964178
0.000171544 0.00095216
0.000172059 0.000943019
0.000172576 0.000931964
0.000173094 0.000914112
0.000173614 0.00203576
0.000174136 0.000901644
0.000174659 0.000899685
0.000175184 0.000892983
0.00017571 0.000885576
0.000176238 0.000877423
0.000176767 0.00086962
0.000177298 0.000862139
0.000177831 0.000854395
0.000178365 0.000846899
0.000178901 0.00083923
0.000179438 0.00083172
0.000179978 0.000844915
0.000180518 0.000815197
0.00018106 0.000989081
0.000181604 0.00193301
0.00018215 0.00078854
0.000182697 0.000786138
0.000183246 0.000780594
0.000183796 0.000774198
0.000184349 0.000767096
0.000184902 0.000760415
0.000185458 0.000753789
0.000186015 0.000746657
0.000186574 0.000737977
0.000187134 0.000723401
0.000187696 0.027651
0.00018826 0.00103995
0.000188826 0.000714205
0.000189393 0.000707929
0.000189962 0.000702079
0.000190533 0.00069623
0.000191105 0.000690256
0.000191679 0.000684339
0.000192255 0.000678299
0.000192833 0.000672045
0.000193412 0.000665239
0.000193993 0.000653619
0.000194576 0.00211356
0.00019516 0.000666029
0.000195746 0.000642969
0.000196335 0.000637829
0.000196924 0.000632349
0.000197516 0.00062668
0.000198109 0.000621439
0.000198704 0.000616027
0.000199301 0.000610712
0.0001999 0.000605492
0.000200501 0.000600354
0.000201103 0.000595329
0.000201707 0.00059026
0.000202313 0.000585179
0.000202921 0.000579977
0.00020353 0.000574769
0.000204142 0.000570026
0.000204755 0.000565255
0.00020537 0.000560381
0.000205987 0.00133148
0.000206606 0.000550785
0.000207226 0.000546123
0.000207849 0.000541664
0.000208473 0.000537084
0.0002091 0.00053226
0.000209728 0.000527755
0.000210358 0.000523249
0.00021099 0.000518701
0.000211624 0.000514207
0.000212259 0.000509957
0.000212897 0.000505713
0.000213537 0.00050147
0.000214178 0.000497211
0.000214821 0.000492949
0.000215467 0.000488094
0.000216114 0.00047958
0.000216763 0.00242738
0.000217414 0.000500616
0.000218068 0.000472308
0.000218723 0.000468605
0.00021938 0.000464803
0.000220039 0.000460944
0.0002207 0.000456938
0.000221363 0.00045316
0.000222028 0.000449378
0.000222695 0.00044563
0.000223364 0.000442037
0.000224035 0.000438297
0.000224708 0.000434637
0.000225383 0.000430928
0.00022606 0.00042746
0.000226739 0.00042385
0.00022742 0.000420338
0.000228103 0.000416453
0.000228789 0.000391512
0.000229476 0.000387296
0.000230165 0.000384382
0.000230857 0.00038143
0.00023155 0.000378143
0.000232246 0.000373825
0.000232944 0.000370665
0.000233643 0.000368046
0.000234345 0.000365068
0.000235049 0.000361218
0.000235755 0.000357787
0.000236464 0.000355372
0.000237174 0.000352824
0.000237886 0.000349591
0.000238601 0.000345956
0.000239318 0.000343629
0.000240037 0.000340904
0.000240758 0.000337912
0.000241481 0.000334527
0.000242207 0.000332779
0.000242934 0.000330129
0.000243664 0.000326813
0.000244396 0.000323819
0.00024513 0.000321797
0.000245866 0.000319484
0.000246605 0.000316751
0.000247346 0.000313867
0.000248089 0.000311821
0.000248834 0.000308943
0.000249582 0.000305604
0.000250332 0.000304928
0.000251083 0.000302588
0.000251838 0.000299006
0.000252594 0.000295545
0.000253353 0.000294756
0.000254114 0.000292836
0.000254878 0.000290392
0.000255643 0.00028742
0.000256411 0.000283518
0.000257182 0.000282611
0.000257954 0.000281112
0.000258729 0.000278822
0.000259506 0.000276643
0.000260286 0.000274059
0.000261068 0.000438187
0.000261852 0.000266605
0.000262639 0.00285899
0.000263428 0.000295468
0.000264219 0.000263482
0.000265013 0.000261414
0.000265809 0.00025915
0.000266607 0.000256441
0.000267408 0.000458404
0.000268212 0.000252237
0.000269017 0.00025105
0.000269826 0.000249153
0.000270636 0.000247183
0.000271449 0.000266574
0.000272265 0.000243236
0.000273082 0.000241261
0.000273903 0.00023929
0.000274726 0.000236741
0.000275551 0.000481477
0.000276379 0.000232752
0.000277209 0.000246233
0.000278042 0.000229935
0.000278877 0.000228137
0.000279715 0.000226348
0.000280555 0.000230278
0.000281398 0.000222739
0.000282243 0.000220974
0.000283091 0.000219235
0.000283942 0.000283379
0.000284795 0.000215741
0.00028565 0.000213933
0.000286508 0.000221135
0.000287369 0.000506616
0.000288232 0.00020829
0.000289098 0.000207313
0.000289967 0.000205744
0.000290838 0.000204129
0.000291711 0.00020252
0.000292588 0.00020092
0.000293467 0.000199358
0.000294348 0.000197798
0.000295233 0.000196257
0.000296119 0.000194727
0.000297009 0.000193205
0.000297901 0.000191686
0.000298796 0.000190182
0.000299694 0.000188701
0.000300594 0.000187236
0.000301497 0.000185767
0.000302403 0.000184139
0.000303311 0.00018164
0.000304222 0.000542728
0.000305136 0.000179789
0.000306053 0.000178655
0.000306972 0.000177292
0.000307895 0.000175928
0.000308819 0.000174615
0.000309747 0.00017322
0.000310678 0.000171887
0.000311611 0.000170528
0.000312547 0.000169252
0.000313486 0.000167951
0.000314428 0.000166662
0.000315372 0.000165382
0.00031632 0.000164129
0.00031727 0.000162864
0.000318223 0.00016162
0.000319179 0.000160407
0.000320138 0.000159181
0.0003211 0.000161396
0.000322064 0.000156761
0.000323032 0.000155575
0.000324002 0.000154395
0.000324975 0.000153222
0.000325952 0.000152055
0.000326931 0.000150851
0.000327913 0.000149191
0.000328898 0.000141689
0.000329886 0.000492864
0.000330877 0.000140078
0.000331871 0.000139122
0.000332868 0.000138116
0.000333868 0.000137087
0.000334871 0.000136058
0.000335877 0.000135018
0.000336886 0.000133996
0.000337898 0.000132975
0.000338913 0.00013196
0.000339931 0.000130952
0.000340953 0.00012995
0.000341977 0.000128988
0.000343004 0.000128028
0.000344035 0.000127055
0.000345068 0.000126092
0.000346105 0.000125157
0.000347144 0.000124226
0.000348187 0.000123281
0.000349233 0.000122344
0.000350282 0.000121442
0.000351335 0.00012055
0.00035239 0.000119645
0.000353449 0.000118747
0.00035451 0.000117855
0.000355575 0.000116966
0.000356644 0.00011608
0.000357715 0.000115283
0.00035879 0.000114508
0.000359867 0.00011359
0.000360948 0.000112664
0.000362033 0.00011192
0.00036312 0.000111162
0.000364211 0.000110226
0.000365305 0.000109376
0.000366403 0.000108689
0.000367504 0.000107881
0.000368607 0.000106944
0.000369715 0.000106195
0.000370825 0.000105535
0.000371939 0.000104699
0.000373057 0.000103799
0.000374178 0.000529342
0.000375302 0.000107883
0.000376429 0.000101625
0.00037756 0.000101052
0.000378694 0.000100328
0.000379832 9.95304e-05
0.000380973 9.87147e-05
0.000382117 9.80229e-05
0.000383265 9.73682e-05
0.000384416 9.67242e-05
0.000385571 9.60535e-05
0.00038673 9.53528e-05
0.000387891 9.46569e-05
0.000389057 9.39328e-05
0.000390225 9.31331e-05
0.000391398 9.24301e-05
0.000392573 9.19077e-05
0.000393753 9.13e-05
0.000394936 9.06579e-05
0.000396122 9.0004e-05
0.000397312 8.93653e-05
0.000398506 8.87225e-05
0.000399703 8.80573e-05
0.000400903 8.73679e-05
0.000402108 0.000152695
0.000403316 8.59986e-05
0.000404527 8.52888e-05
0.000405743 0.00290873
0.000406961 0.000115283
0.000408184 8.38093e-05
0.00040941 8.32234e-05
0.00041064 8.26417e-05
0.000411874 8.20575e-05
0.000413111 8.14712e-05
0.000414352 8.08894e-05
0.000415597 8.02377e-05
0.000416845 0.000159636
0.000418098 7.90921e-05
0.000419353 7.86524e-05
0.000420613 7.8096e-05
0.000421877 7.75566e-05
0.000423144 7.7025e-05
0.000424415 7.64821e-05
0.00042569 7.59445e-05
0.000426969 7.54158e-05
0.000428252 7.48223e-05
0.000429538 7.42435e-05
0.000430829 7.36945e-05
0.000432123 7.32081e-05
0.000433421 7.26956e-05
0.000434723 7.2109e-05
0.000436029 7.14964e-05
0.000437339 0.000167126
0.000438653 7.05722e-05
0.00043997 7.00807e-05
0.000441292 6.95732e-05
0.000442618 6.91275e-05
0.000443948 6.86529e-05
0.000445281 6.8166e-05
0.000446619 6.76189e-05
0.000447961 6.5133e-05
0.000449306 6.4719e-05
0.000450656 6.42597e-05
0.00045201 6.37822e-05
0.000453368 6.33281e-05
0.00045473 6.29173e-05
0.000456096 6.25062e-05
0.000457466 6.21189e-05
0.00045884 6.16105e-05
0.000460219 6.12125e-05
0.000461601 7.6408e-05
0.000462988 6.03674e-05
0.000464379 6.57799e-05
0.000465774 0.000556674
0.000467173 0.000172935
0.000468576 5.87333e-05
0.000469984 5.83873e-05
0.000471396 5.80136e-05
0.000472812 5.76471e-05
0.000474232 5.72544e-05
0.000475657 5.68648e-05
0.000477086 5.6507e-05
0.000478519 5.61164e-05
0.000479957 5.5737e-05
0.000481398 5.5358e-05
0.000482845 5.50118e-05
0.000484295 5.46459e-05
0.00048575 5.42758e-05
0.000487209 5.39104e-05
0.000488673 5.35589e-05
0.000490141 5.32044e-05
0.000491613 5.28503e-05
0.00049309 5.25027e-05
0.000494571 5.21502e-05
0.000496057 5.18072e-05
0.000497547 5.14678e-05
0.000499042 5.11322e-05
0.000500541 5.08048e-05
0.000502045 5.0482e-05
0.000503553 5.01569e-05
0.000505066 4.98332e-05
0.000506583 4.95164e-05
0.000508105 4.92106e-05
0.000509631 4.88962e-05
0.000511162 4.85527e-05
0.000512698 0.000181126
0.000514238 4.7921e-05
0.000515783 4.76801e-05
0.000517332 4.73916e-05
0.000518886 4.70881e-05
0.000520445 4.67872e-05
0.000522008 4.64934e-05
0.000523577 4.62047e-05
0.00052515 4.59234e-05
0.000526727 4.56455e-05
0.00052831 4.53454e-05
0.000529897 4.5059e-05
0.000531488 4.4785e-05
0.000533085 4.45017e-05
0.000534686 4.4226e-05
0.000536293 4.39548e-05
0.000537904 4.36841e-05
0.00053952 4.34122e-05
0.00054114 4.31392e-05
0.000542766 4.28662e-05
0.000544397 4.26109e-05
0.000546032 4.23465e-05
0.000547672 4.2087e-05
0.000549318 4.18215e-05
0.000550968 4.15654e-05
0.000552623 4.13176e-05
0.000554283 4.10536e-05
0.000555948 4.08019e-05
0.000557618 4.05595e-05
0.000559294 4.03018e-05
0.000560974 4.00562e-05
0.000562659 3.98089e-05
0.000564349 3.95683e-05
0.000566044 3.93275e-05
0.000567745 3.9087e-05
0.00056945 3.88416e-05
0.000571161 3.86095e-05
0.000572877 3.83722e-05
0.000574598 3.81375e-05
0.000576324 3.79033e-05
0.000578055 3.76743e-05
0.000579792 3.74452e-05
0.000581534 3.72144e-05
0.000583281 3.69712e-05
0.000585033 3.59425e-05
0.00058679 3.5722e-05
0.000588553 3.54956e-05
0.000590321 0.00015654
0.000592095 3.50351e-05
0.000593873 3.48589e-05
0.000595657 6.52342e-05
0.000597447 3.44411e-05
0.000599242 3.47965e-05
0.000601042 3.40253e-05
0.000602847 3.38188e-05
0.000604658 3.36117e-05
0.000606475 3.34079e-05
0.000608297 3.32064e-05
0.000610124 3.30049e-05
0.000611957 3.28058e-05
0.000613795 3.26082e-05
0.000615639 3.2412e-05
0.000617489 3.22169e-05
0.000619344 3.20216e-05
0.000621204 3.18287e-05
0.00062307 3.16364e-05
0.000624942 3.14452e-05
0.000626819 3.12559e-05
0.000628702 6.73406e-05
0.000630591 3.08828e-05
0.000632485 3.06982e-05
0.000634386 3.05125e-05
0.000636291 3.03301e-05
0.000638203 3.01483e-05
0.00064012 2.99674e-05
0.000642043 2.97879e-05
0.000643972 2.96094e-05
0.000645906 2.94318e-05
0.000647847 2.92561e-05
0.000649793 2.90819e-05
0.000651745 2.89079e-05
0.000653703 2.87349e-05
0.000655666 2.8563e-05
0.000657636 2.83922e-05
0.000659612 2.82227e-05
0.000661593 2.80543e-05
0.000663581 2.78875e-05
0.000665574 2.77212e-05
0.000667574 2.75564e-05
0.000669579 2.73928e-05
0.000671591 2.72297e-05
0.000673608 2.70668e-05
0.000675632 2.69066e-05
0.000677661 6.79752e-05
0.000679697 2.65894e-05
0.000681739 2.64315e-05
0.000683787 2.6275e-05
0.000685841 2.61192e-05
0.000687901 2.5964e-05
0.000689968 2.58096e-05
0.000692041 2.56566e-05
0.00069412 2.55046e-05
0.000696205 2.5354e-05
0.000698296 5.05927e-05
0.000700394 2.50547e-05
0.000702498 2.49063e-05
0.000704608 2.47591e-05
0.000706725 2.46131e-05
0.000708848 2.44685e-05
0.000710978 2.43244e-05
0.000713113 2.41808e-05
0.000715256 2.40383e-05
0.000717404 2.38971e-05
0.00071956 2.37562e-05
0.000721721 2.36161e-05
0.000723889 2.34773e-05
0.000726064 2.33394e-05
0.000728245 2.32018e-05
0.000730433 2.30652e-05
0.000732627 3.1941e-05
0.000734828 2.27953e-05
0.000737035 2.26611e-05
0.00073925 2.25195e-05
0.00074147 2.20328e-05
0.000743698 2.18948e-05
0.000745932 0.000500307
0.000748173 2.66709e-05
0.00075042 0.000151046
0.000752675 6.78799e-05
0.000754936 2.28534e-05
0.000757204 2.11468e-05
0.000759478 2.10233e-05
0.00076176 2.08998e-05
0.000764048 2.07778e-05
0.000766344 2.06564e-05
0.000768646 2.05353e-05
0.000770955 2.04152e-05
0.000773271 2.02959e-05
0.000775594 2.01774e-05
0.000777924 2.00594e-05
0.000780261 1.99418e-05
0.000782605 1.98254e-05
0.000784956 1.97097e-05
0.000787314 1.95945e-05
0.000789679 1.94808e-05
0.000792051 1.93664e-05
0.00079443 1.92534e-05
0.000796817 1.9141e-05
0.000799211 1.90293e-05
0.000801612 1.89183e-05
0.00080402 1.88077e-05
0.000806435 1.86984e-05
0.000808858 1.85893e-05
0.000811288 1.84809e-05
0.000813725 1.8373e-05
0.000816169 1.82661e-05
0.000818621 1.81597e-05
0.00082108 1.80537e-05
0.000823547 1.79482e-05
0.000826021 1.78436e-05
0.000828502 1.774e-05
0.000830991 1.76366e-05
0.000833488 1.75334e-05
0.000835992 1.74315e-05
0.000838503 1.73299e-05
0.000841022 1.7229e-05
0.000843548 1.71286e-05
0.000846082 1.70288e-05
0.000848624 1.69298e-05
0.000851173 1.68312e-05
0.00085373 1.67331e-05
0.000856295 1.66353e-05
0.000858868 1.65384e-05
0.000861448 1.6442e-05
0.000864035 1.63461e-05
0.000866631 3.14101e-05
0.000869235 1.61564e-05
0.000871846 1.60619e-05
0.000874465 1.59685e-05
0.000877092 6.6716e-05
0.000879727 1.57829e-05
0.000882369 1.5691e-05
0.00088502 1.55994e-05
0.000887679 1.55085e-05
0.000890346 1.54178e-05
0.00089302 1.53278e-05
0.000895703 1.52385e-05
0.000898394 0.000216312
0.000901093 1.5061e-05
0.000903799 1.49731e-05
0.000906515 1.48857e-05
0.000909238 1.47988e-05
0.000911969 1.47121e-05
0.000914709 1.44563e-05
0.000917457 1.43719e-05
0.000920213 1.42877e-05
0.000922977 1.42044e-05
0.00092575 1.41211e-05
0.000928531 1.40387e-05
0.00093132 1.39563e-05
0.000934118 1.38748e-05
0.000936924 1.37932e-05
0.000939739 3.03231e-05
0.000942562 1.36323e-05
0.000945394 1.35522e-05
0.000948234 1.34728e-05
0.000951082 1.33938e-05
0.000953939 1.33151e-05
0.000956805 1.3237e-05
0.000959679 1.31591e-05
0.000962562 1.30818e-05
0.000965454 1.30051e-05
0.000968354 1.29285e-05
0.000971263 1.28526e-05
0.000974181 1.27765e-05
0.000977108 1.27014e-05
0.000980043 1.26268e-05
0.000982987 1.25521e-05
0.00098594 1.24783e-05
0.000988902 1.24044e-05
0.000991873 1.23313e-05
0.000994852 1.22587e-05
0.000997841 1.21864e-05
0.00100084 1.21143e-05
0.00100385 1.20424e-05
0.00100686 1.19716e-05
0.00100989 1.19008e-05
0.00101292 1.18304e-05
0.00101596 1.17607e-05
0.00101901 1.16914e-05
0.00102208 1.16226e-05
0.00102515 1.1554e-05
0.00102823 1.14863e-05
0.00103131 1.14189e-05
0.00103441 1.13517e-05
0.00103752 1.12848e-05
0.00104064 1.12186e-05
0.00104376 1.11528e-05
0.0010469 1.10874e-05
0.00105004 2.93746e-05
0.0010532 0.000278443
0.00105636 1.08937e-05
0.00105954 1.08302e-05
0.00106272 1.07667e-05
0.00106591 1.0704e-05
0.00106911 1.06415e-05
0.00107232 1.05792e-05
0.00107555 1.05176e-05
0.00107878 1.04562e-05
0.00108202 1.03953e-05
0.00108527 1.03348e-05
0.00108853 1.02744e-05
0.0010918 1.02148e-05
0.00109508 1.01552e-05
0.00109837 1.00962e-05
0.00110167 1.00375e-05
0.00110498 9.97876e-06
0.0011083 9.83413e-06
0.00111163 9.77689e-06
0.00111497 9.7202e-06
0.00111831 9.66393e-06
0.00112167 9.60797e-06
0.00112504 9.55233e-06
0.00112842 9.49705e-06
0.00113181 5.02907e-05
0.00113521 9.38774e-06
0.00113862 9.33331e-06
0.00114204 9.27941e-06
0.00114548 9.22574e-06
0.00114892 9.17273e-06
0.00115237 9.11966e-06
0.00115583 9.06725e-06
0.0011593 9.01487e-06
0.00116278 8.96298e-06
0.00116628 8.91131e-06
0.00116978 8.86006e-06
0.00117329 9.49345e-06
0.00117682 8.75846e-06
0.00118036 8.70824e-06
0.0011839 8.65812e-06
0.00118746 8.60836e-06
0.00119102 8.559e-06
0.0011946 8.5099e-06
0.00119819 8.46109e-06
0.00120179 8.41278e-06
0.0012054 8.36441e-06
0.00120902 8.3165e-06
0.00121265 8.26891e-06
0.0012163 8.22154e-06
0.00121995 8.17456e-06
0.00122362 8.12779e-06
0.00122729 8.08153e-06
0.00123098 8.03519e-06
0.00123468 9.17088e-06
0.00123839 0.000117086
0.00124211 2.73328e-05
0.00124584 7.85346e-06
0.00124958 7.80853e-06
0.00125333 7.76407e-06
0.0012571 7.71996e-06
0.00126088 1.48685e-05
0.00126466 7.63216e-06
0.00126846 7.58871e-06
0.00127227 7.54556e-06
0.00127609 7.50265e-06
0.00127993 7.45997e-06
0.00128377 7.14432e-05
0.00128763 7.37545e-06
0.0012915 7.33356e-06
0.00129538 7.29192e-06
0.00129927 7.25057e-06
0.00130317 7.20947e-06
0.00130709 7.16854e-06
0.00131101 7.12862e-06
0.00131495 7.08731e-06
0.0013189 6.99994e-06
0.00132286 6.96016e-06
0.00132684 6.92076e-06
0.00133082 6.88179e-06
0.00133482 6.84269e-06
0.00133883 6.80403e-06
0.00134285 6.76558e-06
0.00134689 6.72735e-06
0.00135093 6.68941e-06
0.00135499 6.65164e-06
0.00135906 6.61409e-06
0.00136315 6.57674e-06
0.00136724 6.53966e-06
0.00137135 6.50278e-06
0.00137547 6.46614e-06
0.0013796 6.42973e-06
0.00138374 6.39351e-06
0.0013879 6.3575e-06
0.00139207 6.3217e-06
0.00139625 6.28613e-06
0.00140045 6.25074e-06
0.00140465 6.21563e-06
0.00140887 6.18066e-06
0.00141311 6.1459e-06
0.00141735 1.40292e-05
0.00142161 6.07703e-06
0.00142588 6.04292e-06
0.00143016 6.93687e-06
0.00143446 5.97527e-06
0.00143877 5.94172e-06
0.00144309 5.90841e-06
0.00144743 5.87524e-06
0.00145177 5.84234e-06
0.00145614 5.80957e-06
0.00146051 5.777e-06
0.0014649 5.74464e-06
0.0014693 5.71246e-06
0.00147371 5.68051e-06
0.00147814 5.64872e-06
0.00148258 5.61709e-06
0.00148703 5.58566e-06
0.0014915 5.55442e-06
0.00149598 5.52336e-06
0.00150048 5.49246e-06
0.00150498 5.46181e-06
0.0015095 5.43129e-06
0.00151404 5.40092e-06
0.00151859 5.37077e-06
0.00152315 5.34079e-06
0.00152772 5.31099e-06
0.00153231 5.28134e-06
0.00153692 5.25187e-06
0.00154153 5.24152e-06
0.00154616 5.16615e-06
0.00155081 5.13736e-06
0.00155547 0.000496695
0.00156014 5.08027e-06
0.00156483 5.05197e-06
0.00156953 5.02385e-06
0.00157424 4.9959e-06
0.00157897 4.96808e-06
0.00158372 4.94042e-06
0.00158847 4.91297e-06
0.00159325 4.88563e-06
0.00159803 4.85847e-06
0.00160283 4.83146e-06
0.00160765 4.80458e-06
0.00161248 4.77789e-06
0.00161732 4.75137e-06
0.00162218 2.34369e-05
0.00162705 4.69875e-06
0.00163194 4.67264e-06
0.00163684 4.64671e-06
0.00164176 4.62093e-06
0.00164669 4.59527e-06
0.00165164 4.56976e-06
0.0016566 4.54443e-06
0.00166158 4.51925e-06
0.00166657 4.49418e-06
0.00167158 4.46927e-06
0.0016766 4.4445e-06
0.00168163 4.4199e-06
0.00168669 1.25483e-05
0.00169175 4.37105e-06
0.00169684 4.34683e-06
0.00170193 4.32277e-06
0.00170705 4.29884e-06
0.00171217 4.27505e-06
0.00171732 4.2514e-06
0.00172248 4.22787e-06
0.00172765 4.20449e-06
0.00173284 4.18123e-06
0.00173805 4.15812e-06
0.00174327 4.13511e-06
0.0017485 4.11228e-06
0.00175376 4.08954e-06
0.00175903 4.06695e-06
0.00176431 4.04446e-06
0.00176961 4.02213e-06
0.00177493 3.99993e-06
0.00178026 3.97784e-06
0.00178561 3.95586e-06
0.00179097 1.881e-05
0.00179635 3.89611e-06
0.00180175 3.8746e-06
0.00180716 3.85323e-06
0.00181259 3.83198e-06
0.00181803 3.81088e-06
0.00182349 3.78986e-06
0.00182897 3.76898e-06
0.00183447 3.7482e-06
0.00183998 3.72754e-06
0.00184551 3.707e-06
0.00185105 3.6866e-06
0.00185661 3.66627e-06
0.00186219 7.24251e-06
0.00186778 0.0003096
0.00187339 3.60605e-06
0.00187902 3.58622e-06
0.00188467 3.56646e-06
0.00189033 3.54684e-06
0.00189601 3.52733e-06
0.0019017 3.50794e-06
0.00190741 3.45767e-05
0.00191314 3.82811e-06
0.00191889 3.45035e-06
0.00192466 3.43138e-06
0.00193044 3.41254e-06
0.00193624 3.39376e-06
0.00194205 3.37512e-06
0.00194789 3.35657e-06
0.00195374 3.33815e-06
0.00195961 3.31981e-06
0.0019655 3.30156e-06
0.0019714 3.28341e-06
0.00197732 3.26541e-06
0.00198326 3.24749e-06
0.00198922 3.22964e-06
0.0019952 3.2119e-06
0.00200119 3.19428e-06
0.0020072 3.1768e-06
0.00201323 3.15942e-06
0.00201928 3.14213e-06
0.00202535 3.12492e-06
0.00203143 3.10783e-06
0.00203753 3.56377e-06
0.00204365 3.07392e-06
0.00204979 3.05711e-06
0.00205595 3.03029e-06
0.00206213 3.01372e-06
0.00206832 2.99725e-06
0.00207453 2.98089e-06
0.00208077 2.96456e-06
0.00208702 2.94836e-06
0.00209329 2.93225e-06
0.00209958 2.91621e-06
0.00210588 2.9003e-06
0.00211221 2.88443e-06
0.00211855 2.8687e-06
0.00212492 2.85301e-06
0.0021313 2.83744e-06
0.0021377 2.82192e-06
0.00214413 2.8065e-06
0.00215057 2.79118e-06
0.00215703 2.77593e-06
0.00216351 2.76077e-06
0.00217001 2.74569e-06
0.00217653 2.73071e-06
0.00218306 8.90055e-06
0.00218962 2.70098e-06
0.0021962 2.68622e-06
0.0022028 2.67156e-06
0.00220942 2.65838e-06
0.00221605 2.64249e-06
0.00222271 2.62806e-06
0.00222939 2.61373e-06
0.00223608 1.02006e-05
0.0022428 6.2448e-06
0.00224954 2.57116e-06
0.0022563 2.55713e-06
0.00226308 2.54319e-06
0.00226987 2.52932e-06
0.00227669 2.51552e-06
0.00228353 2.50182e-06
0.00229039 2.61567e-06
0.00229727 2.4746e-06
0.00230417 2.4611e-06
0.0023111 2.44767e-06
0.00231804 2.43432e-06
0.002325 2.42105e-06
0.00233199 2.40785e-06
0.00233899 2.39474e-06
0.00234602 2.38167e-06
0.00235307 2.36869e-06
0.00236014 2.35578e-06
0.00236723 2.34294e-06
0.00237434 2.33017e-06
0.00238147 2.31748e-06
0.00238862 2.30486e-06
0.0023958 2.29228e-06
0.002403 2.2798e-06
0.00241022 2.27016e-06
0.00241746 2.25506e-06
0.00242472 2.24275e-06
0.002432 2.23052e-06
0.00243931 2.21837e-06
0.00244664 2.20628e-06
0.00245399 3.5159e-06
0.00246136 2.18232e-06
0.00246875 2.17043e-06
0.00247617 2.15861e-06
0.00248361 2.14686e-06
0.00249107 2.13518e-06
0.00249855 2.12355e-06
0.00250606 2.11198e-06
0.00251359 2.10049e-06
0.00252114 2.08905e-06
0.00252871 2.07767e-06
0.00253631 2.06637e-06
0.00254393 2.05511e-06
0.00255157 2.04393e-06
0.00255923 2.03281e-06
0.00256692 2.02175e-06
0.00257463 2.01075e-06
0.00258237 1.9998e-06
0.00259012 2.21828e-06
0.00259791 2.27722e-05
0.00260571 1.96732e-06
0.00261354 1.95663e-06
0.00262139 1.94598e-06
0.00262926 1.93538e-06
0.00263716 1.92487e-06
0.00264508 1.91439e-06
0.00265303 1.90398e-06
0.002661 1.89361e-06
0.00266899 1.88331e-06
0.00267701 1.87309e-06
0.00268505 1.86288e-06
0.00269312 1.85275e-06
0.00270121 1.84268e-06
0.00270933 1.83264e-06
0.00271746 1.82268e-06
0.00272563 1.81278e-06
0.00273382 1.80291e-06
0.00274203 1.79311e-06
0.00275027 1.78336e-06
0.00275853 1.77367e-06
0.00276682 1.76403e-06
0.00277513 1.75443e-06
0.00278346 1.23019e-05
0.00279183 1.73541e-06
0.00280021 1.72597e-06
0.00280862 1.71659e-06
0.00281706 1.70726e-06
0.00282552 1.69798e-06
0.00283401 1.68875e-06
0.00284253 1.67957e-06
0.00285107 1.67043e-06
0.00285963 1.66137e-06
0.00286822 1.65233e-06
0.00287684 1.64335e-06
0.00288548 3.38441e-06
0.00289415 1.62553e-06
0.00290284 1.61671e-06
0.00291156 1.60792e-06
0.00292031 1.59918e-06
0.00292908 1.59049e-06
0.00293788 1.58529e-06
0.00294671 1.57326e-06
0.00295556 1.56471e-06
0.00296444 1.5562e-06
0.00297334 1.54776e-06
0.00298228 4.86532e-06
0.00299123 1.53098e-06
0.00300022 1.52266e-06
0.00300923 1.51439e-06
0.00301827 1.50617e-06
0.00302734 1.49798e-06
0.00303643 1.48985e-06
0.00304556 1.48176e-06
0.00305471 1.47371e-06
0.00306388 1.4657e-06
0.00307309 1.45775e-06
0.00308232 1.44983e-06
0.00309158 1.44195e-06
0.00310086 1.43412e-06
0.00311018 1.42634e-06
0.00311952 1.41859e-06
0.00312889 1.41088e-06
0.00313829 1.40322e-06
0.00314772 1.3956e-06
0.00315718 1.38803e-06
0.00316666 1.38049e-06
0.00317618 1.37299e-06
0.00318572 1.36553e-06
0.00319529 1.35812e-06
0.00320489 1.35075e-06
0.00321451 1.34341e-06
0.00322417 1.33612e-06
0.00323386 1.32887e-06
0.00324357 1.32165e-06
0.00325331 1.31448e-06
0.00326309 1.30733e-06
0.00327289 1.30025e-06
0.00328272 1.29318e-06
0.00329258 1.9827e-06
0.00330248 1.27919e-06
0.0033124 1.27223e-06
0.00332235 1.26533e-06
0.00333233 1.25846e-06
0.00334234 1.30369e-06
0.00335238 0.000241129
0.00336245 1.23808e-06
0.00337255 1.23137e-06
0.00338268 1.22468e-06
0.00339284 1.21804e-06
0.00340304 1.21142e-06
0.00341326 1.20485e-06
0.00342351 1.19831e-06
0.0034338 1.1918e-06
0.00344411 1.18534e-06
0.00345446 1.1789e-06
0.00346484 1.18319e-06
0.00347525 1.16614e-06
0.00348569 0.000121486
0.00349616 1.15352e-06
0.00350666 1.14726e-06
0.00351719 1.14104e-06
0.00352776 1.13484e-06
0.00353836 4.62121e-06
0.00354899 1.12256e-06
0.00355965 1.11647e-06
0.00357034 1.11041e-06
0.00358107 1.26448e-06
0.00359183 1.09839e-06
0.00360262 2.00691e-05
0.00361344 1.08651e-06
0.00362429 1.08061e-06
0.00363518 1.07475e-06
0.0036461 1.06892e-06
0.00365705 1.06312e-06
0.00366804 1.05735e-06
0.00367906 1.05162e-06
0.00369011 1.04591e-06
0.0037012 1.04024e-06
0.00371232 1.03459e-06
0.00372347 1.02898e-06
0.00373465 1.0234e-06
0.00374587 1.01785e-06
0.00375713 1.01232e-06
0.00376841 1.00683e-06
0.00377973 1.00137e-06
0.00379109 9.95937e-07
0.00380248 9.90533e-07
0.0038139 9.85162e-07
0.00382536 9.79818e-07
0.00383685 9.74503e-07
0.00384837 9.69218e-07
0.00385994 9.63958e-07
0.00387153 9.58731e-07
0.00388316 6.11161e-06
0.00389483 2.49945e-06
0.00390653 9.43213e-07
0.00391826 9.38098e-07
0.00393003 9.33011e-07
0.00394184 9.27948e-07
0.00395368 9.22915e-07
0.00396556 9.17909e-07
0.00397747 9.12931e-07
0.00398942 9.07979e-07
0.0040014 9.03054e-07
0.00401343 8.98146e-07
0.00402548 8.93267e-07
0.00403758 8.88412e-07
0.0040497 8.83585e-07
0.00406187 8.78786e-07
0.00407407 8.74011e-07
0.00408631 8.69263e-07
0.00409859 8.64541e-07
0.0041109 8.59844e-07
0.00412325 8.55174e-07
0.00413564 8.50528e-07
0.00414806 8.45908e-07
0.00416052 8.41314e-07
0.00417302 8.36743e-07
0.00418555 8.322e-07
0.00419813 8.2768e-07
0.00421074 8.23183e-07
0.00422339 8.18714e-07
0.00423608 8.14267e-07
0.0042488 8.09846e-07
0.00426157 8.05448e-07
0.00427437 8.01074e-07
0.00428721 7.96725e-07
0.00430009 7.92397e-07
0.00431301 7.88095e-07
0.00432596 7.83816e-07
0.00433896 7.7956e-07
0.00435199 7.75328e-07
0.00436507 7.71117e-07
0.00437818 7.6693e-07
0.00439133 7.62768e-07
0.00440452 7.58628e-07
0.00441776 7.54507e-07
0.00443103 7.50411e-07
0.00444434 7.46337e-07
0.00445769 7.42286e-07
0.00447108 7.38256e-07
0.00448451 7.34249e-07
0.00449798 7.30264e-07
0.0045115 7.26299e-07
0.00452505 7.22357e-07
0.00453864 7.18436e-07
0.00455228 7.14535e-07
0.00456595 7.10658e-07
0.00457967 7.068e-07
0.00459343 7.02964e-07
0.00460723 6.99148e-07
0.00462107 6.95353e-07
0.00463495 6.91579e-07
0.00464887 6.87827e-07
0.00466284 6.84093e-07
0.00467685 6.8038e-07
0.0046909 6.76688e-07
0.00470499 6.73016e-07
0.00471912 6.69364e-07
0.0047333 6.6573e-07
0.00474752 6.62118e-07
0.00476178 6.58525e-07
0.00477608 6.54952e-07
0.00479043 6.51398e-07
0.00480482 6.47864e-07
0.00481926 6.44347e-07
0.00483373 6.40851e-07
0.00484825 6.37374e-07
0.00486282 6.33916e-07
0.00487743 6.30475e-07
0.00489208 6.27055e-07
0.00490678 6.23651e-07
0.00492152 6.20267e-07
0.0049363 6.16903e-07
0.00495113 1.3778e-06
0.004966 6.10226e-07
0.00498092 6.06916e-07
0.00499589 6.03622e-07
0.00501089 6.00347e-07
0.00502595 5.97089e-07
0.00504105 5.93849e-07
0.00505619 5.90628e-07
0.00507138 5.87423e-07
0.00508661 5.84237e-07
0.00510189 5.81068e-07
0.00511722 5.77914e-07
0.00513259 5.74779e-07
0.00514801 5.7166e-07
0.00516348 5.68559e-07
0.00517899 0.000347702
0.00519455 5.62406e-07
0.00521015 5.59355e-07
0.0052258 5.56321e-07
0.0052415 5.53303e-07
0.00525725 2.73168e-06
0.00527304 5.47316e-07
0.00528888 5.44347e-07
0.00530477 5.41393e-07
0.00532071 5.38455e-07
0.00533669 5.35535e-07
0.00535272 5.3263e-07
0.0053688 5.29741e-07
0.00538493 5.26867e-07
0.00540111 5.24008e-07
0.00541733 5.21166e-07
0.00543361 5.18338e-07
0.00544993 5.15527e-07
0.0054663 5.12731e-07
0.00548272 5.09949e-07
0.00549919 5.07183e-07
0.00551571 5.04432e-07
0.00553228 5.01695e-07
0.0055489 4.98973e-07
0.00556557 4.96267e-07
0.00558229 4.93574e-07
0.00559906 4.90897e-07
0.00561588 4.88233e-07
0.00563275 4.85585e-07
0.00564967 4.82951e-07
0.00566664 4.80332e-07
0.00568367 4.77725e-07
0.00570074 4.75134e-07
0.00571787 3.91735e-05
0.00573504 4.69994e-07
0.00575227 4.67444e-07
0.00576955 4.64908e-07
0.00578689 4.62386e-07
0.00580427 4.59877e-07
0.00582171 4.57383e-07
0.0058392 4.54901e-07
0.00585674 4.52433e-07
0.00587433 4.4998e-07
0.00589198 4.47539e-07
0.00590968 4.45111e-07
0.00592743 4.42696e-07
0.00594524 4.40294e-07
0.0059631 4.37906e-07
0.00598101 4.35531e-07
0.00599898 4.33168e-07
0.006017 4.30819e-07
0.00603508 4.28484e-07
0.00605321 4.26161e-07
0.00607139 8.48462e-07
0.00608963 4.21553e-07
0.00610792 4.19269e-07
0.00612627 4.16995e-07
0.00614468 4.14735e-07
0.00616313 4.12486e-07
0.00618165 4.1025e-07
0.00620022 4.08026e-07
0.00621885 4.05814e-07
0.00623753 4.03613e-07
0.00625627 4.01425e-07
0.00627506 3.99249e-07
0.00629391 3.97085e-07
0.00631282 5.91452e-06
0.00633178 3.9279e-07
0.0063508 3.9066e-07
0.00636988 3.88542e-07
0.00638902 3.86435e-07
0.00640821 3.8434e-07
0.00642746 3.82256e-07
0.00644677 3.80183e-07
0.00646614 3.78122e-07
0.00648556 3.76072e-07
0.00650505 3.74032e-07
0.00652459 3.72004e-07
0.00654419 3.69987e-07
0.00656385 3.6798e-07
0.00658356 3.65985e-07
0.00660334 3.64e-07
0.00662318 3.62026e-07
0.00664308 3.60062e-07
0.00666303 3.5811e-07
0.00668305 3.56168e-07
0.00670312 3.54237e-07
0.00672326 3.52451e-07
0.00674346 3.50404e-07
0.00676372 3.48504e-07
0.00678404 3.46613e-07
0.00680442 3.44733e-07
0.00682486 3.42864e-07
0.00684536 3.41004e-07
0.00686592 3.39154e-07
0.00688655 3.37315e-07
0.00690724 1.34055e-06
0.00692799 3.33666e-07
0.0069488 3.31855e-07
0.00696967 3.30056e-07
0.00699061 3.28265e-07
0.00701161 3.26485e-07
0.00703268 3.24714e-07
0.0070538 3.22952e-07
0.00707499 3.212e-07
0.00709625 3.19457e-07
0.00711756 3.17725e-07
0.00713895 3.16001e-07
0.00716039 3.14287e-07
0.0071819 3.12582e-07
0.00720348 3.10886e-07
0.00722512 3.09199e-07
0.00724682 3.07522e-07
0.00726859 3.05853e-07
0.00729043 3.04194e-07
0.00731233 3.02544e-07
0.00733429 3.00902e-07
0.00735633 2.99269e-07
0.00737843 2.97646e-07
0.00740059 2.96031e-07
0.00742282 2.94425e-07
0.00744512 2.92827e-07
0.00746749 2.91238e-07
0.00748992 2.89657e-07
0.00751242 2.88085e-07
0.00753499 2.86522e-07
0.00755763 2.84968e-07
0.00758033 2.83421e-07
0.0076031 2.81883e-07
0.00762594 2.80353e-07
0.00764885 2.78832e-07
0.00767183 2.77319e-07
0.00769488 2.75813e-07
0.00771799 2.74317e-07
0.00774118 2.72828e-07
0.00776443 2.71347e-07
0.00778776 2.69875e-07
0.00781115 2.6841e-07
0.00783462 2.66953e-07
0.00785815 2.65505e-07
0.00788176 2.64063e-07
0.00790544 2.62629e-07
0.00792919 2.61204e-07
0.00795301 2.59786e-07
0.0079769 2.58377e-07
0.00800086 2.56974e-07
0.0080249 2.55578e-07
0.008049 2.54191e-07
0.00807318 2.52811e-07
0.00809744 2.51438e-07
0.00812176 2.50073e-07
0.00814616 2.48715e-07
0.00817063 2.47364e-07
0.00819518 2.46021e-07
0.0082198 2.44685e-07
0.00824449 2.43356e-07
0.00826926 2.42034e-07
0.0082941 2.4072e-07
0.00831901 2.39413e-07
0.00834401 2.38113e-07
0.00836907 2.36819e-07
0.00839421 2.35534e-07
0.00841943 2.34254e-07
0.00844472 2.32982e-07
0.00847009 2.31717e-07
0.00849554 2.30458e-07
0.00852106 2.29207e-07
0.00854665 2.27962e-07
0.00857233 2.26724e-07
0.00859808 2.25492e-07
0.00862391 2.24267e-07
0.00864982 2.23049e-07
0.0086758 2.21838e-07
0.00870187 2.20633e-07
0.00872801 2.19434e-07
0.00875423 2.18242e-07
0.00878053 2.17057e-07
0.0088069 2.15878e-07
0.00883336 0.000255447
0.0088599 2.13539e-07
0.00888651 6.9399e-07
0.00891321 2.11226e-07
0.00893998 2.10078e-07
0.00896684 2.08937e-07
0.00899378 2.07802e-07
0.0090208 2.06673e-07
0.0090479 2.0555e-07
0.00907507 2.04434e-07
0.00910234 2.03323e-07
0.0092073 1.99151e-07
0.00939266 1.92071e-07
0.00958175 1.85241e-07
0.00977464 1.78654e-07
0.00997142 1.72299e-07
0.0101722 1.66168e-07
0.0103769 1.60259e-07
0.0105858 1.5456e-07
0.0107989 1.49062e-07
0.0110163 1.43759e-07
0.0112381 1.75015e-07
0.0114644 1.3371e-07
0.0116952 1.28951e-07
0.0119306 1.24362e-07
0.0121708 3.06064e-07
0.0124158 1.15664e-07
0.0126657 1.11547e-07
0.0129207 1.07575e-07
0.0131808 1.03744e-07
0.0134462 1.00048e-07
0.0137169 9.64842e-08
0.013993 9.30466e-08
0.0142747 8.97307e-08
0.0145621 1.19851e-07
0.0148552 8.34496e-08
0.0151543 8.0475e-08
0.0154594 7.76061e-08
0.0157706 8.85325e-07
0.0160881 7.26578e-08
0.016412 6.95727e-08
0.0167423 6.70917e-08
0.0170794 6.46985e-08
0.0174232 6.23904e-08
0.017774 6.01642e-08
0.0181318 5.80171e-08
0.0184968 5.59467e-08
0.0188692 5.39494e-08
0.019249 5.20236e-08
0.0196366 5.01658e-08
0.0200319 4.83744e-08
0.0204351 9.19368e-08
0.0208465 4.49805e-08
0.0212662 4.33734e-08
0.0216943 4.18236e-08
0.0221311 4.03289e-08
0.0225766 3.88875e-08
0.0230311 3.74974e-08
0.0234947 3.61569e-08
0.0239677 3.48639e-08
0.0244502 3.36171e-08
0.0249424 3.24147e-08
0.0254446 3.1255e-08
0.0259568 3.01367e-08
0.0264794 2.90583e-08
0.0270124 2.80183e-08
0.0275562 2.70155e-08
0.028111 2.60482e-08
0.0286769 2.51155e-08
0.0292542 2.42161e-08
0.0298431 2.33488e-08
0.0304439 2.25124e-08
0.0310568 2.17058e-08
0.031682 2.0928e-08
0.0323198 2.0178e-08
0.0329704 1.94548e-08
0.0336342 1.87572e-08
0.0343113 1.80847e-08
0.035002 1.74361e-08
0.0357067 1.68108e-08
0.0364255 1.62078e-08
0.0371588 1.56389e-08
0.0379068 1.50655e-08
0.03867 1.45248e-08
0.0394484 1.40035e-08
0.0402426 1.35007e-08
0.0410527 1.30159e-08
0.0418792 1.25484e-08
0.0427223 1.20978e-08
0.0435823 1.16632e-08
0.0444597 1.12441e-08
0.0453547 1.08401e-08
0.0462678 1.04505e-08
0.0471992 1.00749e-08
0.0481494 9.7126e-09
0.0491188 9.36332e-09
0.0501076 9.02655e-09
0.0511163 8.70195e-09
0.0521454 8.38885e-09
0.0531951 8.087e-09
0.054266 7.79601e-09
0.0553585 7.51537e-09
0.0564729 7.24481e-09
0.0576098 6.98397e-09
0.0587696 6.73246e-09
0.0599527 6.48998e-09
0.0611596 6.25721e-09
0.0623908 6.03079e-09
0.0636469 5.81346e-09
0.0649282 5.60394e-09
0.0662353 5.40193e-09
0.0675687 5.20718e-09
0.0689289 5.01942e-09
0.0703166 4.83839e-09
0.0717321 4.66387e-09
0.0731762 4.49561e-09
0.0746494 4.3334e-09
0.0761521 4.17702e-09
0.0776852 4.02624e-09
0.0792491 3.88089e-09
0.0808445 3.74077e-09
0.082472 3.60568e-09
0.0841323 3.47544e-09
0.085826 3.34989e-09
0.0875538 3.22886e-09
0.0893164 3.11218e-09
0.0911145 2.99969e-09
0.0929487 2.89126e-09
0.0948199 2.78673e-09
0.0967288 2.68596e-09
0.0986761 2.58881e-09
0.100663 2.49516e-09
0.102689 2.40489e-09
0.104756 2.31788e-09
0.106865 2.23399e-09
0.109017 2.15312e-09
0.111211 2.07518e-09
0.11345 2.00004e-09
0.115734 1.9276e-09
0.118064 1.85778e-09
0.120441 1.79048e-09
0.122865 1.72561e-09
0.125339 1.66307e-09
0.127862 1.60279e-09
0.130436 1.54469e-09
0.133062 1.48868e-09
0.135741 1.4347e-09
0.138473 1.38267e-09
0.141261 1.33251e-09
0.144105 1.28416e-09
0.147006 1.23756e-09
0.149965 1.19265e-09
0.152984 1.14936e-09
0.156064 1.10763e-09
0.159206 1.06741e-09
0.162411 1.02865e-09
0.16568 9.91287e-10
0.169016 9.5527e-10
0.172418 9.20565e-10
0.175889 8.87112e-10
0.17943 8.54868e-10
0.183042 8.23792e-10
0.186727 7.93843e-10
0.190486 7.64975e-10
0.194321 7.37152e-10
0.198233 7.10339e-10
0.202224 6.84494e-10
0.206295 6.59589e-10
0.210448 6.35585e-10
0.214685 6.1245e-10
0.219007 5.90155e-10
0.223415 5.68668e-10
0.227913 5.47959e-10
0.232501 5.28004e-10
0.237182 5.08769e-10
0.241957 4.90234e-10
0.246828 4.7237e-10
0.251797 4.55156e-10
0.256866 4.38567e-10
0.262037 4.22578e-10
0.267312 4.07171e-10
0.272693 3.92324e-10
0.278183 3.78015e-10
0.283783 3.64227e-10
0.289496 3.5094e-10
0.295324 3.38136e-10
0.301269 3.25795e-10
0.307334 3.13905e-10
0.313522 3.02445e-10
0.319833 2.91405e-10
0.326272 2.80764e-10
0.33284 2.70511e-10
0.339541 2.6063e-10
0.346376 2.51109e-10
0.353349 2.41936e-10
0.360463 2.33095e-10
0.367719 2.24577e-10
0.375122 2.16369e-10
0.382674 2.08459e-10
0.390377 2.00838e-10
0.398236 1.93494e-10
0.406253 1.86418e-10
0.414432 1.796e-10
0.422775 1.7303e-10
0.431286 1.667e-10
0.439968 1.606e-10
0.448826 1.54722e-10
0.457861 1.4906e-10
0.467079 1.43604e-10
0.476482 1.38346e-10
0.486074 1.33281e-10
0.495859 1.28401e-10
0.505841 1.23698e-10
0.516025 1.19168e-10
0.526413 1.14802e-10
0.537011 1.10596e-10
0.547821 1.06544e-10
0.55885 1.02639e-10
0.5701 9.88774e-11
0.581577 9.52533e-11
0.593285 9.17617e-11
0.605229 8.83975e-11
0.617413 8.51559e-11
0.629842 8.2033e-11
0.642522 7.90246e-11
0.655457 7.61258e-11
0.668652 7.33337e-11
0.682113 7.06385e-11
0.695845 6.80468e-11
0.709853 6.55497e-11
0.724144 6.31442e-11
0.738722 6.08266e-11
0.753593 5.85765e-11
0.768764 5.64266e-11
0.784241 5.43551e-11
0.800028 5.23596e-11
0.816134 5.0437e-11
0.832564 4.85317e-11
0.849325 4.67501e-11
0.866423 4.50336e-11
0.883865 4.33801e-11
0.901659 4.1787e-11
