9.10033e-07 0.0060804
9.17323e-07 0.0123333
9.24672e-07 0.0126062
9.32079e-07 0.0128877
9.39546e-07 0.0131691
9.47072e-07 0.0134538
9.54659e-07 0.0137447
9.62306e-07 0.0140418
9.70015e-07 0.0143496
9.77785e-07 0.0146614
9.85618e-07 0.0149738
9.93513e-07 0.0152899
1.00147e-06 0.0156112
1.00949e-06 0.0159405
1.01758e-06 0.0162759
1.02573e-06 0.0166051
1.03395e-06 0.0169584
1.04223e-06 0.0173052
1.05058e-06 0.0176604
1.059e-06 0.0180385
1.06748e-06 0.0184095
1.07603e-06 0.0187882
1.08465e-06 0.0191886
1.09334e-06 0.0195815
1.1021e-06 0.0199954
1.11093e-06 0.0204156
1.11983e-06 0.0208279
1.1288e-06 0.0212463
1.13784e-06 0.0216706
1.14695e-06 0.0221143
1.15614e-06 0.022563
1.1654e-06 0.0230301
1.17474e-06 0.0235017
1.18415e-06 0.0239909
1.19364e-06 0.024497
1.2032e-06 0.0250198
1.21284e-06 0.0255586
1.22255e-06 0.0261131
1.23234e-06 0.0266825
1.24222e-06 0.0272663
1.25217e-06 0.0278644
1.2622e-06 0.0284637
1.27231e-06 0.0290764
1.2825e-06 0.029702
1.29277e-06 0.0303523
1.30313e-06 0.0310023
1.31357e-06 0.0316879
1.32409e-06 0.0323963
1.3347e-06 0.0331148
1.34539e-06 0.033855
1.35617e-06 0.0346275
1.36703e-06 0.0354087
1.37798e-06 0.0362321
1.38902e-06 0.0370741
1.40015e-06 0.037934
1.41136e-06 0.0388338
1.42267e-06 0.0397497
1.43407e-06 0.0406923
1.44556e-06 0.0416718
1.45714e-06 0.042687
1.46881e-06 0.0437264
1.48057e-06 0.0448208
1.49243e-06 0.0459474
1.50439e-06 0.0471054
1.51644e-06 0.0483043
1.52859e-06 0.0495324
1.54083e-06 0.0508095
1.55318e-06 0.0521133
1.56562e-06 0.0534737
1.57816e-06 0.0548688
1.5908e-06 0.0563074
1.60355e-06 0.0578075
1.61639e-06 0.0593583
1.62934e-06 0.0609576
1.64239e-06 0.0626044
1.65555e-06 0.0642872
1.66881e-06 0.0660525
1.68218e-06 0.0678787
1.69565e-06 0.0697554
1.70924e-06 0.0716893
1.72293e-06 0.0736886
1.73673e-06 0.075742
1.75064e-06 0.0778747
1.76467e-06 0.0800661
1.7788e-06 0.0823331
1.79305e-06 0.0846637
1.80742e-06 0.0870994
1.8219e-06 0.0895085
1.83649e-06 0.092045
1.8512e-06 0.094705
1.86603e-06 0.097401
1.88098e-06 0.100131
1.89605e-06 0.102978
1.91124e-06 0.105937
1.92655e-06 0.109006
1.94198e-06 0.1121
1.95753e-06 0.115299
1.97322e-06 0.118597
1.98902e-06 0.121995
2.00496e-06 0.125331
2.02102e-06 0.12884
2.03721e-06 0.132438
2.05353e-06 0.136201
2.06998e-06 0.140047
2.08656e-06 0.144049
2.10327e-06 0.148129
2.12012e-06 0.152133
2.13711e-06 0.156285
2.15423e-06 0.160508
2.17148e-06 0.164798
2.18888e-06 0.169225
2.20641e-06 0.173784
2.22409e-06 0.178472
2.2419e-06 0.183355
2.25311e-06 0.186483
2.25761e-06 0.18778
2.26212e-06 0.189001
2.26664e-06 0.191325
2.27116e-06 0.219486
2.2757e-06 0.265602
2.27849e-06 0.298135
2.28303e-06 0.362441
2.28936e-06 0.470652
2.29393e-06 0.569541
2.30538e-06 0.798599
2.3238e-06 1.10769
2.34237e-06 1.46946
2.3582e-06 1.68455
2.37702e-06 1.96043
2.39896e-06 2.29449
2.41813e-06 2.36198
2.43745e-06 2.37932
2.45693e-06 2.3975
2.47656e-06 2.40322
2.49635e-06 2.40114
2.51629e-06 2.39521
2.5364e-06 2.13241
2.55667e-06 1.76128
2.57709e-06 1.7857
2.59769e-06 2.26215
2.61844e-06 2.3707
2.63936e-06 2.37273
2.66045e-06 2.36513
2.68171e-06 2.35515
2.70314e-06 2.34461
2.72474e-06 2.33351
2.74651e-06 2.32245
2.76845e-06 2.31084
2.79057e-06 2.29928
2.81287e-06 2.28663
2.83535e-06 2.27403
2.858e-06 2.26096
2.88084e-06 2.24793
2.90386e-06 2.23444
2.92706e-06 2.22048
2.95045e-06 2.20607
2.97402e-06 2.17856
2.99778e-06 2.14297
3.02174e-06 2.12182
3.04588e-06 2.11479
3.07022e-06 2.10825
3.09475e-06 2.09915
3.11948e-06 2.08854
3.1444e-06 2.07798
3.16953e-06 2.06745
3.19485e-06 2.05303
3.22038e-06 2.03627
3.24611e-06 2.01964
3.27205e-06 2.00315
3.29819e-06 1.98632
3.32455e-06 1.96916
3.35111e-06 1.95168
3.37789e-06 1.93481
3.40488e-06 1.91717
3.43208e-06 1.89923
3.45951e-06 1.8819
3.48715e-06 1.86429
3.51501e-06 1.84638
3.5431e-06 1.8282
3.57141e-06 1.81063
3.59994e-06 1.79236
3.62871e-06 1.77426
3.6577e-06 1.75633
3.68693e-06 1.73815
3.71639e-06 1.72015
3.74608e-06 1.70191
3.77601e-06 1.68385
3.80619e-06 1.66555
3.8366e-06 1.64744
3.86725e-06 1.6291
3.89815e-06 1.61095
3.9293e-06 1.59299
3.9607e-06 1.57481
3.99234e-06 1.55683
4.02424e-06 1.53864
4.0564e-06 1.52064
4.08881e-06 1.50282
4.12148e-06 1.4852
4.15441e-06 1.46738
4.18761e-06 1.44938
4.22107e-06 1.43194
4.25479e-06 1.41432
4.28879e-06 1.39652
4.32306e-06 1.37928
4.3576e-06 1.36186
4.39242e-06 1.34499
4.42751e-06 1.32759
4.46289e-06 1.31074
4.49855e-06 1.29407
4.53449e-06 1.27724
4.57073e-06 1.26024
4.60725e-06 1.24378
4.64406e-06 1.2275
4.68117e-06 1.21106
4.71857e-06 1.19481
4.75627e-06 1.17874
4.79428e-06 1.16285
4.83258e-06 1.14714
4.8712e-06 1.13127
4.91012e-06 1.1156
4.94935e-06 1.10041
4.9889e-06 1.08539
5.01343e-06 1.07727
5.02272e-06 1.07465
5.03203e-06 1.07204
5.04048e-06 1.06962
5.04982e-06 1.06702
5.06007e-06 1.06392
5.06945e-06 1.06072
5.07885e-06 1.05721
5.08826e-06 1.05371
5.09769e-06 1.05022
5.10714e-06 1.04674
5.11661e-06 1.04358
5.14183e-06 1.03419
5.18303e-06 1.0193
5.22456e-06 1.00429
5.26643e-06 0.989453
5.30863e-06 0.975083
5.35116e-06 0.960294
5.39404e-06 0.945967
5.43727e-06 0.931807
5.48084e-06 0.917813
5.52475e-06 0.903984
5.56903e-06 0.890314
5.61365e-06 0.876807
5.65863e-06 0.863458
5.70398e-06 0.849989
5.74968e-06 0.836954
5.79576e-06 0.824071
5.8422e-06 0.811342
5.88901e-06 0.798496
5.9362e-06 0.786067
5.98377e-06 0.774047
6.03172e-06 0.761649
6.08005e-06 0.749399
6.12877e-06 0.737552
6.17788e-06 0.726099
6.22738e-06 0.714531
6.27728e-06 0.7031
6.32759e-06 0.691805
6.37829e-06 0.680646
6.4294e-06 0.66962
6.48092e-06 0.658727
6.53285e-06 0.647965
6.5852e-06 0.63757
6.63797e-06 0.627063
6.69116e-06 0.616684
6.74477e-06 0.60643
6.79882e-06 0.59653
6.8533e-06 0.58652
6.90822e-06 0.576859
6.96357e-06 0.567315
7.01937e-06 0.557886
7.07562e-06 0.548349
7.13232e-06 0.539369
7.18947e-06 0.530278
7.24708e-06 0.521298
7.30515e-06 0.512428
7.36369e-06 0.503878
7.42269e-06 0.495221
7.48217e-06 0.486669
7.54213e-06 0.47843
7.60256e-06 0.470085
7.66348e-06 0.462047
7.72489e-06 0.454107
7.78679e-06 0.446063
7.84919e-06 0.438318
7.91209e-06 0.430667
7.97549e-06 0.423111
8.0394e-06 0.415648
8.10382e-06 0.40847
8.16875e-06 0.40138
8.23421e-06 0.394187
8.30019e-06 0.387271
8.3667e-06 0.380253
8.43374e-06 0.373508
8.50132e-06 0.366847
8.56945e-06 0.360267
8.63811e-06 0.35377
8.70733e-06 0.347352
8.77711e-06 0.341193
8.84744e-06 0.334933
8.91833e-06 0.328751
8.9898e-06 0.32282
9.02709e-06 0.319748
9.02978e-06 0.319478
9.03248e-06 0.319209
9.03517e-06 0.31894
9.03787e-06 0.318845
9.04057e-06 0.318576
9.04326e-06 0.318308
9.04596e-06 0.31804
9.04866e-06 0.317945
9.05136e-06 0.318023
9.05406e-06 0.318102
9.05677e-06 0.318353
9.05947e-06 0.318605
9.06217e-06 0.318856
9.06488e-06 0.318934
9.06758e-06 0.319185
9.07029e-06 0.319436
9.07299e-06 0.319687
9.0757e-06 0.319937
9.07841e-06 0.320015
9.08112e-06 0.320265
9.08383e-06 0.320515
9.08654e-06 0.320765
9.08925e-06 0.320842
9.09197e-06 0.321091
9.09468e-06 0.321341
9.09739e-06 0.32159
9.10011e-06 0.321839
9.10282e-06 0.321915
9.10554e-06 0.322164
9.10826e-06 0.322412
9.11098e-06 0.322661
9.11369e-06 0.322737
9.11641e-06 0.322985
9.11913e-06 0.323233
9.12071e-06 0.323349
9.12343e-06 0.653552
9.1273e-06 0.654155
9.13002e-06 0.654579
9.13275e-06 0.655005
9.13547e-06 0.655429
9.1382e-06 0.655855
9.14093e-06 0.656449
9.14366e-06 0.656706
9.14638e-06 0.657132
9.14911e-06 0.657876
9.15184e-06 0.662084
9.15458e-06 0.667224
9.15731e-06 0.672407
9.16004e-06 0.677635
9.16277e-06 0.684714
9.16551e-06 0.688201
9.16824e-06 0.825766
9.17098e-06 0.698939
9.17372e-06 0.704372
9.17645e-06 0.842969
9.17919e-06 0.715361
9.18193e-06 0.720922
9.18467e-06 0.85865
9.18741e-06 0.732177
9.19016e-06 0.737867
9.1929e-06 0.743602
9.19564e-06 0.880013
9.19838e-06 0.755384
9.20113e-06 0.761087
9.20388e-06 0.767006
9.20662e-06 0.772973
9.20937e-06 0.778986
9.21212e-06 0.913332
9.21487e-06 0.791153
9.21762e-06 0.797306
9.22037e-06 0.803509
9.22312e-06 0.809763
9.22587e-06 0.816065
9.22863e-06 0.822416
9.23138e-06 0.828826
9.23413e-06 0.938935
9.23689e-06 0.841773
9.23965e-06 0.848323
9.2424e-06 0.854928
9.24516e-06 0.861585
9.24792e-06 0.868293
9.25068e-06 0.873678
9.25344e-06 0.87743
9.25941e-06 0.885614
9.2686e-06 0.929649
9.2778e-06 0.911238
9.287e-06 0.924329
9.29622e-06 0.937611
9.30544e-06 0.951086
9.31467e-06 0.996799
9.32391e-06 0.978617
9.33317e-06 0.992684
9.34243e-06 1.00696
9.3517e-06 1.0192
9.36097e-06 1.02524
9.37026e-06 1.03121
9.37956e-06 1.07067
9.38887e-06 1.04325
9.39818e-06 1.04933
9.40751e-06 1.05543
9.41684e-06 1.06158
9.42619e-06 1.06776
9.43554e-06 1.07398
9.4449e-06 1.08024
9.45427e-06 1.08334
9.46365e-06 1.0835
9.47304e-06 1.08366
9.48244e-06 1.08382
9.49185e-06 1.08398
9.50127e-06 1.11993
9.5107e-06 1.08431
9.52013e-06 1.08447
9.52958e-06 1.08463
9.53903e-06 1.0848
9.5485e-06 1.08496
9.55797e-06 1.08517
9.56746e-06 1.08539
9.57695e-06 1.0856
9.58645e-06 1.08582
9.59596e-06 1.08604
9.60549e-06 1.08625
9.61502e-06 1.08647
9.62456e-06 1.08669
9.63411e-06 1.08691
9.64367e-06 1.08713
9.65323e-06 1.08138
9.66281e-06 1.06682
9.6724e-06 1.05251
9.682e-06 1.03808
9.6916e-06 1.02417
9.70122e-06 1.01013
9.71085e-06 0.996435
9.72048e-06 1.00672
9.73013e-06 1.00787
9.73978e-06 0.95647
9.74944e-06 0.946587
9.75912e-06 0.953641
9.7688e-06 0.963638
9.77849e-06 0.97432
9.7882e-06 0.983956
9.79791e-06 0.994332
9.80763e-06 1.00476
9.81736e-06 1.01524
9.8271e-06 1.02589
9.83685e-06 1.03681
9.84661e-06 1.04715
9.85638e-06 1.04827
9.86616e-06 1.04516
9.87595e-06 1.04206
9.88575e-06 1.03897
9.89556e-06 1.03605
9.90538e-06 1.03282
9.91521e-06 1.07187
9.92504e-06 1.05667
9.93489e-06 1.02366
9.94475e-06 1.02064
9.95462e-06 1.01834
9.96449e-06 1.01672
9.97438e-06 1.0151
9.98428e-06 1.01363
9.99418e-06 1.01186
1.00041e-05 1.01025
1.0014e-05 1.00864
1.0024e-05 1.00702
1.00339e-05 1.00542
1.00439e-05 1.00381
1.00538e-05 1.00099
1.00638e-05 0.996692
1.00738e-05 0.992418
1.00838e-05 0.988159
1.00938e-05 0.983918
1.01038e-05 0.979701
1.01138e-05 0.975501
1.01239e-05 0.971309
1.01746e-05 0.832824
1.02665e-05 0.638516
1.03593e-05 0.877831
1.0453e-05 0.895047
1.05474e-05 0.878241
1.06428e-05 0.857429
1.0739e-05 0.77243
1.0836e-05 0.354526
1.0934e-05 0.643895
1.10328e-05 0.772873
1.11325e-05 0.752966
1.12331e-05 0.733078
1.13347e-05 0.714041
1.14371e-05 0.694924
1.15405e-05 0.676721
1.16448e-05 0.658543
1.175e-05 0.640328
1.18563e-05 0.622114
1.19634e-05 0.601374
1.20715e-05 0.506422
1.21807e-05 33.4002
1.22908e-05 0.582736
1.24018e-05 0.58311
1.25139e-05 0.586412
1.2627e-05 0.586671
1.27412e-05 0.584537
1.28563e-05 0.580818
1.29725e-05 0.575429
1.30898e-05 0.568716
1.32081e-05 0.561029
1.33275e-05 0.55263
1.34479e-05 0.543831
1.35695e-05 0.534745
1.36921e-05 0.525488
1.38159e-05 0.516065
1.39408e-05 0.506438
1.40668e-05 0.496753
1.41939e-05 0.486978
1.43222e-05 0.47707
1.44517e-05 0.467022
1.45823e-05 0.456964
1.47141e-05 0.44694
1.48471e-05 0.4413
1.49813e-05 0.42699
1.51167e-05 0.417195
1.52533e-05 0.407503
1.53912e-05 0.39799
1.55303e-05 0.388669
1.56707e-05 0.379554
1.58123e-05 0.37039
1.59552e-05 0.361493
1.60994e-05 0.352753
1.6245e-05 0.344082
1.63918e-05 0.360105
1.65399e-05 0.327363
1.66894e-05 0.319581
1.68403e-05 0.311722
1.69925e-05 0.303959
1.71461e-05 0.296388
1.73011e-05 0.289066
1.74574e-05 0.292466
1.76152e-05 0.274601
1.77744e-05 0.267664
1.79351e-05 0.26089
1.80972e-05 0.254271
1.82608e-05 0.247772
1.84258e-05 0.241465
1.85924e-05 0.235328
1.87604e-05 0.229408
1.893e-05 0.223552
1.91011e-05 0.217988
1.92737e-05 0.212368
1.94479e-05 0.206981
1.96237e-05 0.201772
1.98011e-05 0.196692
1.99801e-05 0.19176
2.01606e-05 0.186971
2.03429e-05 0.182294
2.05267e-05 0.179058
2.07123e-05 0.175256
2.08995e-05 0.170764
2.10884e-05 0.16553
2.1279e-05 0.160254
2.14713e-05 0.157784
2.16654e-05 0.152363
2.18612e-05 0.149951
2.20588e-05 0.143898
2.22582e-05 0.141346
2.24594e-05 0.13885
2.26624e-05 0.135937
2.28672e-05 0.13334
2.30739e-05 0.128845
2.32824e-05 0.127017
2.34929e-05 0.123998
2.37052e-05 0.120597
2.39195e-05 0.116754
2.41357e-05 0.115396
2.43538e-05 0.112724
2.4574e-05 0.11012
2.47961e-05 0.107591
2.50202e-05 0.104536
2.52463e-05 0.102203
2.54745e-05 0.100453
2.57048e-05 0.098225
2.59371e-05 0.0960561
2.61715e-05 0.0933583
2.64081e-05 0.0913074
2.66468e-05 0.0893201
2.68876e-05 0.0873853
2.71306e-05 0.0854959
2.73759e-05 0.0824683
2.76233e-05 0.0819075
2.7873e-05 0.0802122
2.81249e-05 0.0785263
2.83791e-05 0.0769046
2.86356e-05 0.0753171
2.88944e-05 0.073786
2.91556e-05 0.0723014
2.94191e-05 0.0708612
2.9685e-05 0.0694618
2.99533e-05 0.0681073
3.02241e-05 0.0667896
3.04973e-05 0.0655137
3.07729e-05 0.0642737
3.10511e-05 0.063074
3.13317e-05 0.0619075
3.16149e-05 0.0607739
3.19007e-05 0.0596374
3.2189e-05 0.0592839
3.24799e-05 0.0575718
3.27735e-05 0.0565692
3.30697e-05 0.0555897
3.33686e-05 0.0546377
3.36702e-05 0.0537144
3.39746e-05 0.05282
3.42816e-05 0.051972
3.45915e-05 0.0511327
3.49042e-05 0.0503051
3.50791e-05 0.0498552
3.51141e-05 0.0497664
3.51492e-05 0.049678
3.51844e-05 0.0495898
3.52195e-05 0.049502
3.52548e-05 0.0494144
3.529e-05 0.0493272
3.53253e-05 0.0492397
3.53606e-05 0.0491528
3.5396e-05 0.0490658
3.54313e-05 0.0489794
3.54668e-05 0.0488929
3.55022e-05 0.0488069
3.55377e-05 0.0487207
3.55732e-05 0.0486349
3.56088e-05 0.0485491
3.56444e-05 0.0484637
3.568e-05 0.0483831
3.57157e-05 0.0482941
3.57514e-05 0.0482101
3.57872e-05 0.0481262
3.58229e-05 0.0480429
3.58587e-05 0.0479596
3.58946e-05 0.0478766
3.59305e-05 0.0477937
3.59664e-05 0.0477155
3.60024e-05 0.0476286
3.60384e-05 0.0475466
3.60744e-05 0.0474647
3.61104e-05 0.047383
3.61465e-05 0.0473013
3.61827e-05 0.0472198
3.62189e-05 0.0471384
3.62551e-05 0.0470574
3.62913e-05 0.0469767
3.63276e-05 0.0468962
3.63639e-05 0.0468157
3.64003e-05 0.0467384
3.64367e-05 0.0466739
3.64696e-05 0.0465943
3.65061e-05 0.0284941
3.6546e-05 0.0283999
3.65826e-05 0.0283131
3.66192e-05 0.0282266
3.66558e-05 0.0281405
3.66924e-05 0.0280562
3.67291e-05 0.0279901
3.67658e-05 0.027929
3.68026e-05 0.0278681
3.68394e-05 0.0277161
3.68762e-05 0.0276556
3.69131e-05 0.0276059
3.695e-05 0.0275708
3.69869e-05 0.0275359
3.70239e-05 0.027501
3.70609e-05 0.0274662
3.70979e-05 0.0274296
3.7135e-05 0.0273833
3.71722e-05 0.0273352
3.72093e-05 0.0272899
3.72465e-05 0.0913825
3.72838e-05 0.0274341
3.7321e-05 0.0271324
3.73583e-05 0.106368
3.73957e-05 0.0269987
3.74331e-05 0.0269321
3.74705e-05 0.0268658
3.7508e-05 0.124947
3.75455e-05 0.0266889
3.7583e-05 0.0265884
3.76206e-05 0.0264883
3.76582e-05 0.0263887
3.76958e-05 0.0262915
3.77335e-05 0.149344
3.77712e-05 0.0261282
3.7809e-05 0.0260525
3.78468e-05 0.0259689
3.78846e-05 0.0258898
3.79225e-05 0.0258151
3.79604e-05 0.0257432
3.79984e-05 0.182129
3.80364e-05 0.0255998
3.80744e-05 0.0255286
3.81124e-05 0.0254312
3.81505e-05 0.0252956
3.81887e-05 0.0251606
3.82269e-05 0.0250268
3.82651e-05 0.0248938
3.83033e-05 0.0247634
3.83416e-05 0.0246393
3.838e-05 0.188872
3.84183e-05 0.0243944
3.84567e-05 0.0242734
3.84952e-05 0.0241896
3.85337e-05 0.0243832
3.85722e-05 0.0246434
3.86108e-05 0.0249105
3.86494e-05 0.0251888
3.8688e-05 0.0255389
3.87267e-05 0.0248174
3.87654e-05 0.0239123
3.88041e-05 0.0230728
3.88429e-05 0.0222825
3.88818e-05 0.155072
3.89206e-05 0.245465
3.89596e-05 0.0222325
3.89985e-05 0.0229004
3.90375e-05 0.023616
3.90765e-05 0.0243825
3.91156e-05 0.0248049
3.91547e-05 0.0247576
3.91938e-05 0.0247105
3.9233e-05 0.0246635
3.92722e-05 0.0282412
3.93115e-05 0.0245537
3.93508e-05 0.0244655
3.93901e-05 0.0243748
3.94295e-05 0.0242856
3.94689e-05 0.0241969
3.95084e-05 0.0239007
3.95479e-05 0.023154
3.95874e-05 0.0224243
3.9627e-05 0.0217417
3.96666e-05 0.0211324
3.97063e-05 0.0207682
3.9746e-05 0.346609
3.97857e-05 0.0217465
3.98255e-05 0.0223019
3.98653e-05 0.0228944
3.99052e-05 0.0233573
3.99451e-05 0.023364
3.9985e-05 0.0233443
4.0025e-05 0.0233248
4.0065e-05 0.0233051
4.0105e-05 0.0279988
4.01451e-05 0.0231759
4.01853e-05 0.0230852
4.02254e-05 0.0229873
4.02656e-05 0.0228941
4.03059e-05 0.0228165
4.03462e-05 0.0227841
4.03865e-05 0.0227542
4.04269e-05 0.022727
4.04673e-05 0.0226946
4.05078e-05 0.0226504
4.05483e-05 0.0225729
4.05888e-05 0.0224943
4.06294e-05 0.022416
4.067e-05 0.0223381
4.07107e-05 0.0222313
4.07514e-05 0.0220616
4.07921e-05 0.0218962
4.08329e-05 0.0217308
4.08737e-05 0.0215683
4.09146e-05 0.0213949
4.09555e-05 0.0212071
4.09964e-05 0.0210218
4.10374e-05 0.528766
4.10784e-05 0.0206628
4.11195e-05 0.0206575
4.11606e-05 0.0208061
4.12018e-05 0.0209588
4.1243e-05 0.0211186
4.12842e-05 0.0212702
4.13255e-05 0.021298
4.13668e-05 0.0212569
4.14081e-05 0.021216
4.14495e-05 0.0280686
4.1491e-05 0.0211336
4.15324e-05 0.0210818
4.1574e-05 0.021027
4.16155e-05 0.0209763
4.16571e-05 0.0209181
4.16988e-05 0.0208664
4.17405e-05 0.0208017
4.17822e-05 0.0207392
4.1824e-05 0.0206774
4.18658e-05 0.0206158
4.19076e-05 0.0205545
4.19495e-05 0.0204937
4.19915e-05 0.0204333
4.20335e-05 0.0203726
4.20755e-05 0.0203124
4.21175e-05 0.0202569
4.21596e-05 0.0202064
4.22018e-05 0.020156
4.2244e-05 0.0201059
4.22862e-05 0.0200556
4.23285e-05 0.0199998
4.23708e-05 0.0199436
4.24132e-05 0.019884
4.24556e-05 0.0198264
4.2498e-05 0.0197691
4.25405e-05 0.0197123
4.2583e-05 0.0196557
4.26256e-05 0.0195993
4.26682e-05 0.0195431
4.27109e-05 0.0194863
4.27536e-05 0.0194284
4.27963e-05 0.0193708
4.28391e-05 0.0193133
4.28819e-05 0.0192558
4.29248e-05 0.0191917
4.29677e-05 0.0191234
4.30107e-05 0.0190554
4.30537e-05 0.0189878
4.30967e-05 0.0189094
4.31398e-05 0.0187628
4.31829e-05 0.0186049
4.32261e-05 0.0184492
4.32693e-05 0.0182957
4.33126e-05 0.018161
4.33559e-05 0.018043
4.33992e-05 0.0179304
4.34426e-05 0.885554
4.3486e-05 0.0177145
4.35295e-05 0.0177569
4.3573e-05 0.0178638
4.36166e-05 0.0180073
4.36602e-05 0.0180834
4.37038e-05 0.0181658
4.37475e-05 0.0181391
4.37913e-05 0.0181087
4.3835e-05 0.0180693
4.38789e-05 0.0291505
4.39227e-05 0.0179934
4.39667e-05 0.0179479
4.40106e-05 0.0179026
4.40546e-05 0.0178574
4.40986e-05 0.0178119
4.41427e-05 0.0177641
4.41869e-05 0.0177162
4.4231e-05 0.0176683
4.42753e-05 0.0176206
4.43195e-05 0.0175728
4.43638e-05 0.0175259
4.44082e-05 0.0174772
4.44526e-05 0.0174296
4.4497e-05 0.0173789
4.45415e-05 0.0173099
4.4586e-05 0.0172379
4.46306e-05 0.0171662
4.46752e-05 0.0170985
4.47199e-05 0.0657957
4.47646e-05 0.017027
4.48093e-05 0.0170044
4.48541e-05 0.0169824
4.4899e-05 0.0169565
4.49439e-05 0.016915
4.49888e-05 0.0168639
4.50338e-05 0.0168164
4.50788e-05 0.0167697
4.51239e-05 0.0167217
4.5169e-05 0.0166741
4.52141e-05 0.0166267
4.52593e-05 0.0165795
4.53046e-05 0.0165315
4.53499e-05 0.0164783
4.53952e-05 0.0164253
4.54406e-05 0.0163726
4.5486e-05 0.0163207
4.55315e-05 0.0162809
4.5577e-05 0.0162457
4.56226e-05 0.0162108
4.56682e-05 0.0161759
4.57139e-05 0.0161373
4.57596e-05 0.0160927
4.58053e-05 0.0160517
4.58511e-05 0.0160039
4.58969e-05 0.0159598
4.59428e-05 0.0159165
4.59888e-05 0.0158734
4.60347e-05 0.0158305
4.60807e-05 0.0157877
4.61268e-05 0.0157446
4.61729e-05 0.0157016
4.62191e-05 0.0156586
4.62653e-05 0.0156158
4.63116e-05 0.0155768
4.63579e-05 0.0160812
4.64042e-05 0.0157684
4.64506e-05 0.0154488
4.6497e-05 0.0154075
4.65435e-05 0.0153647
4.659e-05 0.0153249
4.66366e-05 0.0152792
4.66832e-05 0.0152357
4.67299e-05 0.0151628
4.67766e-05 0.0150758
4.68234e-05 0.0149896
4.68702e-05 0.0230822
4.69171e-05 0.0148577
4.6964e-05 0.0148625
4.70109e-05 0.0148681
4.70579e-05 0.0148735
4.7105e-05 0.0148718
4.71521e-05 0.0148315
4.71992e-05 0.0147915
4.72464e-05 0.0147519
4.72936e-05 0.0147124
4.73409e-05 0.0146723
4.73882e-05 0.0146344
4.74356e-05 0.0145931
4.7483e-05 0.0145536
4.75305e-05 0.0145139
4.7578e-05 0.0144742
4.76256e-05 0.0144347
4.76732e-05 0.0143953
4.77209e-05 0.0143557
4.77686e-05 0.014316
4.78163e-05 0.014276
4.78641e-05 0.0142369
4.7912e-05 0.0141966
4.79599e-05 0.0141556
4.80078e-05 0.014115
4.80558e-05 0.0140741
4.81039e-05 0.0140316
4.81519e-05 0.0139837
4.82001e-05 0.0139355
4.82483e-05 0.0138879
4.82965e-05 0.0138326
4.83448e-05 0.0137313
4.83931e-05 0.0136226
4.84415e-05 0.0135155
4.84899e-05 0.0134089
4.85384e-05 0.0132969
4.85869e-05 0.0131842
4.86355e-05 1.66543
4.86841e-05 0.013572
4.87328e-05 0.0130088
4.87815e-05 0.0131127
4.88303e-05 0.0132188
4.88791e-05 0.013326
4.8928e-05 0.0133568
4.89769e-05 0.0133374
4.90259e-05 0.0133184
4.90749e-05 0.0132997
4.91239e-05 0.0132736
4.9173e-05 0.033192
4.92222e-05 0.0132093
4.92714e-05 0.0131774
4.93207e-05 0.0131457
4.937e-05 0.0131133
4.94193e-05 0.0130806
4.94687e-05 0.0130485
4.95182e-05 0.0130157
4.95677e-05 0.0133242
4.96173e-05 0.0129493
4.96669e-05 0.0129161
4.97165e-05 0.0128829
4.97662e-05 0.0128493
4.9816e-05 0.0128164
4.98658e-05 0.012783
4.99156e-05 0.0127501
4.99655e-05 0.0127162
5.00155e-05 0.0126828
5.00655e-05 0.0136315
5.01155e-05 0.0126167
5.01656e-05 0.0402219
5.02158e-05 0.0125528
5.0266e-05 0.0125206
5.03162e-05 0.0124872
5.03665e-05 0.012452
5.04169e-05 0.0124164
5.04673e-05 0.0123807
5.05178e-05 0.0123481
5.05683e-05 0.0123193
5.06188e-05 0.0122905
5.06694e-05 0.0122618
5.07201e-05 0.0122319
5.07708e-05 0.0122002
5.08215e-05 0.0121687
5.08723e-05 0.0121373
5.09232e-05 0.0121063
5.09741e-05 0.0120748
5.10251e-05 0.0120441
5.10761e-05 0.0120128
5.11271e-05 0.0119823
5.11783e-05 0.0119513
5.12294e-05 0.0119206
5.12806e-05 0.0118903
5.13319e-05 0.0118598
5.13832e-05 0.0118289
5.14346e-05 0.0117987
5.1486e-05 0.0117681
5.15375e-05 0.0117379
5.1589e-05 0.0117078
5.16406e-05 0.0116779
5.16922e-05 0.011648
5.17439e-05 0.0116186
5.17956e-05 0.011589
5.18474e-05 0.0115591
5.18992e-05 0.0115302
5.19511e-05 0.0115003
5.20031e-05 0.0123607
5.2055e-05 0.0114418
5.21071e-05 0.011413
5.21592e-05 0.0113838
5.22113e-05 0.0113545
5.22635e-05 0.0113258
5.23158e-05 0.0112966
5.23681e-05 0.0112681
5.24204e-05 0.0112397
5.24728e-05 0.0112116
5.25253e-05 0.0111832
5.25778e-05 0.011155
5.26304e-05 0.0111265
5.2683e-05 0.0111
5.27357e-05 0.0110703
5.27884e-05 0.0110423
5.28412e-05 0.0110142
5.2894e-05 0.0109862
5.29469e-05 0.0109582
5.29998e-05 0.0109306
5.30528e-05 0.0109031
5.31058e-05 0.010876
5.31589e-05 0.0108484
5.32121e-05 0.0108211
5.32653e-05 0.0107944
5.33185e-05 0.0107673
5.33718e-05 0.0107403
5.34252e-05 0.0107132
5.34786e-05 0.0106865
5.3532e-05 0.0106597
5.35856e-05 0.010633
5.36391e-05 0.0106064
5.36928e-05 0.0105798
5.37464e-05 0.0105532
5.38002e-05 0.0105268
5.3854e-05 0.0105003
5.39078e-05 0.0104659
5.39617e-05 0.0104092
5.40156e-05 0.0103519
5.40696e-05 0.0102954
5.41237e-05 0.0109616
5.41778e-05 0.0102742
5.4232e-05 0.0102794
5.42862e-05 0.0102836
5.43405e-05 0.0102657
5.43948e-05 0.0102409
5.44492e-05 0.0102162
5.45036e-05 0.0101915
5.45581e-05 0.0101663
5.46126e-05 0.0101412
5.46672e-05 0.0101162
5.47219e-05 0.0100912
5.47766e-05 0.0100662
5.48313e-05 0.0100416
5.48862e-05 0.0100164
5.4941e-05 0.00999227
5.4996e-05 0.00996715
5.50509e-05 0.0099429
5.5106e-05 0.00991821
5.51611e-05 0.00989464
5.52162e-05 0.00986976
5.52714e-05 0.00984565
5.53267e-05 0.00982139
5.5382e-05 0.00979764
5.54374e-05 0.00977302
5.54928e-05 0.00974855
5.55483e-05 0.00972491
5.56038e-05 0.00970081
5.56594e-05 0.00967707
5.5715e-05 0.0096535
5.57707e-05 0.00963013
5.58265e-05 0.00960667
5.58823e-05 0.00958337
5.59382e-05 0.00955993
5.59941e-05 0.00953654
5.60501e-05 0.00951318
5.61061e-05 0.00948998
5.61622e-05 0.00946691
5.62183e-05 0.00944423
5.62745e-05 0.00942102
5.63308e-05 0.00939818
5.63871e-05 0.0093756
5.64435e-05 0.00935255
5.64999e-05 0.00933021
5.65564e-05 0.00930741
5.66129e-05 0.00928498
5.66695e-05 0.00926291
5.67262e-05 0.00924015
5.67829e-05 0.00921975
5.68397e-05 0.0091953
5.68965e-05 0.00917271
5.69534e-05 0.0091512
5.70103e-05 0.009125
5.70673e-05 0.00910373
5.71244e-05 0.00908221
5.71815e-05 0.0090604
5.72386e-05 0.00903864
5.72959e-05 0.00901695
5.73531e-05 0.00899536
5.74105e-05 0.00897407
5.74679e-05 0.00895232
5.75253e-05 0.00967052
5.75828e-05 0.00890993
5.76404e-05 0.00888844
5.7698e-05 0.0088676
5.77557e-05 0.00884613
5.78135e-05 0.00882523
5.78713e-05 0.00880389
5.79291e-05 0.00878324
5.7987e-05 0.00876234
5.8045e-05 0.00874131
5.8103e-05 0.00872059
5.81611e-05 0.00870001
5.82192e-05 0.00867941
5.82775e-05 0.00865995
5.83357e-05 0.00863845
5.8394e-05 0.00861805
5.84524e-05 0.00859774
5.85109e-05 0.00857728
5.85693e-05 0.00855549
5.86279e-05 0.00853398
5.86865e-05 0.00851263
5.87452e-05 0.111604
5.88039e-05 0.00847422
5.88627e-05 0.00845563
5.89215e-05 0.00843611
5.89805e-05 0.0084166
5.90394e-05 0.00839666
5.90984e-05 0.00837697
5.91575e-05 0.00835719
5.92167e-05 0.00833744
5.92759e-05 0.00831804
5.93351e-05 0.00829821
5.93945e-05 0.00827897
5.94538e-05 0.00825926
5.95133e-05 0.00824013
5.95728e-05 0.00822047
5.96323e-05 0.00820116
5.96919e-05 0.00818219
5.97516e-05 0.00816282
5.98113e-05 0.00814376
5.98711e-05 0.00812477
5.9931e-05 0.00810592
5.99909e-05 0.00808657
6.00509e-05 0.00806778
6.01109e-05 0.00804886
6.0171e-05 0.00803018
6.02312e-05 0.00801126
6.02914e-05 0.00799269
6.03517e-05 0.00797399
6.0412e-05 0.00795533
6.04724e-05 0.00793669
6.05329e-05 0.00791828
6.05934e-05 0.00790032
6.06539e-05 0.00788189
6.07146e-05 0.00786392
6.07753e-05 0.00784543
6.0836e-05 0.00782723
6.08969e-05 0.0078093
6.09577e-05 0.00779111
6.10187e-05 0.00777262
6.10797e-05 0.00775453
6.11408e-05 0.00773682
6.12019e-05 0.00771873
6.12631e-05 0.00770098
6.13243e-05 0.00768357
6.13856e-05 0.00766592
6.1447e-05 0.0076481
6.15084e-05 0.00763056
6.15699e-05 0.00761295
6.16315e-05 0.00759546
6.16931e-05 0.00757821
6.17548e-05 0.00756082
6.18165e-05 0.00754322
6.18783e-05 0.0075259
6.19401e-05 0.00750896
6.20021e-05 0.00749178
6.20641e-05 0.00747444
6.21261e-05 0.00745733
6.21882e-05 0.00744024
6.22504e-05 0.00742312
6.23126e-05 0.00740614
6.23749e-05 0.00738918
6.24373e-05 0.0073723
6.24997e-05 0.00735574
6.25622e-05 0.00733876
6.26247e-05 0.00732236
6.26873e-05 0.00730549
6.275e-05 0.00728918
6.28127e-05 0.00727246
6.28755e-05 0.00725596
6.29384e-05 0.00723938
6.30013e-05 0.00722623
6.30643e-05 0.00720617
6.31273e-05 0.00719226
6.31905e-05 0.00717374
6.32536e-05 0.0071577
6.33169e-05 0.00714162
6.33802e-05 0.00712562
6.34435e-05 0.00710921
6.3507e-05 0.00709311
6.35704e-05 0.0070771
6.3634e-05 0.00706243
6.36976e-05 0.00704542
6.37613e-05 0.00702913
6.3825e-05 0.00701316
6.38889e-05 0.00699745
6.39527e-05 0.00698163
6.40167e-05 0.00696588
6.40807e-05 0.0069502
6.41447e-05 0.0069346
6.42089e-05 0.00691877
6.4273e-05 0.00690327
6.43373e-05 0.00688774
6.44016e-05 0.00687219
6.4466e-05 0.0068567
6.45305e-05 0.00684109
6.4595e-05 0.00682561
6.46595e-05 0.00680968
6.47242e-05 0.00679433
6.47889e-05 0.00677858
6.48537e-05 0.00676315
6.49185e-05 0.00674735
6.49834e-05 0.00673091
6.50484e-05 0.00671477
6.51134e-05 0.00669761
6.51785e-05 0.00667839
6.52437e-05 0.0066594
6.53089e-05 0.00663569
6.53742e-05 0.00659694
6.54395e-05 0.00655817
6.5505e-05 0.013942
6.55704e-05 0.00643502
6.5636e-05 0.00717777
6.57016e-05 3.82409
6.57673e-05 0.00636263
6.5833e-05 0.0282477
6.58989e-05 0.00648739
6.59647e-05 0.00648911
6.60307e-05 0.00648281
6.60967e-05 0.00647577
6.61628e-05 0.00646432
6.62289e-05 0.00645213
6.62951e-05 0.00643982
6.63614e-05 0.00642643
6.64278e-05 0.00641315
6.64942e-05 0.00639939
6.65606e-05 0.00638574
6.66272e-05 0.00637158
6.66938e-05 0.0502905
6.67605e-05 0.0311959
6.68272e-05 0.00633029
6.6894e-05 0.00631665
6.69609e-05 0.00630312
6.70278e-05 0.00628967
6.70949e-05 0.00627617
6.71619e-05 0.00627556
6.72291e-05 0.00624912
6.72963e-05 0.00624507
6.73636e-05 0.00622159
6.74309e-05 0.00620793
6.74983e-05 0.00619439
6.75658e-05 0.00618118
6.76334e-05 0.00616753
6.7701e-05 0.00615414
6.77687e-05 0.00614072
6.78364e-05 0.00612756
6.79042e-05 0.006114
6.79721e-05 0.00610082
6.80401e-05 0.00608818
6.81081e-05 0.00607449
6.81762e-05 0.00606133
6.82443e-05 0.00604816
6.83126e-05 0.00603508
6.83808e-05 0.00602213
6.84492e-05 0.00600946
6.85176e-05 0.00599631
6.85861e-05 0.00598337
6.86547e-05 0.00597049
6.87233e-05 0.00595758
6.87921e-05 0.00594469
6.88608e-05 0.00593178
6.89297e-05 0.00591925
6.89986e-05 0.00590633
6.90676e-05 0.00589371
6.91366e-05 0.00588101
6.92057e-05 0.00586834
6.92749e-05 0.00585568
6.93442e-05 0.00584304
6.94135e-05 0.00583092
6.94829e-05 0.00581777
6.95524e-05 0.00580533
6.96219e-05 0.0057929
6.96915e-05 0.00578054
6.97612e-05 0.00576811
6.98309e-05 0.00575574
6.99007e-05 0.00574344
6.99706e-05 0.00573146
7.00406e-05 0.0057191
7.01106e-05 0.0057069
7.01807e-05 0.00569494
7.02508e-05 0.00568255
7.03211e-05 0.00567044
7.03914e-05 0.00565854
7.04617e-05 0.00564621
7.05322e-05 0.00563385
7.06027e-05 0.00562128
7.06733e-05 0.0273309
7.07439e-05 0.00559711
7.08147e-05 0.00558584
7.08855e-05 0.00557459
7.09563e-05 0.00556306
7.10273e-05 0.00555095
7.10983e-05 0.00553914
7.11693e-05 0.00552748
7.12405e-05 0.00551583
7.13117e-05 0.00550443
7.1383e-05 0.0055006
7.14544e-05 0.00548114
7.15258e-05 0.0054693
7.15973e-05 0.0054577
7.16689e-05 0.00544612
7.17405e-05 0.00543473
7.18123e-05 0.00542326
7.18841e-05 0.00541191
7.19559e-05 0.00540053
7.20279e-05 0.00538912
7.20999e-05 0.00537799
7.2172e-05 0.00536644
7.22441e-05 0.00535513
7.23163e-05 0.0053441
7.23886e-05 0.00533278
7.2461e-05 0.0053216
7.25334e-05 0.00531049
7.2606e-05 0.00529943
7.26785e-05 0.00528952
7.27512e-05 0.0052772
7.28239e-05 0.00526612
7.28967e-05 0.0052559
7.29696e-05 0.00524442
7.30426e-05 0.00523333
7.31156e-05 0.00522244
7.31887e-05 0.00521134
7.32619e-05 0.00520515
7.33351e-05 0.00518938
7.34084e-05 0.00517856
7.34818e-05 0.005168
7.35553e-05 0.00515733
7.36288e-05 0.00514656
7.37024e-05 0.00513592
7.37761e-05 0.00512513
7.38498e-05 0.00511432
7.39237e-05 0.00510386
7.39976e-05 0.00509329
7.40716e-05 0.00508278
7.41456e-05 0.00507199
7.42197e-05 0.00506147
7.42939e-05 0.00505096
7.43682e-05 0.0050406
7.44426e-05 0.00503029
7.4517e-05 0.00502
7.45915e-05 0.00500969
7.4666e-05 0.00499964
7.47407e-05 0.00498914
7.48154e-05 0.00497883
7.48902e-05 0.00496858
7.49651e-05 0.0049583
7.504e-05 0.00494808
7.5115e-05 0.00493804
7.51901e-05 0.00492776
7.52653e-05 0.0049175
7.53406e-05 0.00490734
7.54159e-05 0.00489719
7.54913e-05 0.00488723
7.55667e-05 0.0048772
7.56423e-05 0.00486739
7.57179e-05 0.00485722
7.57936e-05 0.00484723
7.58694e-05 0.00483726
7.59452e-05 0.00482727
7.60211e-05 0.00481733
7.60972e-05 0.0048076
7.61732e-05 0.00479761
7.62494e-05 0.00478788
7.63256e-05 0.00477816
7.64019e-05 0.00476846
7.64783e-05 0.00475877
7.65548e-05 0.00474926
7.66313e-05 0.00473935
7.67079e-05 0.00472967
7.67846e-05 0.00471996
7.68614e-05 0.00471026
7.69382e-05 0.00470091
7.70151e-05 0.00469148
7.70921e-05 0.00468203
7.71692e-05 0.00467219
7.72463e-05 0.00466277
7.73236e-05 0.004653
7.74009e-05 0.00464356
7.74782e-05 0.00463589
7.75557e-05 0.00462474
7.76332e-05 0.00461556
7.77108e-05 0.00460602
7.77885e-05 0.00459682
7.78663e-05 0.00458767
7.79442e-05 0.00457837
7.80221e-05 0.00456901
7.81001e-05 0.00455967
7.81781e-05 0.0045507
7.82563e-05 0.00454138
7.83345e-05 0.00453224
7.84129e-05 0.0045231
7.84913e-05 0.00451403
7.85697e-05 0.00450489
7.86483e-05 0.0044958
7.87269e-05 0.00448672
7.88056e-05 0.00447762
7.88844e-05 0.00446857
7.89632e-05 0.00445966
7.90422e-05 0.00445079
7.91212e-05 0.00444195
7.92003e-05 0.00443311
7.92795e-05 0.00442429
7.93588e-05 0.00441528
7.94381e-05 0.00440644
7.95175e-05 0.00439746
7.9597e-05 0.00438846
7.96766e-05 0.00437966
7.97562e-05 0.00437163
7.9836e-05 0.00436246
7.99158e-05 0.00435406
7.99957e-05 0.00434504
8.00756e-05 0.00433628
8.01557e-05 0.00432748
8.02358e-05 0.0043187
8.03161e-05 0.0043102
8.03964e-05 0.00430148
8.04767e-05 0.00429321
8.05572e-05 0.00428464
8.06377e-05 0.00427596
8.07183e-05 0.00426745
8.0799e-05 0.00425895
8.08798e-05 0.00425047
8.09607e-05 0.00424219
8.10416e-05 0.0042335
8.11226e-05 0.00422513
8.12037e-05 0.00421689
8.12849e-05 0.00420862
8.13662e-05 0.00420041
8.14475e-05 0.00419174
8.15289e-05 0.0041834
8.16104e-05 0.00417518
8.1692e-05 0.00416717
8.17737e-05 0.00415855
8.18555e-05 0.0041501
8.19373e-05 0.00414496
8.20192e-05 0.00414086
8.21012e-05 0.00411199
8.21833e-05 0.00301438
8.22654e-05 0.00300741
8.23477e-05 0.00300088
8.243e-05 0.00299325
8.25124e-05 0.00298635
8.25949e-05 0.00297961
8.26775e-05 0.0029729
8.27601e-05 0.00296619
8.28429e-05 0.00295905
8.29257e-05 0.00295221
8.30086e-05 0.00294571
8.30916e-05 0.00293882
8.31747e-05 0.00293191
8.32578e-05 0.00292498
8.3341e-05 0.00291824
8.34244e-05 0.00291113
8.35078e-05 0.00290427
8.35913e-05 0.0028976
8.37586e-05 0.00288426
8.40102e-05 0.00286339
8.42626e-05 0.0028428
8.45157e-05 0.00282267
8.47696e-05 0.00280288
8.50242e-05 0.00278316
8.52797e-05 0.0027646
8.55358e-05 0.00274408
8.57928e-05 0.00272729
8.60505e-05 0.00569676
8.6309e-05 0.0026941
8.65683e-05 0.00266867
8.68283e-05 0.00634098
8.70892e-05 0.00264372
8.73508e-05 0.00261728
8.76132e-05 0.00711863
8.78764e-05 0.00259157
8.81404e-05 0.00257677
8.84052e-05 0.00255137
8.86708e-05 0.00817408
8.89372e-05 0.00252043
8.92043e-05 0.0025104
8.94723e-05 0.00249423
8.97411e-05 0.00247454
9.00107e-05 0.00244439
9.02811e-05 0.00955223
9.05523e-05 0.00242443
9.08243e-05 0.00241655
9.10972e-05 0.00239731
9.13708e-05 0.00238143
9.16453e-05 0.00236468
9.19206e-05 0.00234484
9.21967e-05 0.00231566
9.24737e-05 0.00964215
9.27515e-05 0.00230028
9.30302e-05 0.00228816
9.33096e-05 0.0022739
9.35899e-05 0.0023076
9.38711e-05 0.00224207
9.41531e-05 0.00222973
9.44359e-05 0.0022149
9.47196e-05 0.00219988
9.50042e-05 0.00218296
9.52896e-05 0.00216445
9.55758e-05 0.0119525
9.58629e-05 0.00228959
9.61509e-05 0.00212883
9.64398e-05 0.00211618
9.67295e-05 0.00210265
9.70201e-05 0.00208943
9.73115e-05 0.00207589
9.76039e-05 0.00206257
9.78971e-05 0.0020493
9.81912e-05 0.00203615
9.84861e-05 0.00202311
9.8782e-05 0.00201004
9.90787e-05 0.00199708
9.93764e-05 0.00198414
9.96749e-05 0.00197098
9.99744e-05 0.00195594
0.000100275 0.00193869
0.000100576 0.0158102
0.000100878 0.00209735
0.000101181 0.0021535
0.000101485 0.0018825
0.00010179 0.00188471
0.000102096 0.00187395
0.000102402 0.00186226
0.00010271 0.00185058
0.000103019 0.00183897
0.000103328 0.00182782
0.000103638 0.00181605
0.00010395 0.00181178
0.000104262 0.00179335
0.000104575 0.00178215
0.000104889 0.00177107
0.000105205 0.00176008
0.000105521 0.00174911
0.000105838 0.00173823
0.000106156 0.00172748
0.000106474 0.00171682
0.000106794 0.0017062
0.000107115 0.00169564
0.000107437 0.00168512
0.00010776 0.00167463
0.000108083 0.00166412
0.000108408 0.00165362
0.000108734 0.0560604
0.00010906 0.00162393
0.000109388 0.0218616
0.000109717 0.00187075
0.000110046 0.00160208
0.000110377 0.00159388
0.000110708 0.0015845
0.000111041 0.00157501
0.000111375 0.00156554
0.000111709 0.00155612
0.000112045 0.00154624
0.000112381 0.00153689
0.000112719 0.00152757
0.000113058 0.00151834
0.000113397 0.00150918
0.000113738 0.00150008
0.000114079 0.00149104
0.000114422 0.00148206
0.000114766 0.00147315
0.000115111 0.00146437
0.000115456 0.00145561
0.000115803 0.00144689
0.000116151 0.00149181
0.0001165 0.00142961
0.00011685 0.00142111
0.000117201 0.00141267
0.000117553 0.00140425
0.000117906 0.0013959
0.000118261 0.00138759
0.000118616 0.00137936
0.000118972 0.00137119
0.00011933 0.00136307
0.000119688 0.001355
0.000120048 0.00134696
0.000120408 0.00133903
0.00012077 0.00133115
0.000121133 0.00132332
0.000121497 0.0013155
0.000121862 0.00130777
0.000122228 0.00130009
0.000122595 0.00129248
0.000122963 0.00128491
0.000123333 0.00127739
0.000123703 0.00126992
0.000124075 0.0012625
0.000124447 0.00125514
0.000124821 0.00124782
0.000125196 0.00124055
0.000125572 0.00123437
0.00012595 0.00122611
0.000126328 0.00121894
0.000126707 0.00121178
0.000127088 0.00120458
0.00012747 0.00119701
0.000127853 0.00118839
0.000128237 0.0319304
0.000128622 0.00154977
0.000129009 0.00116978
0.000129396 0.00116355
0.000129785 0.00115696
0.000130175 0.0011503
0.000130566 0.00114374
0.000130958 0.00113717
0.000131351 0.00113062
0.000131746 0.00112414
0.000132142 0.00111795
0.000132539 0.00111127
0.000132937 0.00110495
0.000133336 0.00109866
0.000133737 0.00109234
0.000134138 0.0010861
0.000134541 0.0010799
0.000134946 0.00107374
0.000135351 0.00106762
0.000135758 0.00106154
0.000136165 0.00105553
0.000136575 0.00104953
0.000136985 0.00104356
0.000137396 0.00103762
0.000137809 0.00103175
0.000138223 0.00102591
0.000138638 0.00102007
0.000139055 0.00101429
0.000139472 0.00100858
0.000139891 0.00100287
0.000140312 0.000997189
0.000140733 0.000991576
0.000141156 0.000986009
0.00014158 0.000980436
0.000142005 0.000974926
0.000142432 0.000969447
0.00014286 0.000963974
0.000143289 0.000958551
0.000143719 0.00095316
0.000144151 0.000947812
0.000144584 0.000942495
0.000145019 0.000937217
0.000145454 0.000931978
0.000145891 0.000923469
0.000146329 0.000770453
0.000146769 0.000765829
0.00014721 0.000761394
0.000147652 0.000756976
0.000148096 0.000752604
0.000148541 0.000748228
0.000148987 0.000743906
0.000149434 0.000739622
0.000149883 0.00073534
0.000150334 0.000731085
0.000150785 0.000726825
0.000151238 0.000722616
0.000151693 0.000718462
0.000152148 0.000714295
0.000152605 0.000710165
0.000153064 0.000706059
0.000153524 0.000702025
0.000153985 0.000697917
0.000154447 0.000693899
0.000154911 0.00068997
0.000155377 0.000685949
0.000155843 0.000682001
0.000156312 0.000678282
0.000156781 0.000674164
0.000157252 0.000670225
0.000157725 0.000666852
0.000158198 0.000662999
0.000158674 0.00142588
0.00015915 0.000655246
0.000159628 0.00065199
0.000160108 0.000648255
0.000160589 0.000644345
0.000161071 0.00157245
0.000161555 0.000636786
0.000162041 0.000633507
0.000162527 0.000630189
0.000163016 0.000626464
0.000163505 0.000622716
0.000163996 0.00175039
0.000164489 0.000616151
0.000164983 0.00061224
0.000165479 0.000609162
0.000165976 0.000605806
0.000166475 0.000602384
0.000166975 0.00059876
0.000167476 0.000595155
0.000167979 0.00198912
0.000168484 0.000588138
0.00016899 0.000585192
0.000169498 0.000582292
0.000170007 0.000579108
0.000170518 0.000575887
0.00017103 0.000572665
0.000171544 0.00056944
0.000172059 0.000566197
0.000172576 0.000562868
0.000173094 0.000559223
0.000173614 0.00229448
0.000174136 0.00055314
0.000174659 0.000550382
0.000175184 0.000547448
0.00017571 0.000544482
0.000176238 0.000541466
0.000176767 0.000538461
0.000177298 0.000535465
0.000177831 0.000532485
0.000178365 0.000529524
0.000178901 0.00052657
0.000179438 0.000523632
0.000179978 0.000520697
0.000180518 0.000517685
0.00018106 0.000514556
0.000181604 0.00226861
0.00018215 0.000508747
0.000182697 0.000506174
0.000183246 0.000503538
0.000183796 0.000500832
0.000184349 0.000498074
0.000184902 0.000495323
0.000185458 0.000492572
0.000186015 0.000489805
0.000186574 0.000531889
0.000187134 0.000498933
0.000187696 0.0428544
0.00018826 0.000963032
0.000188826 0.000476415
0.000189393 0.000473859
0.000189962 0.000471273
0.000190533 0.000468686
0.000191105 0.000466112
0.000191679 0.000463545
0.000192255 0.000460979
0.000192833 0.000458399
0.000193412 0.00045581
0.000193993 0.000453134
0.000194576 0.00271476
0.00019516 0.000479262
0.000195746 0.000445629
0.000196335 0.000443472
0.000196924 0.000441142
0.000197516 0.000438736
0.000198109 0.000436335
0.000198704 0.000433947
0.000199301 0.000431576
0.0001999 0.000429215
0.000200501 0.000426867
0.000201103 0.000424532
0.000201707 0.000422213
0.000202313 0.000419911
0.000202921 0.000417616
0.00020353 0.000415336
0.000204142 0.000413072
0.000204755 0.00041082
0.00020537 0.00040858
0.000205987 0.0010107
0.000206606 0.000404139
0.000207226 0.000401942
0.000207849 0.000399754
0.000208473 0.000397577
0.0002091 0.000395414
0.000209728 0.000393264
0.000210358 0.000391127
0.00021099 0.000388999
0.000211624 0.000386884
0.000212259 0.000384783
0.000212897 0.000382692
0.000213537 0.000380613
0.000214178 0.000378536
0.000214821 0.000376456
0.000215467 0.000374349
0.000216114 0.000372095
0.000216763 0.00337976
0.000217414 0.00040539
0.000218068 0.000366338
0.000218723 0.000364399
0.00021938 0.000362439
0.000220039 0.000360482
0.0002207 0.000358533
0.000221363 0.00035659
0.000222028 0.000354662
0.000222695 0.000352744
0.000223364 0.000350836
0.000224035 0.000348942
0.000224708 0.000347057
0.000225383 0.000345181
0.00022606 0.000343317
0.000226739 0.000341463
0.00022742 0.000339617
0.000228103 0.000337078
0.000228789 0.00030396
0.000229476 0.000302315
0.000230165 0.000300674
0.000230857 0.000299044
0.00023155 0.000297428
0.000232246 0.000295816
0.000232944 0.000294213
0.000233643 0.000292622
0.000234345 0.000291038
0.000235049 0.000289464
0.000235755 0.000287896
0.000236464 0.000286336
0.000237174 0.00028479
0.000237886 0.000283251
0.000238601 0.000281718
0.000239318 0.000280193
0.000240037 0.000278679
0.000240758 0.000277176
0.000241481 0.000275679
0.000242207 0.000274188
0.000242934 0.000272707
0.000243664 0.000271234
0.000244396 0.000269771
0.00024513 0.000268317
0.000245866 0.000266869
0.000246605 0.000265428
0.000247346 0.000263997
0.000248089 0.000262578
0.000248834 0.000261161
0.000249582 0.000259753
0.000250332 0.000258388
0.000251083 0.000256995
0.000251838 0.000255589
0.000252594 0.000254195
0.000253353 0.000252846
0.000254114 0.000251503
0.000254878 0.000250149
0.000255643 0.000248782
0.000256411 0.00024742
0.000257182 0.000246117
0.000257954 0.000244821
0.000258729 0.000243515
0.000259506 0.000242201
0.000260286 0.000240871
0.000261068 0.000494471
0.000261852 0.00023821
0.000262639 0.00424229
0.000263428 0.000280775
0.000264219 0.000234501
0.000265013 0.000233259
0.000265809 0.000232001
0.000266607 0.000230729
0.000267408 0.000541243
0.000268212 0.000228256
0.000269017 0.000227072
0.000269826 0.00022587
0.000270636 0.000224664
0.000271449 0.000223492
0.000272265 0.00022227
0.000273082 0.000221075
0.000273903 0.000219881
0.000274726 0.000218675
0.000275551 0.000593727
0.000276379 0.000216317
0.000277209 0.00021522
0.000278042 0.000214073
0.000278877 0.000212935
0.000279715 0.0002118
0.000280555 0.000210676
0.000281398 0.000209545
0.000282243 0.000208423
0.000283091 0.000207307
0.000283942 0.000206276
0.000284795 0.000205092
0.00028565 0.000203984
0.000286508 0.000202872
0.000287369 0.000654002
0.000288232 0.000200707
0.000289098 0.000199671
0.000289967 0.000198614
0.000290838 0.000197559
0.000291711 0.000196509
0.000292588 0.000195461
0.000293467 0.000194414
0.000294348 0.000193377
0.000295233 0.000192348
0.000296119 0.000191325
0.000297009 0.000190305
0.000297901 0.000189292
0.000298796 0.000188282
0.000299694 0.000187276
0.000300594 0.000186275
0.000301497 0.000185278
0.000302403 0.000184277
0.000303311 0.000183249
0.000304222 0.000732599
0.000305136 0.000181339
0.000306053 0.000180395
0.000306972 0.000179441
0.000307895 0.000178487
0.000308819 0.000188171
0.000309747 0.000176592
0.000310678 0.000175652
0.000311611 0.000174718
0.000312547 0.000173788
0.000313486 0.000172863
0.000314428 0.000171943
0.000315372 0.000171029
0.00031632 0.000170118
0.00031727 0.000169212
0.000318223 0.000168313
0.000319179 0.000167417
0.000320138 0.000166526
0.0003211 0.000165712
0.000322064 0.000164761
0.000323032 0.000163884
0.000324002 0.000163013
0.000324975 0.000162146
0.000325952 0.000161281
0.000326931 0.00016042
0.000327913 0.000159345
0.000328898 0.000149601
0.000329886 0.000684693
0.000330877 0.000148041
0.000331871 0.000147264
0.000332868 0.00014649
0.000333868 0.000145716
0.000334871 0.000144943
0.000335877 0.000144174
0.000336886 0.00014341
0.000337898 0.000142649
0.000338913 0.000141893
0.000339931 0.00014114
0.000340953 0.000140391
0.000341977 0.000139646
0.000343004 0.000138906
0.000344035 0.00013817
0.000345068 0.000137438
0.000346105 0.000136708
0.000347144 0.000135984
0.000348187 0.000135263
0.000349233 0.000134546
0.000350282 0.000133833
0.000351335 0.000133122
0.00035239 0.000132417
0.000353449 0.000131715
0.00035451 0.000131017
0.000355575 0.000130323
0.000356644 0.000129632
0.000357715 0.000128945
0.00035879 0.000128262
0.000359867 0.000127582
0.000360948 0.000126907
0.000362033 0.000126234
0.00036312 0.000125565
0.000364211 0.000124899
0.000365305 0.000124238
0.000366403 0.00012358
0.000367504 0.000122925
0.000368607 0.000122273
0.000369715 0.000121625
0.000370825 0.00012098
0.000371939 0.000120334
0.000373057 0.000119689
0.000374178 0.00076928
0.000375302 0.000126705
0.000376429 0.000117807
0.00037756 0.000117189
0.000378694 0.00011657
0.000379832 0.000115951
0.000380973 0.000115335
0.000382117 0.000114725
0.000383265 0.000114118
0.000384416 0.000113516
0.000385571 0.000112916
0.00038673 0.000112318
0.000387891 0.000111722
0.000389057 0.000111129
0.000390225 0.000110538
0.000391398 0.000109952
0.000392573 0.000109374
0.000393753 0.000108797
0.000394936 0.000108221
0.000396122 0.000107649
0.000397312 0.00010708
0.000398506 0.000106512
0.000399703 0.000105946
0.000400903 0.000105381
0.000402108 0.000204017
0.000403316 0.000104264
0.000404527 0.000103705
0.000405743 0.00444043
0.000406961 0.000148566
0.000408184 0.000102083
0.00040941 0.000101544
0.00041064 0.000101006
0.000411874 0.000100471
0.000413111 9.99382e-05
0.000414352 9.94086e-05
0.000415597 9.88789e-05
0.000416845 0.000218824
0.000418098 9.78325e-05
0.000419353 9.73196e-05
0.000420613 9.68057e-05
0.000421877 9.62939e-05
0.000423144 9.57845e-05
0.000424415 9.52772e-05
0.00042569 9.47721e-05
0.000426969 9.42706e-05
0.000428252 9.37719e-05
0.000429538 9.32756e-05
0.000430829 9.27812e-05
0.000432123 9.22898e-05
0.000433421 9.18004e-05
0.000434723 9.13139e-05
0.000436029 9.08259e-05
0.000437339 0.00023529
0.000438653 8.98661e-05
0.00043997 8.93937e-05
0.000441292 8.89225e-05
0.000442618 8.84518e-05
0.000443948 8.79832e-05
0.000445281 8.75175e-05
0.000446619 8.69861e-05
0.000447961 8.34993e-05
0.000449306 8.30607e-05
0.000450656 8.26189e-05
0.00045201 8.21829e-05
0.000453368 8.17487e-05
0.00045473 8.13168e-05
0.000456096 8.08867e-05
0.000457466 8.04592e-05
0.00045884 8.00336e-05
0.000460219 7.96103e-05
0.000461601 7.91999e-05
0.000462988 7.87687e-05
0.000464379 8.70561e-05
0.000465774 0.000837336
0.000467173 0.000249555
0.000468576 7.71139e-05
0.000469984 7.67099e-05
0.000471396 7.63056e-05
0.000472812 7.59025e-05
0.000474232 7.55018e-05
0.000475657 7.51027e-05
0.000477086 7.80452e-05
0.000478519 7.43104e-05
0.000479957 7.39177e-05
0.000481398 7.35269e-05
0.000482845 7.31382e-05
0.000484295 7.27513e-05
0.00048575 7.23667e-05
0.000487209 7.19844e-05
0.000488673 7.16036e-05
0.000490141 7.12246e-05
0.000491613 7.08485e-05
0.00049309 7.04733e-05
0.000494571 7.01011e-05
0.000496057 6.97303e-05
0.000497547 6.93613e-05
0.000499042 6.89943e-05
0.000500541 6.86297e-05
0.000502045 6.82665e-05
0.000503553 6.79056e-05
0.000505066 6.75462e-05
0.000506583 6.7189e-05
0.000508105 6.68339e-05
0.000509631 6.64792e-05
0.000511162 6.61259e-05
0.000512698 0.000266346
0.000514238 6.5427e-05
0.000515783 6.50831e-05
0.000517332 6.47399e-05
0.000518886 6.43975e-05
0.000520445 6.40568e-05
0.000522008 6.37177e-05
0.000523577 6.33804e-05
0.00052515 6.30447e-05
0.000526727 6.27112e-05
0.00052831 6.23795e-05
0.000529897 6.20493e-05
0.000531488 6.17206e-05
0.000533085 6.13938e-05
0.000534686 6.10691e-05
0.000536293 6.07456e-05
0.000537904 6.04242e-05
0.00053952 6.01041e-05
0.00054114 5.97862e-05
0.000542766 5.94694e-05
0.000544397 5.91549e-05
0.000546032 5.88412e-05
0.000547672 5.85297e-05
0.000549318 5.82195e-05
0.000550968 5.79112e-05
0.000552623 5.76049e-05
0.000554283 5.72999e-05
0.000555948 5.69961e-05
0.000557618 5.66943e-05
0.000559294 5.63942e-05
0.000560974 5.60954e-05
0.000562659 5.5798e-05
0.000564349 5.55024e-05
0.000566044 5.52083e-05
0.000567745 5.49157e-05
0.00056945 5.46249e-05
0.000571161 5.43353e-05
0.000572877 5.40474e-05
0.000574598 5.37609e-05
0.000576324 5.3476e-05
0.000578055 5.31926e-05
0.000579792 5.29106e-05
0.000581534 5.26301e-05
0.000583281 5.23243e-05
0.000585033 5.08523e-05
0.00058679 5.0583e-05
0.000588553 5.03145e-05
0.000590321 0.000233206
0.000592095 4.9782e-05
0.000593873 4.95205e-05
0.000595657 9.52171e-05
0.000597447 4.89983e-05
0.000599242 4.8741e-05
0.000601042 4.8481e-05
0.000602847 4.82244e-05
0.000604658 4.79692e-05
0.000606475 4.77151e-05
0.000608297 4.74625e-05
0.000610124 4.72113e-05
0.000611957 4.69613e-05
0.000613795 4.67127e-05
0.000615639 4.64653e-05
0.000617489 4.62192e-05
0.000619344 4.59745e-05
0.000621204 4.5731e-05
0.00062307 4.54888e-05
0.000624942 4.52479e-05
0.000626819 4.50082e-05
0.000628702 9.9335e-05
0.000630591 4.45326e-05
0.000632485 4.42967e-05
0.000634386 4.4062e-05
0.000636291 4.38285e-05
0.000638203 4.35963e-05
0.00064012 4.33653e-05
0.000642043 4.31355e-05
0.000643972 4.29069e-05
0.000645906 4.26796e-05
0.000647847 4.24533e-05
0.000649793 4.22283e-05
0.000651745 4.20045e-05
0.000653703 4.17819e-05
0.000655666 4.15604e-05
0.000657636 4.134e-05
0.000659612 4.11208e-05
0.000661593 4.09028e-05
0.000663581 4.0686e-05
0.000665574 4.04703e-05
0.000667574 4.02556e-05
0.000669579 4.00421e-05
0.000671591 3.98297e-05
0.000673608 3.96185e-05
0.000675632 3.94084e-05
0.000677661 0.000101081
0.000679697 3.89913e-05
0.000681739 3.87845e-05
0.000683787 3.85788e-05
0.000685841 3.83741e-05
0.000687901 3.81705e-05
0.000689968 3.7968e-05
0.000692041 3.77665e-05
0.00069412 3.75661e-05
0.000696205 3.73667e-05
0.000698296 3.71789e-05
0.000700394 3.69711e-05
0.000702498 3.67748e-05
0.000704608 3.65797e-05
0.000706725 3.63855e-05
0.000708848 3.61923e-05
0.000710978 3.60001e-05
0.000713113 3.5809e-05
0.000715256 3.56188e-05
0.000717404 3.54297e-05
0.00071956 3.52416e-05
0.000721721 3.50544e-05
0.000723889 3.48682e-05
0.000726064 3.4683e-05
0.000728245 3.44988e-05
0.000730433 3.43155e-05
0.000732627 3.41448e-05
0.000734828 3.39519e-05
0.000737035 3.37716e-05
0.00073925 3.35803e-05
0.00074147 3.28805e-05
0.000743698 3.27262e-05
0.000745932 0.000757797
0.000748173 3.98073e-05
0.00075042 0.000227845
0.000752675 0.000101741
0.000754936 3.41438e-05
0.000757204 3.16777e-05
0.000759478 3.15096e-05
0.00076176 3.13423e-05
0.000764048 3.11759e-05
0.000766344 3.10105e-05
0.000768646 3.08458e-05
0.000770955 3.0682e-05
0.000773271 3.05191e-05
0.000775594 3.03571e-05
0.000777924 3.01959e-05
0.000780261 3.00356e-05
0.000782605 2.98761e-05
0.000784956 2.97173e-05
0.000787314 2.95595e-05
0.000789679 2.94029e-05
0.000792051 2.92463e-05
0.00079443 2.9091e-05
0.000796817 2.89364e-05
0.000799211 2.87827e-05
0.000801612 2.86298e-05
0.00080402 2.84776e-05
0.000806435 2.83263e-05
0.000808858 2.81757e-05
0.000811288 2.8026e-05
0.000813725 2.78771e-05
0.000816169 2.77289e-05
0.000818621 2.75815e-05
0.00082108 2.7435e-05
0.000823547 2.72891e-05
0.000826021 2.7144e-05
0.000828502 2.69998e-05
0.000830991 2.68562e-05
0.000833488 2.67134e-05
0.000835992 2.65713e-05
0.000838503 2.643e-05
0.000841022 2.62894e-05
0.000843548 2.61497e-05
0.000846082 2.60106e-05
0.000848624 2.58722e-05
0.000851173 2.57347e-05
0.00085373 2.55977e-05
0.000856295 2.54615e-05
0.000858868 2.53261e-05
0.000861448 2.51913e-05
0.000864035 2.50573e-05
0.000866631 4.77029e-05
0.000869235 2.47913e-05
0.000871846 2.46594e-05
0.000874465 2.45281e-05
0.000877092 0.000100586
0.000879727 2.42677e-05
0.000882369 2.41386e-05
0.00088502 2.40101e-05
0.000887679 2.38823e-05
0.000890346 2.37551e-05
0.00089302 2.36286e-05
0.000895703 2.35028e-05
0.000898394 2.34949e-05
0.000901093 2.32532e-05
0.000903799 2.31294e-05
0.000906515 2.30062e-05
0.000909238 2.28837e-05
0.000911969 2.27618e-05
0.000914709 2.23891e-05
0.000917457 2.227e-05
0.000920213 2.21515e-05
0.000922977 2.20336e-05
0.00092575 2.19164e-05
0.000928531 2.17998e-05
0.00093132 2.16838e-05
0.000934118 2.15683e-05
0.000936924 2.14536e-05
0.000939739 4.61614e-05
0.000942562 2.12258e-05
0.000945394 2.11128e-05
0.000948234 2.10003e-05
0.000951082 2.08885e-05
0.000953939 2.07776e-05
0.000956805 2.06666e-05
0.000959679 2.05566e-05
0.000962562 2.04471e-05
0.000965454 2.03382e-05
0.000968354 2.02299e-05
0.000971263 2.01222e-05
0.000974181 2.0015e-05
0.000977108 1.99084e-05
0.000980043 1.98023e-05
0.000982987 1.96969e-05
0.00098594 1.95919e-05
0.000988902 1.94876e-05
0.000991873 1.93837e-05
0.000994852 1.92804e-05
0.000997841 1.91777e-05
0.00100084 1.90754e-05
0.00100385 1.89737e-05
0.00100686 1.88727e-05
0.00100989 1.8772e-05
0.00101292 1.8672e-05
0.00101596 1.85726e-05
0.00101901 1.84736e-05
0.00102208 1.83749e-05
0.00102515 1.8277e-05
0.00102823 1.81795e-05
0.00103131 1.80828e-05
0.00103441 1.79863e-05
0.00103752 1.78904e-05
0.00104064 1.77949e-05
0.00104376 1.77001e-05
0.0010469 1.76056e-05
0.00105004 4.4909e-05
0.0010532 1.79737e-05
0.00105636 1.73254e-05
0.00105954 1.72329e-05
0.00106272 1.7141e-05
0.00106591 1.70496e-05
0.00106911 1.69587e-05
0.00107232 1.68682e-05
0.00107555 1.67781e-05
0.00107878 1.66886e-05
0.00108202 1.65995e-05
0.00108527 1.6511e-05
0.00108853 1.64228e-05
0.0010918 1.63352e-05
0.00109508 1.6248e-05
0.00109837 1.61613e-05
0.00110167 1.6075e-05
0.00110498 1.59885e-05
0.0011083 1.57746e-05
0.00111163 1.56905e-05
0.00111497 1.56068e-05
0.00111831 1.55236e-05
0.00112167 1.54408e-05
0.00112504 1.53584e-05
0.00112842 1.52765e-05
0.00113181 7.64252e-05
0.00113521 1.51139e-05
0.00113862 1.50332e-05
0.00114204 1.4953e-05
0.00114548 1.48731e-05
0.00114892 1.47937e-05
0.00115237 1.47148e-05
0.00115583 1.46363e-05
0.0011593 1.45582e-05
0.00116278 1.44805e-05
0.00116628 1.44031e-05
0.00116978 1.43263e-05
0.00117329 1.42516e-05
0.00117682 1.41737e-05
0.00118036 1.4098e-05
0.0011839 1.40227e-05
0.00118746 1.39478e-05
0.00119102 1.38734e-05
0.0011946 1.37993e-05
0.00119819 1.37256e-05
0.00120179 1.36523e-05
0.0012054 1.35794e-05
0.00120902 1.35068e-05
0.00121265 1.34347e-05
0.0012163 1.33629e-05
0.00121995 1.32915e-05
0.00122362 1.32205e-05
0.00122729 1.31499e-05
0.00123098 1.30796e-05
0.00123468 1.47374e-05
0.00123839 0.000177127
0.00124211 4.18644e-05
0.00124584 1.28022e-05
0.00124958 1.27338e-05
0.00125333 1.26658e-05
0.0012571 1.25981e-05
0.00126088 2.32484e-05
0.00126466 1.24638e-05
0.00126846 1.23971e-05
0.00127227 1.23309e-05
0.00127609 1.2265e-05
0.00127993 1.21994e-05
0.00128377 1.21447e-05
0.00128763 1.20693e-05
0.0012915 1.20047e-05
0.00129538 1.19405e-05
0.00129927 1.18767e-05
0.00130317 1.18132e-05
0.00130709 1.175e-05
0.00131101 1.16876e-05
0.00131495 1.16243e-05
0.0013189 1.1492e-05
0.00132286 1.14306e-05
0.00132684 1.13695e-05
0.00133082 1.13087e-05
0.00133482 1.12483e-05
0.00133883 1.11881e-05
0.00134285 1.11283e-05
0.00134689 1.10688e-05
0.00135093 1.10097e-05
0.00135499 1.09508e-05
0.00135906 1.08922e-05
0.00136315 1.08339e-05
0.00136724 1.0776e-05
0.00137135 1.07184e-05
0.00137547 1.0661e-05
0.0013796 1.0604e-05
0.00138374 1.05473e-05
0.0013879 1.04909e-05
0.00139207 1.04348e-05
0.00139625 1.03789e-05
0.00140045 1.03234e-05
0.00140465 1.02682e-05
0.00140887 1.02132e-05
0.00141311 1.01585e-05
0.00141735 2.18817e-05
0.00142161 1.00501e-05
0.00142588 9.99634e-06
0.00143016 9.94332e-06
0.00143446 9.89086e-06
0.00143877 9.83671e-06
0.00144309 9.78407e-06
0.00144743 9.73166e-06
0.00145177 9.67963e-06
0.00145614 9.62775e-06
0.00146051 9.57624e-06
0.0014649 9.52496e-06
0.0014693 9.47398e-06
0.00147371 9.42327e-06
0.00147814 9.37279e-06
0.00148258 9.32262e-06
0.00148703 9.27272e-06
0.0014915 9.22306e-06
0.00149598 9.17366e-06
0.00150048 9.1245e-06
0.00150498 9.07567e-06
0.0015095 9.02707e-06
0.00151404 8.97869e-06
0.00151859 8.9306e-06
0.00152315 8.88276e-06
0.00152772 8.83521e-06
0.00153231 8.78789e-06
0.00153692 8.74076e-06
0.00154153 8.69397e-06
0.00154616 8.60703e-06
0.00155081 8.56092e-06
0.00155547 8.90416e-06
0.00156014 8.46946e-06
0.00156483 8.4241e-06
0.00156953 8.37897e-06
0.00157424 8.33412e-06
0.00157897 8.28949e-06
0.00158372 8.24505e-06
0.00158847 8.20093e-06
0.00159325 8.15696e-06
0.00159803 8.11329e-06
0.00160283 8.06982e-06
0.00160765 8.02656e-06
0.00161248 7.98354e-06
0.00161732 7.9408e-06
0.00162218 3.57806e-05
0.00162705 7.85593e-06
0.00163194 7.81382e-06
0.00163684 7.77196e-06
0.00164176 7.7303e-06
0.00164669 7.68889e-06
0.00165164 7.64766e-06
0.0016566 7.60669e-06
0.00166158 7.56588e-06
0.00166657 7.52534e-06
0.00167158 7.485e-06
0.0016766 7.44487e-06
0.00168163 7.405e-06
0.00168669 1.94907e-05
0.00169175 7.3258e-06
0.00169684 7.28649e-06
0.00170193 7.24746e-06
0.00170705 7.20856e-06
0.00171217 7.16996e-06
0.00171732 7.13147e-06
0.00172248 7.09323e-06
0.00172765 7.0552e-06
0.00173284 7.01738e-06
0.00173805 6.97972e-06
0.00174327 6.94228e-06
0.0017485 6.90509e-06
0.00175376 6.86802e-06
0.00175903 6.83117e-06
0.00176431 6.79455e-06
0.00176961 6.7581e-06
0.00177493 6.72184e-06
0.00178026 6.68577e-06
0.00178561 6.6499e-06
0.00179097 6.60034e-06
0.00179635 6.55476e-06
0.00180175 6.5196e-06
0.00180716 6.48465e-06
0.00181259 6.44987e-06
0.00181803 6.41529e-06
0.00182349 6.38088e-06
0.00182897 6.34664e-06
0.00183447 6.31258e-06
0.00183998 6.27872e-06
0.00184551 6.24502e-06
0.00185105 6.21153e-06
0.00185661 6.1782e-06
0.00186219 1.14841e-05
0.00186778 6.27802e-06
0.00187339 6.07929e-06
0.00187902 6.04668e-06
0.00188467 6.01421e-06
0.00189033 5.98194e-06
0.00189601 5.94983e-06
0.0019017 5.91793e-06
0.00190741 5.24531e-05
0.00191314 6.3751e-06
0.00191889 5.82315e-06
0.00192466 5.79188e-06
0.00193044 5.7608e-06
0.00193624 5.72987e-06
0.00194205 5.69912e-06
0.00194789 5.66851e-06
0.00195374 5.63809e-06
0.00195961 5.60781e-06
0.0019655 5.5777e-06
0.0019714 5.54776e-06
0.00197732 5.51799e-06
0.00198326 5.48836e-06
0.00198922 5.45888e-06
0.0019952 5.42956e-06
0.00200119 5.40041e-06
0.0020072 5.37142e-06
0.00201323 5.34257e-06
0.00201928 5.31388e-06
0.00202535 5.28532e-06
0.00203143 5.25696e-06
0.00203753 5.22997e-06
0.00204365 5.20064e-06
0.00204979 5.1727e-06
0.00205595 5.13e-06
0.00206213 5.10244e-06
0.00206832 5.07506e-06
0.00207453 5.04781e-06
0.00208077 5.02068e-06
0.00208702 4.99372e-06
0.00209329 4.9669e-06
0.00209958 4.94022e-06
0.00210588 4.9137e-06
0.00211221 4.8873e-06
0.00211855 4.86106e-06
0.00212492 4.83494e-06
0.0021313 4.80897e-06
0.0021377 4.78314e-06
0.00214413 4.75742e-06
0.00215057 4.73186e-06
0.00215703 4.70645e-06
0.00216351 4.68116e-06
0.00217001 4.65601e-06
0.00217653 4.63099e-06
0.00218306 4.60977e-06
0.00218962 4.58137e-06
0.0021962 4.55675e-06
0.0022028 4.53225e-06
0.00220942 4.50789e-06
0.00221605 4.48368e-06
0.00222271 4.45958e-06
0.00222939 4.4356e-06
0.00223608 1.57055e-05
0.0022428 9.81562e-06
0.00224954 4.36447e-06
0.0022563 4.341e-06
0.00226308 4.31767e-06
0.00226987 4.29447e-06
0.00227669 4.27139e-06
0.00228353 4.24843e-06
0.00229039 4.22568e-06
0.00229727 4.20286e-06
0.00230417 4.18028e-06
0.0023111 4.15779e-06
0.00231804 4.13544e-06
0.002325 4.1132e-06
0.00233199 4.09107e-06
0.00233899 4.06909e-06
0.00234602 4.04721e-06
0.00235307 4.02544e-06
0.00236014 4.00379e-06
0.00236723 3.98225e-06
0.00237434 3.96084e-06
0.00238147 3.93953e-06
0.00238862 3.91836e-06
0.0023958 3.89727e-06
0.002403 3.87631e-06
0.00241022 3.85546e-06
0.00241746 3.83472e-06
0.00242472 3.8141e-06
0.002432 3.79444e-06
0.00243931 3.77317e-06
0.00244664 3.75287e-06
0.00245399 3.73366e-06
0.00246136 3.7126e-06
0.00246875 3.69263e-06
0.00247617 3.67276e-06
0.00248361 3.653e-06
0.00249107 3.63334e-06
0.00249855 3.6138e-06
0.00250606 3.59434e-06
0.00251359 3.57501e-06
0.00252114 3.55576e-06
0.00252871 3.53664e-06
0.00253631 3.5176e-06
0.00254393 3.49867e-06
0.00255157 3.47984e-06
0.00255923 3.46111e-06
0.00256692 3.44249e-06
0.00257463 3.42396e-06
0.00258237 3.40553e-06
0.00259012 3.42998e-06
0.00259791 3.38414e-06
0.00260571 3.35082e-06
0.00261354 3.33279e-06
0.00262139 3.31485e-06
0.00262926 3.297e-06
0.00263716 3.27926e-06
0.00264508 3.26161e-06
0.00265303 3.24404e-06
0.002661 3.22657e-06
0.00266899 3.20921e-06
0.00267701 3.19192e-06
0.00268505 3.17474e-06
0.00269312 3.15764e-06
0.00270121 3.14064e-06
0.00270933 3.12372e-06
0.00271746 3.1069e-06
0.00272563 3.09017e-06
0.00273382 3.07352e-06
0.00274203 3.05698e-06
0.00275027 3.04051e-06
0.00275853 3.02413e-06
0.00276682 3.00784e-06
0.00277513 2.99164e-06
0.00278346 1.87143e-05
0.00279183 2.9595e-06
0.00280021 2.94357e-06
0.00280862 2.92771e-06
0.00281706 2.91193e-06
0.00282552 2.89626e-06
0.00283401 2.88065e-06
0.00284253 2.86512e-06
0.00285107 2.84968e-06
0.00285963 2.83434e-06
0.00286822 2.81906e-06
0.00287684 2.80387e-06
0.00288548 5.38311e-06
0.00289415 2.77374e-06
0.00290284 2.7588e-06
0.00291156 2.74394e-06
0.00292031 2.72915e-06
0.00292908 2.71444e-06
0.00293788 2.69981e-06
0.00294671 2.68525e-06
0.00295556 2.67079e-06
0.00296444 2.6564e-06
0.00297334 2.64208e-06
0.00298228 7.55948e-06
0.00299123 2.61368e-06
0.00300022 2.59959e-06
0.00300923 2.58558e-06
0.00301827 2.57165e-06
0.00302734 2.55777e-06
0.00303643 2.544e-06
0.00304556 2.53027e-06
0.00305471 2.51664e-06
0.00306388 2.50307e-06
0.00307309 2.48957e-06
0.00308232 2.47615e-06
0.00309158 2.4628e-06
0.00310086 2.44953e-06
0.00311018 2.43631e-06
0.00311952 2.42318e-06
0.00312889 2.41012e-06
0.00313829 2.39712e-06
0.00314772 2.38419e-06
0.00315718 2.37133e-06
0.00316666 2.35855e-06
0.00317618 2.34583e-06
0.00318572 2.33318e-06
0.00319529 2.3206e-06
0.00320489 2.30808e-06
0.00321451 2.29564e-06
0.00322417 2.28325e-06
0.00323386 2.27094e-06
0.00324357 2.25869e-06
0.00325331 2.24651e-06
0.00326309 2.23438e-06
0.00327289 2.22233e-06
0.00328272 2.21035e-06
0.00329258 2.19874e-06
0.00330248 2.18657e-06
0.0033124 2.17477e-06
0.00332235 2.16304e-06
0.00333233 2.15137e-06
0.00334234 2.13978e-06
0.00335238 2.25845e-06
0.00336245 2.11673e-06
0.00337255 2.10532e-06
0.00338268 2.09396e-06
0.00339284 2.08266e-06
0.00340304 2.07141e-06
0.00341326 2.06024e-06
0.00342351 2.04912e-06
0.0034338 2.03807e-06
0.00344411 2.02707e-06
0.00345446 2.01613e-06
0.00346484 2.00526e-06
0.00347525 1.99443e-06
0.00348569 2.07046e-06
0.00349616 1.97295e-06
0.00350666 1.96231e-06
0.00351719 1.95172e-06
0.00352776 1.94119e-06
0.00353836 1.93327e-06
0.00354899 1.92029e-06
0.00355965 1.90993e-06
0.00357034 1.89961e-06
0.00358107 1.88948e-06
0.00359183 1.87915e-06
0.00360262 1.88406e-06
0.00361344 1.85892e-06
0.00362429 1.84889e-06
0.00363518 1.8389e-06
0.0036461 1.82898e-06
0.00365705 1.81911e-06
0.00366804 1.80929e-06
0.00367906 1.79951e-06
0.00369011 1.7898e-06
0.0037012 1.78013e-06
0.00371232 1.77051e-06
0.00372347 1.76096e-06
0.00373465 1.75145e-06
0.00374587 1.74199e-06
0.00375713 1.73259e-06
0.00376841 1.72323e-06
0.00377973 1.71392e-06
0.00379109 1.70466e-06
0.00380248 1.69546e-06
0.0038139 1.6863e-06
0.00382536 1.6772e-06
0.00383685 1.66814e-06
0.00384837 1.65913e-06
0.00385994 1.65017e-06
0.00387153 1.64126e-06
0.00388316 9.28688e-06
0.00389483 3.91949e-06
0.00390653 1.6148e-06
0.00391826 1.60608e-06
0.00393003 1.59741e-06
0.00394184 1.58878e-06
0.00395368 1.58019e-06
0.00396556 1.57165e-06
0.00397747 1.56316e-06
0.00398942 1.55472e-06
0.0040014 1.54631e-06
0.00401343 1.53796e-06
0.00402548 1.52965e-06
0.00403758 1.52139e-06
0.0040497 1.51317e-06
0.00406187 1.50499e-06
0.00407407 1.49686e-06
0.00408631 1.48877e-06
0.00409859 1.48072e-06
0.0041109 1.47272e-06
0.00412325 1.46476e-06
0.00413564 1.45685e-06
0.00414806 1.44898e-06
0.00416052 1.44114e-06
0.00417302 1.43335e-06
0.00418555 1.42561e-06
0.00419813 1.41791e-06
0.00421074 1.41024e-06
0.00422339 1.40262e-06
0.00423608 1.39504e-06
0.0042488 1.3875e-06
0.00426157 1.38e-06
0.00427437 1.37254e-06
0.00428721 1.36512e-06
0.00430009 1.35774e-06
0.00431301 1.35039e-06
0.00432596 1.3431e-06
0.00433896 1.33584e-06
0.00435199 1.32862e-06
0.00436507 1.32143e-06
0.00437818 1.31429e-06
0.00439133 1.30718e-06
0.00440452 1.30012e-06
0.00441776 1.29308e-06
0.00443103 1.28609e-06
0.00444434 1.27914e-06
0.00445769 1.27222e-06
0.00447108 1.26534e-06
0.00448451 1.2585e-06
0.00449798 1.2517e-06
0.0045115 1.24493e-06
0.00452505 1.23819e-06
0.00453864 1.2315e-06
0.00455228 1.22484e-06
0.00456595 1.21821e-06
0.00457967 1.21162e-06
0.00459343 1.20507e-06
0.00460723 1.19855e-06
0.00462107 1.19207e-06
0.00463495 1.18562e-06
0.00464887 1.17921e-06
0.00466284 1.17283e-06
0.00467685 1.16649e-06
0.0046909 1.16018e-06
0.00470499 1.1539e-06
0.00471912 1.14766e-06
0.0047333 1.14145e-06
0.00474752 1.13528e-06
0.00476178 1.12913e-06
0.00477608 1.12303e-06
0.00479043 1.11695e-06
0.00480482 1.11091e-06
0.00481926 1.10489e-06
0.00483373 1.09892e-06
0.00484825 1.09298e-06
0.00486282 1.08706e-06
0.00487743 1.08117e-06
0.00489208 1.07532e-06
0.00490678 1.06951e-06
0.00492152 1.06372e-06
0.0049363 1.05797e-06
0.00495113 2.18219e-06
0.004966 1.04655e-06
0.00498092 1.04088e-06
0.00499589 1.03525e-06
0.00501089 1.02965e-06
0.00502595 1.02407e-06
0.00504105 1.01853e-06
0.00505619 1.01302e-06
0.00507138 1.00753e-06
0.00508661 1.00209e-06
0.00510189 9.9666e-07
0.00511722 9.91263e-07
0.00513259 9.85897e-07
0.00514801 9.8056e-07
0.00516348 9.75251e-07
0.00517899 1.24757e-06
0.00519455 9.64723e-07
0.00521015 9.59503e-07
0.0052258 9.5431e-07
0.0052415 9.4914e-07
0.00525725 4.17494e-06
0.00527304 9.38891e-07
0.00528888 9.33812e-07
0.00530477 9.28754e-07
0.00532071 9.23724e-07
0.00533669 9.18723e-07
0.00535272 9.13749e-07
0.0053688 9.08802e-07
0.00538493 9.03882e-07
0.00540111 8.98983e-07
0.00541733 8.94119e-07
0.00543361 8.89279e-07
0.00544993 8.84462e-07
0.0054663 8.79671e-07
0.00548272 8.74907e-07
0.00549919 8.70169e-07
0.00551571 8.65457e-07
0.00553228 8.60771e-07
0.0055489 8.56111e-07
0.00556557 8.51471e-07
0.00558229 8.46863e-07
0.00559906 8.42274e-07
0.00561588 8.37711e-07
0.00563275 8.33174e-07
0.00564967 8.28662e-07
0.00566664 8.24175e-07
0.00568367 8.19706e-07
0.00570074 8.15269e-07
0.00571787 5.56506e-05
0.00573504 8.06458e-07
0.00575227 8.02094e-07
0.00576955 7.97744e-07
0.00578689 7.93422e-07
0.00580427 7.89127e-07
0.00582171 7.84848e-07
0.0058392 7.80595e-07
0.00585674 7.7637e-07
0.00587433 7.72164e-07
0.00589198 7.67976e-07
0.00590968 7.63817e-07
0.00592743 7.59681e-07
0.00594524 7.55563e-07
0.0059631 7.51468e-07
0.00598101 7.47396e-07
0.00599898 7.43347e-07
0.006017 7.39321e-07
0.00603508 7.35312e-07
0.00605321 7.31325e-07
0.00607139 7.27553e-07
0.00608963 7.2342e-07
0.00610792 7.19502e-07
0.00612627 7.15599e-07
0.00614468 7.11723e-07
0.00616313 7.07866e-07
0.00618165 7.04029e-07
0.00620022 7.00214e-07
0.00621885 6.96415e-07
0.00623753 6.92644e-07
0.00625627 6.88888e-07
0.00627506 6.85155e-07
0.00629391 6.81442e-07
0.00631282 6.82603e-07
0.00633178 6.74074e-07
0.0063508 6.70419e-07
0.00636988 6.66785e-07
0.00638902 6.63171e-07
0.00640821 6.59574e-07
0.00642746 6.55996e-07
0.00644677 6.52444e-07
0.00646614 6.48902e-07
0.00648556 6.45386e-07
0.00650505 6.41889e-07
0.00652459 6.38408e-07
0.00654419 6.34946e-07
0.00656385 6.31505e-07
0.00658356 6.28079e-07
0.00660334 6.24671e-07
0.00662318 6.21283e-07
0.00664308 6.17915e-07
0.00666303 6.14567e-07
0.00668305 6.11232e-07
0.00670312 6.07917e-07
0.00672326 6.04621e-07
0.00674346 6.01343e-07
0.00676372 5.9808e-07
0.00678404 5.94836e-07
0.00680442 5.9161e-07
0.00682486 5.88403e-07
0.00684536 5.85211e-07
0.00686592 5.82036e-07
0.00688655 5.7888e-07
0.00690724 2.06229e-06
0.00692799 5.72617e-07
0.0069488 5.69511e-07
0.00696967 5.66423e-07
0.00699061 5.63347e-07
0.00701161 5.60295e-07
0.00703268 5.5725e-07
0.0070538 5.54229e-07
0.00707499 5.51224e-07
0.00709625 5.48233e-07
0.00711756 5.45259e-07
0.00713895 5.42298e-07
0.00716039 5.39359e-07
0.0071819 5.36432e-07
0.00720348 5.33522e-07
0.00722512 5.30625e-07
0.00724682 5.27745e-07
0.00726859 5.24882e-07
0.00729043 5.22035e-07
0.00731233 5.19201e-07
0.00733429 5.16384e-07
0.00735633 5.13582e-07
0.00737843 5.10797e-07
0.00740059 5.08025e-07
0.00742282 5.05269e-07
0.00744512 5.02524e-07
0.00746749 4.99795e-07
0.00748992 4.97083e-07
0.00751242 4.94387e-07
0.00753499 4.91702e-07
0.00755763 4.89033e-07
0.00758033 4.8638e-07
0.0076031 4.83742e-07
0.00762594 4.81116e-07
0.00764885 4.78502e-07
0.00767183 4.75906e-07
0.00769488 4.73322e-07
0.00771799 4.70754e-07
0.00774118 4.682e-07
0.00776443 4.65658e-07
0.00778776 4.6313e-07
0.00781115 4.60614e-07
0.00783462 4.58112e-07
0.00785815 4.55626e-07
0.00788176 4.53154e-07
0.00790544 4.50693e-07
0.00792919 4.48246e-07
0.00795301 4.45811e-07
0.0079769 4.43393e-07
0.00800086 4.40982e-07
0.0080249 4.3859e-07
0.008049 4.36208e-07
0.00807318 4.3384e-07
0.00809744 4.31482e-07
0.00812176 4.29142e-07
0.00814616 4.26809e-07
0.00817063 4.24493e-07
0.00819518 4.22187e-07
0.0082198 4.19895e-07
0.00824449 4.17614e-07
0.00826926 4.15346e-07
0.0082941 4.13091e-07
0.00831901 4.10847e-07
0.00834401 4.08615e-07
0.00836907 4.06397e-07
0.00839421 4.04189e-07
0.00841943 4.01994e-07
0.00844472 3.99809e-07
0.00847009 3.97637e-07
0.00849554 3.95478e-07
0.00852106 3.93328e-07
0.00854665 3.91195e-07
0.00857233 3.89068e-07
0.00859808 3.86953e-07
0.00862391 3.84852e-07
0.00864982 3.82762e-07
0.0086758 3.80683e-07
0.00870187 3.78615e-07
0.00872801 3.76557e-07
0.00875423 3.74511e-07
0.00878053 3.72478e-07
0.0088069 3.70453e-07
0.00883336 5.77507e-07
0.0088599 3.66438e-07
0.00888651 1.07568e-06
0.00891321 3.62467e-07
0.00893998 3.60497e-07
0.00896684 3.58539e-07
0.00899378 3.56589e-07
0.0090208 3.54651e-07
0.0090479 3.52724e-07
0.00907507 3.50807e-07
0.00910234 3.48901e-07
0.0092073 3.41736e-07
0.00939266 3.29582e-07
0.00958175 3.17858e-07
0.00977464 3.0655e-07
0.00997142 2.95643e-07
0.0101722 2.85122e-07
0.0103769 2.74976e-07
0.0105858 2.65188e-07
0.0107989 2.55747e-07
0.0110163 2.4664e-07
0.0112381 2.91557e-07
0.0114644 2.29384e-07
0.0116952 2.21213e-07
0.0119306 2.13332e-07
0.0121708 3.88592e-07
0.0124158 1.98393e-07
0.0126657 1.91323e-07
0.0129207 1.84503e-07
0.0131808 1.77925e-07
0.0134462 1.71581e-07
0.0137169 1.65462e-07
0.013993 1.59562e-07
0.0142747 1.5387e-07
0.0145621 1.4841e-07
0.0148552 1.43087e-07
0.0151543 1.3798e-07
0.0154594 1.33055e-07
0.0157706 1.28692e-07
0.0160881 1.2459e-07
0.016412 1.19298e-07
0.0167423 1.15038e-07
0.0170794 1.10929e-07
0.0174232 1.06966e-07
0.017774 1.03144e-07
0.0181318 9.9459e-08
0.0184968 9.59045e-08
0.0188692 9.24764e-08
0.019249 8.91708e-08
0.0196366 8.59822e-08
0.0200319 8.29076e-08
0.0204351 1.26897e-07
0.0208465 7.7083e-08
0.0212662 7.43254e-08
0.0216943 7.16659e-08
0.0221311 6.91011e-08
0.0225766 6.66279e-08
0.0230311 6.42428e-08
0.0234947 6.19431e-08
0.0239677 5.9725e-08
0.0244502 5.75859e-08
0.0249424 5.55234e-08
0.0254446 5.35341e-08
0.0259568 5.1616e-08
0.0264794 4.97662e-08
0.0270124 4.79827e-08
0.0275562 4.62627e-08
0.028111 4.4604e-08
0.0286769 4.30047e-08
0.0292542 4.14624e-08
0.0298431 3.99751e-08
0.0304439 3.85411e-08
0.0310568 3.71582e-08
0.031682 3.58247e-08
0.0323198 3.4539e-08
0.0329704 3.32991e-08
0.0336342 3.21036e-08
0.0343113 3.09508e-08
0.035002 2.98393e-08
0.0357067 2.87674e-08
0.0364255 2.77339e-08
0.0371588 2.67374e-08
0.0379068 2.57766e-08
0.03867 2.48501e-08
0.0394484 2.39568e-08
0.0402426 2.30954e-08
0.0410527 2.22649e-08
0.0418792 2.14641e-08
0.0427223 2.0692e-08
0.0435823 1.99476e-08
0.0444597 1.92298e-08
0.0453547 1.85377e-08
0.0462678 1.78704e-08
0.0471992 1.72271e-08
0.0481494 1.66068e-08
0.0491188 1.60087e-08
0.0501076 1.54321e-08
0.0511163 1.48762e-08
0.0521454 1.43402e-08
0.0531951 1.38235e-08
0.054266 1.33252e-08
0.0553585 1.28449e-08
0.0564729 1.23818e-08
0.0576098 1.19353e-08
0.0587696 1.15048e-08
0.0599527 1.10898e-08
0.0611596 1.06897e-08
0.0623908 1.0304e-08
0.0636469 9.93213e-09
0.0649282 9.57363e-09
0.0662353 9.22798e-09
0.0675687 8.89479e-09
0.0689289 8.57358e-09
0.0703166 8.26389e-09
0.0717321 7.96538e-09
0.0731762 7.67756e-09
0.0746494 7.4001e-09
0.0761521 7.13264e-09
0.0776852 6.87482e-09
0.0792491 6.62626e-09
0.0808445 6.38662e-09
0.082472 6.15565e-09
0.0841323 5.93298e-09
0.085826 5.71832e-09
0.0875538 5.51139e-09
0.0893164 5.31195e-09
0.0911145 5.11965e-09
0.0929487 4.93433e-09
0.0948199 4.75564e-09
0.0967288 4.58342e-09
0.0986761 4.41742e-09
0.100663 4.25735e-09
0.102689 4.10314e-09
0.104756 3.95445e-09
0.106865 3.81111e-09
0.109017 3.67294e-09
0.111211 3.53979e-09
0.11345 3.41141e-09
0.115734 3.28769e-09
0.118064 3.16841e-09
0.120441 3.05347e-09
0.122865 2.94269e-09
0.125339 2.83587e-09
0.127862 2.73295e-09
0.130436 2.63372e-09
0.133062 2.5381e-09
0.135741 2.44592e-09
0.138473 2.35709e-09
0.141261 2.27145e-09
0.144105 2.18892e-09
0.147006 2.10938e-09
0.149965 2.03272e-09
0.152984 1.95883e-09
0.156064 1.88761e-09
0.159206 1.81897e-09
0.162411 1.75282e-09
0.16568 1.68907e-09
0.169016 1.62761e-09
0.172418 1.5684e-09
0.175889 1.51132e-09
0.17943 1.45631e-09
0.183042 1.4033e-09
0.186727 1.35221e-09
0.190486 1.30297e-09
0.194321 1.25551e-09
0.198233 1.20978e-09
0.202224 1.1657e-09
0.206295 1.12323e-09
0.210448 1.0823e-09
0.214685 1.04285e-09
0.219007 1.00483e-09
0.223415 9.68203e-10
0.227913 9.32896e-10
0.232501 8.98875e-10
0.237182 8.66086e-10
0.241957 8.3449e-10
0.246828 8.04041e-10
0.251797 7.74702e-10
0.256866 7.46427e-10
0.262037 7.19181e-10
0.267312 6.92926e-10
0.272693 6.67626e-10
0.278183 6.43244e-10
0.283783 6.19751e-10
0.289496 5.97112e-10
0.295324 5.75297e-10
0.301269 5.54276e-10
0.307334 5.34021e-10
0.313522 5.14501e-10
0.319833 4.95694e-10
0.326272 4.77571e-10
0.33284 4.60108e-10
0.339541 4.43282e-10
0.346376 4.27069e-10
0.353349 4.11447e-10
0.360463 3.96393e-10
0.367719 3.81889e-10
0.375122 3.67912e-10
0.382674 3.54446e-10
0.390377 3.41473e-10
0.398236 3.28971e-10
0.406253 3.16926e-10
0.414432 3.05318e-10
0.422775 2.94135e-10
0.431286 2.83362e-10
0.439968 2.72982e-10
0.448826 2.6298e-10
0.457861 2.53338e-10
0.467079 2.44053e-10
0.476482 2.35108e-10
0.486074 2.26491e-10
0.495859 2.18187e-10
0.505841 2.10181e-10
0.516025 2.02473e-10
0.526413 1.95048e-10
0.537011 1.87894e-10
0.547821 1.80991e-10
0.55885 1.74351e-10
0.5701 1.67954e-10
0.581577 1.61791e-10
0.593285 1.55854e-10
0.605229 1.50106e-10
0.617413 1.44596e-10
0.629842 1.39289e-10
0.642522 1.34175e-10
0.655457 1.29249e-10
0.668652 1.24503e-10
0.682113 1.19873e-10
0.695845 1.15471e-10
0.709853 1.11231e-10
0.724144 1.07145e-10
0.738722 1.03209e-10
0.753593 9.93403e-11
0.768764 9.56915e-11
0.784241 9.21763e-11
0.800028 8.87899e-11
0.816134 8.55276e-11
0.832564 8.2312e-11
0.849325 7.9288e-11
0.866423 7.63744e-11
0.883865 7.35678e-11
0.901659 7.08637e-11
