9.10033e-07 1.88332e-11
9.17323e-07 4.76173e-11
9.24672e-07 6.53819e-11
9.32079e-07 8.96781e-11
9.39546e-07 1.14654e-10
9.47072e-07 1.40584e-10
9.54659e-07 1.72436e-10
9.62306e-07 2.18032e-10
9.70015e-07 3.02455e-10
9.77785e-07 4.10934e-10
9.85618e-07 5.09648e-10
9.93513e-07 6.26483e-10
1.00147e-06 7.66161e-10
1.00949e-06 9.3472e-10
1.01758e-06 1.14289e-09
1.02573e-06 1.47725e-09
1.03395e-06 1.95706e-09
1.04223e-06 2.56843e-09
1.05058e-06 3.34596e-09
1.059e-06 4.2889e-09
1.06748e-06 5.36926e-09
1.07603e-06 6.70099e-09
1.08465e-06 8.18713e-09
1.09334e-06 9.95484e-09
1.1021e-06 1.21245e-08
1.11093e-06 1.51685e-08
1.11983e-06 1.91412e-08
1.1288e-06 2.41545e-08
1.13784e-06 3.0491e-08
1.14695e-06 3.83132e-08
1.15614e-06 4.80977e-08
1.1654e-06 6.03794e-08
1.17474e-06 7.57185e-08
1.18415e-06 9.07593e-08
1.19364e-06 1.06218e-07
1.2032e-06 1.2434e-07
1.21284e-06 1.46803e-07
1.22255e-06 1.82184e-07
1.23234e-06 2.27724e-07
1.24222e-06 2.84831e-07
1.25217e-06 3.20656e-07
1.2622e-06 3.15285e-07
1.27231e-06 2.97254e-07
1.2825e-06 2.46366e-07
1.29277e-06 2.93e-07
1.30313e-06 3.80905e-07
1.31357e-06 4.32855e-07
1.32409e-06 4.8365e-07
1.3347e-06 5.99454e-07
1.34539e-06 7.22591e-07
1.35617e-06 8.47098e-07
1.36703e-06 9.94393e-07
1.37798e-06 1.17333e-06
1.38902e-06 1.38586e-06
1.40015e-06 1.60103e-06
1.41136e-06 1.74018e-06
1.42267e-06 1.88672e-06
1.43407e-06 2.08275e-06
1.44556e-06 2.47323e-06
1.45714e-06 2.95951e-06
1.46881e-06 3.53921e-06
1.48057e-06 4.21233e-06
1.49243e-06 5.00087e-06
1.50439e-06 5.93874e-06
1.51644e-06 6.96291e-06
1.52859e-06 8.08243e-06
1.54083e-06 9.3825e-06
1.55318e-06 1.08763e-05
1.56562e-06 1.25458e-05
1.57816e-06 1.44633e-05
1.5908e-06 1.5588e-05
1.60355e-06 1.40501e-05
1.61639e-06 1.26535e-05
1.62934e-06 1.39545e-05
1.64239e-06 1.67934e-05
1.65555e-06 2.01818e-05
1.66881e-06 2.32147e-05
1.68218e-06 2.61157e-05
1.69565e-06 2.93877e-05
1.70924e-06 3.35067e-05
1.72293e-06 3.87636e-05
1.73673e-06 4.41839e-05
1.75064e-06 4.83395e-05
1.76467e-06 5.28771e-05
1.7788e-06 6.0112e-05
1.79305e-06 6.92837e-05
1.80742e-06 7.89183e-05
1.8219e-06 0.000109497
1.83649e-06 0.000211319
1.8512e-06 0.000410214
1.86603e-06 0.000541955
1.88098e-06 0.00038569
1.89605e-06 0.000270109
1.91124e-06 0.000204955
1.92655e-06 0.000223803
1.94198e-06 0.000250446
1.95753e-06 0.000267459
1.97322e-06 0.000284886
1.98902e-06 0.000311503
2.00496e-06 0.000357007
2.02102e-06 0.000410844
2.03721e-06 0.000476797
2.05353e-06 0.000552292
2.06998e-06 0.000635835
2.08656e-06 0.000731863
2.10327e-06 0.000841546
2.12012e-06 0.000954822
2.13711e-06 0.00108001
2.15423e-06 0.00122161
2.17148e-06 0.00126609
2.18888e-06 0.00122599
2.20641e-06 0.00134015
2.22409e-06 0.00165389
2.2419e-06 0.00188695
2.25311e-06 0.00199812
2.25761e-06 0.00204472
2.26212e-06 0.00209189
2.26664e-06 0.0021671
2.27116e-06 0.00298936
2.2757e-06 0.0046302
2.27849e-06 0.00601036
2.28303e-06 0.00954522
2.28936e-06 0.0172152
2.29393e-06 0.0266726
2.30538e-06 0.035856
2.3238e-06 0.0184329
2.34237e-06 0.0100037
2.3582e-06 0.00929783
2.37702e-06 0.00900551
2.39896e-06 0.00993993
2.41813e-06 0.0264842
2.43745e-06 0.0808587
2.45693e-06 0.245156
2.47656e-06 0.377146
2.49635e-06 0.391896
2.51629e-06 0.407627
2.5364e-06 0.448392
2.55667e-06 0.510616
2.57709e-06 0.454802
2.59769e-06 0.307989
2.61844e-06 0.306274
2.63936e-06 0.330592
2.66045e-06 0.325499
2.68171e-06 0.321176
2.70314e-06 0.406768
2.72474e-06 0.549212
2.74651e-06 0.526778
2.76845e-06 0.374922
2.79057e-06 0.302073
2.81287e-06 0.330434
2.83535e-06 0.362474
2.858e-06 0.334478
2.88084e-06 0.291226
2.90386e-06 0.263714
2.92706e-06 0.273268
2.95045e-06 0.285821
2.97402e-06 0.33737
2.99778e-06 0.430678
3.02174e-06 0.497805
3.04588e-06 0.523171
3.07022e-06 0.549568
3.09475e-06 0.548343
3.11948e-06 0.528632
3.1444e-06 0.509641
3.16953e-06 0.491571
3.19485e-06 0.504355
3.22038e-06 0.54049
3.24611e-06 0.578847
3.27205e-06 0.617618
3.29819e-06 0.582821
3.32455e-06 0.518298
3.35111e-06 0.460804
3.37789e-06 0.416379
3.40488e-06 0.428425
3.43208e-06 0.453764
3.45951e-06 0.480624
3.48715e-06 0.487234
3.51501e-06 0.446455
3.5431e-06 0.407267
3.57141e-06 0.385533
3.59994e-06 0.433952
3.62871e-06 0.500173
3.6577e-06 0.555811
3.68693e-06 0.471626
3.71639e-06 0.375847
3.74608e-06 0.308668
3.77601e-06 0.356578
3.80619e-06 0.448985
3.8366e-06 0.56552
3.86725e-06 0.590119
3.89815e-06 0.537061
3.9293e-06 0.48877
3.9607e-06 0.469606
3.99234e-06 0.496221
4.02424e-06 0.525393
4.0564e-06 0.558336
4.08881e-06 0.600035
4.12148e-06 0.644815
4.15441e-06 0.659278
4.18761e-06 0.633393
4.22107e-06 0.612796
4.25479e-06 0.615259
4.28879e-06 0.620467
4.32306e-06 0.607944
4.3576e-06 0.586846
4.39242e-06 0.566438
4.42751e-06 0.565075
4.46289e-06 0.581142
4.49855e-06 0.597305
4.53449e-06 0.593715
4.57073e-06 0.580301
4.60725e-06 0.581335
4.64406e-06 0.626278
4.68117e-06 0.677124
4.71857e-06 0.681291
4.75627e-06 0.638785
4.79428e-06 0.599437
4.83258e-06 0.57392
4.8712e-06 0.551966
4.91012e-06 0.552524
4.94935e-06 0.604077
4.9889e-06 0.661368
5.01343e-06 0.685741
5.02272e-06 0.690328
5.03203e-06 0.694896
5.04048e-06 0.69888
5.04982e-06 0.703412
5.06007e-06 0.707117
5.06945e-06 0.702054
5.07885e-06 0.695985
5.08826e-06 0.690278
5.09769e-06 0.684249
5.10714e-06 0.67824
5.11661e-06 0.672927
5.14183e-06 0.6952
5.18303e-06 0.742751
5.22456e-06 0.75175
5.26643e-06 0.733289
5.30863e-06 0.702689
5.35116e-06 0.640198
5.39404e-06 0.586353
5.43727e-06 0.592828
5.48084e-06 0.615264
5.52475e-06 0.647955
5.56903e-06 0.689716
5.61365e-06 0.713514
5.65863e-06 0.698364
5.70398e-06 0.683408
5.74968e-06 0.67256
5.79576e-06 0.664526
5.8422e-06 0.674643
5.88901e-06 0.686028
5.9362e-06 0.645015
5.98377e-06 0.590732
6.03172e-06 0.607837
6.08005e-06 0.665895
6.12877e-06 0.68488
6.17788e-06 0.674675
6.22738e-06 0.769056
6.27728e-06 0.978484
6.32759e-06 0.926134
6.37829e-06 0.690639
6.4294e-06 0.614104
6.48092e-06 0.623372
6.53285e-06 0.620006
6.5852e-06 0.610873
6.63797e-06 0.608623
6.69116e-06 0.612836
6.74477e-06 0.616943
6.79882e-06 0.604913
6.8533e-06 0.591015
6.90822e-06 0.584564
6.96357e-06 0.582899
7.01937e-06 0.589357
7.07562e-06 0.591763
7.13232e-06 0.588757
7.18947e-06 0.585039
7.24708e-06 0.58015
7.30515e-06 0.574117
7.36369e-06 0.565559
7.42269e-06 0.552206
7.48217e-06 0.498792
7.54213e-06 0.43197
7.60256e-06 0.483611
7.66348e-06 0.537113
7.72489e-06 0.493423
7.78679e-06 0.446394
7.84919e-06 0.416614
7.91209e-06 0.47825
7.97549e-06 0.526947
8.0394e-06 0.521682
8.10382e-06 0.514973
8.16875e-06 0.509609
8.23421e-06 0.505137
8.30019e-06 0.449217
8.3667e-06 0.417935
8.43374e-06 0.475954
8.50132e-06 0.484382
8.56945e-06 0.476291
8.63811e-06 0.480116
8.70733e-06 0.476896
8.77711e-06 0.472118
8.84744e-06 0.468366
8.91833e-06 0.466389
8.9898e-06 0.463258
9.02709e-06 0.461153
9.02978e-06 0.461015
9.03248e-06 0.460878
9.03517e-06 0.46074
9.03787e-06 0.460603
9.04057e-06 0.460465
9.04326e-06 0.460328
9.04596e-06 0.460191
9.04866e-06 0.460054
9.05136e-06 0.465269
9.05406e-06 0.473156
9.05677e-06 0.481038
9.05947e-06 0.489107
9.06217e-06 0.497171
9.06488e-06 0.505611
9.06758e-06 0.514047
9.07029e-06 0.522669
9.07299e-06 0.531285
9.0757e-06 0.540277
9.07841e-06 0.549264
9.08112e-06 0.558436
9.08383e-06 0.567793
9.08654e-06 0.577335
9.08925e-06 0.587061
9.09197e-06 0.596971
9.09468e-06 0.606876
9.09739e-06 0.616966
9.10011e-06 0.627429
9.10282e-06 0.637886
9.10554e-06 0.648526
9.10826e-06 0.65935
9.11098e-06 0.670358
9.11369e-06 0.681739
9.11641e-06 0.693113
9.11913e-06 0.70467
9.12071e-06 0.711566
9.12343e-06 1.45132
9.1273e-06 1.48563
9.13002e-06 1.51043
9.13275e-06 1.53583
9.13547e-06 1.56147
9.1382e-06 1.58753
9.14093e-06 1.61385
9.14366e-06 1.64079
9.14638e-06 1.66819
9.14911e-06 1.69374
9.15184e-06 1.69246
9.15458e-06 1.68447
9.15731e-06 1.67652
9.16004e-06 1.6688
9.16277e-06 1.66211
9.16551e-06 1.65309
9.16824e-06 1.77392
9.17098e-06 1.63734
9.17372e-06 1.62961
9.17645e-06 1.75228
9.17919e-06 1.61427
9.18193e-06 1.60665
9.18467e-06 1.72988
9.18741e-06 1.59152
9.19016e-06 1.5842
9.1929e-06 1.57654
9.19564e-06 1.69834
9.19838e-06 1.5617
9.20113e-06 1.55452
9.20388e-06 1.54718
9.20662e-06 1.53969
9.20937e-06 1.53243
9.21212e-06 1.65198
9.21487e-06 1.518
9.21762e-06 1.51084
9.22037e-06 1.5039
9.22312e-06 1.49662
9.22587e-06 1.48956
9.22863e-06 1.48272
9.23138e-06 1.47554
9.23413e-06 1.57137
9.23689e-06 1.46184
9.23965e-06 1.45476
9.2424e-06 1.44791
9.24516e-06 1.44106
9.24792e-06 1.43426
9.25068e-06 1.43765
9.25344e-06 1.4529
9.25941e-06 1.48633
9.2686e-06 1.57033
9.2778e-06 1.59461
9.287e-06 1.65139
9.29622e-06 1.7104
9.30544e-06 1.77171
9.31467e-06 1.86705
9.32391e-06 1.9006
9.33317e-06 1.96835
9.34243e-06 2.03872
9.3517e-06 2.09359
9.36097e-06 2.10406
9.37026e-06 2.11267
9.37956e-06 2.15574
9.38887e-06 2.12997
9.39818e-06 2.13887
9.40751e-06 2.14743
9.41684e-06 2.15621
9.42619e-06 2.16521
9.43554e-06 2.17406
9.4449e-06 2.18277
9.45427e-06 2.18718
9.46365e-06 2.18986
9.47304e-06 2.18699
9.48244e-06 2.18689
9.49185e-06 2.1866
9.50127e-06 2.22365
9.5107e-06 2.18689
9.52013e-06 2.18631
9.52958e-06 2.18652
9.53903e-06 2.18629
9.5485e-06 2.18662
9.55797e-06 2.19275
9.56746e-06 2.20001
9.57695e-06 2.2073
9.58645e-06 2.21444
9.59596e-06 2.22195
9.60549e-06 2.22913
9.61502e-06 2.2367
9.62456e-06 2.24411
9.63411e-06 2.25154
9.64367e-06 2.25911
9.65323e-06 2.24204
9.66281e-06 2.1897
9.6724e-06 2.13823
9.682e-06 2.08787
9.6916e-06 2.03893
9.70122e-06 1.99097
9.71085e-06 1.94435
9.72048e-06 1.89852
9.73013e-06 1.89246
9.73978e-06 1.80998
9.74944e-06 1.77769
9.75912e-06 1.80246
9.7688e-06 1.83719
9.77849e-06 2.21371
9.7882e-06 1.90851
9.79791e-06 1.94548
9.80763e-06 1.98301
9.81736e-06 2.02119
9.8271e-06 2.06015
9.83685e-06 2.09987
9.84661e-06 2.13897
9.85638e-06 2.14456
9.86616e-06 2.13538
9.87595e-06 2.12588
9.88575e-06 2.11677
9.89556e-06 2.10735
9.90538e-06 2.09833
9.91521e-06 2.10204
9.92504e-06 2.08001
9.93489e-06 2.07118
9.94475e-06 2.06176
9.95462e-06 2.05452
9.96449e-06 2.04839
9.97438e-06 2.04245
9.98428e-06 2.0367
9.99418e-06 2.03079
1.00041e-05 2.02491
1.0014e-05 2.01886
1.0024e-05 2.01308
1.00339e-05 2.00733
1.00439e-05 2.0015
1.00538e-05 2.00024
1.00638e-05 2.00495
1.00738e-05 2.01471
1.00838e-05 2.01408
1.00938e-05 2.01867
1.01038e-05 2.02309
1.01138e-05 2.02794
1.01239e-05 2.03247
1.01746e-05 1.94691
1.02665e-05 1.77458
1.03593e-05 1.92155
1.0453e-05 1.97869
1.05474e-05 1.94158
1.06428e-05 1.86657
1.0739e-05 1.79347
1.0836e-05 1.76094
1.0934e-05 1.77918
1.10328e-05 1.74473
1.11325e-05 1.69193
1.12331e-05 1.57481
1.13347e-05 1.61493
1.14371e-05 1.59289
1.15405e-05 1.53777
1.16448e-05 1.47844
1.175e-05 1.3735
1.18563e-05 1.43459
1.19634e-05 1.38203
1.20715e-05 1.2835
1.21807e-05 15.4766
1.22908e-05 1.23464
1.24018e-05 1.27627
1.25139e-05 1.33359
1.2627e-05 1.2762
1.27412e-05 1.26018
1.28563e-05 1.23338
1.29725e-05 1.1962
1.30898e-05 1.1853
1.32081e-05 1.1652
1.33275e-05 1.14322
1.34479e-05 1.10578
1.35695e-05 1.09805
1.36921e-05 1.07131
1.38159e-05 1.04545
1.39408e-05 0.981959
1.40668e-05 0.977112
1.41939e-05 0.971283
1.43222e-05 0.943606
1.44517e-05 0.930737
1.45823e-05 0.908403
1.47141e-05 0.887235
1.48471e-05 0.869284
1.49813e-05 0.847763
1.51167e-05 0.821989
1.52533e-05 0.800478
1.53912e-05 0.71945
1.55303e-05 0.732903
1.56707e-05 0.741865
1.58123e-05 0.713138
1.59552e-05 0.706959
1.60994e-05 0.68924
1.6245e-05 0.673596
1.63918e-05 0.657745
1.65399e-05 0.642081
1.66894e-05 0.640922
1.68403e-05 0.643747
1.69925e-05 0.600631
1.71461e-05 0.584522
1.73011e-05 0.569271
1.74574e-05 0.561575
1.76152e-05 0.541951
1.77744e-05 0.528227
1.79351e-05 0.516735
1.80972e-05 0.507953
1.82608e-05 0.491619
1.84258e-05 0.47603
1.85924e-05 0.464513
1.87604e-05 0.487994
1.893e-05 0.463504
1.91011e-05 0.569543
1.92737e-05 0.415232
1.94479e-05 0.407504
1.96237e-05 0.396568
1.98011e-05 0.388855
1.99801e-05 0.377236
2.01606e-05 0.369902
2.03429e-05 0.359766
2.05267e-05 0.34552
2.07123e-05 0.344452
2.08995e-05 0.337641
2.10884e-05 0.330153
2.1279e-05 0.323092
2.14713e-05 0.31358
2.16654e-05 0.30605
2.18612e-05 0.298454
2.20588e-05 0.29098
2.22582e-05 0.282949
2.24594e-05 0.275646
2.26624e-05 0.268602
2.28672e-05 0.264044
2.30739e-05 0.25404
2.32824e-05 0.263193
2.34929e-05 0.241204
2.37052e-05 0.234742
2.39195e-05 0.228264
2.41357e-05 0.22269
2.43538e-05 0.216872
2.4574e-05 0.211456
2.47961e-05 0.205195
2.50202e-05 0.198225
2.52463e-05 0.194388
2.54745e-05 0.189758
2.57048e-05 0.187627
2.59371e-05 0.180916
2.61715e-05 0.175685
2.64081e-05 0.171652
2.66468e-05 0.169585
2.68876e-05 0.163005
2.71306e-05 0.158704
2.73759e-05 0.154385
2.76233e-05 0.150506
2.7873e-05 0.178011
2.81249e-05 0.1586
2.83791e-05 0.149558
2.86356e-05 0.136184
2.88944e-05 0.132695
2.91556e-05 0.129418
2.94191e-05 0.125979
2.9685e-05 0.122863
2.99533e-05 0.119857
3.02241e-05 0.116936
3.04973e-05 0.114024
3.07729e-05 0.111223
3.10511e-05 0.11169
3.13317e-05 0.10577
3.16149e-05 0.1032
3.19007e-05 0.100493
3.2189e-05 0.0981588
3.24799e-05 0.0959099
3.27735e-05 0.0935765
3.30697e-05 0.0913882
3.33686e-05 0.0893008
3.36702e-05 0.087108
3.39746e-05 0.0849973
3.42816e-05 0.0828273
3.45915e-05 0.0809975
3.49042e-05 0.0792292
3.50791e-05 0.0782701
3.51141e-05 0.0780751
3.51492e-05 0.0778713
3.51844e-05 0.0776632
3.52195e-05 0.0774658
3.52548e-05 0.0772639
3.529e-05 0.077058
3.53253e-05 0.0768642
3.53606e-05 0.076662
3.5396e-05 0.0764699
3.54313e-05 0.0762739
3.54668e-05 0.0760734
3.55022e-05 0.0758802
3.55377e-05 0.0756943
3.55732e-05 0.0755147
3.56088e-05 0.0753306
3.56444e-05 0.0751423
3.568e-05 0.0749595
3.57157e-05 0.074766
3.57514e-05 0.0745475
3.57872e-05 0.0743435
3.58229e-05 0.0741224
3.58587e-05 0.0739111
3.58946e-05 0.0737027
3.59305e-05 0.0735146
3.59664e-05 0.0733365
3.60024e-05 0.0731492
3.60384e-05 0.0729725
3.60744e-05 0.0727909
3.61104e-05 0.0726069
3.61465e-05 0.0724176
3.61827e-05 0.0722285
3.62189e-05 0.0720355
3.62551e-05 0.0718479
3.62913e-05 0.0716717
3.63276e-05 0.0714902
3.63639e-05 0.0713133
3.64003e-05 0.0713263
3.64367e-05 0.0721517
3.64696e-05 0.0730037
3.65061e-05 0.0616512
3.6546e-05 0.0614802
3.65826e-05 0.0612724
3.66192e-05 0.0610653
3.66558e-05 0.0608544
3.66924e-05 0.060654
3.67291e-05 0.0605125
3.67658e-05 0.060397
3.68026e-05 0.0602665
3.68394e-05 0.0600772
3.68762e-05 0.0599526
3.69131e-05 0.0599693
3.695e-05 0.0601654
3.69869e-05 0.0603626
3.70239e-05 0.0605605
3.70609e-05 0.0607549
3.70979e-05 0.0609099
3.7135e-05 0.0608272
3.71722e-05 0.0606942
3.72093e-05 0.0645132
3.72465e-05 0.101806
3.72838e-05 0.568568
3.7321e-05 0.0604724
3.73583e-05 0.111833
3.73957e-05 0.0611287
3.74331e-05 0.0614677
3.74705e-05 0.0618045
3.7508e-05 0.125133
3.75455e-05 0.0618768
3.7583e-05 0.0617408
3.76206e-05 0.0616006
3.76582e-05 0.0614699
3.76958e-05 0.0613582
3.77335e-05 0.140506
3.77712e-05 0.0615805
3.7809e-05 0.0617131
3.78468e-05 0.0618507
3.78846e-05 0.0619802
3.79225e-05 0.0621436
3.79604e-05 0.0623126
3.79984e-05 0.16273
3.80364e-05 0.0626663
3.80744e-05 0.0628373
3.81124e-05 0.0626137
3.81505e-05 0.0618114
3.81887e-05 0.0610188
3.82269e-05 0.0602286
3.82651e-05 0.0594582
3.83033e-05 0.0589696
3.83416e-05 0.059524
3.838e-05 0.165007
3.84183e-05 0.0608103
3.84567e-05 0.0614653
3.84952e-05 0.0620558
3.85337e-05 0.0621032
3.85722e-05 0.0620368
3.86108e-05 0.0619703
3.86494e-05 0.061904
3.8688e-05 0.189361
3.87267e-05 0.060902
3.87654e-05 0.0597038
3.88041e-05 0.0585224
3.88429e-05 0.0573756
3.88818e-05 0.138813
3.89206e-05 0.198515
3.89596e-05 0.0571166
3.89985e-05 0.0579651
3.90375e-05 0.058837
3.90765e-05 0.0597192
3.91156e-05 0.0600859
3.91547e-05 0.0598209
3.91938e-05 0.0595528
3.9233e-05 0.0592859
3.92722e-05 0.0615013
3.93115e-05 0.0588228
3.93508e-05 0.0601837
3.93901e-05 0.0586427
3.94295e-05 0.0585611
3.94689e-05 0.0584716
3.95084e-05 0.0580062
3.95479e-05 0.0566894
3.95874e-05 0.0553641
3.9627e-05 0.0540707
3.96666e-05 0.0903089
3.97063e-05 0.0528593
3.9746e-05 0.259443
3.97857e-05 0.053818
3.98255e-05 0.0547248
3.98653e-05 0.0556579
3.99052e-05 0.0563524
3.99451e-05 0.0562818
3.9985e-05 0.0561769
4.0025e-05 0.0560633
4.0065e-05 0.0559587
4.0105e-05 0.0590354
4.01451e-05 0.0555725
4.01853e-05 0.0553315
4.02254e-05 0.0550832
4.02656e-05 0.0548448
4.03059e-05 0.0546456
4.03462e-05 0.0545907
4.03865e-05 0.0545348
4.04269e-05 0.0544786
4.04673e-05 0.0544267
4.05078e-05 0.054328
4.05483e-05 0.0541303
4.05888e-05 0.0539281
4.06294e-05 0.0537266
4.067e-05 0.0535302
4.07107e-05 0.0575809
4.07514e-05 0.0529329
4.07921e-05 0.053851
4.08329e-05 0.0520361
4.08737e-05 0.0516418
4.09146e-05 0.0510876
4.09555e-05 0.0503586
4.09964e-05 0.0495763
4.10374e-05 0.369882
4.10784e-05 0.0481214
4.11195e-05 0.0481697
4.11606e-05 0.0487566
4.12018e-05 0.0494028
4.1243e-05 0.0500546
4.12842e-05 0.0507017
4.13255e-05 0.0508578
4.13668e-05 0.0507453
4.14081e-05 0.0506469
4.14495e-05 0.0551988
4.1491e-05 0.0504229
4.15324e-05 0.050278
4.1574e-05 0.0500908
4.16155e-05 0.0499184
4.16571e-05 0.0497467
4.16988e-05 0.0495771
4.17405e-05 0.0494439
4.17822e-05 0.0493064
4.1824e-05 0.0491777
4.18658e-05 0.0490551
4.19076e-05 0.0489081
4.19495e-05 0.0487549
4.19915e-05 0.0486055
4.20335e-05 0.0484607
4.20755e-05 0.0483124
4.21175e-05 0.0481609
4.21596e-05 0.0480187
4.22018e-05 0.0478685
4.2244e-05 0.0477271
4.22862e-05 0.0475862
4.23285e-05 0.0474339
4.23708e-05 0.0472864
4.24132e-05 0.0471365
4.24556e-05 0.0469885
4.2498e-05 0.0468401
4.25405e-05 0.0466871
4.2583e-05 0.0465298
4.26256e-05 0.046381
4.26682e-05 0.0462864
4.27109e-05 0.0460809
4.27536e-05 0.045957
4.27963e-05 0.0458477
4.28391e-05 0.0457033
4.28819e-05 0.0455764
4.29248e-05 0.0454302
4.29677e-05 0.0452295
4.30107e-05 0.0450487
4.30537e-05 0.0448721
4.30967e-05 0.0446575
4.31398e-05 0.0442551
4.31829e-05 0.0438238
4.32261e-05 0.0433931
4.32693e-05 0.0429631
4.33126e-05 0.0425154
4.33559e-05 0.0420081
4.33992e-05 0.041609
4.34426e-05 0.585432
4.3486e-05 0.0405703
4.35295e-05 0.0407868
4.3573e-05 0.0413064
4.36166e-05 0.0738708
4.36602e-05 0.0423564
4.37038e-05 0.042756
4.37475e-05 0.0426372
4.37913e-05 0.0424812
4.3835e-05 0.0423242
4.38789e-05 0.0496305
4.39227e-05 0.0420512
4.39667e-05 0.0419674
4.40106e-05 0.0418839
4.40546e-05 0.0418006
4.40986e-05 0.0417166
4.41427e-05 0.0416005
4.41869e-05 0.0414847
4.4231e-05 0.0413693
4.42753e-05 0.0412547
4.43195e-05 0.0411416
4.43638e-05 0.0410204
4.44082e-05 0.0409056
4.44526e-05 0.0407843
4.4497e-05 0.0406543
4.45415e-05 0.0404535
4.4586e-05 0.0402324
4.46306e-05 0.0400201
4.46752e-05 0.0398054
4.47199e-05 0.0707186
4.47646e-05 0.0396289
4.48093e-05 0.0395853
4.48541e-05 0.0395418
4.4899e-05 0.0394929
4.49439e-05 0.0393883
4.49888e-05 0.0392858
4.50338e-05 0.0391796
4.50788e-05 0.0390699
4.51239e-05 0.0389529
4.5169e-05 0.0388326
4.52141e-05 0.038709
4.52593e-05 0.0385819
4.53046e-05 0.0384556
4.53499e-05 0.0383158
4.53952e-05 0.038176
4.54406e-05 0.0380367
4.5486e-05 0.0379033
4.55315e-05 0.0378014
4.5577e-05 0.0377095
4.56226e-05 0.0376218
4.56682e-05 0.037538
4.57139e-05 0.0374481
4.57596e-05 0.0373134
4.58053e-05 0.0371904
4.58511e-05 0.0370679
4.58969e-05 0.0369449
4.59428e-05 0.0368502
4.59888e-05 0.0367467
4.60347e-05 0.036644
4.60807e-05 0.0365542
4.61268e-05 0.0364307
4.61729e-05 0.0363165
4.62191e-05 0.0361735
4.62653e-05 0.0360456
4.63116e-05 0.0359173
4.63579e-05 0.0359089
4.64042e-05 0.0357507
4.64506e-05 0.0355636
4.6497e-05 0.0355922
4.65435e-05 0.0353484
4.659e-05 0.04124
4.66366e-05 0.0351527
4.66832e-05 0.0350545
4.67299e-05 0.0349363
4.67766e-05 0.0348122
4.68234e-05 0.0346845
4.68702e-05 0.0345948
4.69171e-05 0.0344253
4.6964e-05 0.0342947
4.70109e-05 0.0341683
4.70579e-05 0.034035
4.7105e-05 0.0351001
4.71521e-05 0.0338537
4.71992e-05 0.0337947
4.72464e-05 0.033728
4.72936e-05 0.0336646
4.73409e-05 0.0335616
4.73882e-05 0.03436
4.74356e-05 0.0333531
4.7483e-05 0.033244
4.75305e-05 0.0331422
4.7578e-05 0.0330424
4.76256e-05 0.0329428
4.76732e-05 0.0328472
4.77209e-05 0.0327463
4.77686e-05 0.0326401
4.78163e-05 0.0325415
4.78641e-05 0.0324397
4.7912e-05 0.0323315
4.79599e-05 0.0322253
4.80078e-05 0.0321122
4.80558e-05 0.0320066
4.81039e-05 0.0318923
4.81519e-05 0.0317793
4.82001e-05 0.0316588
4.82483e-05 0.0315461
4.82965e-05 0.0314059
4.83448e-05 0.0311133
4.83931e-05 0.0308029
4.84415e-05 0.0304923
4.84899e-05 0.0301745
4.85384e-05 0.0297196
4.85869e-05 0.029239
4.86355e-05 1.05335
4.86841e-05 0.028336
4.87328e-05 0.0285235
4.87815e-05 0.0290017
4.88303e-05 0.0294893
4.88791e-05 0.0299809
4.8928e-05 0.0301305
4.89769e-05 0.0300647
4.90259e-05 0.029992
4.90749e-05 0.029923
4.91239e-05 0.0298257
4.9173e-05 0.0429642
4.92222e-05 0.0295404
4.92714e-05 0.0294036
4.93207e-05 0.0293135
4.937e-05 0.0292642
4.94193e-05 0.0292184
4.94687e-05 0.0291727
4.95182e-05 0.0291059
4.95677e-05 0.431071
4.96173e-05 0.0289206
4.96669e-05 0.0288254
4.97165e-05 0.0287321
4.97662e-05 0.0286381
4.9816e-05 0.0285445
4.98658e-05 0.0284511
4.99156e-05 0.0283455
4.99655e-05 0.02822
5.00155e-05 0.0280983
5.00655e-05 1.17718
5.01155e-05 0.0278786
5.01656e-05 0.045146
5.02158e-05 0.0277848
5.0266e-05 0.0277351
5.03162e-05 0.0276706
5.03665e-05 0.0275654
5.04169e-05 0.0274635
5.04673e-05 0.027362
5.05178e-05 0.0272787
5.05683e-05 0.027209
5.06188e-05 0.0271464
5.06694e-05 0.0270772
5.07201e-05 0.0270057
5.07708e-05 0.0269164
5.08215e-05 0.0268343
5.08723e-05 0.0267457
5.09232e-05 0.02666
5.09741e-05 0.0265773
5.10251e-05 0.026488
5.10761e-05 0.0264059
5.11271e-05 0.0263211
5.11783e-05 0.0262302
5.12294e-05 0.0261477
5.12806e-05 0.0260586
5.13319e-05 0.0259775
5.13832e-05 0.0258899
5.14346e-05 0.0258061
5.1486e-05 0.0257257
5.15375e-05 0.0256377
5.1589e-05 0.0255448
5.16406e-05 0.0254558
5.16922e-05 0.025368
5.17439e-05 0.0252887
5.17956e-05 0.0252149
5.18474e-05 0.0251347
5.18992e-05 0.0254281
5.19511e-05 0.0249857
5.20031e-05 0.0253568
5.2055e-05 0.0248415
5.21071e-05 0.024767
5.21592e-05 0.0246879
5.22113e-05 0.0246019
5.22635e-05 0.0245229
5.23158e-05 0.0244452
5.23681e-05 0.0243713
5.24204e-05 0.0243013
5.24728e-05 0.0242347
5.25253e-05 0.0241487
5.25778e-05 0.0240585
5.26304e-05 0.0239622
5.2683e-05 0.0268893
5.27357e-05 0.0237985
5.27884e-05 0.0237387
5.28412e-05 0.0236758
5.2894e-05 0.0236113
5.29469e-05 0.0235316
5.29998e-05 0.0234564
5.30528e-05 0.0233782
5.31058e-05 0.0233021
5.31589e-05 0.0232299
5.32121e-05 0.0231615
5.32653e-05 0.0231241
5.33185e-05 0.023026
5.33718e-05 0.0229595
5.34252e-05 0.0228933
5.34786e-05 0.0228271
5.3532e-05 0.0227574
5.35856e-05 0.0226858
5.36391e-05 0.0226178
5.36928e-05 0.0225433
5.37464e-05 0.0224715
5.38002e-05 0.022403
5.3854e-05 0.0223283
5.39078e-05 0.0222588
5.39617e-05 0.0221787
5.40156e-05 0.0221018
5.40696e-05 0.0220284
5.41237e-05 0.021959
5.41778e-05 0.0218939
5.4232e-05 0.0218322
5.42862e-05 0.0217704
5.43405e-05 0.0217076
5.43948e-05 0.0216403
5.44492e-05 0.0215732
5.45036e-05 0.0215035
5.45581e-05 0.0214386
5.46126e-05 0.0213772
5.46672e-05 0.0213096
5.47219e-05 0.0212449
5.47766e-05 0.021183
5.48313e-05 0.0211149
5.48862e-05 0.02105
5.4941e-05 0.0209834
5.4996e-05 0.0209151
5.50509e-05 0.0208509
5.5106e-05 0.0207838
5.51611e-05 0.0214006
5.52162e-05 0.0206529
5.52714e-05 0.0205877
5.53267e-05 0.0205207
5.5382e-05 0.0209636
5.54374e-05 0.0203951
5.54928e-05 0.0203325
5.55483e-05 0.0202725
5.56038e-05 0.0202064
5.56594e-05 0.0201436
5.5715e-05 0.0200838
5.57707e-05 0.020082
5.58265e-05 0.0199545
5.58823e-05 0.0198917
5.59382e-05 0.0198303
5.59941e-05 0.0197726
5.60501e-05 0.019709
5.61061e-05 0.0196515
5.61622e-05 0.0195876
5.62183e-05 0.0195298
5.62745e-05 0.0194662
5.63308e-05 0.0194083
5.63871e-05 0.0193442
5.64435e-05 0.0192864
5.64999e-05 0.0192225
5.65564e-05 0.0191611
5.66129e-05 0.019103
5.66695e-05 0.0190389
5.67262e-05 0.0189836
5.67829e-05 0.0189294
5.68397e-05 0.0188688
5.68965e-05 0.0188143
5.69534e-05 0.018746
5.70103e-05 0.0186762
5.70673e-05 0.0186036
5.71244e-05 0.0185407
5.71815e-05 0.0184844
5.72386e-05 0.0184283
5.72959e-05 0.0183722
5.73531e-05 0.0183159
5.74105e-05 0.0182596
5.74679e-05 0.0182035
5.75253e-05 0.0188162
5.75828e-05 0.0180945
5.76404e-05 0.0180408
5.7698e-05 0.0179905
5.77557e-05 0.017936
5.78135e-05 0.017885
5.78713e-05 0.0178371
5.79291e-05 0.017789
5.7987e-05 0.0177401
5.8045e-05 0.0176973
5.8103e-05 0.017647
5.81611e-05 0.0175934
5.82192e-05 0.0175393
5.82775e-05 0.019698
5.83357e-05 0.017431
5.8394e-05 0.0173765
5.84524e-05 0.0173222
5.85109e-05 0.0172573
5.85693e-05 0.0171675
5.86279e-05 0.01708
5.86865e-05 0.0169903
5.87452e-05 0.082408
5.88039e-05 0.0169383
5.88627e-05 0.0169201
5.89215e-05 0.0168897
5.89805e-05 0.0168499
5.90394e-05 0.0168001
5.90984e-05 0.0167532
5.91575e-05 0.0166986
5.92167e-05 0.0166465
5.92759e-05 0.0165945
5.93351e-05 0.0165442
5.93945e-05 0.0164948
5.94538e-05 0.0164486
5.95133e-05 0.0163964
5.95728e-05 0.0163467
5.96323e-05 0.0162971
5.96919e-05 0.0162477
5.97516e-05 0.016198
5.98113e-05 0.0161484
5.98711e-05 0.0161018
5.9931e-05 0.0160491
5.99909e-05 0.0159991
6.00509e-05 0.0159522
6.01109e-05 0.0159004
6.0171e-05 0.0158561
6.02312e-05 0.0158064
6.02914e-05 0.0157594
6.03517e-05 0.0157096
6.0412e-05 0.0156623
6.04724e-05 0.0156123
6.05329e-05 0.0155628
6.05934e-05 0.0155213
6.06539e-05 0.015477
6.07146e-05 0.0154318
6.07753e-05 0.0153815
6.0836e-05 0.0153343
6.08969e-05 0.015287
6.09577e-05 0.0152394
6.10187e-05 0.0151919
6.10797e-05 0.0151446
6.11408e-05 0.0150969
6.12019e-05 0.015052
6.12631e-05 0.0150016
6.13243e-05 0.0149539
6.13856e-05 0.0149089
6.1447e-05 0.0148583
6.15084e-05 0.0148149
6.15699e-05 0.0147698
6.16315e-05 0.0147306
6.16931e-05 0.0146887
6.17548e-05 0.0146438
6.18165e-05 0.0146018
6.18783e-05 0.0145597
6.19401e-05 0.0145155
6.20021e-05 0.0144703
6.20641e-05 0.0144279
6.21261e-05 0.0143799
6.21882e-05 0.0143374
6.22504e-05 0.0142894
6.23126e-05 0.0142442
6.23749e-05 0.0141986
6.24373e-05 0.0141533
6.24997e-05 0.0141094
6.25622e-05 0.0140747
6.26247e-05 0.0140355
6.26873e-05 0.0139988
6.275e-05 0.0139573
6.28127e-05 0.0139145
6.28755e-05 0.0138719
6.29384e-05 0.0138292
6.30013e-05 0.0170501
6.30643e-05 0.0137467
6.31273e-05 0.0176411
6.31905e-05 0.0136635
6.32536e-05 0.0136256
6.33169e-05 0.0135809
6.33802e-05 0.0135377
6.34435e-05 0.0134891
6.3507e-05 0.0134446
6.35704e-05 0.013407
6.3634e-05 0.0143947
6.36976e-05 0.0133248
6.37613e-05 0.0132873
6.3825e-05 0.0132531
6.38889e-05 0.0132132
6.39527e-05 0.0131736
6.40167e-05 0.0131334
6.40807e-05 0.0130933
6.41447e-05 0.0130579
6.42089e-05 0.0130179
6.4273e-05 0.0129806
6.43373e-05 0.0129394
6.44016e-05 0.0128959
6.4466e-05 0.0128526
6.45305e-05 0.0128141
6.4595e-05 0.0127797
6.46595e-05 0.0127454
6.47242e-05 0.0127083
6.47889e-05 0.0126676
6.48537e-05 0.0126271
6.49185e-05 0.0125892
6.49834e-05 0.0125484
6.50484e-05 0.0125051
6.51134e-05 0.0124635
6.51785e-05 0.0124196
6.52437e-05 0.0123783
6.53089e-05 0.0123174
6.53742e-05 0.0122039
6.54395e-05 0.0120915
6.5505e-05 0.0184051
6.55704e-05 0.0116809
6.5636e-05 0.0114163
6.57016e-05 2.20175
6.57673e-05 0.0114872
6.5833e-05 0.0306758
6.58989e-05 0.0119338
6.59647e-05 0.0119475
6.60307e-05 0.0119318
6.60967e-05 0.011914
6.61628e-05 0.011887
6.62289e-05 0.0118529
6.62951e-05 0.0118212
6.63614e-05 0.0117877
6.64278e-05 0.0117539
6.64942e-05 0.0117192
6.65606e-05 0.0116769
6.66272e-05 0.0116334
6.66938e-05 0.0408282
6.67605e-05 0.0274514
6.68272e-05 0.0115195
6.6894e-05 0.0114857
6.69609e-05 0.0114621
6.70278e-05 0.0114348
6.70949e-05 0.0114115
6.71619e-05 0.0295925
6.72291e-05 0.011342
6.72963e-05 0.0251016
6.73636e-05 0.0112745
6.74309e-05 0.0112438
6.74983e-05 0.0112077
6.75658e-05 0.0111747
6.76334e-05 0.0111418
6.7701e-05 0.0111089
6.77687e-05 0.0110755
6.78364e-05 0.0110422
6.79042e-05 0.0110116
6.79721e-05 0.0109765
6.80401e-05 0.0117445
6.81081e-05 0.0109116
6.81762e-05 0.0108791
6.82443e-05 0.0108466
6.83126e-05 0.010814
6.83808e-05 0.0107814
6.84492e-05 0.0107513
6.85176e-05 0.0107194
6.85861e-05 0.0106884
6.86547e-05 0.010655
6.87233e-05 0.0106233
6.87921e-05 0.0105905
6.88608e-05 0.0105578
6.89297e-05 0.0105264
6.89986e-05 0.0104991
6.90676e-05 0.0104668
6.91366e-05 0.0104361
6.92057e-05 0.0104048
6.92749e-05 0.0103735
6.93442e-05 0.0103425
6.94135e-05 0.0103116
6.94829e-05 0.0102807
6.95524e-05 0.0102504
6.96219e-05 0.0102204
6.96915e-05 0.0101904
6.97612e-05 0.0101603
6.98309e-05 0.0101328
6.99007e-05 0.0101003
6.99706e-05 0.0100701
7.00406e-05 0.0100399
7.01106e-05 0.01001
7.01807e-05 0.00998059
7.02508e-05 0.00995137
7.03211e-05 0.00992435
7.03914e-05 0.00989438
7.04617e-05 0.00986202
7.05322e-05 0.00982856
7.06027e-05 0.00978463
7.06733e-05 0.0230908
7.07439e-05 0.00971952
7.08147e-05 0.00970393
7.08855e-05 0.00968746
7.09563e-05 0.00966043
7.10273e-05 0.00963309
7.10983e-05 0.00960371
7.11693e-05 0.00957322
7.12405e-05 0.00954539
7.13117e-05 0.00951756
7.1383e-05 0.022243
7.14544e-05 0.00946175
7.15258e-05 0.00943615
7.15973e-05 0.00940541
7.16689e-05 0.00937723
7.17405e-05 0.00937901
7.18123e-05 0.0093228
7.18841e-05 0.00929828
7.19559e-05 0.00926875
7.20279e-05 0.00924166
7.20999e-05 0.0092141
7.2172e-05 0.00918696
7.22441e-05 0.00915485
7.23163e-05 0.00912968
7.23886e-05 0.00912482
7.2461e-05 0.00908036
7.25334e-05 0.00905283
7.2606e-05 0.00904955
7.26785e-05 0.0107767
7.27512e-05 0.00896956
7.28239e-05 0.00893646
7.28967e-05 0.00991786
7.29696e-05 0.00888324
7.30426e-05 0.00886527
7.31156e-05 0.00884108
7.31887e-05 0.00881826
7.32619e-05 0.0181424
7.33351e-05 0.00876956
7.34084e-05 0.00873949
7.34818e-05 0.00871391
7.35553e-05 0.00869076
7.36288e-05 0.00866295
7.37024e-05 0.00863759
7.37761e-05 0.00861207
7.38498e-05 0.0085867
7.39237e-05 0.00856113
7.39976e-05 0.00853532
7.40716e-05 0.0085096
7.41456e-05 0.00848468
7.42197e-05 0.00846255
7.42939e-05 0.00843579
7.43682e-05 0.0084115
7.44426e-05 0.00838729
7.4517e-05 0.00836298
7.45915e-05 0.00833849
7.4666e-05 0.00831399
7.47407e-05 0.00829216
7.48154e-05 0.00826589
7.48902e-05 0.00824197
7.49651e-05 0.00821772
7.504e-05 0.00819347
7.5115e-05 0.00816949
7.51901e-05 0.00814609
7.52653e-05 0.00812283
7.53406e-05 0.00831386
7.54159e-05 0.00807568
7.54913e-05 0.00805217
7.55667e-05 0.00802893
7.56423e-05 0.00800586
7.57179e-05 0.0079847
7.57936e-05 0.00795833
7.58694e-05 0.00793432
7.59452e-05 0.00791396
7.60211e-05 0.00788954
7.60972e-05 0.0078676
7.61732e-05 0.00784703
7.62494e-05 0.00782199
7.63256e-05 0.00779908
7.64019e-05 0.00777589
7.64783e-05 0.00775283
7.65548e-05 0.00773265
7.66313e-05 0.00771048
7.67079e-05 0.00768839
7.67846e-05 0.00766854
7.68614e-05 0.00764472
7.69382e-05 0.00761982
7.70151e-05 0.00759653
7.70921e-05 0.00757359
7.71692e-05 0.00755248
7.72463e-05 0.00753173
7.73236e-05 0.00751825
7.74009e-05 0.00748856
7.74782e-05 0.0103019
7.75557e-05 0.00744167
7.76332e-05 0.00741084
7.77108e-05 0.00739088
7.77885e-05 0.00737135
7.78663e-05 0.00735741
7.79442e-05 0.00733874
7.80221e-05 0.00731708
7.81001e-05 0.00729555
7.81781e-05 0.00727446
7.82563e-05 0.00725353
7.83345e-05 0.00723255
7.84129e-05 0.00721151
7.84913e-05 0.00719042
7.85697e-05 0.00716836
7.86483e-05 0.0071461
7.87269e-05 0.00712455
7.88056e-05 0.00710391
7.88844e-05 0.00708343
7.89632e-05 0.00706418
7.90422e-05 0.00704526
7.91212e-05 0.00702799
7.92003e-05 0.00700756
7.92795e-05 0.00698502
7.93588e-05 0.00696491
7.94381e-05 0.00694494
7.95175e-05 0.00693578
7.9597e-05 0.00690573
7.96766e-05 0.00688636
7.97562e-05 0.00700818
7.9836e-05 0.00684626
7.99158e-05 0.00682643
7.99957e-05 0.00680737
8.00756e-05 0.00678835
8.01557e-05 0.00676926
8.02358e-05 0.00675021
8.03161e-05 0.00673325
8.03964e-05 0.00671198
8.04767e-05 0.00709094
8.05572e-05 0.0066741
8.06377e-05 0.00665538
8.07183e-05 0.0066363
8.0799e-05 0.00661644
8.08798e-05 0.00659661
8.09607e-05 0.00657779
8.10416e-05 0.00655935
8.11226e-05 0.0065412
8.12037e-05 0.00652355
8.12849e-05 0.00650575
8.13662e-05 0.00648649
8.14475e-05 0.00646685
8.15289e-05 0.00644816
8.16104e-05 0.00643079
8.1692e-05 0.00641318
8.17737e-05 0.00639378
8.18555e-05 0.00637412
8.19373e-05 0.00636264
8.20192e-05 0.00635422
8.21012e-05 0.00632904
8.21833e-05 0.00558792
8.22654e-05 0.00557166
8.23477e-05 0.00555441
8.243e-05 0.0055364
8.25124e-05 0.00551674
8.25949e-05 0.00549225
8.26775e-05 0.00546772
8.27601e-05 0.00544482
8.28429e-05 0.0054225
8.29257e-05 0.00539973
8.30086e-05 0.00537625
8.30916e-05 0.00535338
8.31747e-05 0.00533626
8.32578e-05 0.0053178
8.3341e-05 0.00530768
8.34244e-05 0.00530225
8.35078e-05 0.00529264
8.35913e-05 0.00526471
8.37586e-05 0.00523515
8.40102e-05 0.00522791
8.42626e-05 0.00524256
8.45157e-05 0.00518657
8.47696e-05 0.00515916
8.50242e-05 0.00511998
8.52797e-05 0.00512339
8.55358e-05 0.00499643
8.57928e-05 0.00510102
8.60505e-05 0.00687967
8.6309e-05 0.00523742
8.65683e-05 0.00486465
8.68283e-05 0.00723814
8.70892e-05 0.00494276
8.73508e-05 0.00477246
8.76132e-05 0.00760637
8.78764e-05 0.00480795
8.81404e-05 0.00478876
8.84052e-05 0.00467131
8.86708e-05 0.00810431
8.89372e-05 0.00468025
8.92043e-05 0.00460716
8.94723e-05 0.00457159
8.97411e-05 0.00451964
9.00107e-05 0.00431727
9.02811e-05 0.00889051
9.05523e-05 0.00438484
9.08243e-05 0.0114436
9.10972e-05 0.00432382
9.13708e-05 0.0042972
9.16453e-05 0.00424736
9.19206e-05 0.00418931
9.21967e-05 0.00401831
9.24737e-05 0.00872734
9.27515e-05 0.00408374
9.30302e-05 0.00405725
9.33096e-05 0.00402208
9.35899e-05 0.00398577
9.38711e-05 0.00394917
9.41531e-05 0.00390967
9.44359e-05 0.00387796
9.47196e-05 0.00383879
9.50042e-05 0.00380631
9.52896e-05 0.020443
9.55758e-05 0.00985919
9.58629e-05 0.0038042
9.61509e-05 0.00366414
9.64398e-05 0.00363487
9.67295e-05 0.00360223
9.70201e-05 0.00357115
9.73115e-05 0.00353997
9.76039e-05 0.0035083
9.78971e-05 0.00347702
9.81912e-05 0.00344558
9.84861e-05 0.00343251
9.8782e-05 0.00338221
9.90787e-05 0.00335362
9.93764e-05 0.00332169
9.96749e-05 0.00329174
9.99744e-05 0.0032473
0.000100275 0.00318037
0.000100576 0.0119919
0.000100878 0.00324217
0.000101181 0.0031313
0.000101485 0.00311646
0.00010179 0.00309157
0.000102096 0.00306402
0.000102402 0.00303688
0.00010271 0.00301012
0.000103019 0.00298191
0.000103328 0.00345933
0.000103638 0.00292936
0.00010395 0.00290694
0.000104262 0.00287725
0.000104575 0.00285125
0.000104889 0.00282573
0.000105205 0.00280067
0.000105521 0.00277565
0.000105838 0.00275112
0.000106156 0.00272697
0.000106474 0.00270058
0.000106794 0.0026747
0.000107115 0.00265296
0.000107437 0.0026311
0.00010776 0.00260827
0.000108083 0.00258143
0.000108408 0.00255758
0.000108734 0.0356304
0.00010906 0.00246043
0.000109388 0.0153192
0.000109717 0.00262523
0.000110046 0.00244266
0.000110377 0.00242853
0.000110708 0.00240925
0.000111041 0.00238846
0.000111375 0.00236757
0.000111709 0.00234704
0.000112045 0.00232625
0.000112381 0.0023055
0.000112719 0.00228432
0.000113058 0.00226389
0.000113397 0.00224486
0.000113738 0.00222636
0.000114079 0.00220717
0.000114422 0.00218781
0.000114766 0.00216902
0.000115111 0.00215064
0.000115456 0.00213206
0.000115803 0.00211304
0.000116151 0.00209407
0.0001165 0.00207521
0.00011685 0.00205758
0.000117201 0.00204071
0.000117553 0.00202215
0.000117906 0.00200417
0.000118261 0.00198749
0.000118616 0.00197016
0.000118972 0.00195387
0.00011933 0.00193725
0.000119688 0.00191858
0.000120048 0.00190324
0.000120408 0.00188795
0.00012077 0.0018719
0.000121133 0.00190172
0.000121497 0.00184014
0.000121862 0.00182469
0.000122228 0.00180921
0.000122595 0.00179356
0.000122963 0.00177817
0.000123333 0.00176267
0.000123703 0.00174776
0.000124075 0.00173298
0.000124447 0.00171846
0.000124821 0.00170407
0.000125196 0.00168918
0.000125572 0.00278333
0.00012595 0.00166044
0.000126328 0.00164617
0.000126707 0.00163267
0.000127088 0.00161886
0.00012747 0.00160228
0.000127853 0.00158554
0.000128237 0.0210265
0.000128622 0.00180082
0.000129009 0.00154951
0.000129396 0.00156226
0.000129785 0.00152495
0.000130175 0.00151287
0.000130566 0.00150053
0.000130958 0.00148773
0.000131351 0.00147512
0.000131746 0.00146269
0.000132142 0.00172768
0.000132539 0.0014386
0.000132937 0.00144007
0.000133336 0.00141447
0.000133737 0.00140273
0.000134138 0.00139119
0.000134541 0.00137978
0.000134946 0.00136839
0.000135351 0.00135681
0.000135758 0.00134542
0.000136165 0.00133424
0.000136575 0.00132334
0.000136985 0.00131226
0.000137396 0.00130121
0.000137809 0.00129068
0.000138223 0.00128004
0.000138638 0.00126951
0.000139055 0.00125902
0.000139472 0.0012487
0.000139891 0.0012385
0.000140312 0.00122846
0.000140733 0.00121825
0.000141156 0.00120821
0.00014158 0.00119834
0.000142005 0.00118851
0.000142432 0.00117875
0.00014286 0.00116928
0.000143289 0.00115976
0.000143719 0.00115018
0.000144151 0.00114005
0.000144584 0.00113116
0.000145019 0.00112189
0.000145454 0.00111278
0.000145891 0.00110267
0.000146329 0.000996347
0.000146769 0.000988013
0.00014721 0.00097917
0.000147652 0.000969995
0.000148096 0.000960904
0.000148541 0.000951298
0.000148987 0.000942534
0.000149434 0.000934882
0.000149883 0.000926769
0.000150334 0.00091729
0.000150785 0.000911171
0.000151238 0.000904353
0.000151693 0.00089854
0.000152148 0.000895314
0.000152605 0.000883479
0.000153064 0.000875417
0.000153524 0.000899989
0.000153985 0.000863912
0.000154447 0.000856613
0.000154911 0.000855546
0.000155377 0.000845422
0.000155843 0.000833479
0.000156312 0.000836296
0.000156781 0.000824486
0.000157252 0.00081305
0.000157725 0.000815736
0.000158198 0.000809157
0.000158674 0.00129038
0.00015915 0.000791684
0.000159628 0.0007909
0.000160108 0.000796433
0.000160589 0.000775688
0.000161071 0.00137321
0.000161555 0.000757179
0.000162041 0.00075519
0.000162527 0.00075261
0.000163016 0.000745663
0.000163505 0.000737907
0.000163996 0.00146544
0.000164489 0.00153649
0.000164983 0.00071763
0.000165479 0.000715761
0.000165976 0.000710476
0.000166475 0.00070901
0.000166975 0.000697534
0.000167476 0.000708578
0.000167979 0.00159049
0.000168484 0.000673605
0.00016899 0.000671483
0.000169498 0.000669789
0.000170007 0.000664696
0.000170518 0.000659149
0.00017103 0.000656939
0.000171544 0.000648733
0.000172059 0.00064329
0.000172576 0.000636799
0.000173094 0.000626733
0.000173614 0.00174789
0.000174136 0.000618492
0.000174659 0.000616737
0.000175184 0.000612169
0.00017571 0.00060748
0.000176238 0.000602574
0.000176767 0.000597793
0.000177298 0.000592845
0.000177831 0.000588038
0.000178365 0.00058328
0.000178901 0.000578573
0.000179438 0.000573903
0.000179978 0.000585645
0.000180518 0.000563812
0.00018106 0.000704152
0.000181604 0.00168613
0.00018215 0.000547618
0.000182697 0.000545658
0.000183246 0.000541975
0.000183796 0.000537935
0.000184349 0.000533649
0.000184902 0.00052939
0.000185458 0.000525127
0.000186015 0.00052065
0.000186574 0.000515676
0.000187134 0.000507431
0.000187696 0.0272714
0.00018826 0.000824952
0.000188826 0.000500352
0.000189393 0.000496519
0.000189962 0.000492587
0.000190533 0.00048869
0.000191105 0.000484989
0.000191679 0.000481275
0.000192255 0.000477482
0.000192833 0.000473616
0.000193412 0.000469486
0.000193993 0.000462803
0.000194576 0.00191847
0.00019516 0.000478086
0.000195746 0.00045525
0.000196335 0.000451796
0.000196924 0.000448313
0.000197516 0.000444804
0.000198109 0.000441455
0.000198704 0.000437967
0.000199301 0.000434597
0.0001999 0.000431221
0.000200501 0.000427868
0.000201103 0.000424593
0.000201707 0.000421314
0.000202313 0.000418
0.000202921 0.000414796
0.00020353 0.000411654
0.000204142 0.000408502
0.000204755 0.000405355
0.00020537 0.000402216
0.000205987 0.00117033
0.000206606 0.00039612
0.000207226 0.000393166
0.000207849 0.000390078
0.000208473 0.000387108
0.0002091 0.000384183
0.000209728 0.000381287
0.000210358 0.000378416
0.00021099 0.000375467
0.000211624 0.000372532
0.000212259 0.000369727
0.000212897 0.000366961
0.000213537 0.000364218
0.000214178 0.000361473
0.000214821 0.000358731
0.000215467 0.000355683
0.000216114 0.000350695
0.000216763 0.00228811
0.000217414 0.000372582
0.000218068 0.000345322
0.000218723 0.000342911
0.00021938 0.000340413
0.000220039 0.000337864
0.0002207 0.000335319
0.000221363 0.000332819
0.000222028 0.000330326
0.000222695 0.000327843
0.000223364 0.00032542
0.000224035 0.000323031
0.000224708 0.000320661
0.000225383 0.000318291
0.00022606 0.00031592
0.000226739 0.00031357
0.00022742 0.000311281
0.000228103 0.000308612
0.000228789 0.000285583
0.000229476 0.000283462
0.000230165 0.000281329
0.000230857 0.000279195
0.00023155 0.000277054
0.000232246 0.000274853
0.000232944 0.000272738
0.000233643 0.000270675
0.000234345 0.000268609
0.000235049 0.000266593
0.000235755 0.000264568
0.000236464 0.000262532
0.000237174 0.000260703
0.000237886 0.000258792
0.000238601 0.000256822
0.000239318 0.000254948
0.000240037 0.000253025
0.000240758 0.000251091
0.000241481 0.00024923
0.000242207 0.000247898
0.000242934 0.000245995
0.000243664 0.000243792
0.000244396 0.000242021
0.00024513 0.000240683
0.000245866 0.000239029
0.000246605 0.000237032
0.000247346 0.000235285
0.000248089 0.000234015
0.000248834 0.000232078
0.000249582 0.000229726
0.000250332 0.000229092
0.000251083 0.000227673
0.000251838 0.00022541
0.000252594 0.000223052
0.000253353 0.000222378
0.000254114 0.000221112
0.000254878 0.0002195
0.000255643 0.000217548
0.000256411 0.000215035
0.000257182 0.000214256
0.000257954 0.000213237
0.000258729 0.000211745
0.000259506 0.000210194
0.000260286 0.000208485
0.000261068 0.000373124
0.000261852 0.000203831
0.000262639 0.00277903
0.000263428 0.000232848
0.000264219 0.000201307
0.000265013 0.000199914
0.000265809 0.000198432
0.000266607 0.000196701
0.000267408 0.000398619
0.000268212 0.000193764
0.000269017 0.000192861
0.000269826 0.000191557
0.000270636 0.000190219
0.000271449 0.000215456
0.000272265 0.000187533
0.000273082 0.000186203
0.000273903 0.00018488
0.000274726 0.000183212
0.000275551 0.000427468
0.000276379 0.000180531
0.000277209 0.000197867
0.000278042 0.000178478
0.000278877 0.000177246
0.000279715 0.000176011
0.000280555 0.000181919
0.000281398 0.00017356
0.000282243 0.000172351
0.000283091 0.000171146
0.000283942 0.000251841
0.000284795 0.000168765
0.00028565 0.000167545
0.000286508 0.000177785
0.000287369 0.000459933
0.000288232 0.000163752
0.000289098 0.000162986
0.000289967 0.000161896
0.000290838 0.000160784
0.000291711 0.000159672
0.000292588 0.000158568
0.000293467 0.000157481
0.000294348 0.000156401
0.000295233 0.000155326
0.000296119 0.000154262
0.000297009 0.000153207
0.000297901 0.000152152
0.000298796 0.000151115
0.000299694 0.000150086
0.000300594 0.000149056
0.000301497 0.000148029
0.000302403 0.000146936
0.000303311 0.000145366
0.000304222 0.000503893
0.000305136 0.000143903
0.000306053 0.000143072
0.000306972 0.000142112
0.000307895 0.000141151
0.000308819 0.000140252
0.000309747 0.000139254
0.000310678 0.000138312
0.000311611 0.000137382
0.000312547 0.00013645
0.000313486 0.00013554
0.000314428 0.000134627
0.000315372 0.000133728
0.00031632 0.000132832
0.00031727 0.000131939
0.000318223 0.00013106
0.000319179 0.000130187
0.000320138 0.000129322
0.0003211 0.000133511
0.000322064 0.000127595
0.000323032 0.000126743
0.000324002 0.000125901
0.000324975 0.000125065
0.000325952 0.000124234
0.000326931 0.000123385
0.000327913 0.000122227
0.000328898 0.000115311
0.000329886 0.000463734
0.000330877 0.000114071
0.000331871 0.000113369
0.000332868 0.000112643
0.000333868 0.000111905
0.000334871 0.000111159
0.000335877 0.00011042
0.000336886 0.000109687
0.000337898 0.000108959
0.000338913 0.000108235
0.000339931 0.000107515
0.000340953 0.0001068
0.000341977 0.000106095
0.000343004 0.000105396
0.000344035 0.000104695
0.000345068 0.000104002
0.000346105 0.000103327
0.000347144 0.000102655
0.000348187 0.000101973
0.000349233 0.000101299
0.000350282 0.000100645
0.000351335 9.99852e-05
0.00035239 9.93334e-05
0.000353449 9.86843e-05
0.00035451 9.80209e-05
0.000355575 9.73711e-05
0.000356644 9.67309e-05
0.000357715 9.61448e-05
0.00035879 9.55861e-05
0.000359867 9.49194e-05
0.000360948 9.42494e-05
0.000362033 9.36892e-05
0.00036312 9.31225e-05
0.000364211 9.2449e-05
0.000365305 9.18177e-05
0.000366403 9.13066e-05
0.000367504 9.07164e-05
0.000368607 9.00418e-05
0.000369715 8.94857e-05
0.000370825 8.8986e-05
0.000371939 8.838e-05
0.000373057 8.77378e-05
0.000374178 0.000509771
0.000375302 9.23544e-05
0.000376429 8.60962e-05
0.00037756 8.56421e-05
0.000378694 8.50937e-05
0.000379832 8.45038e-05
0.000380973 8.39119e-05
0.000382117 8.33891e-05
0.000383265 8.28845e-05
0.000384416 8.23964e-05
0.000385571 8.18837e-05
0.00038673 8.13612e-05
0.000387891 8.08433e-05
0.000389057 8.03136e-05
0.000390225 7.97181e-05
0.000391398 7.91937e-05
0.000392573 7.87803e-05
0.000393753 7.83141e-05
0.000394936 7.78214e-05
0.000396122 7.73287e-05
0.000397312 7.6848e-05
0.000398506 7.63589e-05
0.000399703 7.58547e-05
0.000400903 7.53393e-05
0.000402108 0.000140283
0.000403316 7.43158e-05
0.000404527 7.37983e-05
0.000405743 0.00286805
0.000406961 0.000103872
0.000408184 7.25941e-05
0.00040941 7.21428e-05
0.00041064 7.16924e-05
0.000411874 7.12428e-05
0.000413111 7.07948e-05
0.000414352 7.03472e-05
0.000415597 6.98584e-05
0.000416845 0.000148727
0.000418098 6.89741e-05
0.000419353 6.86253e-05
0.000420613 6.81872e-05
0.000421877 6.77638e-05
0.000423144 6.73431e-05
0.000424415 6.69315e-05
0.00042569 6.65133e-05
0.000426969 6.61004e-05
0.000428252 6.56881e-05
0.000429538 6.52798e-05
0.000430829 6.48763e-05
0.000432123 6.44783e-05
0.000433421 6.40804e-05
0.000434723 6.36767e-05
0.000436029 6.32233e-05
0.000437339 0.000158126
0.000438653 6.24722e-05
0.00043997 6.21151e-05
0.000441292 6.17428e-05
0.000442618 6.13644e-05
0.000443948 6.09871e-05
0.000445281 6.06158e-05
0.000446619 6.02118e-05
0.000447961 5.78358e-05
0.000449306 5.74826e-05
0.000450656 5.71295e-05
0.00045201 5.67779e-05
0.000453368 5.64291e-05
0.00045473 5.60839e-05
0.000456096 5.57422e-05
0.000457466 5.54382e-05
0.00045884 5.50628e-05
0.000460219 5.47271e-05
0.000461601 7.08421e-05
0.000462988 5.40461e-05
0.000464379 5.95678e-05
0.000465774 0.000546042
0.000467173 0.000165874
0.000468576 5.27244e-05
0.000469984 5.24341e-05
0.000471396 5.21219e-05
0.000472812 5.18071e-05
0.000474232 5.14924e-05
0.000475657 5.11799e-05
0.000477086 5.0887e-05
0.000478519 5.05646e-05
0.000479957 5.02585e-05
0.000481398 4.9955e-05
0.000482845 4.9653e-05
0.000484295 4.93531e-05
0.00048575 4.90563e-05
0.000487209 4.87626e-05
0.000488673 4.84698e-05
0.000490141 4.81789e-05
0.000491613 4.78896e-05
0.00049309 4.76014e-05
0.000494571 4.73154e-05
0.000496057 4.70317e-05
0.000497547 4.67492e-05
0.000499042 4.6469e-05
0.000500541 4.61963e-05
0.000502045 4.59306e-05
0.000503553 4.56682e-05
0.000505066 4.54072e-05
0.000506583 4.51481e-05
0.000508105 4.48911e-05
0.000509631 4.46339e-05
0.000511162 4.43638e-05
0.000512698 0.00017568
0.000514238 4.38451e-05
0.000515783 4.36267e-05
0.000517332 4.33806e-05
0.000518886 4.31343e-05
0.000520445 4.28892e-05
0.000522008 4.26456e-05
0.000523577 4.24036e-05
0.00052515 4.21635e-05
0.000526727 4.19247e-05
0.00052831 4.16864e-05
0.000529897 4.14507e-05
0.000531488 4.1216e-05
0.000533085 4.09826e-05
0.000534686 4.07509e-05
0.000536293 4.05206e-05
0.000537904 4.02918e-05
0.00053952 4.00644e-05
0.00054114 3.98381e-05
0.000542766 3.96128e-05
0.000544397 3.93893e-05
0.000546032 3.91668e-05
0.000547672 3.89457e-05
0.000549318 3.87268e-05
0.000550968 3.85089e-05
0.000552623 3.82916e-05
0.000554283 3.80762e-05
0.000555948 3.78616e-05
0.000557618 3.76487e-05
0.000559294 3.74363e-05
0.000560974 3.72263e-05
0.000562659 3.7017e-05
0.000564349 3.68092e-05
0.000566044 3.66031e-05
0.000567745 3.63976e-05
0.00056945 3.61929e-05
0.000571161 3.59902e-05
0.000572877 3.57886e-05
0.000574598 3.55879e-05
0.000576324 3.53885e-05
0.000578055 3.51905e-05
0.000579792 3.49935e-05
0.000581534 3.47969e-05
0.000583281 3.4585e-05
0.000585033 3.36001e-05
0.00058679 3.34128e-05
0.000588553 3.32213e-05
0.000590321 0.00015299
0.000592095 3.28316e-05
0.000593873 3.26704e-05
0.000595657 6.28149e-05
0.000597447 3.2308e-05
0.000599242 3.2972e-05
0.000601042 3.19491e-05
0.000602847 3.17707e-05
0.000604658 3.15937e-05
0.000606475 3.14172e-05
0.000608297 3.12422e-05
0.000610124 3.10684e-05
0.000611957 3.08956e-05
0.000613795 3.07236e-05
0.000615639 3.05526e-05
0.000617489 3.03825e-05
0.000619344 3.02139e-05
0.000621204 3.00454e-05
0.00062307 2.98782e-05
0.000624942 2.97119e-05
0.000626819 2.95472e-05
0.000628702 6.53369e-05
0.000630591 2.92198e-05
0.000632485 2.90576e-05
0.000634386 2.8896e-05
0.000636291 2.87355e-05
0.000638203 2.85765e-05
0.00064012 2.8418e-05
0.000642043 2.826e-05
0.000643972 2.81032e-05
0.000645906 2.79476e-05
0.000647847 2.77928e-05
0.000649793 2.76387e-05
0.000651745 2.74859e-05
0.000653703 2.73335e-05
0.000655666 2.71817e-05
0.000657636 2.70307e-05
0.000659612 2.68811e-05
0.000661593 2.67322e-05
0.000663581 2.65844e-05
0.000665574 2.64376e-05
0.000667574 2.62909e-05
0.000669579 2.61453e-05
0.000671591 2.60007e-05
0.000673608 2.58564e-05
0.000675632 2.57136e-05
0.000677661 6.63811e-05
0.000679697 2.54304e-05
0.000681739 2.52893e-05
0.000683787 2.51492e-05
0.000685841 2.50104e-05
0.000687901 2.48719e-05
0.000689968 2.47341e-05
0.000692041 2.45975e-05
0.00069412 2.44613e-05
0.000696205 2.43261e-05
0.000698296 4.38e-05
0.000700394 2.40584e-05
0.000702498 2.39254e-05
0.000704608 2.37934e-05
0.000706725 2.36622e-05
0.000708848 2.35311e-05
0.000710978 2.3401e-05
0.000713113 2.32719e-05
0.000715256 2.31432e-05
0.000717404 2.30154e-05
0.00071956 2.28881e-05
0.000721721 2.27615e-05
0.000723889 2.26359e-05
0.000726064 2.25105e-05
0.000728245 2.23863e-05
0.000730433 2.22628e-05
0.000732627 3.29091e-05
0.000734828 2.20179e-05
0.000737035 2.18965e-05
0.00073925 2.17674e-05
0.00074147 2.12996e-05
0.000743698 2.11771e-05
0.000745932 0.000493621
0.000748173 2.59619e-05
0.00075042 0.000148844
0.000752675 6.66901e-05
0.000754936 2.2179e-05
0.000757204 2.04909e-05
0.000759478 2.03777e-05
0.00076176 2.0265e-05
0.000764048 2.01529e-05
0.000766344 2.00419e-05
0.000768646 1.99308e-05
0.000770955 1.98206e-05
0.000773271 1.97113e-05
0.000775594 1.96027e-05
0.000777924 1.94947e-05
0.000780261 1.93867e-05
0.000782605 1.92793e-05
0.000784956 1.91726e-05
0.000787314 1.90671e-05
0.000789679 1.89628e-05
0.000792051 1.88569e-05
0.00079443 1.87527e-05
0.000796817 1.86487e-05
0.000799211 1.85456e-05
0.000801612 1.84432e-05
0.00080402 1.83413e-05
0.000806435 1.82395e-05
0.000808858 1.81383e-05
0.000811288 1.80379e-05
0.000813725 1.79381e-05
0.000816169 1.78388e-05
0.000818621 1.77401e-05
0.00082108 1.76413e-05
0.000823547 1.75436e-05
0.000826021 1.74467e-05
0.000828502 1.73499e-05
0.000830991 1.72536e-05
0.000833488 1.71575e-05
0.000835992 1.70624e-05
0.000838503 1.69681e-05
0.000841022 1.68737e-05
0.000843548 1.678e-05
0.000846082 1.66867e-05
0.000848624 1.65937e-05
0.000851173 1.65014e-05
0.00085373 1.64098e-05
0.000856295 1.63186e-05
0.000858868 1.62278e-05
0.000861448 1.61376e-05
0.000864035 1.60479e-05
0.000866631 3.09893e-05
0.000869235 1.58692e-05
0.000871846 1.57806e-05
0.000874465 1.56927e-05
0.000877092 6.58284e-05
0.000879727 1.55183e-05
0.000882369 1.5432e-05
0.00088502 1.53455e-05
0.000887679 1.52597e-05
0.000890346 1.51746e-05
0.00089302 1.50898e-05
0.000895703 1.50056e-05
0.000898394 0.000217093
0.000901093 1.48375e-05
0.000903799 1.47546e-05
0.000906515 1.46721e-05
0.000909238 1.45896e-05
0.000911969 1.45075e-05
0.000914709 1.4259e-05
0.000917457 1.41791e-05
0.000920213 1.40997e-05
0.000922977 1.40204e-05
0.00092575 1.39417e-05
0.000928531 1.38631e-05
0.00093132 1.3785e-05
0.000934118 1.37076e-05
0.000936924 1.36302e-05
0.000939739 2.99838e-05
0.000942562 1.3477e-05
0.000945394 1.34009e-05
0.000948234 1.33252e-05
0.000951082 1.32499e-05
0.000953939 1.3175e-05
0.000956805 1.31005e-05
0.000959679 1.30263e-05
0.000962562 1.29525e-05
0.000965454 1.28793e-05
0.000968354 1.28063e-05
0.000971263 1.27336e-05
0.000974181 1.26612e-05
0.000977108 1.25892e-05
0.000980043 1.25174e-05
0.000982987 1.24462e-05
0.00098594 1.23753e-05
0.000988902 1.23048e-05
0.000991873 1.22346e-05
0.000994852 1.21647e-05
0.000997841 1.20954e-05
0.00100084 1.2026e-05
0.00100385 1.19572e-05
0.00100686 1.18891e-05
0.00100989 1.18211e-05
0.00101292 1.17535e-05
0.00101596 1.16864e-05
0.00101901 1.16198e-05
0.00102208 1.15534e-05
0.00102515 1.14876e-05
0.00102823 1.14223e-05
0.00103131 1.13572e-05
0.00103441 1.12925e-05
0.00103752 1.12282e-05
0.00104064 1.11643e-05
0.00104376 1.1101e-05
0.0010469 1.10377e-05
0.00105004 2.91104e-05
0.0010532 0.00038897
0.00105636 1.08507e-05
0.00105954 1.07891e-05
0.00106272 1.07279e-05
0.00106591 1.06671e-05
0.00106911 1.06067e-05
0.00107232 1.05466e-05
0.00107555 1.04868e-05
0.00107878 1.04274e-05
0.00108202 1.03686e-05
0.00108527 1.03099e-05
0.00108853 1.02514e-05
0.0010918 1.01935e-05
0.00109508 1.01358e-05
0.00109837 1.00786e-05
0.00110167 1.00217e-05
0.00110498 9.96477e-06
0.0011083 9.82308e-06
0.00111163 9.76751e-06
0.00111497 9.71243e-06
0.00111831 9.6578e-06
0.00112167 9.60338e-06
0.00112504 9.54943e-06
0.00112842 9.49552e-06
0.00113181 4.97535e-05
0.00113521 9.38895e-06
0.00113862 9.33615e-06
0.00114204 9.28365e-06
0.00114548 9.23139e-06
0.00114892 9.17954e-06
0.00115237 9.128e-06
0.00115583 9.07676e-06
0.0011593 9.02583e-06
0.00116278 8.97519e-06
0.00116628 8.92478e-06
0.00116978 8.87477e-06
0.00117329 9.8064e-06
0.00117682 8.77554e-06
0.00118036 8.72633e-06
0.0011839 8.6775e-06
0.00118746 8.62887e-06
0.00119102 8.58062e-06
0.0011946 8.53257e-06
0.00119819 8.485e-06
0.00120179 8.43738e-06
0.0012054 8.39021e-06
0.00120902 8.34345e-06
0.00121265 8.2967e-06
0.0012163 8.25029e-06
0.00121995 8.20439e-06
0.00122362 8.1584e-06
0.00122729 8.11289e-06
0.00123098 8.0676e-06
0.00123468 9.19939e-06
0.00123839 0.000115631
0.00124211 2.71204e-05
0.00124584 7.88911e-06
0.00124958 7.84517e-06
0.00125333 7.80148e-06
0.0012571 7.758e-06
0.00126088 1.48277e-05
0.00126466 7.67187e-06
0.00126846 7.62912e-06
0.00127227 7.5867e-06
0.00127609 7.54449e-06
0.00127993 7.5025e-06
0.00128377 5.63411e-05
0.00128763 7.4193e-06
0.0012915 7.37805e-06
0.00129538 7.33703e-06
0.00129927 7.2963e-06
0.00130317 7.25579e-06
0.00130709 7.21548e-06
0.00131101 7.17633e-06
0.00131495 7.13536e-06
0.0013189 7.0492e-06
0.00132286 7.01009e-06
0.00132684 6.97124e-06
0.00133082 6.93259e-06
0.00133482 6.89416e-06
0.00133883 6.85598e-06
0.00134285 6.81803e-06
0.00134689 6.78024e-06
0.00135093 6.74271e-06
0.00135499 6.70537e-06
0.00135906 6.66826e-06
0.00136315 6.63132e-06
0.00136724 6.59469e-06
0.00137135 6.55819e-06
0.00137547 6.52192e-06
0.0013796 6.48587e-06
0.00138374 6.45004e-06
0.0013879 6.41439e-06
0.00139207 6.37893e-06
0.00139625 6.3437e-06
0.00140045 6.30862e-06
0.00140465 6.27383e-06
0.00140887 6.23919e-06
0.00141311 6.20471e-06
0.00141735 1.3991e-05
0.00142161 6.13643e-06
0.00142588 6.10258e-06
0.00143016 6.81949e-06
0.00143446 6.03543e-06
0.00143877 6.00217e-06
0.00144309 5.96906e-06
0.00144743 5.93616e-06
0.00145177 5.90349e-06
0.00145614 5.87091e-06
0.00146051 5.83858e-06
0.0014649 5.80641e-06
0.0014693 5.77442e-06
0.00147371 5.74263e-06
0.00147814 5.71102e-06
0.00148258 5.67959e-06
0.00148703 5.64833e-06
0.0014915 5.61725e-06
0.00149598 5.58635e-06
0.00150048 5.5556e-06
0.00150498 5.52507e-06
0.0015095 5.49468e-06
0.00151404 5.46444e-06
0.00151859 5.43439e-06
0.00152315 5.40455e-06
0.00152772 5.37486e-06
0.00153231 5.34532e-06
0.00153692 5.31592e-06
0.00154153 5.31512e-06
0.00154616 5.23086e-06
0.00155081 5.20211e-06
0.00155547 0.00053116
0.00156014 5.14519e-06
0.00156483 5.11694e-06
0.00156953 5.08887e-06
0.00157424 5.06097e-06
0.00157897 5.03321e-06
0.00158372 5.00558e-06
0.00158847 4.97817e-06
0.00159325 4.95084e-06
0.00159803 4.92372e-06
0.00160283 4.89673e-06
0.00160765 4.86988e-06
0.00161248 4.8432e-06
0.00161732 4.81667e-06
0.00162218 2.32423e-05
0.00162705 4.76406e-06
0.00163194 4.73794e-06
0.00163684 4.71201e-06
0.00164176 4.6862e-06
0.00164669 4.66055e-06
0.00165164 4.63502e-06
0.0016566 4.60969e-06
0.00166158 4.58443e-06
0.00166657 4.55934e-06
0.00167158 4.53441e-06
0.0016766 4.50959e-06
0.00168163 4.48494e-06
0.00168669 1.25075e-05
0.00169175 4.43602e-06
0.00169684 4.41173e-06
0.00170193 4.38762e-06
0.00170705 4.36361e-06
0.00171217 4.33979e-06
0.00171732 4.31605e-06
0.00172248 4.29247e-06
0.00172765 4.26901e-06
0.00173284 4.24569e-06
0.00173805 4.22247e-06
0.00174327 4.1994e-06
0.0017485 4.17649e-06
0.00175376 4.15365e-06
0.00175903 4.13097e-06
0.00176431 4.10841e-06
0.00176961 4.08598e-06
0.00177493 4.06367e-06
0.00178026 4.04149e-06
0.00178561 4.01942e-06
0.00179097 1.67521e-05
0.00179635 3.95972e-06
0.00180175 3.93812e-06
0.00180716 3.91663e-06
0.00181259 3.89528e-06
0.00181803 3.87405e-06
0.00182349 3.85293e-06
0.00182897 3.8319e-06
0.00183447 3.811e-06
0.00183998 3.79023e-06
0.00184551 3.76956e-06
0.00185105 3.74903e-06
0.00185661 3.72859e-06
0.00186219 7.26068e-06
0.00186778 0.000317519
0.00187339 3.66797e-06
0.00187902 3.64799e-06
0.00188467 3.6281e-06
0.00189033 3.60834e-06
0.00189601 3.58867e-06
0.0019017 3.56915e-06
0.00190741 3.41948e-05
0.00191314 3.88718e-06
0.00191889 3.51115e-06
0.00192466 3.49203e-06
0.00193044 3.47301e-06
0.00193624 3.4541e-06
0.00194205 3.43532e-06
0.00194789 3.4166e-06
0.00195374 3.39801e-06
0.00195961 3.37951e-06
0.0019655 3.36113e-06
0.0019714 3.34284e-06
0.00197732 3.32465e-06
0.00198326 3.30657e-06
0.00198922 3.28857e-06
0.0019952 3.27067e-06
0.00200119 3.25289e-06
0.0020072 3.23525e-06
0.00201323 3.21769e-06
0.00201928 3.20023e-06
0.00202535 3.18287e-06
0.00203143 3.16561e-06
0.00203753 3.8264e-06
0.00204365 3.13136e-06
0.00204979 3.11438e-06
0.00205595 3.08756e-06
0.00206213 3.07082e-06
0.00206832 3.05417e-06
0.00207453 3.03762e-06
0.00208077 3.02115e-06
0.00208702 3.00477e-06
0.00209329 2.98848e-06
0.00209958 2.97228e-06
0.00210588 2.95617e-06
0.00211221 2.94014e-06
0.00211855 2.92421e-06
0.00212492 2.90835e-06
0.0021313 2.8926e-06
0.0021377 2.87691e-06
0.00214413 2.86131e-06
0.00215057 2.84581e-06
0.00215703 2.83039e-06
0.00216351 2.81503e-06
0.00217001 2.79977e-06
0.00217653 2.7846e-06
0.00218306 9.01787e-06
0.00218962 2.75452e-06
0.0021962 2.73959e-06
0.0022028 2.72473e-06
0.00220942 2.71095e-06
0.00221605 2.69529e-06
0.00222271 2.68068e-06
0.00222939 2.66616e-06
0.00223608 1.01466e-05
0.0022428 6.2486e-06
0.00224954 2.62305e-06
0.0022563 2.60884e-06
0.00226308 2.59471e-06
0.00226987 2.58065e-06
0.00227669 2.56667e-06
0.00228353 2.55277e-06
0.00229039 2.63964e-06
0.00229727 2.52518e-06
0.00230417 2.51151e-06
0.0023111 2.49788e-06
0.00231804 2.48436e-06
0.002325 2.47091e-06
0.00233199 2.45752e-06
0.00233899 2.4442e-06
0.00234602 2.43097e-06
0.00235307 2.4178e-06
0.00236014 2.40469e-06
0.00236723 2.39167e-06
0.00237434 2.37872e-06
0.00238147 2.36583e-06
0.00238862 2.35303e-06
0.0023958 2.34029e-06
0.002403 2.3276e-06
0.00241022 2.31694e-06
0.00241746 2.30249e-06
0.00242472 2.29e-06
0.002432 2.27759e-06
0.00243931 2.26525e-06
0.00244664 2.25299e-06
0.00245399 3.28026e-06
0.00246136 2.22865e-06
0.00246875 2.21658e-06
0.00247617 2.20457e-06
0.00248361 2.19263e-06
0.00249107 2.18077e-06
0.00249855 2.16897e-06
0.00250606 2.15721e-06
0.00251359 2.14553e-06
0.00252114 2.13391e-06
0.00252871 2.12237e-06
0.00253631 2.11086e-06
0.00254393 2.09944e-06
0.00255157 2.08807e-06
0.00255923 2.07678e-06
0.00256692 2.06552e-06
0.00257463 2.05434e-06
0.00258237 2.04321e-06
0.00259012 2.29307e-06
0.00259791 1.83159e-05
0.00260571 2.01021e-06
0.00261354 1.99933e-06
0.00262139 1.98849e-06
0.00262926 1.97774e-06
0.00263716 1.96702e-06
0.00264508 1.95637e-06
0.00265303 1.94579e-06
0.002661 1.93525e-06
0.00266899 1.92478e-06
0.00267701 1.91436e-06
0.00268505 1.90399e-06
0.00269312 1.89368e-06
0.00270121 1.88342e-06
0.00270933 1.87323e-06
0.00271746 1.8631e-06
0.00272563 1.853e-06
0.00273382 1.84297e-06
0.00274203 1.833e-06
0.00275027 1.82308e-06
0.00275853 1.8132e-06
0.00276682 1.80339e-06
0.00277513 1.79363e-06
0.00278346 1.21847e-05
0.00279183 1.77426e-06
0.00280021 1.76466e-06
0.00280862 1.7551e-06
0.00281706 1.74561e-06
0.00282552 1.73616e-06
0.00283401 1.72675e-06
0.00284253 1.7174e-06
0.00285107 1.70811e-06
0.00285963 1.69887e-06
0.00286822 1.68968e-06
0.00287684 1.68053e-06
0.00288548 3.39926e-06
0.00289415 1.66238e-06
0.00290284 1.65339e-06
0.00291156 1.64444e-06
0.00292031 1.63553e-06
0.00292908 1.62668e-06
0.00293788 1.62043e-06
0.00294671 1.60911e-06
0.00295556 1.60041e-06
0.00296444 1.59175e-06
0.00297334 1.58313e-06
0.00298228 4.85429e-06
0.00299123 1.56604e-06
0.00300022 1.55756e-06
0.00300923 1.54913e-06
0.00301827 1.54075e-06
0.00302734 1.53241e-06
0.00303643 1.52412e-06
0.00304556 1.51587e-06
0.00305471 1.50766e-06
0.00306388 1.4995e-06
0.00307309 1.49139e-06
0.00308232 1.48331e-06
0.00309158 1.47528e-06
0.00310086 1.4673e-06
0.00311018 1.45936e-06
0.00311952 1.45146e-06
0.00312889 1.4436e-06
0.00313829 1.43579e-06
0.00314772 1.42802e-06
0.00315718 1.42029e-06
0.00316666 1.4126e-06
0.00317618 1.40496e-06
0.00318572 1.39735e-06
0.00319529 1.38979e-06
0.00320489 1.38227e-06
0.00321451 1.37478e-06
0.00322417 1.36735e-06
0.00323386 1.35994e-06
0.00324357 1.35259e-06
0.00325331 1.34526e-06
0.00326309 1.33798e-06
0.00327289 1.33074e-06
0.00328272 1.32354e-06
0.00329258 1.88169e-06
0.00330248 1.30925e-06
0.0033124 1.30217e-06
0.00332235 1.29511e-06
0.00333233 1.28811e-06
0.00334234 1.32327e-06
0.00335238 0.000247271
0.00336245 1.2673e-06
0.00337255 1.26044e-06
0.00338268 1.25362e-06
0.00339284 1.24683e-06
0.00340304 1.24009e-06
0.00341326 1.23337e-06
0.00342351 1.2267e-06
0.0034338 1.22006e-06
0.00344411 1.21345e-06
0.00345446 1.20688e-06
0.00346484 1.20879e-06
0.00347525 1.19386e-06
0.00348569 0.000101449
0.00349616 1.18097e-06
0.00350666 1.17458e-06
0.00351719 1.16822e-06
0.00352776 1.16189e-06
0.00353836 3.8942e-06
0.00354899 1.14935e-06
0.00355965 1.14314e-06
0.00357034 1.13694e-06
0.00358107 1.25676e-06
0.00359183 1.12467e-06
0.00360262 2.14367e-05
0.00361344 1.11253e-06
0.00362429 1.10651e-06
0.00363518 1.10052e-06
0.0036461 1.09456e-06
0.00365705 1.08864e-06
0.00366804 1.08274e-06
0.00367906 1.07688e-06
0.00369011 1.07105e-06
0.0037012 1.06525e-06
0.00371232 1.05949e-06
0.00372347 1.05375e-06
0.00373465 1.04805e-06
0.00374587 1.04238e-06
0.00375713 1.03673e-06
0.00376841 1.03112e-06
0.00377973 1.02554e-06
0.00379109 1.01999e-06
0.00380248 1.01447e-06
0.0038139 1.00898e-06
0.00382536 1.00351e-06
0.00383685 9.98082e-07
0.00384837 9.92676e-07
0.00385994 9.87307e-07
0.00387153 9.81956e-07
0.00388316 6.0566e-06
0.00389483 2.50105e-06
0.00390653 9.66099e-07
0.00391826 9.60866e-07
0.00393003 9.55663e-07
0.00394184 9.50491e-07
0.00395368 9.45343e-07
0.00396556 9.40225e-07
0.00397747 9.35139e-07
0.00398942 9.30074e-07
0.0040014 9.25041e-07
0.00401343 9.20027e-07
0.00402548 9.15037e-07
0.00403758 9.10067e-07
0.0040497 9.05138e-07
0.00406187 9.00228e-07
0.00407407 8.95342e-07
0.00408631 8.90483e-07
0.00409859 8.85654e-07
0.0041109 8.80855e-07
0.00412325 8.76077e-07
0.00413564 8.71327e-07
0.00414806 8.66599e-07
0.00416052 8.61899e-07
0.00417302 8.57228e-07
0.00418555 8.52579e-07
0.00419813 8.47954e-07
0.00421074 8.43361e-07
0.00422339 8.38786e-07
0.00423608 8.34239e-07
0.0042488 8.29714e-07
0.00426157 8.25214e-07
0.00427437 8.20743e-07
0.00428721 8.16291e-07
0.00430009 8.11867e-07
0.00431301 8.07461e-07
0.00432596 8.03084e-07
0.00433896 7.98732e-07
0.00435199 7.94403e-07
0.00436507 7.90094e-07
0.00437818 7.85813e-07
0.00439133 7.81552e-07
0.00440452 7.77317e-07
0.00441776 7.731e-07
0.00443103 7.6891e-07
0.00444434 7.64742e-07
0.00445769 7.60597e-07
0.00447108 7.56474e-07
0.00448451 7.52373e-07
0.00449798 7.48295e-07
0.0045115 7.44238e-07
0.00452505 7.40204e-07
0.00453864 7.36192e-07
0.00455228 7.322e-07
0.00456595 7.28232e-07
0.00457967 7.24284e-07
0.00459343 7.20358e-07
0.00460723 7.16454e-07
0.00462107 7.12571e-07
0.00463495 7.08708e-07
0.00464887 7.04867e-07
0.00466284 7.01047e-07
0.00467685 6.97246e-07
0.0046909 6.93467e-07
0.00470499 6.89709e-07
0.00471912 6.85971e-07
0.0047333 6.82253e-07
0.00474752 6.78554e-07
0.00476178 6.74878e-07
0.00477608 6.7122e-07
0.00479043 6.67582e-07
0.00480482 6.63963e-07
0.00481926 6.60364e-07
0.00483373 6.56786e-07
0.00484825 6.53227e-07
0.00486282 6.49686e-07
0.00487743 6.46163e-07
0.00489208 6.42662e-07
0.00490678 6.39179e-07
0.00492152 6.35714e-07
0.0049363 6.3227e-07
0.00495113 1.38278e-06
0.004966 6.25435e-07
0.00498092 6.22046e-07
0.00499589 6.18673e-07
0.00501089 6.15321e-07
0.00502595 6.11986e-07
0.00504105 6.08668e-07
0.00505619 6.0537e-07
0.00507138 6.02089e-07
0.00508661 5.98827e-07
0.00510189 5.95581e-07
0.00511722 5.92353e-07
0.00513259 5.89143e-07
0.00514801 5.85949e-07
0.00516348 5.82773e-07
0.00517899 0.000394911
0.00519455 5.76474e-07
0.00521015 5.7335e-07
0.0052258 5.70243e-07
0.0052415 5.67152e-07
0.00525725 2.71286e-06
0.00527304 5.61021e-07
0.00528888 5.57981e-07
0.00530477 5.54956e-07
0.00532071 5.51948e-07
0.00533669 5.48957e-07
0.00535272 5.45982e-07
0.0053688 5.43022e-07
0.00538493 5.4008e-07
0.00540111 5.37152e-07
0.00541733 5.34241e-07
0.00543361 5.31345e-07
0.00544993 5.28465e-07
0.0054663 5.25601e-07
0.00548272 5.22752e-07
0.00549919 5.19919e-07
0.00551571 5.17101e-07
0.00553228 5.14298e-07
0.0055489 5.11511e-07
0.00556557 5.08738e-07
0.00558229 5.05981e-07
0.00559906 5.03239e-07
0.00561588 5.00511e-07
0.00563275 4.97798e-07
0.00564967 4.951e-07
0.00566664 4.92416e-07
0.00568367 4.89747e-07
0.00570074 4.87093e-07
0.00571787 4.30166e-05
0.00573504 4.81827e-07
0.00575227 4.79215e-07
0.00576955 4.76617e-07
0.00578689 4.74033e-07
0.00580427 4.71464e-07
0.00582171 4.68908e-07
0.0058392 4.66366e-07
0.00585674 4.63838e-07
0.00587433 4.61324e-07
0.00589198 4.58823e-07
0.00590968 4.56336e-07
0.00592743 4.53862e-07
0.00594524 4.51401e-07
0.0059631 4.48954e-07
0.00598101 4.46521e-07
0.00599898 4.441e-07
0.006017 4.41694e-07
0.00603508 4.39301e-07
0.00605321 4.36921e-07
0.00607139 7.79063e-07
0.00608963 4.322e-07
0.00610792 4.29858e-07
0.00612627 4.27529e-07
0.00614468 4.25213e-07
0.00616313 4.22909e-07
0.00618165 4.20618e-07
0.00620022 4.18338e-07
0.00621885 4.16072e-07
0.00623753 4.13817e-07
0.00625627 4.11575e-07
0.00627506 4.09345e-07
0.00629391 4.07126e-07
0.00631282 4.53139e-06
0.00633178 4.02727e-07
0.0063508 4.00544e-07
0.00636988 3.98373e-07
0.00638902 3.96214e-07
0.00640821 3.94067e-07
0.00642746 3.91932e-07
0.00644677 3.89807e-07
0.00646614 3.87694e-07
0.00648556 3.85593e-07
0.00650505 3.83503e-07
0.00652459 3.81424e-07
0.00654419 3.79357e-07
0.00656385 3.773e-07
0.00658356 3.75256e-07
0.00660334 3.73222e-07
0.00662318 3.71198e-07
0.00664308 3.69186e-07
0.00666303 3.67186e-07
0.00668305 3.65195e-07
0.00670312 3.63215e-07
0.00672326 3.61347e-07
0.00674346 3.59288e-07
0.00676372 3.5734e-07
0.00678404 3.55403e-07
0.00680442 3.53476e-07
0.00682486 3.5156e-07
0.00684536 3.49653e-07
0.00686592 3.47758e-07
0.00688655 3.45872e-07
0.00690724 1.33432e-06
0.00692799 3.42132e-07
0.0069488 3.40277e-07
0.00696967 3.38432e-07
0.00699061 3.36597e-07
0.00701161 3.34772e-07
0.00703268 3.32956e-07
0.0070538 3.31151e-07
0.00707499 3.29355e-07
0.00709625 3.27569e-07
0.00711756 3.25793e-07
0.00713895 3.24025e-07
0.00716039 3.22268e-07
0.0071819 3.20521e-07
0.00720348 3.18782e-07
0.00722512 3.17053e-07
0.00724682 3.15334e-07
0.00726859 3.13624e-07
0.00729043 3.11923e-07
0.00731233 3.1023e-07
0.00733429 3.08549e-07
0.00735633 3.06874e-07
0.00737843 3.0521e-07
0.00740059 3.03554e-07
0.00742282 3.01908e-07
0.00744512 3.00271e-07
0.00746749 2.98642e-07
0.00748992 2.97021e-07
0.00751242 2.9541e-07
0.00753499 2.93807e-07
0.00755763 2.92213e-07
0.00758033 2.90629e-07
0.0076031 2.89052e-07
0.00762594 2.87484e-07
0.00764885 2.85924e-07
0.00767183 2.84373e-07
0.00769488 2.8283e-07
0.00771799 2.81295e-07
0.00774118 2.79769e-07
0.00776443 2.78251e-07
0.00778776 2.76741e-07
0.00781115 2.75239e-07
0.00783462 2.73746e-07
0.00785815 2.72261e-07
0.00788176 2.70783e-07
0.00790544 2.69314e-07
0.00792919 2.67852e-07
0.00795301 2.66399e-07
0.0079769 2.64953e-07
0.00800086 2.63515e-07
0.0080249 2.62085e-07
0.008049 2.60662e-07
0.00807318 2.59247e-07
0.00809744 2.57839e-07
0.00812176 2.5644e-07
0.00814616 2.55048e-07
0.00817063 2.53663e-07
0.00819518 2.52286e-07
0.0082198 2.50916e-07
0.00824449 2.49554e-07
0.00826926 2.48199e-07
0.0082941 2.46851e-07
0.00831901 2.45511e-07
0.00834401 2.44178e-07
0.00836907 2.42852e-07
0.00839421 2.41534e-07
0.00841943 2.40221e-07
0.00844472 2.38917e-07
0.00847009 2.3762e-07
0.00849554 2.3633e-07
0.00852106 2.35046e-07
0.00854665 2.3377e-07
0.00857233 2.325e-07
0.00859808 2.31238e-07
0.00862391 2.29982e-07
0.00864982 2.28733e-07
0.0086758 2.27491e-07
0.00870187 2.26255e-07
0.00872801 2.25026e-07
0.00875423 2.23804e-07
0.00878053 2.22588e-07
0.0088069 2.2138e-07
0.00883336 0.000289994
0.0088599 2.18982e-07
0.00888651 6.92415e-07
0.00891321 2.16609e-07
0.00893998 2.15433e-07
0.00896684 2.14263e-07
0.00899378 2.13099e-07
0.0090208 2.11941e-07
0.0090479 2.1079e-07
0.00907507 2.09645e-07
0.00910234 2.08506e-07
0.0092073 2.0423e-07
0.00939266 1.9697e-07
0.00958175 1.89966e-07
0.00977464 1.83211e-07
0.00997142 1.76693e-07
0.0101722 1.70403e-07
0.0103769 1.64344e-07
0.0105858 1.58499e-07
0.0107989 1.52861e-07
0.0110163 1.47423e-07
0.0112381 1.78039e-07
0.0114644 1.37117e-07
0.0116952 1.32236e-07
0.0119306 1.27529e-07
0.0121708 2.71332e-07
0.0124158 1.18609e-07
0.0126657 1.14387e-07
0.0129207 1.10313e-07
0.0131808 1.06384e-07
0.0134462 1.02594e-07
0.0137169 9.89385e-08
0.013993 9.54128e-08
0.0142747 9.20121e-08
0.0145621 1.13675e-07
0.0148552 8.55702e-08
0.0151543 8.25195e-08
0.0154594 7.95772e-08
0.0157706 7.16718e-07
0.0160881 7.4509e-08
0.016412 7.13453e-08
0.0167423 6.88003e-08
0.0170794 6.63453e-08
0.0174232 6.39777e-08
0.017774 6.16941e-08
0.0181318 5.94919e-08
0.0184968 5.73681e-08
0.0188692 5.53195e-08
0.019249 5.33441e-08
0.0196366 5.14386e-08
0.0200319 4.96011e-08
0.0204351 8.40657e-08
0.0208465 4.61201e-08
0.0212662 4.44716e-08
0.0216943 4.28822e-08
0.0221311 4.13491e-08
0.0225766 3.98707e-08
0.0230311 3.8445e-08
0.0234947 3.70702e-08
0.0239677 3.57441e-08
0.0244502 3.44654e-08
0.0249424 3.32322e-08
0.0254446 3.20428e-08
0.0259568 3.08961e-08
0.0264794 2.979e-08
0.0270124 2.87236e-08
0.0275562 2.7695e-08
0.028111 2.67031e-08
0.0286769 2.57467e-08
0.0292542 2.48243e-08
0.0298431 2.39348e-08
0.0304439 2.30772e-08
0.0310568 2.225e-08
0.031682 2.14525e-08
0.0323198 2.06834e-08
0.0329704 1.99417e-08
0.0336342 1.92266e-08
0.0343113 1.85369e-08
0.035002 1.7872e-08
0.0357067 1.72307e-08
0.0364255 1.66124e-08
0.0371588 1.60251e-08
0.0379068 1.54412e-08
0.03867 1.48868e-08
0.0394484 1.43523e-08
0.0402426 1.38368e-08
0.0410527 1.33398e-08
0.0418792 1.28605e-08
0.0427223 1.23985e-08
0.0435823 1.19529e-08
0.0444597 1.15232e-08
0.0453547 1.1109e-08
0.0462678 1.07096e-08
0.0471992 1.03245e-08
0.0481494 9.95316e-09
0.0491188 9.59511e-09
0.0501076 9.2499e-09
0.0511163 8.91708e-09
0.0521454 8.5961e-09
0.0531951 8.28668e-09
0.054266 7.98834e-09
0.0553585 7.70074e-09
0.0564729 7.42341e-09
0.0576098 7.15599e-09
0.0587696 6.89819e-09
0.0599527 6.64968e-09
0.0611596 6.41073e-09
0.0623908 6.17901e-09
0.0636469 5.95627e-09
0.0649282 5.74151e-09
0.0662353 5.53443e-09
0.0675687 5.33482e-09
0.0689289 5.1424e-09
0.0703166 4.95686e-09
0.0717321 4.77801e-09
0.0731762 4.60556e-09
0.0746494 4.43931e-09
0.0761521 4.27904e-09
0.0776852 4.12453e-09
0.0792491 3.97557e-09
0.0808445 3.83197e-09
0.082472 3.69354e-09
0.0841323 3.56008e-09
0.085826 3.43142e-09
0.0875538 3.30739e-09
0.0893164 3.18782e-09
0.0911145 3.07256e-09
0.0929487 2.96145e-09
0.0948199 2.85434e-09
0.0967288 2.75108e-09
0.0986761 2.65154e-09
0.100663 2.55558e-09
0.102689 2.4631e-09
0.104756 2.37394e-09
0.106865 2.28799e-09
0.109017 2.20513e-09
0.111211 2.12528e-09
0.11345 2.04829e-09
0.115734 1.97408e-09
0.118064 1.90255e-09
0.120441 1.83359e-09
0.122865 1.76714e-09
0.125339 1.70307e-09
0.127862 1.64132e-09
0.130436 1.5818e-09
0.133062 1.52442e-09
0.135741 1.46912e-09
0.138473 1.41582e-09
0.141261 1.36444e-09
0.144105 1.31492e-09
0.147006 1.26718e-09
0.149965 1.22118e-09
0.152984 1.17684e-09
0.156064 1.13409e-09
0.159206 1.09289e-09
0.162411 1.05319e-09
0.16568 1.01493e-09
0.169016 9.78037e-10
0.172418 9.42491e-10
0.175889 9.08227e-10
0.17943 8.75205e-10
0.183042 8.4338e-10
0.186727 8.12703e-10
0.190486 7.83139e-10
0.194321 7.54647e-10
0.198233 7.27186e-10
0.202224 7.00719e-10
0.206295 6.75213e-10
0.210448 6.50633e-10
0.214685 6.26941e-10
0.219007 6.04109e-10
0.223415 5.82108e-10
0.227913 5.60901e-10
0.232501 5.40467e-10
0.237182 5.20772e-10
0.241957 5.01792e-10
0.246828 4.835e-10
0.251797 4.65874e-10
0.256866 4.48887e-10
0.262037 4.32519e-10
0.267312 4.16743e-10
0.272693 4.01542e-10
0.278183 3.86891e-10
0.283783 3.72774e-10
0.289496 3.5917e-10
0.295324 3.4606e-10
0.301269 3.33428e-10
0.307334 3.21254e-10
0.313522 3.09523e-10
0.319833 2.98219e-10
0.326272 2.87326e-10
0.33284 2.76829e-10
0.339541 2.66715e-10
0.346376 2.56969e-10
0.353349 2.47578e-10
0.360463 2.38528e-10
0.367719 2.29808e-10
0.375122 2.21406e-10
0.382674 2.13309e-10
0.390377 2.05508e-10
0.398236 1.97992e-10
0.406253 1.90748e-10
0.414432 1.8377e-10
0.422775 1.77045e-10
0.431286 1.70566e-10
0.439968 1.64323e-10
0.448826 1.58307e-10
0.457861 1.52511e-10
0.467079 1.46927e-10
0.476482 1.41546e-10
0.486074 1.36362e-10
0.495859 1.31367e-10
0.505841 1.26555e-10
0.516025 1.21918e-10
0.526413 1.1745e-10
0.537011 1.13146e-10
0.547821 1.08999e-10
0.55885 1.05004e-10
0.5701 1.01154e-10
0.581577 9.7445e-11
0.593285 9.38719e-11
0.605229 9.04294e-11
0.617413 8.71125e-11
0.629842 8.39172e-11
0.642522 8.08382e-11
0.655457 7.78687e-11
0.668652 7.50114e-11
0.682113 7.22588e-11
0.695845 6.96064e-11
0.709853 6.70517e-11
0.724144 6.4571e-11
0.738722 6.22007e-11
0.753593 5.99171e-11
0.768764 5.77169e-11
0.784241 5.55975e-11
0.800028 5.34995e-11
0.816134 5.15355e-11
0.832564 4.96431e-11
0.849325 4.78201e-11
0.866423 4.6064e-11
0.883865 4.42976e-11
0.901659 4.26712e-11
