9.10033e-07 0.00518669
9.17323e-07 0.0105062
9.24672e-07 0.0107294
9.32079e-07 0.0109571
9.39546e-07 0.0111869
9.47072e-07 0.0114188
9.54659e-07 0.0116568
9.62306e-07 0.0119007
9.70015e-07 0.0121523
9.77785e-07 0.0124093
9.85618e-07 0.0126657
9.93513e-07 0.0129273
1.00147e-06 0.0131921
1.00949e-06 0.0134617
1.01758e-06 0.0137359
1.02573e-06 0.0140184
1.03395e-06 0.0143051
1.04223e-06 0.0145979
1.05058e-06 0.0148981
1.059e-06 0.0152038
1.06748e-06 0.0155167
1.07603e-06 0.0158363
1.08465e-06 0.0161661
1.09334e-06 0.0165056
1.1021e-06 0.0168512
1.11093e-06 0.0171921
1.11983e-06 0.017537
1.1288e-06 0.0178909
1.13784e-06 0.0182551
1.14695e-06 0.0186293
1.15614e-06 0.0189964
1.1654e-06 0.0193897
1.17474e-06 0.019792
1.18415e-06 0.020203
1.19364e-06 0.0206384
1.2032e-06 0.0210659
1.21284e-06 0.0215169
1.22255e-06 0.0219911
1.23234e-06 0.0224721
1.24222e-06 0.0229593
1.25217e-06 0.0234529
1.2622e-06 0.0239678
1.27231e-06 0.0244881
1.2825e-06 0.0250137
1.29277e-06 0.0255592
1.30313e-06 0.0261091
1.31357e-06 0.026678
1.32409e-06 0.0272798
1.3347e-06 0.0278848
1.34539e-06 0.0285071
1.35617e-06 0.0291461
1.36703e-06 0.0298155
1.37798e-06 0.0305002
1.38902e-06 0.0312138
1.40015e-06 0.0319415
1.41136e-06 0.0326968
1.42267e-06 0.0334648
1.43407e-06 0.0342589
1.44556e-06 0.0350915
1.45714e-06 0.0359484
1.46881e-06 0.0368158
1.48057e-06 0.0377321
1.49243e-06 0.038683
1.50439e-06 0.0396547
1.51644e-06 0.040672
1.52859e-06 0.0417084
1.54083e-06 0.0427759
1.55318e-06 0.043873
1.56562e-06 0.045024
1.57816e-06 0.0461904
1.5908e-06 0.0474081
1.60355e-06 0.0486753
1.61639e-06 0.0499792
1.62934e-06 0.0513182
1.64239e-06 0.0527031
1.65555e-06 0.0541324
1.66881e-06 0.0556165
1.68218e-06 0.0571535
1.69565e-06 0.058731
1.70924e-06 0.0603581
1.72293e-06 0.0620454
1.73673e-06 0.0637685
1.75064e-06 0.0655702
1.76467e-06 0.0674153
1.7788e-06 0.069314
1.79305e-06 0.0712852
1.80742e-06 0.0733057
1.8219e-06 0.0753954
1.83649e-06 0.0775419
1.8512e-06 0.0797429
1.86603e-06 0.0820173
1.88098e-06 0.0843324
1.89605e-06 0.0867272
1.91124e-06 0.0891895
1.92655e-06 0.091757
1.94198e-06 0.0943873
1.95753e-06 0.097088
1.97322e-06 0.099866
1.98902e-06 0.102652
2.00496e-06 0.10558
2.02102e-06 0.108454
2.03721e-06 0.11156
2.05353e-06 0.114703
2.06998e-06 0.117975
2.08656e-06 0.12128
2.10327e-06 0.124708
2.12012e-06 0.128164
2.13711e-06 0.131558
2.15423e-06 0.135157
2.17148e-06 0.138781
2.18888e-06 0.142425
2.20641e-06 0.146265
2.22409e-06 0.150294
2.2419e-06 0.154422
2.25311e-06 0.156984
2.25761e-06 0.15812
2.26212e-06 0.159166
2.26664e-06 0.161056
2.27116e-06 0.1848
2.2757e-06 0.223668
2.27849e-06 0.251012
2.28303e-06 0.305218
2.28936e-06 0.396249
2.29393e-06 0.479518
2.30538e-06 0.672215
2.3238e-06 0.932466
2.34237e-06 1.23973
2.3582e-06 1.43134
2.37702e-06 1.68069
2.39896e-06 1.98539
2.41813e-06 2.0548
2.43745e-06 2.08036
2.45693e-06 2.10616
2.47656e-06 2.11744
2.49635e-06 2.11915
2.51629e-06 2.11613
2.5364e-06 1.8596
2.55667e-06 1.50313
2.57709e-06 1.52706
2.59769e-06 1.98981
2.61844e-06 2.10339
2.63936e-06 2.11224
2.66045e-06 2.10707
2.68171e-06 2.09897
2.70314e-06 2.08945
2.72474e-06 2.08066
2.74651e-06 2.07117
2.76845e-06 2.06101
2.79057e-06 2.05088
2.81287e-06 2.0401
2.83535e-06 2.02935
2.858e-06 2.01798
2.88084e-06 2.00666
2.90386e-06 1.99473
2.92706e-06 1.98221
2.95045e-06 1.96975
2.97402e-06 1.93861
2.99778e-06 1.89629
3.02174e-06 1.87488
3.04588e-06 1.87329
3.07022e-06 1.87223
3.09475e-06 1.86796
3.11948e-06 1.86117
3.1444e-06 1.85499
3.16953e-06 1.84817
3.19485e-06 1.83654
3.22038e-06 1.82198
3.24611e-06 1.80754
3.27205e-06 1.79321
3.29819e-06 1.77841
3.32455e-06 1.76315
3.35111e-06 1.74803
3.37789e-06 1.73303
3.40488e-06 1.7176
3.43208e-06 1.70231
3.45951e-06 1.68714
3.48715e-06 1.67211
3.51501e-06 1.65612
3.5431e-06 1.64082
3.57141e-06 1.62512
3.59994e-06 1.60957
3.62871e-06 1.59362
3.6577e-06 1.57836
3.68693e-06 1.56219
3.71639e-06 1.5467
3.74608e-06 1.53085
3.77601e-06 1.51515
3.80619e-06 1.49959
3.8366e-06 1.4837
3.86725e-06 1.46796
3.89815e-06 1.45237
3.9293e-06 1.43694
3.9607e-06 1.42166
3.99234e-06 1.40605
4.02424e-06 1.39013
4.0564e-06 1.37484
4.08881e-06 1.3597
4.12148e-06 1.34425
4.15441e-06 1.32897
4.18761e-06 1.31384
4.22107e-06 1.29886
4.25479e-06 1.28405
4.28879e-06 1.26893
4.32306e-06 1.25442
4.3576e-06 1.23962
4.39242e-06 1.22497
4.42751e-06 1.21048
4.46289e-06 1.19614
4.49855e-06 1.18196
4.53449e-06 1.16792
4.57073e-06 1.15361
4.60725e-06 1.13987
4.64406e-06 1.12586
4.68117e-06 1.11241
4.71857e-06 1.09911
4.75627e-06 1.08554
4.79428e-06 1.07212
4.83258e-06 1.05885
4.8712e-06 1.0461
4.91012e-06 1.03311
4.94935e-06 1.02026
4.9889e-06 1.00792
5.01343e-06 1.0053
5.02272e-06 1.00612
5.03203e-06 1.00693
5.04048e-06 1.00754
5.04982e-06 1.00834
5.06007e-06 1.00896
5.06945e-06 1.00633
5.07885e-06 1.00333
5.08826e-06 1.00034
5.09769e-06 0.997361
5.10714e-06 0.994385
5.11661e-06 0.991417
5.14183e-06 0.983186
5.18303e-06 0.969801
5.22456e-06 0.956567
5.26643e-06 0.943115
5.30863e-06 0.930181
5.35116e-06 0.917393
5.39404e-06 0.904392
5.43727e-06 0.891893
5.48084e-06 0.879536
5.52475e-06 0.866973
5.56903e-06 0.854896
5.61365e-06 0.842616
5.65863e-06 0.830817
5.70398e-06 0.819151
5.74968e-06 0.807285
5.79576e-06 0.795886
5.8422e-06 0.784618
5.88901e-06 0.77348
5.9362e-06 0.762144
5.98377e-06 0.751261
6.03172e-06 0.740503
6.08005e-06 0.729553
6.12877e-06 0.719044
6.17788e-06 0.708655
6.22738e-06 0.698387
6.27728e-06 0.688237
6.32759e-06 0.678203
6.37829e-06 0.668286
6.4294e-06 0.658484
6.48092e-06 0.648796
6.53285e-06 0.63922
6.5852e-06 0.629755
6.63797e-06 0.6204
6.69116e-06 0.611154
6.74477e-06 0.602302
6.79882e-06 0.593268
6.8533e-06 0.584621
6.90822e-06 0.576073
6.96357e-06 0.567349
7.01937e-06 0.559001
7.07562e-06 0.550477
7.13232e-06 0.542054
7.18947e-06 0.533997
7.24708e-06 0.526035
7.30515e-06 0.518165
7.36369e-06 0.510387
7.42269e-06 0.502701
7.48217e-06 0.495104
7.54213e-06 0.487596
7.60256e-06 0.480176
7.66348e-06 0.472843
7.72489e-06 0.465597
7.78679e-06 0.458436
7.84919e-06 0.451604
7.91209e-06 0.444609
7.97549e-06 0.437696
8.0394e-06 0.431105
8.10382e-06 0.424354
8.16875e-06 0.417918
8.23421e-06 0.411324
8.30019e-06 0.40504
8.3667e-06 0.39883
8.43374e-06 0.392465
8.50132e-06 0.386403
8.56945e-06 0.380411
8.63811e-06 0.374269
8.70733e-06 0.36842
8.77711e-06 0.362641
8.84744e-06 0.356931
8.91833e-06 0.351289
8.9898e-06 0.345713
9.02709e-06 0.342793
9.02978e-06 0.34269
9.03248e-06 0.342375
9.03517e-06 0.342273
9.03787e-06 0.341958
9.04057e-06 0.341856
9.04326e-06 0.341541
9.04596e-06 0.341439
9.04866e-06 0.341337
9.05136e-06 0.341448
9.05406e-06 0.341984
9.05677e-06 0.342519
9.05947e-06 0.343054
9.06217e-06 0.343377
9.06488e-06 0.343911
9.06758e-06 0.344445
9.07029e-06 0.344979
9.07299e-06 0.345513
9.0757e-06 0.346045
9.07841e-06 0.346366
9.08112e-06 0.346898
9.08383e-06 0.347431
9.08654e-06 0.347962
9.08925e-06 0.348494
9.09197e-06 0.349024
9.09468e-06 0.349344
9.09739e-06 0.349874
9.10011e-06 0.350404
9.10282e-06 0.350934
9.10554e-06 0.351463
9.10826e-06 0.351992
9.11098e-06 0.35252
9.11369e-06 0.353049
9.11641e-06 0.353366
9.11913e-06 0.353894
9.12071e-06 0.354254
9.12343e-06 0.715334
9.1273e-06 0.716776
9.13002e-06 0.71779
9.13275e-06 0.718806
9.13547e-06 0.719826
9.1382e-06 0.720845
9.14093e-06 0.721868
9.14366e-06 0.72289
9.14638e-06 0.723912
9.14911e-06 0.725412
9.15184e-06 0.732034
9.15458e-06 0.740068
9.15731e-06 0.74819
9.16004e-06 0.75661
9.16277e-06 0.766264
9.16551e-06 0.773094
9.16824e-06 0.912382
9.17098e-06 0.790162
9.17372e-06 0.798841
9.17645e-06 0.939524
9.17919e-06 0.816475
9.18193e-06 0.825444
9.18467e-06 0.965603
9.18741e-06 0.843678
9.19016e-06 0.852944
9.1929e-06 0.862315
9.19564e-06 1.00163
9.19838e-06 0.881367
9.20113e-06 0.891055
9.20388e-06 0.900845
9.20662e-06 0.910748
9.20937e-06 0.920757
9.21212e-06 1.05871
9.21487e-06 0.941112
9.21762e-06 0.951458
9.22037e-06 0.961914
9.22312e-06 0.972494
9.22587e-06 0.983188
9.22863e-06 0.994
9.23138e-06 1.00494
9.23413e-06 1.11979
9.23689e-06 1.02716
9.23965e-06 1.03846
9.2424e-06 1.04988
9.24516e-06 1.06143
9.24792e-06 1.07311
9.25068e-06 1.08331
9.25344e-06 1.09165
9.25941e-06 1.10995
9.2686e-06 1.17025
9.2778e-06 1.16808
9.287e-06 1.19829
9.29622e-06 1.22927
9.30544e-06 1.26107
9.31467e-06 1.3265
9.32391e-06 1.32715
9.33317e-06 1.36149
9.34243e-06 1.39672
9.3517e-06 1.42912
9.36097e-06 1.45187
9.37026e-06 1.47474
9.37956e-06 1.53312
9.38887e-06 1.52156
9.39818e-06 1.54554
9.40751e-06 1.56988
9.41684e-06 1.59462
9.42619e-06 1.61974
9.43554e-06 1.64527
9.4449e-06 1.67119
9.45427e-06 1.68822
9.46365e-06 1.69679
9.47304e-06 1.7054
9.48244e-06 1.71406
9.49185e-06 1.72276
9.50127e-06 1.7708
9.5107e-06 1.74029
9.52013e-06 1.74913
9.52958e-06 1.75801
9.53903e-06 1.76694
9.5485e-06 1.77612
9.55797e-06 1.78726
9.56746e-06 1.79892
9.57695e-06 1.81066
9.58645e-06 1.82248
9.59596e-06 1.83438
9.60549e-06 1.84635
9.61502e-06 1.8584
9.62456e-06 1.87073
9.63411e-06 1.88274
9.64367e-06 1.89503
9.65323e-06 1.87748
9.66281e-06 1.81641
9.6724e-06 1.75684
9.682e-06 1.69923
9.6916e-06 1.64372
9.70122e-06 1.58964
9.71085e-06 1.53753
9.72048e-06 1.50779
9.73013e-06 1.48067
9.73978e-06 1.39125
9.74944e-06 1.35838
9.75912e-06 1.39644
9.7688e-06 1.44806
9.77849e-06 1.50188
9.7882e-06 1.5571
9.79791e-06 1.6147
9.80763e-06 1.67447
9.81736e-06 1.73631
9.8271e-06 1.80053
9.83685e-06 1.86715
9.84661e-06 1.93426
9.85638e-06 1.95447
9.86616e-06 1.95302
9.87595e-06 1.95157
9.88575e-06 1.95012
9.89556e-06 1.94867
9.90538e-06 1.94722
9.91521e-06 1.96857
9.92504e-06 1.97023
9.93489e-06 1.94289
9.94475e-06 1.94146
9.95462e-06 1.9398
9.96449e-06 1.93798
9.97438e-06 1.93616
9.98428e-06 1.93434
9.99418e-06 1.93253
1.00041e-05 1.93073
1.0014e-05 1.92891
1.0024e-05 1.92709
1.00339e-05 1.92548
1.00439e-05 1.92348
1.00538e-05 1.91508
1.00638e-05 1.89882
1.00738e-05 1.88269
1.00838e-05 1.8667
1.00938e-05 1.85086
1.01038e-05 1.83514
1.01138e-05 1.81956
1.01239e-05 1.80411
1.01746e-05 1.38929
1.02665e-05 0.869195
1.03593e-05 1.56431
1.0453e-05 1.71857
1.05474e-05 1.72231
1.06428e-05 1.69306
1.0739e-05 1.53707
1.0836e-05 0.733087
1.0934e-05 1.29454
1.10328e-05 1.5373
1.11325e-05 1.49851
1.12331e-05 1.46053
1.13347e-05 1.42295
1.14371e-05 1.38601
1.15405e-05 1.3496
1.16448e-05 1.31178
1.175e-05 1.27265
1.18563e-05 1.229
1.19634e-05 1.16569
1.20715e-05 0.878934
1.21807e-05 31.5194
1.22908e-05 1.06565
1.24018e-05 1.10712
1.25139e-05 1.10971
1.2627e-05 1.10101
1.27412e-05 1.08836
1.28563e-05 1.07257
1.29725e-05 1.05515
1.30898e-05 1.03626
1.32081e-05 1.01659
1.33275e-05 0.995823
1.34479e-05 0.975676
1.35695e-05 0.955477
1.36921e-05 0.935307
1.38159e-05 0.915301
1.39408e-05 0.895406
1.40668e-05 0.87541
1.41939e-05 0.855792
1.43222e-05 0.836124
1.44517e-05 0.816738
1.45823e-05 0.797604
1.47141e-05 0.778498
1.48471e-05 0.761461
1.49813e-05 0.741219
1.51167e-05 0.723107
1.52533e-05 0.705638
1.53912e-05 0.688083
1.55303e-05 0.67131
1.56707e-05 0.654779
1.58123e-05 0.638345
1.59552e-05 0.622356
1.60994e-05 0.606686
1.6245e-05 0.591134
1.63918e-05 0.595932
1.65399e-05 0.561325
1.66894e-05 0.54772
1.68403e-05 0.533837
1.69925e-05 0.520222
1.71461e-05 0.506898
1.73011e-05 0.493885
1.74574e-05 0.488381
1.76152e-05 0.46874
1.77744e-05 0.456597
1.79351e-05 0.44478
1.80972e-05 0.433261
1.82608e-05 0.422119
1.84258e-05 0.411049
1.85924e-05 0.400348
1.87604e-05 0.38997
1.893e-05 0.379872
1.91011e-05 0.370068
1.92737e-05 0.360392
1.94479e-05 0.351051
1.96237e-05 0.341943
1.98011e-05 0.333109
1.99801e-05 0.32449
2.01606e-05 0.316135
2.03429e-05 0.308
2.05267e-05 0.301821
2.07123e-05 0.295104
2.08995e-05 0.287347
2.10884e-05 0.278626
2.1279e-05 0.270001
2.14713e-05 0.264924
2.16654e-05 0.256044
2.18612e-05 0.251141
2.20588e-05 0.241888
2.22582e-05 0.236968
2.24594e-05 0.231987
2.26624e-05 0.226674
2.28672e-05 0.221866
2.30739e-05 0.214414
2.32824e-05 0.210798
2.34929e-05 0.205512
2.37052e-05 0.199719
2.39195e-05 0.193162
2.41357e-05 0.190459
2.43538e-05 0.185727
2.4574e-05 0.181131
2.47961e-05 0.176695
2.50202e-05 0.171302
2.52463e-05 0.16738
2.54745e-05 0.164054
2.57048e-05 0.160115
2.59371e-05 0.156304
2.61715e-05 0.152117
2.64081e-05 0.148491
2.66468e-05 0.144945
2.68876e-05 0.141506
2.71306e-05 0.138139
2.73759e-05 0.133009
2.76233e-05 0.131721
2.7873e-05 0.128667
2.81249e-05 0.125674
2.83791e-05 0.122774
2.86356e-05 0.119949
2.88944e-05 0.117214
2.91556e-05 0.114567
2.94191e-05 0.111955
2.9685e-05 0.109456
2.99533e-05 0.10703
3.02241e-05 0.104691
3.04973e-05 0.102369
3.07729e-05 0.100145
3.10511e-05 0.0979779
3.13317e-05 0.0959225
3.16149e-05 0.0938683
3.19007e-05 0.0917856
3.2189e-05 0.0905413
3.24799e-05 0.0880863
3.27735e-05 0.0862743
3.30697e-05 0.0845258
3.33686e-05 0.0828052
3.36702e-05 0.0811336
3.39746e-05 0.0795149
3.42816e-05 0.0780781
3.45915e-05 0.0765903
3.49042e-05 0.0751008
3.50791e-05 0.0742845
3.51141e-05 0.0741293
3.51492e-05 0.0739634
3.51844e-05 0.0738032
3.52195e-05 0.0736493
3.52548e-05 0.0734848
3.529e-05 0.0733263
3.53253e-05 0.0731686
3.53606e-05 0.0730116
3.5396e-05 0.0728549
3.54313e-05 0.0727044
3.54668e-05 0.0725433
3.55022e-05 0.0723881
3.55377e-05 0.0722328
3.55732e-05 0.0720779
3.56088e-05 0.0719234
3.56444e-05 0.0717694
3.568e-05 0.0716214
3.57157e-05 0.0714632
3.57514e-05 0.0713113
3.57872e-05 0.0711597
3.58229e-05 0.0710088
3.58587e-05 0.0708583
3.58946e-05 0.0707081
3.59305e-05 0.0705584
3.59664e-05 0.0704147
3.60024e-05 0.0702606
3.60384e-05 0.0701124
3.60744e-05 0.0699647
3.61104e-05 0.0698174
3.61465e-05 0.0696702
3.61827e-05 0.0695233
3.62189e-05 0.0693768
3.62551e-05 0.0692362
3.62913e-05 0.0690909
3.63276e-05 0.0689401
3.63639e-05 0.068795
3.64003e-05 0.0686549
3.64367e-05 0.0685363
3.64696e-05 0.0684105
3.65061e-05 0.0502608
3.6546e-05 0.0500852
3.65826e-05 0.0499132
3.66192e-05 0.0497524
3.66558e-05 0.0495817
3.66924e-05 0.0494215
3.67291e-05 0.0493177
3.67658e-05 0.0492291
3.68026e-05 0.0491406
3.68394e-05 0.048959
3.68762e-05 0.0488762
3.69131e-05 0.0488362
3.695e-05 0.0488731
3.69869e-05 0.0489101
3.70239e-05 0.0489473
3.70609e-05 0.0489901
3.70979e-05 0.0490198
3.7135e-05 0.0490066
3.71722e-05 0.0489809
3.72093e-05 0.0489627
3.72465e-05 0.110073
3.72838e-05 0.0492538
3.7321e-05 0.0489014
3.73583e-05 0.124416
3.73957e-05 0.0488655
3.74331e-05 0.0488528
3.74705e-05 0.0488301
3.7508e-05 0.142379
3.75455e-05 0.0485076
3.7583e-05 0.048257
3.76206e-05 0.0480126
3.76582e-05 0.0477699
3.76958e-05 0.0475473
3.77335e-05 0.164921
3.77712e-05 0.0474057
3.7809e-05 0.0473416
3.78468e-05 0.0472827
3.78846e-05 0.0472244
3.79225e-05 0.0471889
3.79604e-05 0.0471668
3.79984e-05 0.196398
3.80364e-05 0.0471227
3.80744e-05 0.0471059
3.81124e-05 0.0468793
3.81505e-05 0.0463691
3.81887e-05 0.0458628
3.82269e-05 0.0453633
3.82651e-05 0.0448704
3.83033e-05 0.0444892
3.83416e-05 0.0444673
3.838e-05 0.200981
3.84183e-05 0.0444924
3.84567e-05 0.0445053
3.84952e-05 0.0446388
3.85337e-05 0.0456917
3.85722e-05 0.0469889
3.86108e-05 0.0483367
3.86494e-05 0.0497423
3.8688e-05 0.0511083
3.87267e-05 0.0487524
3.87654e-05 0.0452903
3.88041e-05 0.0421428
3.88429e-05 0.0392811
3.88818e-05 0.165195
3.89206e-05 0.249843
3.89596e-05 0.0394586
3.89985e-05 0.0421371
3.90375e-05 0.0450731
3.90765e-05 0.0482907
3.91156e-05 0.0502306
3.91547e-05 0.0503236
3.91938e-05 0.0504221
3.9233e-05 0.0505209
3.92722e-05 0.0542213
3.93115e-05 0.0505451
3.93508e-05 0.0501812
3.93901e-05 0.049811
3.94295e-05 0.0494457
3.94689e-05 0.0490834
3.95084e-05 0.0478712
3.95479e-05 0.0448344
3.95874e-05 0.041974
3.9627e-05 0.0393454
3.96666e-05 0.0369538
3.97063e-05 0.0357538
3.9746e-05 0.34735
3.97857e-05 0.039796
3.98255e-05 0.0421548
3.98653e-05 0.0447077
3.99052e-05 0.0468372
3.99451e-05 0.0471528
3.9985e-05 0.0473539
4.0025e-05 0.0475613
4.0065e-05 0.0477702
4.0105e-05 0.0525757
4.01451e-05 0.0477594
4.01853e-05 0.0476135
4.02254e-05 0.0474587
4.02656e-05 0.0473142
4.03059e-05 0.0471745
4.03462e-05 0.0470805
4.03865e-05 0.0469938
4.04269e-05 0.0469001
4.04673e-05 0.0468065
4.05078e-05 0.0466689
4.05483e-05 0.0464249
4.05888e-05 0.0461777
4.06294e-05 0.0459321
4.067e-05 0.0456878
4.07107e-05 0.0452365
4.07514e-05 0.0443921
4.07921e-05 0.0435575
4.08329e-05 0.0427439
4.08737e-05 0.0419504
4.09146e-05 0.04114
4.09555e-05 0.0403025
4.09964e-05 0.039486
4.10374e-05 0.52156
4.10784e-05 0.0379156
4.11195e-05 0.0381352
4.11606e-05 0.0392229
4.12018e-05 0.0403546
4.1243e-05 0.0415315
4.12842e-05 0.0427319
4.13255e-05 0.0431662
4.13668e-05 0.043178
4.14081e-05 0.0431899
4.14495e-05 0.050009
4.1491e-05 0.0432086
4.15324e-05 0.0431379
4.1574e-05 0.0430449
4.16155e-05 0.0429523
4.16571e-05 0.0428599
4.16988e-05 0.0427663
4.17405e-05 0.0426404
4.17822e-05 0.0425052
4.1824e-05 0.0423754
4.18658e-05 0.0422507
4.19076e-05 0.0421155
4.19495e-05 0.0419807
4.19915e-05 0.0418465
4.20335e-05 0.0417122
4.20755e-05 0.0415787
4.21175e-05 0.0414518
4.21596e-05 0.0413318
4.22018e-05 0.041212
4.2244e-05 0.0410973
4.22862e-05 0.0409734
4.23285e-05 0.0408442
4.23708e-05 0.0407125
4.24132e-05 0.0405781
4.24556e-05 0.0404458
4.2498e-05 0.0403134
4.25405e-05 0.0401779
4.2583e-05 0.0400425
4.26256e-05 0.0399074
4.26682e-05 0.039773
4.27109e-05 0.0396337
4.27536e-05 0.0394847
4.27963e-05 0.0393361
4.28391e-05 0.039188
4.28819e-05 0.0390398
4.29248e-05 0.0388454
4.29677e-05 0.0386231
4.30107e-05 0.0384023
4.30537e-05 0.0381829
4.30967e-05 0.0378897
4.31398e-05 0.0371364
4.31829e-05 0.0363154
4.32261e-05 0.0355171
4.32693e-05 0.0347411
4.33126e-05 0.0340895
4.33559e-05 0.0336293
4.33992e-05 0.0331812
4.34426e-05 0.855765
4.3486e-05 0.0323433
4.35295e-05 0.0327971
4.3573e-05 0.0336391
4.36166e-05 0.0345327
4.36602e-05 0.0354206
4.37038e-05 0.0361587
4.37475e-05 0.0362147
4.37913e-05 0.0362204
4.3835e-05 0.0362221
4.38789e-05 0.0471651
4.39227e-05 0.0361824
4.39667e-05 0.0361104
4.40106e-05 0.03603
4.40546e-05 0.0359541
4.40986e-05 0.0358743
4.41427e-05 0.035774
4.41869e-05 0.0356707
4.4231e-05 0.0355677
4.42753e-05 0.035465
4.43195e-05 0.0353631
4.43638e-05 0.0352628
4.44082e-05 0.0351608
4.44526e-05 0.0350601
4.4497e-05 0.0349366
4.45415e-05 0.0346787
4.4586e-05 0.0344034
4.46306e-05 0.0341218
4.46752e-05 0.0338517
4.47199e-05 0.0816602
4.47646e-05 0.033812
4.48093e-05 0.0338797
4.48541e-05 0.0339479
4.4899e-05 0.0339894
4.49439e-05 0.0339033
4.49888e-05 0.0337994
4.50338e-05 0.0336958
4.50788e-05 0.033597
4.51239e-05 0.0334873
4.5169e-05 0.0333851
4.52141e-05 0.0332748
4.52593e-05 0.0331691
4.53046e-05 0.0330622
4.53499e-05 0.0329481
4.53952e-05 0.0328344
4.54406e-05 0.0327211
4.5486e-05 0.032609
4.55315e-05 0.0325157
4.5577e-05 0.0324294
4.56226e-05 0.0323436
4.56682e-05 0.0322621
4.57139e-05 0.0321713
4.57596e-05 0.0320723
4.58053e-05 0.0319694
4.58511e-05 0.031871
4.58969e-05 0.031773
4.59428e-05 0.03168
4.59888e-05 0.031583
4.60347e-05 0.0314823
4.60807e-05 0.031386
4.61268e-05 0.0312893
4.61729e-05 0.0311923
4.62191e-05 0.0310955
4.62653e-05 0.0309992
4.63116e-05 0.0309033
4.63579e-05 0.0311994
4.64042e-05 0.0308971
4.64506e-05 0.0306187
4.6497e-05 0.0305286
4.65435e-05 0.0304336
4.659e-05 0.0303427
4.66366e-05 0.0302402
4.66832e-05 0.0301448
4.67299e-05 0.0300108
4.67766e-05 0.0298581
4.68234e-05 0.029706
4.68702e-05 0.0365275
4.69171e-05 0.0294521
4.6964e-05 0.0294127
4.70109e-05 0.0293734
4.70579e-05 0.0293382
4.7105e-05 0.0292868
4.71521e-05 0.0292091
4.71992e-05 0.0291228
4.72464e-05 0.0290408
4.72936e-05 0.0289578
4.73409e-05 0.0288671
4.73882e-05 0.0287758
4.74356e-05 0.028683
4.7483e-05 0.0285915
4.75305e-05 0.0284995
4.7578e-05 0.0284073
4.76256e-05 0.0283155
4.76732e-05 0.028224
4.77209e-05 0.0281306
4.77686e-05 0.0280354
4.78163e-05 0.0279406
4.78641e-05 0.027846
4.7912e-05 0.0277472
4.79599e-05 0.0276399
4.80078e-05 0.027537
4.80558e-05 0.0274304
4.81039e-05 0.0273088
4.81519e-05 0.0271499
4.82001e-05 0.026989
4.82483e-05 0.0268292
4.82965e-05 0.0266203
4.83448e-05 0.0261095
4.83931e-05 0.0255554
4.84415e-05 0.0250168
4.84899e-05 0.0244954
4.85384e-05 0.0240173
4.85869e-05 0.0235595
4.86355e-05 1.58611
4.86841e-05 0.0232358
4.87328e-05 0.0230465
4.87815e-05 0.0237366
4.88303e-05 0.0244492
4.88791e-05 0.0251902
4.8928e-05 0.0255065
4.89769e-05 0.0255433
4.90259e-05 0.0255801
4.90749e-05 0.0256211
4.91239e-05 0.025603
4.9173e-05 0.0451078
4.92222e-05 0.0254904
4.92714e-05 0.0254343
4.93207e-05 0.0253769
4.937e-05 0.0253179
4.94193e-05 0.0252592
4.94687e-05 0.0252006
4.95182e-05 0.0251363
4.95677e-05 0.0253039
4.96173e-05 0.0249933
4.96669e-05 0.0249222
4.97165e-05 0.0248508
4.97662e-05 0.0247792
4.9816e-05 0.0247078
4.98658e-05 0.0246367
4.99156e-05 0.0245624
4.99655e-05 0.0244831
5.00155e-05 0.0244039
5.00655e-05 0.0250019
5.01155e-05 0.024251
5.01656e-05 0.0507718
5.02158e-05 0.0241175
5.0266e-05 0.0240512
5.03162e-05 0.0239736
5.03665e-05 0.0238786
5.04169e-05 0.0237837
5.04673e-05 0.023693
5.05178e-05 0.0236182
5.05683e-05 0.0235666
5.06188e-05 0.0235228
5.06694e-05 0.0234716
5.07201e-05 0.0234135
5.07708e-05 0.0233463
5.08215e-05 0.0232718
5.08723e-05 0.0232013
5.09232e-05 0.0231311
5.09741e-05 0.0230612
5.10251e-05 0.0229916
5.10761e-05 0.0229223
5.11271e-05 0.0228534
5.11783e-05 0.0227886
5.12294e-05 0.0227166
5.12806e-05 0.0226485
5.13319e-05 0.0225809
5.13832e-05 0.0225136
5.14346e-05 0.0224466
5.1486e-05 0.0223833
5.15375e-05 0.0223122
5.1589e-05 0.0222448
5.16406e-05 0.0221776
5.16922e-05 0.0221106
5.17439e-05 0.0220441
5.17956e-05 0.0219779
5.18474e-05 0.0219119
5.18992e-05 0.0218464
5.19511e-05 0.021781
5.20031e-05 0.0231886
5.2055e-05 0.0216515
5.21071e-05 0.0215871
5.21592e-05 0.021523
5.22113e-05 0.0214592
5.22635e-05 0.0213955
5.23158e-05 0.0213318
5.23681e-05 0.0212717
5.24204e-05 0.0212044
5.24728e-05 0.0211409
5.25253e-05 0.0210779
5.25778e-05 0.0210152
5.26304e-05 0.0209527
5.2683e-05 0.0208924
5.27357e-05 0.0208277
5.27884e-05 0.0207647
5.28412e-05 0.0207021
5.2894e-05 0.0206434
5.29469e-05 0.0205793
5.29998e-05 0.0205192
5.30528e-05 0.0204593
5.31058e-05 0.0203991
5.31589e-05 0.0203376
5.32121e-05 0.0202762
5.32653e-05 0.0202151
5.33185e-05 0.0201548
5.33718e-05 0.0200958
5.34252e-05 0.0200367
5.34786e-05 0.0199816
5.3532e-05 0.0199189
5.35856e-05 0.0198598
5.36391e-05 0.0198009
5.36928e-05 0.019742
5.37464e-05 0.0196829
5.38002e-05 0.0196239
5.3854e-05 0.0195651
5.39078e-05 0.0194969
5.39617e-05 0.0194006
5.40156e-05 0.0193033
5.40696e-05 0.0192065
5.41237e-05 0.0197515
5.41778e-05 0.0191324
5.4232e-05 0.0191156
5.42862e-05 0.0190973
5.43405e-05 0.019051
5.43948e-05 0.0189956
5.44492e-05 0.0189404
5.45036e-05 0.0188853
5.45581e-05 0.0188335
5.46126e-05 0.0187748
5.46672e-05 0.0187197
5.47219e-05 0.0186645
5.47766e-05 0.0186089
5.48313e-05 0.0185534
5.48862e-05 0.0184981
5.4941e-05 0.0184442
5.4996e-05 0.0183931
5.50509e-05 0.0183358
5.5106e-05 0.0182857
5.51611e-05 0.0182296
5.52162e-05 0.0181765
5.52714e-05 0.0181238
5.53267e-05 0.0180703
5.5382e-05 0.0180162
5.54374e-05 0.0179618
5.54928e-05 0.017908
5.55483e-05 0.0178559
5.56038e-05 0.0178043
5.56594e-05 0.0177528
5.5715e-05 0.0177014
5.57707e-05 0.0176499
5.58265e-05 0.0175983
5.58823e-05 0.017547
5.59382e-05 0.0174952
5.59941e-05 0.0174435
5.60501e-05 0.0173919
5.61061e-05 0.0173441
5.61622e-05 0.0172903
5.62183e-05 0.0172401
5.62745e-05 0.0171901
5.63308e-05 0.0171397
5.63871e-05 0.0170893
5.64435e-05 0.0170389
5.64999e-05 0.0169889
5.65564e-05 0.0169395
5.66129e-05 0.0168905
5.66695e-05 0.0168415
5.67262e-05 0.0167958
5.67829e-05 0.0167453
5.68397e-05 0.0166943
5.68965e-05 0.0166458
5.69534e-05 0.016599
5.70103e-05 0.0165482
5.70673e-05 0.016502
5.71244e-05 0.0164542
5.71815e-05 0.0164082
5.72386e-05 0.0163558
5.72959e-05 0.0163071
5.73531e-05 0.0162603
5.74105e-05 0.0162139
5.74679e-05 0.0161678
5.75253e-05 0.0171231
5.75828e-05 0.0160747
5.76404e-05 0.0160283
5.7698e-05 0.0159819
5.77557e-05 0.0159354
5.78135e-05 0.0158923
5.78713e-05 0.0158428
5.79291e-05 0.0157971
5.7987e-05 0.0157551
5.8045e-05 0.0157099
5.8103e-05 0.0156615
5.81611e-05 0.0156163
5.82192e-05 0.0155712
5.82775e-05 0.0155276
5.83357e-05 0.015482
5.8394e-05 0.0154382
5.84524e-05 0.0153944
5.85109e-05 0.0153477
5.85693e-05 0.0152971
5.86279e-05 0.0152397
5.86865e-05 0.0151868
5.87452e-05 0.116228
5.88039e-05 0.0151186
5.88627e-05 0.0150819
5.89215e-05 0.0150445
5.89805e-05 0.0150054
5.90394e-05 0.0149598
5.90984e-05 0.0149175
5.91575e-05 0.014875
5.92167e-05 0.0148324
5.92759e-05 0.0147899
5.93351e-05 0.0147474
5.93945e-05 0.0147048
5.94538e-05 0.0146624
5.95133e-05 0.0146199
5.95728e-05 0.0145804
5.96323e-05 0.0145346
5.96919e-05 0.0144922
5.97516e-05 0.0144508
5.98113e-05 0.0144097
5.98711e-05 0.0143687
5.9931e-05 0.0143275
5.99909e-05 0.0142861
6.00509e-05 0.0142449
6.01109e-05 0.0142042
6.0171e-05 0.0141644
6.02312e-05 0.0141247
6.02914e-05 0.0140852
6.03517e-05 0.0140484
6.0412e-05 0.0140054
6.04724e-05 0.0139656
6.05329e-05 0.0139257
6.05934e-05 0.0138859
6.06539e-05 0.0138462
6.07146e-05 0.0138069
6.07753e-05 0.0137685
6.0836e-05 0.0137302
6.08969e-05 0.0136949
6.09577e-05 0.0136519
6.10187e-05 0.013612
6.10797e-05 0.0135722
6.11408e-05 0.0135333
6.12019e-05 0.0134948
6.12631e-05 0.0134564
6.13243e-05 0.0134186
6.13856e-05 0.0133815
6.1447e-05 0.0133446
6.15084e-05 0.0133073
6.15699e-05 0.0132687
6.16315e-05 0.0132302
6.16931e-05 0.0131919
6.17548e-05 0.0131546
6.18165e-05 0.0131208
6.18783e-05 0.0130809
6.19401e-05 0.0130449
6.20021e-05 0.0130093
6.20641e-05 0.012977
6.21261e-05 0.0129376
6.21882e-05 0.0129004
6.22504e-05 0.0128634
6.23126e-05 0.0128268
6.23749e-05 0.0127911
6.24373e-05 0.0127555
6.24997e-05 0.0127199
6.25622e-05 0.0126842
6.26247e-05 0.0126486
6.26873e-05 0.0126131
6.275e-05 0.0125774
6.28127e-05 0.0125417
6.28755e-05 0.012506
6.29384e-05 0.0124733
6.30013e-05 0.0124398
6.30643e-05 0.0123989
6.31273e-05 0.012366
6.31905e-05 0.0123296
6.32536e-05 0.0122954
6.33169e-05 0.0122613
6.33802e-05 0.0122269
6.34435e-05 0.0121928
6.3507e-05 0.0121586
6.35704e-05 0.0121243
6.3634e-05 0.0120917
6.36976e-05 0.0120562
6.37613e-05 0.0120232
6.3825e-05 0.0119905
6.38889e-05 0.0119577
6.39527e-05 0.0119237
6.40167e-05 0.0118894
6.40807e-05 0.0118553
6.41447e-05 0.011822
6.42089e-05 0.0117892
6.4273e-05 0.0117564
6.43373e-05 0.0117226
6.44016e-05 0.0116882
6.4466e-05 0.0116539
6.45305e-05 0.0116224
6.4595e-05 0.0115848
6.46595e-05 0.0115503
6.47242e-05 0.011515
6.47889e-05 0.0114788
6.48537e-05 0.0114427
6.49185e-05 0.0114083
6.49834e-05 0.0113659
6.50484e-05 0.0113265
6.51134e-05 0.0112811
6.51785e-05 0.011222
6.52437e-05 0.0111626
6.53089e-05 0.0110735
6.53742e-05 0.0108983
6.54395e-05 0.0107227
6.5505e-05 0.021046
6.55704e-05 0.0102519
6.5636e-05 0.0106872
6.57016e-05 3.59324
6.57673e-05 0.0100847
6.5833e-05 0.0412965
6.58989e-05 0.010705
6.59647e-05 0.0107621
6.60307e-05 0.0107855
6.60967e-05 0.0108036
6.61628e-05 0.0107921
6.62289e-05 0.0107757
6.62951e-05 0.0107582
6.63614e-05 0.0107345
6.64278e-05 0.0107097
6.64942e-05 0.0106845
6.65606e-05 0.0106567
6.66272e-05 0.0106285
6.66938e-05 0.0533961
6.67605e-05 0.0351585
6.68272e-05 0.0105471
6.6894e-05 0.0105205
6.69609e-05 0.0104939
6.70278e-05 0.0104673
6.70949e-05 0.0104406
6.71619e-05 0.0104303
6.72291e-05 0.0103841
6.72963e-05 0.0103692
6.73636e-05 0.0103275
6.74309e-05 0.0103021
6.74983e-05 0.010271
6.75658e-05 0.0102426
6.76334e-05 0.0102143
6.7701e-05 0.0101862
6.77687e-05 0.0101593
6.78364e-05 0.0101326
6.79042e-05 0.010106
6.79721e-05 0.0100792
6.80401e-05 0.0100557
6.81081e-05 0.0100255
6.81762e-05 0.009997
6.82443e-05 0.00996852
6.83126e-05 0.00994059
6.83808e-05 0.00991373
6.84492e-05 0.00988695
6.85176e-05 0.00986023
6.85861e-05 0.00983344
6.86547e-05 0.00980668
6.87233e-05 0.00977992
6.87921e-05 0.00975297
6.88608e-05 0.00972619
6.89297e-05 0.00970016
6.89986e-05 0.00967503
6.90676e-05 0.00965277
6.91366e-05 0.00962382
6.92057e-05 0.00959691
6.92749e-05 0.0095701
6.93442e-05 0.00954433
6.94135e-05 0.00951928
6.94829e-05 0.00949398
6.95524e-05 0.00946872
6.96219e-05 0.00944357
6.96915e-05 0.0094184
6.97612e-05 0.00939349
6.98309e-05 0.00936835
6.99007e-05 0.00934325
6.99706e-05 0.00931796
7.00406e-05 0.00929271
7.01106e-05 0.00926746
7.01807e-05 0.00924208
7.02508e-05 0.00921675
7.03211e-05 0.00919145
7.03914e-05 0.00916614
7.04617e-05 0.00914093
7.05322e-05 0.00911444
7.06027e-05 0.00908757
7.06733e-05 0.0287545
7.07439e-05 0.00903799
7.08147e-05 0.00901824
7.08855e-05 0.008998
7.09563e-05 0.0089734
7.10273e-05 0.00894833
7.10983e-05 0.00892332
7.11693e-05 0.00889949
7.12405e-05 0.00887585
7.13117e-05 0.00885209
7.1383e-05 0.0088364
7.14544e-05 0.00880549
7.15258e-05 0.00878239
7.15973e-05 0.00875894
7.16689e-05 0.00873553
7.17405e-05 0.008712
7.18123e-05 0.00868909
7.18841e-05 0.00866601
7.19559e-05 0.00864292
7.20279e-05 0.00861996
7.20999e-05 0.00859699
7.2172e-05 0.00857416
7.22441e-05 0.00855138
7.23163e-05 0.00852869
7.23886e-05 0.00850576
7.2461e-05 0.0084834
7.25334e-05 0.00846098
7.2606e-05 0.00843863
7.26785e-05 0.00841713
7.27512e-05 0.00839338
7.28239e-05 0.00837036
7.28967e-05 0.0083488
7.29696e-05 0.0083259
7.30426e-05 0.00830425
7.31156e-05 0.00828274
7.31887e-05 0.00826112
7.32619e-05 0.00824519
7.33351e-05 0.00821754
7.34084e-05 0.00819592
7.34818e-05 0.00817411
7.35553e-05 0.00815281
7.36288e-05 0.00813134
7.37024e-05 0.00810964
7.37761e-05 0.00808824
7.38498e-05 0.00806714
7.39237e-05 0.0080459
7.39976e-05 0.00802476
7.40716e-05 0.00800349
7.41456e-05 0.00798242
7.42197e-05 0.00796139
7.42939e-05 0.00794074
7.43682e-05 0.00791997
7.44426e-05 0.00789929
7.4517e-05 0.00787844
7.45915e-05 0.00785803
7.4666e-05 0.00783725
7.47407e-05 0.00781696
7.48154e-05 0.00779619
7.48902e-05 0.00777602
7.49651e-05 0.00775521
7.504e-05 0.007735
7.5115e-05 0.00771442
7.51901e-05 0.00769468
7.52653e-05 0.00767477
7.53406e-05 0.00765495
7.54159e-05 0.0076349
7.54913e-05 0.00761473
7.55667e-05 0.00759486
7.56423e-05 0.00757501
7.57179e-05 0.00755545
7.57936e-05 0.00753572
7.58694e-05 0.00751596
7.59452e-05 0.0074964
7.60211e-05 0.00747691
7.60972e-05 0.00745725
7.61732e-05 0.00743819
7.62494e-05 0.00741894
7.63256e-05 0.00739948
7.64019e-05 0.00738041
7.64783e-05 0.00736096
7.65548e-05 0.00734204
7.66313e-05 0.00732295
7.67079e-05 0.00730395
7.67846e-05 0.00728518
7.68614e-05 0.00726618
7.69382e-05 0.00724747
7.70151e-05 0.00722869
7.70921e-05 0.00721024
7.71692e-05 0.00719151
7.72463e-05 0.00717278
7.73236e-05 0.00715421
7.74009e-05 0.00713553
7.74782e-05 0.00711902
7.75557e-05 0.007099
7.76332e-05 0.00708036
7.77108e-05 0.00706235
7.77885e-05 0.00704431
7.78663e-05 0.0070263
7.79442e-05 0.00700802
7.80221e-05 0.00698997
7.81001e-05 0.0069722
7.81781e-05 0.00695387
7.82563e-05 0.00693605
7.83345e-05 0.00691827
7.84129e-05 0.00690144
7.84913e-05 0.00688434
7.85697e-05 0.00686645
7.86483e-05 0.00684877
7.87269e-05 0.00683123
7.88056e-05 0.00681371
7.88844e-05 0.00679656
7.89632e-05 0.00677915
7.90422e-05 0.00676157
7.91212e-05 0.00674451
7.92003e-05 0.00672718
7.92795e-05 0.00670963
7.93588e-05 0.00669269
7.94381e-05 0.00667535
7.95175e-05 0.00665857
7.9597e-05 0.00664157
7.96766e-05 0.00662441
7.97562e-05 0.00660785
7.9836e-05 0.00659088
7.99158e-05 0.00657414
7.99957e-05 0.00655757
8.00756e-05 0.00654079
8.01557e-05 0.00652412
8.02358e-05 0.00650753
8.03161e-05 0.00649096
8.03964e-05 0.00647433
8.04767e-05 0.00645773
8.05572e-05 0.00644144
8.06377e-05 0.00642503
8.07183e-05 0.00640903
8.0799e-05 0.00639263
8.08798e-05 0.00637606
8.09607e-05 0.00636018
8.10416e-05 0.00634395
8.11226e-05 0.00632817
8.12037e-05 0.0063119
8.12849e-05 0.00629613
8.13662e-05 0.00627981
8.14475e-05 0.00626404
8.15289e-05 0.00624797
8.16104e-05 0.0062323
8.1692e-05 0.00621665
8.17737e-05 0.00620098
8.18555e-05 0.00618552
8.19373e-05 0.00618625
8.20192e-05 0.00620142
8.21012e-05 0.00618613
8.21833e-05 0.00508428
8.22654e-05 0.00506971
8.23477e-05 0.00505562
8.243e-05 0.00504091
8.25124e-05 0.00502654
8.25949e-05 0.00501258
8.26775e-05 0.00499844
8.27601e-05 0.00498416
8.28429e-05 0.00497016
8.29257e-05 0.0049561
8.30086e-05 0.00494216
8.30916e-05 0.004928
8.31747e-05 0.00491331
8.32578e-05 0.00489889
8.3341e-05 0.00488435
8.34244e-05 0.00486922
8.35078e-05 0.00485422
8.35913e-05 0.00483933
8.37586e-05 0.00480848
8.40102e-05 0.00476123
8.42626e-05 0.00471194
8.45157e-05 0.00466604
8.47696e-05 0.00461983
8.50242e-05 0.00457499
8.52797e-05 0.00454102
8.55358e-05 0.00448724
8.57928e-05 0.00446848
8.60505e-05 0.00727525
8.6309e-05 0.00442593
8.65683e-05 0.00432604
8.68283e-05 0.00785587
8.70892e-05 0.00434981
8.73508e-05 0.00423606
8.76132e-05 0.00851515
8.78764e-05 0.004246
8.81404e-05 0.00423524
8.84052e-05 0.00412988
8.86708e-05 0.00942927
8.89372e-05 0.0040856
8.92043e-05 0.00410946
8.94723e-05 0.00408113
8.97411e-05 0.00402088
9.00107e-05 0.00387095
9.02811e-05 0.0106799
9.05523e-05 0.00391153
9.08243e-05 0.00391868
9.10972e-05 0.00389036
9.13708e-05 0.0038576
9.16453e-05 0.00381683
9.19206e-05 0.003749
9.21967e-05 0.00359969
9.24737e-05 0.0106485
9.27515e-05 0.00366845
9.30302e-05 0.00366335
9.33096e-05 0.00363924
9.35899e-05 0.00365177
9.38711e-05 0.00357853
9.41531e-05 0.00355093
9.44359e-05 0.00351922
9.47196e-05 0.00348383
9.50042e-05 0.00343412
9.52896e-05 0.0033219
9.55758e-05 0.0126438
9.58629e-05 0.00348356
9.61509e-05 0.00333896
9.64398e-05 0.00331932
9.67295e-05 0.00329457
9.70201e-05 0.00326843
9.73115e-05 0.00324263
9.76039e-05 0.00321626
9.78971e-05 0.00318965
9.81912e-05 0.00316323
9.84861e-05 0.00313737
9.8782e-05 0.00311076
9.90787e-05 0.00308425
9.93764e-05 0.00305727
9.96749e-05 0.00302804
9.99744e-05 0.00298237
0.000100275 0.00291733
0.000100576 0.0161802
0.000100878 0.00305199
0.000101181 0.00309581
0.000101485 0.00286641
0.00010179 0.0028632
0.000102096 0.00284264
0.000102402 0.00282039
0.00010271 0.0027977
0.000103019 0.00277517
0.000103328 0.00275333
0.000103638 0.00273073
0.00010395 0.00272042
0.000104262 0.00268694
0.000104575 0.00266535
0.000104889 0.00264411
0.000105205 0.00262338
0.000105521 0.00260222
0.000105838 0.0025814
0.000106156 0.00256075
0.000106474 0.00254034
0.000106794 0.00252011
0.000107115 0.00250005
0.000107437 0.0024798
0.00010776 0.00245942
0.000108083 0.00243769
0.000108408 0.00241497
0.000108734 0.0522991
0.00010906 0.00229868
0.000109388 0.0216702
0.000109717 0.00255877
0.000110046 0.00230881
0.000110377 0.00230417
0.000110708 0.00228903
0.000111041 0.00227252
0.000111375 0.00225574
0.000111709 0.00223858
0.000112045 0.00222069
0.000112381 0.00220317
0.000112719 0.00218603
0.000113058 0.00216932
0.000113397 0.00215234
0.000113738 0.00213554
0.000114079 0.002119
0.000114422 0.00210267
0.000114766 0.00208653
0.000115111 0.00207036
0.000115456 0.00205442
0.000115803 0.0020386
0.000116151 0.00206928
0.0001165 0.00200745
0.00011685 0.00199221
0.000117201 0.00197674
0.000117553 0.00196153
0.000117906 0.00194656
0.000118261 0.00193176
0.000118616 0.00191713
0.000118972 0.00190241
0.00011933 0.00188798
0.000119688 0.00187355
0.000120048 0.00185953
0.000120408 0.00184548
0.00012077 0.00183171
0.000121133 0.00181768
0.000121497 0.00180406
0.000121862 0.00179058
0.000122228 0.0017769
0.000122595 0.00176349
0.000122963 0.00175035
0.000123333 0.00173736
0.000123703 0.00172437
0.000124075 0.00171136
0.000124447 0.00169859
0.000124821 0.00168614
0.000125196 0.0016734
0.000125572 0.00166269
0.00012595 0.00164862
0.000126328 0.00163599
0.000126707 0.00162328
0.000127088 0.00160982
0.00012747 0.00159241
0.000127853 0.00156746
0.000128237 0.0310339
0.000128622 0.00191521
0.000129009 0.00154787
0.000129396 0.00154026
0.000129785 0.00152966
0.000130175 0.00151947
0.000130566 0.00150887
0.000130958 0.00149783
0.000131351 0.00148689
0.000131746 0.00147614
0.000132142 0.00146567
0.000132539 0.00145434
0.000132937 0.00144389
0.000133336 0.00143361
0.000133737 0.00142334
0.000134138 0.00141309
0.000134541 0.00140283
0.000134946 0.00139257
0.000135351 0.00138243
0.000135758 0.00137257
0.000136165 0.00136287
0.000136575 0.00135288
0.000136985 0.00134316
0.000137396 0.00133356
0.000137809 0.00132404
0.000138223 0.00131458
0.000138638 0.00130517
0.000139055 0.00129586
0.000139472 0.00128665
0.000139891 0.00127749
0.000140312 0.0012684
0.000140733 0.00125942
0.000141156 0.00125049
0.00014158 0.00124165
0.000142005 0.00123288
0.000142432 0.00122416
0.00014286 0.00121551
0.000143289 0.00120696
0.000143719 0.00119847
0.000144151 0.00119003
0.000144584 0.00118167
0.000145019 0.00117339
0.000145454 0.00116518
0.000145891 0.0011545
0.000146329 0.000999882
0.000146769 0.000992372
0.00014721 0.000985085
0.000147652 0.000977866
0.000148096 0.000970672
0.000148541 0.000963559
0.000148987 0.000956479
0.000149434 0.000949423
0.000149883 0.000942411
0.000150334 0.000935418
0.000150785 0.000928445
0.000151238 0.000921444
0.000151693 0.000914438
0.000152148 0.00090754
0.000152605 0.000900749
0.000153064 0.000893844
0.000153524 0.000887302
0.000153985 0.000880437
0.000154447 0.000873903
0.000154911 0.000867849
0.000155377 0.000860929
0.000155843 0.000854566
0.000156312 0.000849956
0.000156781 0.000841782
0.000157252 0.000835345
0.000157725 0.000832532
0.000158198 0.000826082
0.000158674 0.00155624
0.00015915 0.000812215
0.000159628 0.000810376
0.000160108 0.000804362
0.000160589 0.000796824
0.000161071 0.00169056
0.000161555 0.000782968
0.000162041 0.000780319
0.000162527 0.000777126
0.000163016 0.000770176
0.000163505 0.000762883
0.000163996 0.00185068
0.000164489 0.000750654
0.000164983 0.000747121
0.000165479 0.000745044
0.000165976 0.000740371
0.000166475 0.000734966
0.000166975 0.00072789
0.000167476 0.000720666
0.000167979 0.00206705
0.000168484 0.000707729
0.00016899 0.000705806
0.000169498 0.000704165
0.000170007 0.000699944
0.000170518 0.000695269
0.00017103 0.000690404
0.000171544 0.000685448
0.000172059 0.000680193
0.000172576 0.000674092
0.000173094 0.000665139
0.000173614 0.00234247
0.000174136 0.000657219
0.000174659 0.000655469
0.000175184 0.000652105
0.00017571 0.000648311
0.000176238 0.000643979
0.000176767 0.000639626
0.000177298 0.000635258
0.000177831 0.000630865
0.000178365 0.000626475
0.000178901 0.000622098
0.000179438 0.000617721
0.000179978 0.000613151
0.000180518 0.000607987
0.00018106 0.000600617
0.000181604 0.00229549
0.00018215 0.000592435
0.000182697 0.000590485
0.000183246 0.00058788
0.000183796 0.000584577
0.000184349 0.00058074
0.000184902 0.000576795
0.000185458 0.000572772
0.000186015 0.000568473
0.000186574 0.000602232
0.000187134 0.000569463
0.000187696 0.0414623
0.00018826 0.00102591
0.000188826 0.00054927
0.000189393 0.000546149
0.000189962 0.000542683
0.000190533 0.00053913
0.000191105 0.000535518
0.000191679 0.000531887
0.000192255 0.000528199
0.000192833 0.000524269
0.000193412 0.000519915
0.000193993 0.000512513
0.000194576 0.00269766
0.00019516 0.000536634
0.000195746 0.000504937
0.000196335 0.000503481
0.000196924 0.000500775
0.000197516 0.000497536
0.000198109 0.000494277
0.000198704 0.00049102
0.000199301 0.000487779
0.0001999 0.000484536
0.000200501 0.000481333
0.000201103 0.000478176
0.000201707 0.000475032
0.000202313 0.000471893
0.000202921 0.000468799
0.00020353 0.000465736
0.000204142 0.000462696
0.000204755 0.000459668
0.00020537 0.000456655
0.000205987 0.00108063
0.000206606 0.000450719
0.000207226 0.000447769
0.000207849 0.000444857
0.000208473 0.000441978
0.0002091 0.0004391
0.000209728 0.000436243
0.000210358 0.000433411
0.00021099 0.000430604
0.000211624 0.000427821
0.000212259 0.000425063
0.000212897 0.000422309
0.000213537 0.000419551
0.000214178 0.000416748
0.000214821 0.000413843
0.000215467 0.000410634
0.000216114 0.000406085
0.000216763 0.00331911
0.000217414 0.000439069
0.000218068 0.000400551
0.000218723 0.000398369
0.00021938 0.000395927
0.000220039 0.000393433
0.0002207 0.000390931
0.000221363 0.000388432
0.000222028 0.000385961
0.000222695 0.000383507
0.000223364 0.000381058
0.000224035 0.000378633
0.000224708 0.000376223
0.000225383 0.000373821
0.00022606 0.000371476
0.000226739 0.000369136
0.00022742 0.000366788
0.000228103 0.000363815
0.000228789 0.000330288
0.000229476 0.000328173
0.000230165 0.000326064
0.000230857 0.000323973
0.00023155 0.000321905
0.000232246 0.00031984
0.000232944 0.000317801
0.000233643 0.000315779
0.000234345 0.000313759
0.000235049 0.000311744
0.000235755 0.000309746
0.000236464 0.000307777
0.000237174 0.00030584
0.000237886 0.00030389
0.000238601 0.000301936
0.000239318 0.000300013
0.000240037 0.000298121
0.000240758 0.000296229
0.000241481 0.000294325
0.000242207 0.000292448
0.000242934 0.000290603
0.000243664 0.000288768
0.000244396 0.000286912
0.00024513 0.000285116
0.000245866 0.000283299
0.000246605 0.000281472
0.000247346 0.000279731
0.000248089 0.000277999
0.000248834 0.000276221
0.000249582 0.000274474
0.000250332 0.000273047
0.000251083 0.000271329
0.000251838 0.000269429
0.000252594 0.000267554
0.000253353 0.000266047
0.000254114 0.000264518
0.000254878 0.000262853
0.000255643 0.000261042
0.000256411 0.000259192
0.000257182 0.000257811
0.000257954 0.000256419
0.000258729 0.000254892
0.000259506 0.000253248
0.000260286 0.000251435
0.000261068 0.0004969
0.000261852 0.000247455
0.000262639 0.00412925
0.000263428 0.000289512
0.000264219 0.000243946
0.000265013 0.00024257
0.000265809 0.000241018
0.000266607 0.000239295
0.000267408 0.000540536
0.000268212 0.000236292
0.000269017 0.000235154
0.000269826 0.000233849
0.000270636 0.000232469
0.000271449 0.000231071
0.000272265 0.000229636
0.000273082 0.000228205
0.000273903 0.000226728
0.000274726 0.000225071
0.000275551 0.000589482
0.000276379 0.000222152
0.000277209 0.000221149
0.000278042 0.000219965
0.000278877 0.000218685
0.000279715 0.000217382
0.000280555 0.000216072
0.000281398 0.000214759
0.000282243 0.000213462
0.000283091 0.000212164
0.000283942 0.000210909
0.000284795 0.000209547
0.00028565 0.000208167
0.000286508 0.000206618
0.000287369 0.000645568
0.000288232 0.000204174
0.000289098 0.000203244
0.000289967 0.000202108
0.000290838 0.000200922
0.000291711 0.000199725
0.000292588 0.000198528
0.000293467 0.000197339
0.000294348 0.000196154
0.000295233 0.000194978
0.000296119 0.000193813
0.000297009 0.000192655
0.000297901 0.000191504
0.000298796 0.00019036
0.000299694 0.000189221
0.000300594 0.000188079
0.000301497 0.000186921
0.000302403 0.000185681
0.000303311 0.000184168
0.000304222 0.000719781
0.000305136 0.000182307
0.000306053 0.000181415
0.000306972 0.000180389
0.000307895 0.000179334
0.000308819 0.000187466
0.000309747 0.000177218
0.000310678 0.000176168
0.000311611 0.000175129
0.000312547 0.000174093
0.000313486 0.000173064
0.000314428 0.000172043
0.000315372 0.000171028
0.00031632 0.000170017
0.00031727 0.000169018
0.000318223 0.000168023
0.000319179 0.000167035
0.000320138 0.00016605
0.0003211 0.000165109
0.000322064 0.000164106
0.000323032 0.000163144
0.000324002 0.000162185
0.000324975 0.000161229
0.000325952 0.00016027
0.000326931 0.000159297
0.000327913 0.000157992
0.000328898 0.000148034
0.000329886 0.000669849
0.000330877 0.000146495
0.000331871 0.000145718
0.000332868 0.00014493
0.000333868 0.000144099
0.000334871 0.000143261
0.000335877 0.000142425
0.000336886 0.000141592
0.000337898 0.000140765
0.000338913 0.000139943
0.000339931 0.000139128
0.000340953 0.000138318
0.000341977 0.000137512
0.000343004 0.00013671
0.000344035 0.000135914
0.000345068 0.000135122
0.000346105 0.000134337
0.000347144 0.000133556
0.000348187 0.000132778
0.000349233 0.000132006
0.000350282 0.000131241
0.000351335 0.00013048
0.00035239 0.000129722
0.000353449 0.000128971
0.00035451 0.000128224
0.000355575 0.000127481
0.000356644 0.000126743
0.000357715 0.000126009
0.00035879 0.00012528
0.000359867 0.000124556
0.000360948 0.000123836
0.000362033 0.00012312
0.00036312 0.000122409
0.000364211 0.0001217
0.000365305 0.000120998
0.000366403 0.000120308
0.000367504 0.000119613
0.000368607 0.000118914
0.000369715 0.000118227
0.000370825 0.000117545
0.000371939 0.000116812
0.000373057 0.000116077
0.000374178 0.000749886
0.000375302 0.000122951
0.000376429 0.000114174
0.00037756 0.000113573
0.000378694 0.000112931
0.000379832 0.000112274
0.000380973 0.000111616
0.000382117 0.000110977
0.000383265 0.00011035
0.000384416 0.000109739
0.000385571 0.000109123
0.00038673 0.000108501
0.000387891 0.000107872
0.000389057 0.00010724
0.000390225 0.000106605
0.000391398 0.000105994
0.000392573 0.000105421
0.000393753 0.00010484
0.000394936 0.000104255
0.000396122 0.000103665
0.000397312 0.000103075
0.000398506 0.000102487
0.000399703 0.000101881
0.000400903 0.000101268
0.000402108 0.000197748
0.000403316 0.000100081
0.000404527 9.94584e-05
0.000405743 0.00433593
0.000406961 0.000143658
0.000408184 9.7912e-05
0.00040941 9.73697e-05
0.00041064 9.68212e-05
0.000411874 9.62704e-05
0.000413111 9.57194e-05
0.000414352 9.5168e-05
0.000415597 9.46023e-05
0.000416845 0.000211962
0.000418098 9.35246e-05
0.000419353 9.303e-05
0.000420613 9.25198e-05
0.000421877 9.20058e-05
0.000423144 9.14888e-05
0.000424415 9.09718e-05
0.00042569 9.04589e-05
0.000426969 8.99491e-05
0.000428252 8.94437e-05
0.000429538 8.89409e-05
0.000430829 8.84399e-05
0.000432123 8.79407e-05
0.000433421 8.74424e-05
0.000434723 8.69422e-05
0.000436029 8.64146e-05
0.000437339 0.00022776
0.000438653 8.5445e-05
0.00043997 8.49904e-05
0.000441292 8.45331e-05
0.000442618 8.40659e-05
0.000443948 8.35954e-05
0.000445281 8.31278e-05
0.000446619 8.25988e-05
0.000447961 7.91129e-05
0.000449306 7.86707e-05
0.000450656 7.82298e-05
0.00045201 7.77922e-05
0.000453368 7.73563e-05
0.00045473 7.69221e-05
0.000456096 7.64912e-05
0.000457466 7.60634e-05
0.00045884 7.56382e-05
0.000460219 7.52125e-05
0.000461601 7.47961e-05
0.000462988 7.43511e-05
0.000464379 8.24948e-05
0.000465774 0.000814514
0.000467173 0.000241369
0.000468576 7.26874e-05
0.000469984 7.23079e-05
0.000471396 7.1917e-05
0.000472812 7.15207e-05
0.000474232 7.11235e-05
0.000475657 7.07275e-05
0.000477086 7.32344e-05
0.000478519 6.99423e-05
0.000479957 6.95531e-05
0.000481398 6.91663e-05
0.000482845 6.87817e-05
0.000484295 6.83996e-05
0.00048575 6.80193e-05
0.000487209 6.76411e-05
0.000488673 6.72655e-05
0.000490141 6.6892e-05
0.000491613 6.65205e-05
0.00049309 6.61512e-05
0.000494571 6.57842e-05
0.000496057 6.54195e-05
0.000497547 6.5057e-05
0.000499042 6.46963e-05
0.000500541 6.43375e-05
0.000502045 6.3981e-05
0.000503553 6.36265e-05
0.000505066 6.32739e-05
0.000506583 6.29236e-05
0.000508105 6.25735e-05
0.000509631 6.22207e-05
0.000511162 6.18601e-05
0.000512698 0.000258199
0.000514238 6.11691e-05
0.000515783 6.08547e-05
0.000517332 6.05252e-05
0.000518886 6.01925e-05
0.000520445 5.98602e-05
0.000522008 5.95296e-05
0.000523577 5.92008e-05
0.00052515 5.88742e-05
0.000526727 5.85491e-05
0.00052831 5.82258e-05
0.000529897 5.79045e-05
0.000531488 5.75853e-05
0.000533085 5.72676e-05
0.000534686 5.6952e-05
0.000536293 5.66379e-05
0.000537904 5.63259e-05
0.00053952 5.60156e-05
0.00054114 5.57071e-05
0.000542766 5.54001e-05
0.000544397 5.5095e-05
0.000546032 5.47919e-05
0.000547672 5.44903e-05
0.000549318 5.41902e-05
0.000550968 5.38919e-05
0.000552623 5.35956e-05
0.000554283 5.33008e-05
0.000555948 5.30078e-05
0.000557618 5.27162e-05
0.000559294 5.24263e-05
0.000560974 5.21382e-05
0.000562659 5.18519e-05
0.000564349 5.15671e-05
0.000566044 5.12836e-05
0.000567745 5.10019e-05
0.00056945 5.07221e-05
0.000571161 5.04438e-05
0.000572877 5.0167e-05
0.000574598 4.98912e-05
0.000576324 4.96175e-05
0.000578055 4.93454e-05
0.000579792 4.90746e-05
0.000581534 4.88053e-05
0.000583281 4.85105e-05
0.000585033 4.70514e-05
0.00058679 4.67916e-05
0.000588553 4.65277e-05
0.000590321 0.000226027
0.000592095 4.60086e-05
0.000593873 4.5773e-05
0.000595657 9.04997e-05
0.000597447 4.52787e-05
0.000599242 4.50322e-05
0.000601042 4.47848e-05
0.000602847 4.45401e-05
0.000604658 4.42966e-05
0.000606475 4.40544e-05
0.000608297 4.38135e-05
0.000610124 4.35742e-05
0.000611957 4.3336e-05
0.000613795 4.30992e-05
0.000615639 4.28638e-05
0.000617489 4.26298e-05
0.000619344 4.23972e-05
0.000621204 4.21655e-05
0.00062307 4.19355e-05
0.000624942 4.17066e-05
0.000626819 4.14791e-05
0.000628702 9.46667e-05
0.000630591 4.10277e-05
0.000632485 4.08038e-05
0.000634386 4.05811e-05
0.000636291 4.03601e-05
0.000638203 4.01401e-05
0.00064012 3.99213e-05
0.000642043 3.97035e-05
0.000643972 3.94871e-05
0.000645906 3.9272e-05
0.000647847 3.9058e-05
0.000649793 3.88453e-05
0.000651745 3.86336e-05
0.000653703 3.8423e-05
0.000655666 3.82139e-05
0.000657636 3.80059e-05
0.000659612 3.7799e-05
0.000661593 3.75932e-05
0.000663581 3.73884e-05
0.000665574 3.71848e-05
0.000667574 3.69825e-05
0.000669579 3.67814e-05
0.000671591 3.65812e-05
0.000673608 3.6382e-05
0.000675632 3.61841e-05
0.000677661 9.67424e-05
0.000679697 3.57916e-05
0.000681739 3.55968e-05
0.000683787 3.54032e-05
0.000685841 3.52108e-05
0.000687901 3.50195e-05
0.000689968 3.48292e-05
0.000692041 3.464e-05
0.00069412 3.44518e-05
0.000696205 3.42646e-05
0.000698296 3.40943e-05
0.000700394 3.38932e-05
0.000702498 3.37091e-05
0.000704608 3.35259e-05
0.000706725 3.33437e-05
0.000708848 3.31628e-05
0.000710978 3.29827e-05
0.000713113 3.28036e-05
0.000715256 3.26254e-05
0.000717404 3.24484e-05
0.00071956 3.22722e-05
0.000721721 3.20969e-05
0.000723889 3.19227e-05
0.000726064 3.17495e-05
0.000728245 3.15771e-05
0.000730433 3.14057e-05
0.000732627 3.12448e-05
0.000734828 3.1066e-05
0.000737035 3.08974e-05
0.00073925 3.07175e-05
0.00074147 3.0031e-05
0.000743698 2.99221e-05
0.000745932 0.000743151
0.000748173 3.6928e-05
0.00075042 0.000221701
0.000752675 9.7813e-05
0.000754936 3.13449e-05
0.000757204 2.8909e-05
0.000759478 2.87528e-05
0.00076176 2.85971e-05
0.000764048 2.84423e-05
0.000766344 2.82884e-05
0.000768646 2.81354e-05
0.000770955 2.79832e-05
0.000773271 2.78317e-05
0.000775594 2.76811e-05
0.000777924 2.75314e-05
0.000780261 2.73823e-05
0.000782605 2.72341e-05
0.000784956 2.70867e-05
0.000787314 2.69402e-05
0.000789679 2.67948e-05
0.000792051 2.66496e-05
0.00079443 2.65055e-05
0.000796817 2.63621e-05
0.000799211 2.62196e-05
0.000801612 2.60777e-05
0.00080402 2.59367e-05
0.000806435 2.57965e-05
0.000808858 2.56569e-05
0.000811288 2.55181e-05
0.000813725 2.53803e-05
0.000816169 2.52432e-05
0.000818621 2.51069e-05
0.00082108 2.49711e-05
0.000823547 2.48361e-05
0.000826021 2.47019e-05
0.000828502 2.45684e-05
0.000830991 2.44357e-05
0.000833488 2.43036e-05
0.000835992 2.41723e-05
0.000838503 2.40416e-05
0.000841022 2.39118e-05
0.000843548 2.37826e-05
0.000846082 2.36541e-05
0.000848624 2.35264e-05
0.000851173 2.33993e-05
0.00085373 2.32729e-05
0.000856295 2.31472e-05
0.000858868 2.30222e-05
0.000861448 2.28978e-05
0.000864035 2.27742e-05
0.000866631 4.4942e-05
0.000869235 2.25289e-05
0.000871846 2.24072e-05
0.000874465 2.22862e-05
0.000877092 9.7277e-05
0.000879727 2.20462e-05
0.000882369 2.19272e-05
0.00088502 2.18088e-05
0.000887679 2.16911e-05
0.000890346 2.15739e-05
0.00089302 2.14576e-05
0.000895703 2.13417e-05
0.000898394 2.13459e-05
0.000901093 2.11119e-05
0.000903799 2.09981e-05
0.000906515 2.08846e-05
0.000909238 2.0772e-05
0.000911969 2.06599e-05
0.000914709 2.02971e-05
0.000917457 2.01877e-05
0.000920213 2.00789e-05
0.000922977 1.99707e-05
0.00092575 1.98631e-05
0.000928531 1.9756e-05
0.00093132 1.96496e-05
0.000934118 1.95437e-05
0.000936924 1.94383e-05
0.000939739 4.37597e-05
0.000942562 1.92294e-05
0.000945394 1.91257e-05
0.000948234 1.90226e-05
0.000951082 1.892e-05
0.000953939 1.88181e-05
0.000956805 1.87166e-05
0.000959679 1.86158e-05
0.000962562 1.85155e-05
0.000965454 1.84157e-05
0.000968354 1.83165e-05
0.000971263 1.82179e-05
0.000974181 1.81198e-05
0.000977108 1.80221e-05
0.000980043 1.79251e-05
0.000982987 1.78285e-05
0.00098594 1.77324e-05
0.000988902 1.76369e-05
0.000991873 1.75419e-05
0.000994852 1.74474e-05
0.000997841 1.73534e-05
0.00100084 1.72598e-05
0.00100385 1.71668e-05
0.00100686 1.70744e-05
0.00100989 1.69824e-05
0.00101292 1.6891e-05
0.00101596 1.68e-05
0.00101901 1.67096e-05
0.00102208 1.66194e-05
0.00102515 1.65299e-05
0.00102823 1.64409e-05
0.00103131 1.63525e-05
0.00103441 1.62644e-05
0.00103752 1.61767e-05
0.00104064 1.60896e-05
0.00104376 1.6003e-05
0.0010469 1.59168e-05
0.00105004 4.28452e-05
0.0010532 1.60358e-05
0.00105636 1.56611e-05
0.00105954 1.55766e-05
0.00106272 1.54928e-05
0.00106591 1.54093e-05
0.00106911 1.53264e-05
0.00107232 1.52439e-05
0.00107555 1.51617e-05
0.00107878 1.50801e-05
0.00108202 1.49989e-05
0.00108527 1.49181e-05
0.00108853 1.48378e-05
0.0010918 1.47579e-05
0.00109508 1.46784e-05
0.00109837 1.45994e-05
0.00110167 1.45207e-05
0.00110498 1.44419e-05
0.0011083 1.42357e-05
0.00111163 1.41591e-05
0.00111497 1.40829e-05
0.00111831 1.40073e-05
0.00112167 1.39319e-05
0.00112504 1.3857e-05
0.00112842 1.37824e-05
0.00113181 7.4148e-05
0.00113521 1.36345e-05
0.00113862 1.35612e-05
0.00114204 1.34883e-05
0.00114548 1.34156e-05
0.00114892 1.33434e-05
0.00115237 1.32717e-05
0.00115583 1.32003e-05
0.0011593 1.31293e-05
0.00116278 1.30587e-05
0.00116628 1.29884e-05
0.00116978 1.29186e-05
0.00117329 1.285e-05
0.00117682 1.278e-05
0.00118036 1.27112e-05
0.0011839 1.26428e-05
0.00118746 1.25748e-05
0.00119102 1.25072e-05
0.0011946 1.24399e-05
0.00119819 1.2373e-05
0.00120179 1.23065e-05
0.0012054 1.22403e-05
0.00120902 1.21744e-05
0.00121265 1.2109e-05
0.0012163 1.20438e-05
0.00121995 1.1979e-05
0.00122362 1.19145e-05
0.00122729 1.18505e-05
0.00123098 1.17867e-05
0.00123468 1.34324e-05
0.00123839 0.000173766
0.00124211 4.02388e-05
0.00124584 1.15351e-05
0.00124958 1.14731e-05
0.00125333 1.14114e-05
0.0012571 1.135e-05
0.00126088 2.18467e-05
0.00126466 1.12283e-05
0.00126846 1.11679e-05
0.00127227 1.11078e-05
0.00127609 1.10481e-05
0.00127993 1.09886e-05
0.00128377 1.09481e-05
0.00128763 1.08707e-05
0.0012915 1.08122e-05
0.00129538 1.0754e-05
0.00129927 1.06962e-05
0.00130317 1.06386e-05
0.00130709 1.05814e-05
0.00131101 1.05247e-05
0.00131495 1.04675e-05
0.0013189 1.03412e-05
0.00132286 1.02856e-05
0.00132684 1.02303e-05
0.00133082 1.01753e-05
0.00133482 1.01206e-05
0.00133883 1.00662e-05
0.00134285 1.00121e-05
0.00134689 9.95824e-06
0.00135093 9.90476e-06
0.00135499 9.85147e-06
0.00135906 9.79852e-06
0.00136315 9.7458e-06
0.00136724 9.69342e-06
0.00137135 9.6413e-06
0.00137547 9.58945e-06
0.0013796 9.53792e-06
0.00138374 9.48666e-06
0.0013879 9.43563e-06
0.00139207 9.38491e-06
0.00139625 9.33446e-06
0.00140045 9.28423e-06
0.00140465 9.23436e-06
0.00140887 9.18471e-06
0.00141311 9.13528e-06
0.00141735 2.0718e-05
0.00142161 9.03731e-06
0.00142588 8.98874e-06
0.00143016 8.94106e-06
0.00143446 8.89274e-06
0.00143877 8.84451e-06
0.00144309 8.79697e-06
0.00144743 8.74965e-06
0.00145177 8.70262e-06
0.00145614 8.65578e-06
0.00146051 8.60927e-06
0.0014649 8.56295e-06
0.0014693 8.5169e-06
0.00147371 8.47112e-06
0.00147814 8.42556e-06
0.00148258 8.38026e-06
0.00148703 8.3352e-06
0.0014915 8.29037e-06
0.00149598 8.24579e-06
0.00150048 8.20141e-06
0.00150498 8.15735e-06
0.0015095 8.11347e-06
0.00151404 8.06982e-06
0.00151859 8.0264e-06
0.00152315 7.98325e-06
0.00152772 7.94035e-06
0.00153231 7.89762e-06
0.00153692 7.85513e-06
0.00154153 7.81286e-06
0.00154616 7.73054e-06
0.00155081 7.68895e-06
0.00155547 7.99916e-06
0.00156014 7.60653e-06
0.00156483 7.56561e-06
0.00156953 7.52495e-06
0.00157424 7.48452e-06
0.00157897 7.44428e-06
0.00158372 7.40423e-06
0.00158847 7.36445e-06
0.00159325 7.32482e-06
0.00159803 7.28547e-06
0.00160283 7.2463e-06
0.00160765 7.20731e-06
0.00161248 7.16856e-06
0.00161732 7.13004e-06
0.00162218 3.47033e-05
0.00162705 7.05358e-06
0.00163194 7.01565e-06
0.00163684 6.97793e-06
0.00164176 6.9404e-06
0.00164669 6.90309e-06
0.00165164 6.86595e-06
0.0016566 6.82904e-06
0.00166158 6.79229e-06
0.00166657 6.75579e-06
0.00167158 6.71944e-06
0.0016766 6.6833e-06
0.00168163 6.6474e-06
0.00168669 1.86031e-05
0.00169175 6.57608e-06
0.00169684 6.54069e-06
0.00170193 6.50554e-06
0.00170705 6.47052e-06
0.00171217 6.43575e-06
0.00171732 6.40112e-06
0.00172248 6.36668e-06
0.00172765 6.33246e-06
0.00173284 6.29839e-06
0.00173805 6.2645e-06
0.00174327 6.23081e-06
0.0017485 6.19732e-06
0.00175376 6.16396e-06
0.00175903 6.13081e-06
0.00176431 6.09783e-06
0.00176961 6.06504e-06
0.00177493 6.03239e-06
0.00178026 5.99996e-06
0.00178561 5.96767e-06
0.00179097 5.9258e-06
0.00179635 5.87967e-06
0.00180175 5.84805e-06
0.00180716 5.81662e-06
0.00181259 5.78533e-06
0.00181803 5.75423e-06
0.00182349 5.72328e-06
0.00182897 5.6925e-06
0.00183447 5.66188e-06
0.00183998 5.63143e-06
0.00184551 5.60113e-06
0.00185105 5.57102e-06
0.00185661 5.54107e-06
0.00186219 1.07861e-05
0.00186778 5.64488e-06
0.00187339 5.45215e-06
0.00187902 5.42281e-06
0.00188467 5.39363e-06
0.00189033 5.36463e-06
0.00189601 5.33577e-06
0.0019017 5.30707e-06
0.00190741 5.13499e-05
0.00191314 5.76657e-06
0.00191889 5.2219e-06
0.00192466 5.19379e-06
0.00193044 5.16586e-06
0.00193624 5.13806e-06
0.00194205 5.11044e-06
0.00194789 5.08293e-06
0.00195374 5.05559e-06
0.00195961 5.02839e-06
0.0019655 5.00132e-06
0.0019714 4.97442e-06
0.00197732 4.94768e-06
0.00198326 4.92106e-06
0.00198922 4.89457e-06
0.0019952 4.86823e-06
0.00200119 4.84204e-06
0.0020072 4.81598e-06
0.00201323 4.79007e-06
0.00201928 4.7643e-06
0.00202535 4.73864e-06
0.00203143 4.71316e-06
0.00203753 4.68843e-06
0.00204365 4.66257e-06
0.00204979 4.63747e-06
0.00205595 4.59761e-06
0.00206213 4.57287e-06
0.00206832 4.54828e-06
0.00207453 4.52381e-06
0.00208077 4.49946e-06
0.00208702 4.47526e-06
0.00209329 4.45117e-06
0.00209958 4.42722e-06
0.00210588 4.40341e-06
0.00211221 4.37972e-06
0.00211855 4.35617e-06
0.00212492 4.33271e-06
0.0021313 4.30941e-06
0.0021377 4.28621e-06
0.00214413 4.26315e-06
0.00215057 4.2402e-06
0.00215703 4.21738e-06
0.00216351 4.19468e-06
0.00217001 4.17211e-06
0.00217653 4.14966e-06
0.00218306 4.13102e-06
0.00218962 4.10513e-06
0.0021962 4.08303e-06
0.0022028 4.06105e-06
0.00220942 4.0392e-06
0.00221605 4.01746e-06
0.00222271 3.99583e-06
0.00222939 3.97432e-06
0.00223608 1.51456e-05
0.0022428 9.30446e-06
0.00224954 3.91049e-06
0.0022563 3.88943e-06
0.00226308 3.86849e-06
0.00226987 3.8477e-06
0.00227669 3.82697e-06
0.00228353 3.80637e-06
0.00229039 3.78602e-06
0.00229727 3.7655e-06
0.00230417 3.74523e-06
0.0023111 3.72505e-06
0.00231804 3.70501e-06
0.002325 3.68506e-06
0.00233199 3.6652e-06
0.00233899 3.64548e-06
0.00234602 3.62584e-06
0.00235307 3.60633e-06
0.00236014 3.5869e-06
0.00236723 3.56759e-06
0.00237434 3.54838e-06
0.00238147 3.52929e-06
0.00238862 3.51028e-06
0.0023958 3.49137e-06
0.002403 3.47257e-06
0.00241022 3.45388e-06
0.00241746 3.43527e-06
0.00242472 3.41676e-06
0.002432 3.39867e-06
0.00243931 3.38006e-06
0.00244664 3.36186e-06
0.00245399 3.34524e-06
0.00246136 3.32574e-06
0.00246875 3.30784e-06
0.00247617 3.29001e-06
0.00248361 3.2723e-06
0.00249107 3.25467e-06
0.00249855 3.23715e-06
0.00250606 3.21971e-06
0.00251359 3.20236e-06
0.00252114 3.1851e-06
0.00252871 3.16796e-06
0.00253631 3.15088e-06
0.00254393 3.13391e-06
0.00255157 3.11703e-06
0.00255923 3.10024e-06
0.00256692 3.08354e-06
0.00257463 3.06692e-06
0.00258237 3.0504e-06
0.00259012 3.06202e-06
0.00259791 3.04097e-06
0.00260571 3.00136e-06
0.00261354 2.98519e-06
0.00262139 2.96911e-06
0.00262926 2.95311e-06
0.00263716 2.9372e-06
0.00264508 2.92138e-06
0.00265303 2.90563e-06
0.002661 2.88997e-06
0.00266899 2.8744e-06
0.00267701 2.85891e-06
0.00268505 2.8435e-06
0.00269312 2.82818e-06
0.00270121 2.81294e-06
0.00270933 2.79777e-06
0.00271746 2.78271e-06
0.00272563 2.7677e-06
0.00273382 2.75278e-06
0.00274203 2.73795e-06
0.00275027 2.72319e-06
0.00275853 2.70852e-06
0.00276682 2.6939e-06
0.00277513 2.67939e-06
0.00278346 1.82671e-05
0.00279183 2.65058e-06
0.00280021 2.6363e-06
0.00280862 2.62209e-06
0.00281706 2.60795e-06
0.00282552 2.5939e-06
0.00283401 2.57991e-06
0.00284253 2.566e-06
0.00285107 2.55216e-06
0.00285963 2.53841e-06
0.00286822 2.52472e-06
0.00287684 2.5111e-06
0.00288548 5.06351e-06
0.00289415 2.4841e-06
0.00290284 2.47071e-06
0.00291156 2.45739e-06
0.00292031 2.44414e-06
0.00292908 2.43096e-06
0.00293788 2.41786e-06
0.00294671 2.40482e-06
0.00295556 2.39185e-06
0.00296444 2.37894e-06
0.00297334 2.36613e-06
0.00298228 7.24219e-06
0.00299123 2.34068e-06
0.00300022 2.32805e-06
0.00300923 2.3155e-06
0.00301827 2.303e-06
0.00302734 2.29059e-06
0.00303643 2.27823e-06
0.00304556 2.26594e-06
0.00305471 2.25372e-06
0.00306388 2.24156e-06
0.00307309 2.22947e-06
0.00308232 2.21745e-06
0.00309158 2.20548e-06
0.00310086 2.19359e-06
0.00311018 2.18176e-06
0.00311952 2.17e-06
0.00312889 2.15828e-06
0.00313829 2.14664e-06
0.00314772 2.13506e-06
0.00315718 2.12355e-06
0.00316666 2.11209e-06
0.00317618 2.10069e-06
0.00318572 2.08936e-06
0.00319529 2.07808e-06
0.00320489 2.06687e-06
0.00321451 2.05573e-06
0.00322417 2.04463e-06
0.00323386 2.0336e-06
0.00324357 2.02262e-06
0.00325331 2.01172e-06
0.00326309 2.00085e-06
0.00327289 1.99006e-06
0.00328272 1.97932e-06
0.00329258 1.96911e-06
0.00330248 1.95801e-06
0.0033124 1.94745e-06
0.00332235 1.93694e-06
0.00333233 1.92649e-06
0.00334234 1.91612e-06
0.00335238 2.03394e-06
0.00336245 1.89547e-06
0.00337255 1.88524e-06
0.00338268 1.87507e-06
0.00339284 1.86495e-06
0.00340304 1.85487e-06
0.00341326 1.84486e-06
0.00342351 1.83491e-06
0.0034338 1.825e-06
0.00344411 1.81515e-06
0.00345446 1.80535e-06
0.00346484 1.79561e-06
0.00347525 1.78592e-06
0.00348569 1.89218e-06
0.00349616 1.76668e-06
0.00350666 1.75714e-06
0.00351719 1.74766e-06
0.00352776 1.73823e-06
0.00353836 1.73276e-06
0.00354899 1.71951e-06
0.00355965 1.71023e-06
0.00357034 1.70099e-06
0.00358107 1.69199e-06
0.00359183 1.68267e-06
0.00360262 1.68716e-06
0.00361344 1.66455e-06
0.00362429 1.65557e-06
0.00363518 1.64662e-06
0.0036461 1.63773e-06
0.00365705 1.62889e-06
0.00366804 1.62009e-06
0.00367906 1.61135e-06
0.00369011 1.60264e-06
0.0037012 1.59399e-06
0.00371232 1.58538e-06
0.00372347 1.57682e-06
0.00373465 1.56831e-06
0.00374587 1.55984e-06
0.00375713 1.5514e-06
0.00376841 1.54303e-06
0.00377973 1.53469e-06
0.00379109 1.52641e-06
0.00380248 1.51816e-06
0.0038139 1.50996e-06
0.00382536 1.50181e-06
0.00383685 1.49369e-06
0.00384837 1.48563e-06
0.00385994 1.4776e-06
0.00387153 1.46962e-06
0.00388316 9.06646e-06
0.00389483 3.73011e-06
0.00390653 1.44592e-06
0.00391826 1.43812e-06
0.00393003 1.43035e-06
0.00394184 1.42262e-06
0.00395368 1.41494e-06
0.00396556 1.40729e-06
0.00397747 1.39969e-06
0.00398942 1.39213e-06
0.0040014 1.3846e-06
0.00401343 1.37712e-06
0.00402548 1.36968e-06
0.00403758 1.36227e-06
0.0040497 1.35492e-06
0.00406187 1.3476e-06
0.00407407 1.34031e-06
0.00408631 1.33308e-06
0.00409859 1.32587e-06
0.0041109 1.31871e-06
0.00412325 1.31158e-06
0.00413564 1.30449e-06
0.00414806 1.29744e-06
0.00416052 1.29043e-06
0.00417302 1.28346e-06
0.00418555 1.27652e-06
0.00419813 1.26962e-06
0.00421074 1.26276e-06
0.00422339 1.25594e-06
0.00423608 1.24915e-06
0.0042488 1.24239e-06
0.00426157 1.23568e-06
0.00427437 1.229e-06
0.00428721 1.22236e-06
0.00430009 1.21575e-06
0.00431301 1.20917e-06
0.00432596 1.20264e-06
0.00433896 1.19614e-06
0.00435199 1.18968e-06
0.00436507 1.18325e-06
0.00437818 1.17684e-06
0.00439133 1.17048e-06
0.00440452 1.16415e-06
0.00441776 1.15786e-06
0.00443103 1.1516e-06
0.00444434 1.14537e-06
0.00445769 1.13918e-06
0.00447108 1.13302e-06
0.00448451 1.12689e-06
0.00449798 1.12081e-06
0.0045115 1.11474e-06
0.00452505 1.10872e-06
0.00453864 1.10273e-06
0.00455228 1.09676e-06
0.00456595 1.09083e-06
0.00457967 1.08493e-06
0.00459343 1.07906e-06
0.00460723 1.07323e-06
0.00462107 1.06742e-06
0.00463495 1.06165e-06
0.00464887 1.05591e-06
0.00466284 1.0502e-06
0.00467685 1.04452e-06
0.0046909 1.03886e-06
0.00470499 1.03325e-06
0.00471912 1.02766e-06
0.0047333 1.0221e-06
0.00474752 1.01658e-06
0.00476178 1.01107e-06
0.00477608 1.00561e-06
0.00479043 1.00017e-06
0.00480482 9.94761e-07
0.00481926 9.89376e-07
0.00483373 9.84026e-07
0.00484825 9.78705e-07
0.00486282 9.73406e-07
0.00487743 9.68139e-07
0.00489208 9.62903e-07
0.00490678 9.57697e-07
0.00492152 9.52514e-07
0.0049363 9.47361e-07
0.00495113 2.06219e-06
0.004966 9.37138e-07
0.00498092 9.32067e-07
0.00499589 9.27017e-07
0.00501089 9.22007e-07
0.00502595 9.17016e-07
0.00504105 9.12055e-07
0.00505619 9.07124e-07
0.00507138 9.02214e-07
0.00508661 8.97333e-07
0.00510189 8.92473e-07
0.00511722 8.87641e-07
0.00513259 8.82838e-07
0.00514801 8.78063e-07
0.00516348 8.73308e-07
0.00517899 1.08418e-06
0.00519455 8.63883e-07
0.00521015 8.59206e-07
0.0052258 8.54556e-07
0.0052415 8.49933e-07
0.00525725 4.05529e-06
0.00527304 8.40762e-07
0.00528888 8.36206e-07
0.00530477 8.31685e-07
0.00532071 8.27182e-07
0.00533669 8.227e-07
0.00535272 8.18252e-07
0.0053688 8.13823e-07
0.00538493 8.09412e-07
0.00540111 8.05035e-07
0.00541733 8.00678e-07
0.00543361 7.96338e-07
0.00544993 7.92033e-07
0.0054663 7.87739e-07
0.00548272 7.83477e-07
0.00549919 7.79234e-07
0.00551571 7.75016e-07
0.00553228 7.70823e-07
0.0055489 7.66649e-07
0.00556557 7.62499e-07
0.00558229 7.58367e-07
0.00559906 7.54261e-07
0.00561588 7.50179e-07
0.00563275 7.46114e-07
0.00564967 7.42075e-07
0.00566664 7.38059e-07
0.00568367 7.3406e-07
0.00570074 7.30086e-07
0.00571787 4.89005e-05
0.00573504 7.22203e-07
0.00575227 7.18287e-07
0.00576955 7.14401e-07
0.00578689 7.10531e-07
0.00580427 7.0668e-07
0.00582171 7.02857e-07
0.0058392 6.99045e-07
0.00585674 6.95262e-07
0.00587433 6.91497e-07
0.00589198 6.87753e-07
0.00590968 6.84026e-07
0.00592743 6.80322e-07
0.00594524 6.76633e-07
0.0059631 6.72973e-07
0.00598101 6.69324e-07
0.00599898 6.65702e-07
0.006017 6.62096e-07
0.00603508 6.58506e-07
0.00605321 6.54938e-07
0.00607139 6.51683e-07
0.00608963 6.4786e-07
0.00610792 6.44351e-07
0.00612627 6.40863e-07
0.00614468 6.3739e-07
0.00616313 6.33939e-07
0.00618165 6.30502e-07
0.00620022 6.27087e-07
0.00621885 6.23686e-07
0.00623753 6.20306e-07
0.00625627 6.16947e-07
0.00627506 6.13603e-07
0.00629391 6.10281e-07
0.00631282 6.1656e-07
0.00633178 6.03685e-07
0.0063508 6.00413e-07
0.00636988 5.97161e-07
0.00638902 5.93924e-07
0.00640821 5.90706e-07
0.00642746 5.87504e-07
0.00644677 5.84321e-07
0.00646614 5.81153e-07
0.00648556 5.78004e-07
0.00650505 5.74871e-07
0.00652459 5.71755e-07
0.00654419 5.68657e-07
0.00656385 5.65575e-07
0.00658356 5.6251e-07
0.00660334 5.59461e-07
0.00662318 5.56428e-07
0.00664308 5.53412e-07
0.00666303 5.50413e-07
0.00668305 5.47429e-07
0.00670312 5.44462e-07
0.00672326 5.4151e-07
0.00674346 5.38574e-07
0.00676372 5.35655e-07
0.00678404 5.32751e-07
0.00680442 5.29863e-07
0.00682486 5.2699e-07
0.00684536 5.24134e-07
0.00686592 5.21292e-07
0.00688655 5.18466e-07
0.00690724 1.99223e-06
0.00692799 5.1286e-07
0.0069488 5.10078e-07
0.00696967 5.07313e-07
0.00699061 5.04562e-07
0.00701161 5.01826e-07
0.00703268 4.99105e-07
0.0070538 4.96399e-07
0.00707499 4.93708e-07
0.00709625 4.9103e-07
0.00711756 4.88367e-07
0.00713895 4.85718e-07
0.00716039 4.83085e-07
0.0071819 4.80465e-07
0.00720348 4.7786e-07
0.00722512 4.75268e-07
0.00724682 4.7269e-07
0.00726859 4.70127e-07
0.00729043 4.67577e-07
0.00731233 4.65041e-07
0.00733429 4.6252e-07
0.00735633 4.60011e-07
0.00737843 4.57515e-07
0.00740059 4.55034e-07
0.00742282 4.52566e-07
0.00744512 4.50111e-07
0.00746749 4.47669e-07
0.00748992 4.45241e-07
0.00751242 4.42826e-07
0.00753499 4.40423e-07
0.00755763 4.38034e-07
0.00758033 4.35658e-07
0.0076031 4.33295e-07
0.00762594 4.30944e-07
0.00764885 4.28606e-07
0.00767183 4.2628e-07
0.00769488 4.23968e-07
0.00771799 4.21668e-07
0.00774118 4.1938e-07
0.00776443 4.17105e-07
0.00778776 4.14841e-07
0.00781115 4.12591e-07
0.00783462 4.10352e-07
0.00785815 4.08126e-07
0.00788176 4.05911e-07
0.00790544 4.03708e-07
0.00792919 4.01517e-07
0.00795301 3.99338e-07
0.0079769 3.97171e-07
0.00800086 3.95016e-07
0.0080249 3.92872e-07
0.008049 3.9074e-07
0.00807318 3.8862e-07
0.00809744 3.86511e-07
0.00812176 3.84413e-07
0.00814616 3.82327e-07
0.00817063 3.80251e-07
0.00819518 3.78188e-07
0.0082198 3.76135e-07
0.00824449 3.74094e-07
0.00826926 3.72063e-07
0.0082941 3.70043e-07
0.00831901 3.68035e-07
0.00834401 3.66037e-07
0.00836907 3.6405e-07
0.00839421 3.62074e-07
0.00841943 3.60108e-07
0.00844472 3.58154e-07
0.00847009 3.56209e-07
0.00849554 3.54275e-07
0.00852106 3.52352e-07
0.00854665 3.50439e-07
0.00857233 3.48536e-07
0.00859808 3.46644e-07
0.00862391 3.44762e-07
0.00864982 3.4289e-07
0.0086758 3.41029e-07
0.00870187 3.39177e-07
0.00872801 3.37335e-07
0.00875423 3.35503e-07
0.00878053 3.33681e-07
0.0088069 3.3187e-07
0.00883336 4.91184e-07
0.0088599 3.28275e-07
0.00888651 1.03295e-06
0.00891321 3.2472e-07
0.00893998 3.22957e-07
0.00896684 3.21203e-07
0.00899378 3.19458e-07
0.0090208 3.17723e-07
0.0090479 3.15998e-07
0.00907507 3.14282e-07
0.00910234 3.12575e-07
0.0092073 3.0616e-07
0.00939266 2.95278e-07
0.00958175 2.84781e-07
0.00977464 2.74656e-07
0.00997142 2.64889e-07
0.0101722 2.55469e-07
0.0103769 2.46384e-07
0.0105858 2.37619e-07
0.0107989 2.29165e-07
0.0110163 2.21011e-07
0.0112381 2.66432e-07
0.0114644 2.05558e-07
0.0116952 1.98242e-07
0.0119306 1.91184e-07
0.0121708 4.52558e-07
0.0124158 1.77808e-07
0.0126657 1.71476e-07
0.0129207 1.65368e-07
0.0131808 1.59477e-07
0.0134462 1.53795e-07
0.0137169 1.48315e-07
0.013993 1.4303e-07
0.0142747 1.37932e-07
0.0145621 1.33072e-07
0.0148552 1.28273e-07
0.0151543 1.23699e-07
0.0154594 1.19287e-07
0.0157706 1.15667e-07
0.0160881 1.117e-07
0.016412 1.06959e-07
0.0167423 1.03144e-07
0.0170794 9.94627e-08
0.0174232 9.59129e-08
0.017774 9.2489e-08
0.0181318 8.91871e-08
0.0184968 8.60027e-08
0.0188692 8.29314e-08
0.019249 7.99696e-08
0.0196366 7.71126e-08
0.0200319 7.43578e-08
0.0204351 1.40989e-07
0.0208465 6.91387e-08
0.0212662 6.66675e-08
0.0216943 6.42842e-08
0.0221311 6.19858e-08
0.0225766 5.97694e-08
0.0230311 5.76319e-08
0.0234947 5.55706e-08
0.0239677 5.35827e-08
0.0244502 5.16655e-08
0.0249424 4.98167e-08
0.0254446 4.80337e-08
0.0259568 4.63144e-08
0.0264794 4.46562e-08
0.0270124 4.30575e-08
0.0275562 4.15154e-08
0.028111 4.00285e-08
0.0286769 3.85946e-08
0.0292542 3.72119e-08
0.0298431 3.58784e-08
0.0304439 3.45926e-08
0.0310568 3.33526e-08
0.031682 3.2157e-08
0.0323198 3.10041e-08
0.0329704 2.98923e-08
0.0336342 2.88201e-08
0.0343113 2.77863e-08
0.035002 2.67894e-08
0.0357067 2.58281e-08
0.0364255 2.49012e-08
0.0371588 2.40074e-08
0.0379068 2.31456e-08
0.03867 2.23145e-08
0.0394484 2.15132e-08
0.0402426 2.07405e-08
0.0410527 1.99955e-08
0.0418792 1.9277e-08
0.0427223 1.85843e-08
0.0435823 1.79164e-08
0.0444597 1.72724e-08
0.0453547 1.66515e-08
0.0462678 1.60527e-08
0.0471992 1.54754e-08
0.0481494 1.49187e-08
0.0491188 1.4382e-08
0.0501076 1.38646e-08
0.0511163 1.33657e-08
0.0521454 1.28846e-08
0.0531951 1.24208e-08
0.054266 1.19736e-08
0.0553585 1.15424e-08
0.0564729 1.11267e-08
0.0576098 1.07259e-08
0.0587696 1.03395e-08
0.0599527 9.96696e-09
0.0611596 9.60779e-09
0.0623908 9.26144e-09
0.0636469 8.92755e-09
0.0649282 8.60567e-09
0.0662353 8.29534e-09
0.0675687 7.99613e-09
0.0689289 7.70768e-09
0.0703166 7.42957e-09
0.0717321 7.16148e-09
0.0731762 6.90302e-09
0.0746494 6.65378e-09
0.0761521 6.41356e-09
0.0776852 6.18196e-09
0.0792491 5.95871e-09
0.0808445 5.74348e-09
0.082472 5.53596e-09
0.0841323 5.33595e-09
0.085826 5.14311e-09
0.0875538 4.95717e-09
0.0893164 4.77799e-09
0.0911145 4.60521e-09
0.0929487 4.43868e-09
0.0948199 4.27811e-09
0.0967288 4.12333e-09
0.0986761 3.97417e-09
0.100663 3.83031e-09
0.102689 3.69171e-09
0.104756 3.55808e-09
0.106865 3.42925e-09
0.109017 3.30505e-09
0.111211 3.18537e-09
0.11345 3.06998e-09
0.115734 2.95875e-09
0.118064 2.85154e-09
0.120441 2.74819e-09
0.122865 2.64858e-09
0.125339 2.55255e-09
0.127862 2.46e-09
0.130436 2.37079e-09
0.133062 2.28479e-09
0.135741 2.2019e-09
0.138473 2.12202e-09
0.141261 2.045e-09
0.144105 1.97078e-09
0.147006 1.89924e-09
0.149965 1.83029e-09
0.152984 1.76382e-09
0.156064 1.69976e-09
0.159206 1.63802e-09
0.162411 1.57851e-09
0.16568 1.52115e-09
0.169016 1.46587e-09
0.172418 1.41259e-09
0.175889 1.36124e-09
0.17943 1.31174e-09
0.183042 1.26404e-09
0.186727 1.21806e-09
0.190486 1.17375e-09
0.194321 1.13105e-09
0.198233 1.08989e-09
0.202224 1.05022e-09
0.206295 1.012e-09
0.210448 9.75154e-10
0.214685 9.39645e-10
0.219007 9.05427e-10
0.223415 8.72452e-10
0.227913 8.40668e-10
0.232501 8.1004e-10
0.237182 7.80521e-10
0.241957 7.52076e-10
0.246828 7.24661e-10
0.251797 6.98242e-10
0.256866 6.72784e-10
0.262037 6.48249e-10
0.267312 6.24606e-10
0.272693 6.01822e-10
0.278183 5.79865e-10
0.283783 5.58707e-10
0.289496 5.38318e-10
0.295324 5.18669e-10
0.301269 4.99735e-10
0.307334 4.8149e-10
0.313522 4.63907e-10
0.319833 4.46965e-10
0.326272 4.30639e-10
0.33284 4.14907e-10
0.339541 3.99748e-10
0.346376 3.8514e-10
0.353349 3.71064e-10
0.360463 3.57501e-10
0.367719 3.44433e-10
0.375122 3.31839e-10
0.382674 3.19704e-10
0.390377 3.08012e-10
0.398236 2.96746e-10
0.406253 2.8589e-10
0.414432 2.75429e-10
0.422775 2.65351e-10
0.431286 2.55639e-10
0.439968 2.46283e-10
0.448826 2.37268e-10
0.457861 2.28581e-10
0.467079 2.20209e-10
0.476482 2.12145e-10
0.486074 2.04376e-10
0.495859 1.96889e-10
0.505841 1.89673e-10
0.516025 1.82723e-10
0.526413 1.76028e-10
0.537011 1.69577e-10
0.547821 1.63362e-10
0.55885 1.57373e-10
0.5701 1.51598e-10
0.581577 1.4604e-10
0.593285 1.40685e-10
0.605229 1.35525e-10
0.617413 1.30555e-10
0.629842 1.25755e-10
0.642522 1.21142e-10
0.655457 1.16698e-10
0.668652 1.12416e-10
0.682113 1.0829e-10
0.695845 1.04288e-10
0.709853 1.0046e-10
0.724144 9.67733e-11
0.738722 9.32209e-11
0.753593 8.97986e-11
0.768764 8.64454e-11
0.784241 8.32715e-11
0.800028 8.02144e-11
0.816134 7.7269e-11
0.832564 7.44313e-11
0.849325 7.16238e-11
0.866423 6.89941e-11
0.883865 6.64604e-11
0.901659 6.40193e-11
