9.10033e-07 0.00523945
9.17323e-07 0.0106277
9.24672e-07 0.0108613
9.32079e-07 0.0111017
9.39546e-07 0.0113414
9.47072e-07 0.0115857
9.54659e-07 0.0118362
9.62306e-07 0.012091
9.70015e-07 0.0123533
9.77785e-07 0.0126195
9.85618e-07 0.0128877
9.93513e-07 0.0131594
1.00147e-06 0.0134363
1.00949e-06 0.0137164
1.01758e-06 0.0140012
1.02573e-06 0.0142923
1.03395e-06 0.0145893
1.04223e-06 0.0148922
1.05058e-06 0.0152006
1.059e-06 0.0155158
1.06748e-06 0.0158364
1.07603e-06 0.0161633
1.08465e-06 0.0164997
1.09334e-06 0.0168451
1.1021e-06 0.0171992
1.11093e-06 0.0175619
1.11983e-06 0.0179177
1.1288e-06 0.0182817
1.13784e-06 0.0186389
1.14695e-06 0.0190186
1.15614e-06 0.0194201
1.1654e-06 0.0198141
1.17474e-06 0.0202148
1.18415e-06 0.0206365
1.19364e-06 0.0210782
1.2032e-06 0.0215257
1.21284e-06 0.0219786
1.22255e-06 0.0224643
1.23234e-06 0.0229545
1.24222e-06 0.0234489
1.25217e-06 0.023961
1.2622e-06 0.0244901
1.27231e-06 0.0250093
1.2825e-06 0.025558
1.29277e-06 0.0261095
1.30313e-06 0.0266892
1.31357e-06 0.0272709
1.32409e-06 0.0278671
1.3347e-06 0.0284772
1.34539e-06 0.0291259
1.35617e-06 0.0297873
1.36703e-06 0.0304734
1.37798e-06 0.031171
1.38902e-06 0.0318918
1.40015e-06 0.0326233
1.41136e-06 0.0334009
1.42267e-06 0.0341992
1.43407e-06 0.035018
1.44556e-06 0.0358566
1.45714e-06 0.0367373
1.46881e-06 0.0376248
1.48057e-06 0.0385527
1.49243e-06 0.0395197
1.50439e-06 0.0405135
1.51644e-06 0.0415446
1.52859e-06 0.0426007
1.54083e-06 0.0436921
1.55318e-06 0.0448173
1.56562e-06 0.0459973
1.57816e-06 0.0471984
1.5908e-06 0.0484514
1.60355e-06 0.0497442
1.61639e-06 0.0510763
1.62934e-06 0.0524457
1.64239e-06 0.0538619
1.65555e-06 0.0553131
1.66881e-06 0.0568287
1.68218e-06 0.0584065
1.69565e-06 0.0600155
1.70924e-06 0.0616734
1.72293e-06 0.0633894
1.73673e-06 0.0651614
1.75064e-06 0.0669877
1.76467e-06 0.0688663
1.7788e-06 0.0708153
1.79305e-06 0.0728225
1.80742e-06 0.0748861
1.8219e-06 0.0770233
1.83649e-06 0.0792044
1.8512e-06 0.081455
1.86603e-06 0.0837728
1.88098e-06 0.086138
1.89605e-06 0.0885845
1.91124e-06 0.0910746
1.92655e-06 0.0937554
1.94198e-06 0.0964745
1.95753e-06 0.0992306
1.97322e-06 0.102021
1.98902e-06 0.104931
2.00496e-06 0.107788
2.02102e-06 0.110842
2.03721e-06 0.114007
2.05353e-06 0.117195
2.06998e-06 0.120489
2.08656e-06 0.123884
2.10327e-06 0.127378
2.12012e-06 0.130887
2.13711e-06 0.134411
2.15423e-06 0.138105
2.17148e-06 0.141809
2.18888e-06 0.145523
2.20641e-06 0.149473
2.22409e-06 0.153578
2.2419e-06 0.157759
2.25311e-06 0.160483
2.25761e-06 0.161504
2.26212e-06 0.162669
2.26664e-06 0.16457
2.27116e-06 0.188827
2.2757e-06 0.228506
2.27849e-06 0.256496
2.28303e-06 0.311824
2.28936e-06 0.404918
2.29393e-06 0.489964
2.30538e-06 0.686832
2.3238e-06 0.953146
2.34237e-06 1.26725
2.3582e-06 1.46199
2.37702e-06 1.71715
2.39896e-06 2.02814
2.41813e-06 2.099
2.43745e-06 2.12514
2.45693e-06 2.15141
2.47656e-06 2.16288
2.49635e-06 2.16393
2.51629e-06 2.16148
2.5364e-06 1.90034
2.55667e-06 1.53532
2.57709e-06 1.561
2.59769e-06 2.03289
2.61844e-06 2.14845
2.63936e-06 2.15755
2.66045e-06 2.15182
2.68171e-06 2.14292
2.70314e-06 2.13402
2.72474e-06 2.12451
2.74651e-06 2.11501
2.76845e-06 2.10433
2.79057e-06 2.09428
2.81287e-06 2.08365
2.83535e-06 2.07247
2.858e-06 2.06134
2.88084e-06 2.04909
2.90386e-06 2.03748
2.92706e-06 2.02477
2.95045e-06 2.01214
2.97402e-06 1.98036
2.99778e-06 1.93718
3.02174e-06 1.91514
3.04588e-06 1.91376
3.07022e-06 1.91228
3.09475e-06 1.908
3.11948e-06 1.90096
3.1444e-06 1.89445
3.16953e-06 1.88792
3.19485e-06 1.87664
3.22038e-06 1.86124
3.24611e-06 1.84649
3.27205e-06 1.83185
3.29819e-06 1.81631
3.32455e-06 1.8009
3.35111e-06 1.78562
3.37789e-06 1.76997
3.40488e-06 1.75446
3.43208e-06 1.7386
3.45951e-06 1.72287
3.48715e-06 1.70728
3.51501e-06 1.69136
3.5431e-06 1.67557
3.57141e-06 1.65947
3.59994e-06 1.64351
3.62871e-06 1.6277
3.6577e-06 1.61204
3.68693e-06 1.59561
3.71639e-06 1.57934
3.74608e-06 1.56323
3.77601e-06 1.54683
3.80619e-06 1.53059
3.8366e-06 1.51452
3.86725e-06 1.4986
3.89815e-06 1.48284
3.9293e-06 1.4668
3.9607e-06 1.45093
3.99234e-06 1.43521
4.02424e-06 1.41966
4.0564e-06 1.40384
4.08881e-06 1.38778
4.12148e-06 1.37229
4.15441e-06 1.35655
4.18761e-06 1.34138
4.22107e-06 1.32597
4.25479e-06 1.31032
4.28879e-06 1.29484
4.32306e-06 1.2799
4.3576e-06 1.26474
4.39242e-06 1.25012
4.42751e-06 1.23527
4.46289e-06 1.22021
4.49855e-06 1.2053
4.53449e-06 1.19092
4.57073e-06 1.17633
4.60725e-06 1.16226
4.64406e-06 1.14798
4.68117e-06 1.13421
4.71857e-06 1.12023
4.75627e-06 1.1064
4.79428e-06 1.09271
4.83258e-06 1.07918
4.8712e-06 1.06579
4.91012e-06 1.05221
4.94935e-06 1.03911
4.9889e-06 1.02649
5.01343e-06 1.02214
5.02272e-06 1.02159
5.03203e-06 1.02137
5.04048e-06 1.02099
5.04982e-06 1.02043
5.06007e-06 1.0197
5.06945e-06 1.01715
5.07885e-06 1.01394
5.08826e-06 1.01074
5.09769e-06 1.00788
5.10714e-06 1.0047
5.11661e-06 1.00186
5.14183e-06 0.993343
5.18303e-06 0.979931
5.22456e-06 0.966347
5.26643e-06 0.953236
5.30863e-06 0.939956
5.35116e-06 0.926514
5.39404e-06 0.913536
5.43727e-06 0.900396
5.48084e-06 0.887715
5.52475e-06 0.87518
5.56903e-06 0.862786
5.61365e-06 0.850535
5.65863e-06 0.838127
5.70398e-06 0.826157
5.74968e-06 0.814325
5.79576e-06 0.802627
5.8422e-06 0.790778
5.88901e-06 0.779352
5.9362e-06 0.768057
5.98377e-06 0.756611
6.03172e-06 0.745577
6.08005e-06 0.734671
6.12877e-06 0.723617
6.17788e-06 0.712965
6.22738e-06 0.702437
6.27728e-06 0.69203
6.32759e-06 0.681744
6.37829e-06 0.671579
6.4294e-06 0.661532
6.48092e-06 0.651602
6.53285e-06 0.642046
6.5852e-06 0.632345
6.63797e-06 0.622757
6.69116e-06 0.613283
6.74477e-06 0.60392
6.79882e-06 0.594913
6.8533e-06 0.585767
6.90822e-06 0.576972
6.96357e-06 0.568038
7.01937e-06 0.55921
7.07562e-06 0.550724
7.13232e-06 0.542337
7.18947e-06 0.533815
7.24708e-06 0.525627
7.30515e-06 0.517535
7.36369e-06 0.509538
7.42269e-06 0.501636
7.48217e-06 0.493827
7.54213e-06 0.48611
7.60256e-06 0.478486
7.66348e-06 0.470951
7.72489e-06 0.463506
7.78679e-06 0.45615
7.84919e-06 0.448881
7.91209e-06 0.441912
7.97549e-06 0.434814
8.0394e-06 0.42801
8.10382e-06 0.42108
8.16875e-06 0.414439
8.23421e-06 0.407672
8.30019e-06 0.401189
8.3667e-06 0.394784
8.43374e-06 0.388256
8.50132e-06 0.382004
8.56945e-06 0.375827
8.63811e-06 0.369725
8.70733e-06 0.363695
8.77711e-06 0.357738
8.84744e-06 0.351853
8.91833e-06 0.346039
8.9898e-06 0.340294
9.02709e-06 0.337398
9.02978e-06 0.337112
9.03248e-06 0.337011
9.03517e-06 0.336724
9.03787e-06 0.336438
9.04057e-06 0.336337
9.04326e-06 0.336051
9.04596e-06 0.335951
9.04866e-06 0.335665
9.05136e-06 0.335936
9.05406e-06 0.336208
9.05677e-06 0.336664
9.05947e-06 0.336935
9.06217e-06 0.337391
9.06488e-06 0.337662
9.06758e-06 0.338117
9.07029e-06 0.338573
9.07299e-06 0.338843
9.0757e-06 0.339297
9.07841e-06 0.339567
9.08112e-06 0.340021
9.08383e-06 0.34029
9.08654e-06 0.340743
9.08925e-06 0.341197
9.09197e-06 0.341465
9.09468e-06 0.341918
9.09739e-06 0.342186
9.10011e-06 0.342638
9.10282e-06 0.34309
9.10554e-06 0.343357
9.10826e-06 0.343808
9.11098e-06 0.34426
9.11369e-06 0.344526
9.11641e-06 0.344977
9.11913e-06 0.345243
9.12071e-06 0.345552
9.12343e-06 0.697851
9.1273e-06 0.698941
9.13002e-06 0.699709
9.13275e-06 0.700475
9.13547e-06 0.701246
9.1382e-06 0.702016
9.14093e-06 0.702789
9.14366e-06 0.703561
9.14638e-06 0.704334
9.14911e-06 0.705524
9.15184e-06 0.711213
9.15458e-06 0.718131
9.15731e-06 0.725124
9.16004e-06 0.732178
9.16277e-06 0.740998
9.16551e-06 0.746498
9.16824e-06 0.884979
9.17098e-06 0.761105
9.17372e-06 0.768515
9.17645e-06 0.90827
9.17919e-06 0.78355
9.18193e-06 0.791184
9.18467e-06 0.930309
9.18741e-06 0.806668
9.19016e-06 0.814526
9.1929e-06 0.822457
9.19564e-06 0.960583
9.19838e-06 0.838561
9.20113e-06 0.846733
9.20388e-06 0.85498
9.20662e-06 0.863315
9.20937e-06 0.871728
9.21212e-06 1.00826
9.21487e-06 0.888802
9.21762e-06 0.897466
9.22037e-06 0.906216
9.22312e-06 0.915048
9.22587e-06 0.92397
9.22863e-06 0.932981
9.23138e-06 0.942082
9.23413e-06 1.05515
9.23689e-06 0.960543
9.23965e-06 0.96991
9.2424e-06 0.979371
9.24516e-06 0.988924
9.24792e-06 0.998569
9.25068e-06 1.00684
9.25344e-06 1.0128
9.25941e-06 1.02624
9.2686e-06 1.07878
9.2778e-06 1.06865
9.287e-06 1.09052
9.29622e-06 1.11283
9.30544e-06 1.1356
9.31467e-06 1.1914
9.32391e-06 1.18255
9.33317e-06 1.20676
9.34243e-06 1.23164
9.3517e-06 1.25344
9.36097e-06 1.26687
9.37026e-06 1.28023
9.37956e-06 1.3282
9.38887e-06 1.30736
9.39818e-06 1.32115
9.40751e-06 1.33508
9.41684e-06 1.34916
9.42619e-06 1.36339
9.43554e-06 1.37777
9.4449e-06 1.3923
9.45427e-06 1.40086
9.46365e-06 1.40381
9.47304e-06 1.40676
9.48244e-06 1.40972
9.49185e-06 1.41268
9.50127e-06 1.45334
9.5107e-06 1.41881
9.52013e-06 1.42162
9.52958e-06 1.42461
9.53903e-06 1.4276
9.5485e-06 1.43066
9.55797e-06 1.43416
9.56746e-06 1.43778
9.57695e-06 1.44142
9.58645e-06 1.44506
9.59596e-06 1.44871
9.60549e-06 1.45237
9.61502e-06 1.45604
9.62456e-06 1.45972
9.63411e-06 1.4634
9.64367e-06 1.4671
9.65323e-06 1.45694
9.66281e-06 1.42642
9.6724e-06 1.39631
9.682e-06 1.36683
9.6916e-06 1.33798
9.70122e-06 1.30974
9.71085e-06 1.2821
9.72048e-06 1.2758
9.73013e-06 1.26915
9.73978e-06 1.20264
9.74944e-06 1.1839
9.75912e-06 1.20179
9.7688e-06 1.22627
9.77849e-06 1.25169
9.7882e-06 1.27677
9.79791e-06 1.30283
9.80763e-06 1.32941
9.81736e-06 1.35645
9.8271e-06 1.38411
9.83685e-06 1.41233
9.84661e-06 1.44024
9.85638e-06 1.44639
9.86616e-06 1.44265
9.87595e-06 1.43892
9.88575e-06 1.43519
9.89556e-06 1.43148
9.90538e-06 1.42778
9.91521e-06 1.45616
9.92504e-06 1.4465
9.93489e-06 1.41672
9.94475e-06 1.41307
9.95462e-06 1.41056
9.96449e-06 1.40911
9.97438e-06 1.40765
9.98428e-06 1.4062
9.99418e-06 1.40491
1.00041e-05 1.4033
1.0014e-05 1.40185
1.0024e-05 1.40039
1.00339e-05 1.39895
1.00439e-05 1.3975
1.00538e-05 1.39322
1.00638e-05 1.38551
1.00738e-05 1.37787
1.00838e-05 1.37025
1.00938e-05 1.36268
1.01038e-05 1.35516
1.01138e-05 1.34768
1.01239e-05 1.34023
1.01746e-05 1.09439
1.02665e-05 0.764977
1.03593e-05 1.19041
1.0453e-05 1.24884
1.05474e-05 1.23326
1.06428e-05 1.20675
1.0739e-05 1.08467
1.0836e-05 0.47549
1.0934e-05 0.900474
1.10328e-05 1.09116
1.11325e-05 1.06336
1.12331e-05 1.03596
1.13347e-05 1.00907
1.14371e-05 0.98291
1.15405e-05 0.956986
1.16448e-05 0.931077
1.175e-05 0.904979
1.18563e-05 0.877832
1.19634e-05 0.844143
1.20715e-05 0.67978
1.21807e-05 31.6485
1.22908e-05 0.794572
1.24018e-05 0.803951
1.25139e-05 0.803676
1.2627e-05 0.798933
1.27412e-05 0.791384
1.28563e-05 0.782133
1.29725e-05 0.771219
1.30898e-05 0.759164
1.32081e-05 0.746309
1.33275e-05 0.732682
1.34479e-05 0.718896
1.35695e-05 0.704981
1.36921e-05 0.691001
1.38159e-05 0.67696
1.39408e-05 0.662882
1.40668e-05 0.648877
1.41939e-05 0.634934
1.43222e-05 0.620902
1.44517e-05 0.606987
1.45823e-05 0.593069
1.47141e-05 0.579292
1.48471e-05 0.568364
1.49813e-05 0.55228
1.51167e-05 0.538961
1.52533e-05 0.525893
1.53912e-05 0.513082
1.55303e-05 0.500705
1.56707e-05 0.488387
1.58123e-05 0.476219
1.59552e-05 0.464523
1.60994e-05 0.452818
1.6245e-05 0.441272
1.63918e-05 0.450642
1.65399e-05 0.4191
1.66894e-05 0.408991
1.68403e-05 0.398743
1.69925e-05 0.388529
1.71461e-05 0.378557
1.73011e-05 0.368866
1.74574e-05 0.36839
1.76152e-05 0.350089
1.77744e-05 0.341055
1.79351e-05 0.332167
1.80972e-05 0.323532
1.82608e-05 0.315214
1.84258e-05 0.306977
1.85924e-05 0.298984
1.87604e-05 0.291342
1.893e-05 0.283678
1.91011e-05 0.276361
1.92737e-05 0.269063
1.94479e-05 0.262128
1.96237e-05 0.255318
1.98011e-05 0.248725
1.99801e-05 0.242352
2.01606e-05 0.236091
2.03429e-05 0.230029
2.05267e-05 0.22575
2.07123e-05 0.221006
2.08995e-05 0.215143
2.10884e-05 0.208341
2.1279e-05 0.201477
2.14713e-05 0.198223
2.16654e-05 0.191177
2.18612e-05 0.187949
2.20588e-05 0.180366
2.22582e-05 0.177006
2.24594e-05 0.173524
2.26624e-05 0.169775
2.28672e-05 0.166421
2.30739e-05 0.160522
2.32824e-05 0.158206
2.34929e-05 0.154253
2.37052e-05 0.149841
2.39195e-05 0.144668
2.41357e-05 0.143086
2.43538e-05 0.139592
2.4574e-05 0.13621
2.47961e-05 0.132901
2.50202e-05 0.128735
2.52463e-05 0.12587
2.54745e-05 0.123588
2.57048e-05 0.120674
2.59371e-05 0.117867
2.61715e-05 0.114586
2.64081e-05 0.1119
2.66468e-05 0.109296
2.68876e-05 0.106773
2.71306e-05 0.104302
2.73759e-05 0.100152
2.76233e-05 0.0996098
2.7873e-05 0.0973918
2.81249e-05 0.095199
2.83791e-05 0.0930732
2.86356e-05 0.091011
2.88944e-05 0.089021
2.91556e-05 0.0870741
2.94191e-05 0.0851972
2.9685e-05 0.0833735
2.99533e-05 0.0815997
3.02241e-05 0.0798756
3.04973e-05 0.0782168
3.07729e-05 0.0765982
3.10511e-05 0.0750371
3.13317e-05 0.0735226
3.16149e-05 0.0720411
3.19007e-05 0.0705365
3.2189e-05 0.0697877
3.24799e-05 0.0678605
3.27735e-05 0.0665556
3.30697e-05 0.0652761
3.33686e-05 0.0640339
3.36702e-05 0.0628417
3.39746e-05 0.061672
3.42816e-05 0.0605978
3.45915e-05 0.0595116
3.49042e-05 0.0584375
3.50791e-05 0.0578569
3.51141e-05 0.0577425
3.51492e-05 0.0576284
3.51844e-05 0.0575147
3.52195e-05 0.0574015
3.52548e-05 0.0572884
3.529e-05 0.0571758
3.53253e-05 0.057062
3.53606e-05 0.0569481
3.5396e-05 0.0568345
3.54313e-05 0.0567216
3.54668e-05 0.0566135
3.55022e-05 0.0564965
3.55377e-05 0.0563896
3.55732e-05 0.0562736
3.56088e-05 0.0561626
3.56444e-05 0.0560521
3.568e-05 0.0559419
3.57157e-05 0.0558369
3.57514e-05 0.0557232
3.57872e-05 0.0556145
3.58229e-05 0.0555109
3.58587e-05 0.0553981
3.58946e-05 0.0552905
3.59305e-05 0.0551841
3.59664e-05 0.0550781
3.60024e-05 0.0549725
3.60384e-05 0.0548672
3.60744e-05 0.054767
3.61104e-05 0.054657
3.61465e-05 0.0545505
3.61827e-05 0.0544443
3.62189e-05 0.0543384
3.62551e-05 0.0542329
3.62913e-05 0.0541278
3.63276e-05 0.0540239
3.63639e-05 0.0539207
3.64003e-05 0.0538204
3.64367e-05 0.0537325
3.64696e-05 0.0536339
3.65061e-05 0.0358601
3.6546e-05 0.035735
3.65826e-05 0.0356199
3.66192e-05 0.0355052
3.66558e-05 0.035391
3.66924e-05 0.03528
3.67291e-05 0.0352018
3.67658e-05 0.0351326
3.68026e-05 0.0350634
3.68394e-05 0.0349041
3.68762e-05 0.0348355
3.69131e-05 0.0347899
3.695e-05 0.03478
3.69869e-05 0.0347657
3.70239e-05 0.0347514
3.70609e-05 0.0347373
3.70979e-05 0.0347152
3.7135e-05 0.0346786
3.71722e-05 0.0346387
3.72093e-05 0.0346013
3.72465e-05 0.0961109
3.72838e-05 0.0347952
3.7321e-05 0.0344668
3.73583e-05 0.110467
3.73957e-05 0.0343255
3.74331e-05 0.0342575
3.74705e-05 0.0341895
3.7508e-05 0.128322
3.75455e-05 0.0339478
3.7583e-05 0.0337976
3.76206e-05 0.0336481
3.76582e-05 0.0334994
3.76958e-05 0.0333574
3.77335e-05 0.151457
3.77712e-05 0.0331652
3.7809e-05 0.0330738
3.78468e-05 0.0329827
3.78846e-05 0.0328965
3.79225e-05 0.0328083
3.79604e-05 0.0327286
3.79984e-05 0.182834
3.80364e-05 0.0325741
3.80744e-05 0.0324907
3.81124e-05 0.0323489
3.81505e-05 0.0321164
3.81887e-05 0.031885
3.82269e-05 0.0316559
3.82651e-05 0.0314289
3.83033e-05 0.0312227
3.83416e-05 0.0310861
3.838e-05 0.188582
3.84183e-05 0.0308258
3.84567e-05 0.0306967
3.84952e-05 0.0306354
3.85337e-05 0.031085
3.85722e-05 0.0316623
3.86108e-05 0.032258
3.86494e-05 0.0328731
3.8688e-05 0.0335261
3.87267e-05 0.0323145
3.87654e-05 0.0306276
3.88041e-05 0.0290731
3.88429e-05 0.0276406
3.88818e-05 0.154934
3.89206e-05 0.240991
3.89596e-05 0.0276539
3.89985e-05 0.0289449
3.90375e-05 0.0303329
3.90765e-05 0.0318387
3.91156e-05 0.0327077
3.91547e-05 0.0326939
3.91938e-05 0.0326716
3.9233e-05 0.0326537
3.92722e-05 0.0361816
3.93115e-05 0.0325631
3.93508e-05 0.0324005
3.93901e-05 0.0322346
3.94295e-05 0.0320708
3.94689e-05 0.0319081
3.95084e-05 0.0313466
3.95479e-05 0.0299191
3.95874e-05 0.0285535
3.9627e-05 0.027283
3.96666e-05 0.0261292
3.97063e-05 0.0255098
3.9746e-05 0.338363
3.97857e-05 0.0274246
3.98255e-05 0.0285167
3.98653e-05 0.0296885
3.99052e-05 0.0306417
3.99451e-05 0.0307248
3.9985e-05 0.0307575
4.0025e-05 0.0307906
4.0065e-05 0.0308237
4.0105e-05 0.0354425
4.01451e-05 0.0307073
4.01853e-05 0.0305877
4.02254e-05 0.0304687
4.02656e-05 0.0303506
4.03059e-05 0.03025
4.03462e-05 0.0301999
4.03865e-05 0.0301525
4.04269e-05 0.0301119
4.04673e-05 0.030058
4.05078e-05 0.0299874
4.05483e-05 0.0298629
4.05888e-05 0.0297368
4.06294e-05 0.0296112
4.067e-05 0.0294863
4.07107e-05 0.0292864
4.07514e-05 0.0289404
4.07921e-05 0.0286007
4.08329e-05 0.0282643
4.08737e-05 0.0279344
4.09146e-05 0.0275871
4.09555e-05 0.0272156
4.09964e-05 0.0268511
4.10374e-05 0.513132
4.10784e-05 0.0261428
4.11195e-05 0.0261955
4.11606e-05 0.0265947
4.12018e-05 0.0270058
4.1243e-05 0.0274283
4.12842e-05 0.0278535
4.13255e-05 0.0279815
4.13668e-05 0.0279478
4.14081e-05 0.0279142
4.14495e-05 0.0346079
4.1491e-05 0.0278452
4.15324e-05 0.0277835
4.1574e-05 0.0277142
4.16155e-05 0.0276454
4.16571e-05 0.0275806
4.16988e-05 0.0275054
4.17405e-05 0.0274221
4.17822e-05 0.0273364
4.1824e-05 0.0272514
4.18658e-05 0.0271668
4.19076e-05 0.0270821
4.19495e-05 0.0269965
4.19915e-05 0.0269115
4.20335e-05 0.0268263
4.20755e-05 0.0267418
4.21175e-05 0.0266647
4.21596e-05 0.0265956
4.22018e-05 0.0265267
4.2244e-05 0.0264581
4.22862e-05 0.0263893
4.23285e-05 0.0263109
4.23708e-05 0.0262305
4.24132e-05 0.0261509
4.24556e-05 0.0260653
4.2498e-05 0.0259838
4.25405e-05 0.0259016
4.2583e-05 0.0258195
4.26256e-05 0.0257376
4.26682e-05 0.0256561
4.27109e-05 0.025577
4.27536e-05 0.0254874
4.27963e-05 0.0254019
4.28391e-05 0.0253167
4.28819e-05 0.0252316
4.29248e-05 0.0251313
4.29677e-05 0.025022
4.30107e-05 0.0249133
4.30537e-05 0.024805
4.30967e-05 0.0246696
4.31398e-05 0.0243631
4.31829e-05 0.0240295
4.32261e-05 0.0237024
4.32693e-05 0.0233818
4.33126e-05 0.0231041
4.33559e-05 0.0228942
4.33992e-05 0.0226885
4.34426e-05 0.8528
4.3486e-05 0.0222988
4.35295e-05 0.0224477
4.3573e-05 0.022746
4.36166e-05 0.023079
4.36602e-05 0.0233651
4.37038e-05 0.0236138
4.37475e-05 0.0236043
4.37913e-05 0.0235785
4.3835e-05 0.0235464
4.38789e-05 0.0343472
4.39227e-05 0.0234717
4.39667e-05 0.023414
4.40106e-05 0.0233564
4.40546e-05 0.0232991
4.40986e-05 0.0232445
4.41427e-05 0.0231757
4.41869e-05 0.0231098
4.4231e-05 0.0230442
4.42753e-05 0.0229787
4.43195e-05 0.0229131
4.43638e-05 0.0228481
4.44082e-05 0.0227814
4.44526e-05 0.022716
4.4497e-05 0.0226418
4.45415e-05 0.0225166
4.4586e-05 0.0223829
4.46306e-05 0.0222503
4.46752e-05 0.0221187
4.47199e-05 0.0694363
4.47646e-05 0.022057
4.48093e-05 0.0220591
4.48541e-05 0.0220617
4.4899e-05 0.0220538
4.49439e-05 0.0219959
4.49888e-05 0.021931
4.50338e-05 0.0218665
4.50788e-05 0.0218024
4.51239e-05 0.021736
4.5169e-05 0.0216691
4.52141e-05 0.0216024
4.52593e-05 0.021536
4.53046e-05 0.0214683
4.53499e-05 0.0213936
4.53952e-05 0.0213192
4.54406e-05 0.0212451
4.5486e-05 0.0211721
4.55315e-05 0.021117
4.5577e-05 0.0210686
4.56226e-05 0.0210205
4.56682e-05 0.0209763
4.57139e-05 0.0209195
4.57596e-05 0.0208581
4.58053e-05 0.020797
4.58511e-05 0.0207359
4.58969e-05 0.0206751
4.59428e-05 0.0206143
4.59888e-05 0.0205536
4.60347e-05 0.0204932
4.60807e-05 0.0204329
4.61268e-05 0.0203731
4.61729e-05 0.0203135
4.62191e-05 0.020254
4.62653e-05 0.0201948
4.63116e-05 0.0201357
4.63579e-05 0.0205384
4.64042e-05 0.0202442
4.64506e-05 0.0199592
4.6497e-05 0.0199007
4.65435e-05 0.0198414
4.659e-05 0.0197857
4.66366e-05 0.0197234
4.66832e-05 0.0196634
4.67299e-05 0.0195658
4.67766e-05 0.0194498
4.68234e-05 0.0193345
4.68702e-05 0.0263019
4.69171e-05 0.0191553
4.6964e-05 0.019155
4.70109e-05 0.0191549
4.70579e-05 0.0191548
4.7105e-05 0.019145
4.71521e-05 0.0190926
4.71992e-05 0.0190397
4.72464e-05 0.018987
4.72936e-05 0.0189373
4.73409e-05 0.0188781
4.73882e-05 0.0188235
4.74356e-05 0.0187663
4.7483e-05 0.0187142
4.75305e-05 0.0186548
4.7578e-05 0.0185992
4.76256e-05 0.0185437
4.76732e-05 0.0184884
4.77209e-05 0.0184325
4.77686e-05 0.0183759
4.78163e-05 0.0183196
4.78641e-05 0.0182634
4.7912e-05 0.0182058
4.79599e-05 0.0181457
4.80078e-05 0.0180857
4.80558e-05 0.0180259
4.81039e-05 0.0179622
4.81519e-05 0.0178873
4.82001e-05 0.0178047
4.82483e-05 0.017726
4.82965e-05 0.017629
4.83448e-05 0.0174189
4.83931e-05 0.0171915
4.84415e-05 0.0169686
4.84899e-05 0.0167501
4.85384e-05 0.0165356
4.85869e-05 0.0163253
4.86355e-05 1.59479
4.86841e-05 0.0164552
4.87328e-05 0.0160484
4.87815e-05 0.0163087
4.88303e-05 0.0165775
4.88791e-05 0.0168521
4.8928e-05 0.0169556
4.89769e-05 0.0169515
4.90259e-05 0.0169406
4.90749e-05 0.0169332
4.91239e-05 0.0169074
4.9173e-05 0.036265
4.92222e-05 0.0168256
4.92714e-05 0.016785
4.93207e-05 0.0167438
4.937e-05 0.016702
4.94193e-05 0.0166603
4.94687e-05 0.0166221
4.95182e-05 0.0165754
4.95677e-05 0.0168153
4.96173e-05 0.0164843
4.96669e-05 0.016439
4.97165e-05 0.0163936
4.97662e-05 0.0163481
4.9816e-05 0.0163027
4.98658e-05 0.0162575
4.99156e-05 0.0162117
4.99655e-05 0.0161646
5.00155e-05 0.0161176
5.00655e-05 0.0168912
5.01155e-05 0.0160252
5.01656e-05 0.0425797
5.02158e-05 0.0159413
5.0266e-05 0.0158945
5.03162e-05 0.0158472
5.03665e-05 0.0157938
5.04169e-05 0.0157406
5.04673e-05 0.0156875
5.05178e-05 0.0156418
5.05683e-05 0.0156064
5.06188e-05 0.0155712
5.06694e-05 0.015536
5.07201e-05 0.015497
5.07708e-05 0.0154534
5.08215e-05 0.0154099
5.08723e-05 0.0153666
5.09232e-05 0.0153235
5.09741e-05 0.0152806
5.10251e-05 0.0152379
5.10761e-05 0.0151954
5.11271e-05 0.0151526
5.11783e-05 0.015113
5.12294e-05 0.0150671
5.12806e-05 0.0150245
5.13319e-05 0.0149823
5.13832e-05 0.0149403
5.14346e-05 0.0148984
5.1486e-05 0.0148566
5.15375e-05 0.0148152
5.1589e-05 0.014774
5.16406e-05 0.0147362
5.16922e-05 0.0146919
5.17439e-05 0.0146506
5.17956e-05 0.0146095
5.18474e-05 0.0145685
5.18992e-05 0.0145279
5.19511e-05 0.0144874
5.20031e-05 0.0155373
5.2055e-05 0.0144076
5.21071e-05 0.0143677
5.21592e-05 0.0143276
5.22113e-05 0.0142876
5.22635e-05 0.0142477
5.23158e-05 0.014208
5.23681e-05 0.0141683
5.24204e-05 0.0141289
5.24728e-05 0.0140895
5.25253e-05 0.0140504
5.25778e-05 0.0140116
5.26304e-05 0.0139729
5.2683e-05 0.013936
5.27357e-05 0.0138958
5.27884e-05 0.0138573
5.28412e-05 0.013819
5.2894e-05 0.0137808
5.29469e-05 0.0137428
5.29998e-05 0.0137048
5.30528e-05 0.0136702
5.31058e-05 0.0136293
5.31589e-05 0.0135917
5.32121e-05 0.0135542
5.32653e-05 0.0135169
5.33185e-05 0.0134796
5.33718e-05 0.0134425
5.34252e-05 0.0134052
5.34786e-05 0.0133683
5.3532e-05 0.0133314
5.35856e-05 0.0132946
5.36391e-05 0.013258
5.36928e-05 0.0132214
5.37464e-05 0.0131851
5.38002e-05 0.0131487
5.3854e-05 0.0131126
5.39078e-05 0.013067
5.39617e-05 0.0129927
5.40156e-05 0.0129175
5.40696e-05 0.012843
5.41237e-05 0.0134102
5.41778e-05 0.0128104
5.4232e-05 0.0128141
5.42862e-05 0.0128163
5.43405e-05 0.0127913
5.43948e-05 0.0127575
5.44492e-05 0.0127239
5.45036e-05 0.01269
5.45581e-05 0.0126554
5.46126e-05 0.0126208
5.46672e-05 0.0125894
5.47219e-05 0.0125521
5.47766e-05 0.0125183
5.48313e-05 0.0124846
5.48862e-05 0.012451
5.4941e-05 0.0124176
5.4996e-05 0.0123833
5.50509e-05 0.0123496
5.5106e-05 0.012316
5.51611e-05 0.012283
5.52162e-05 0.0122492
5.52714e-05 0.012216
5.53267e-05 0.0121829
5.5382e-05 0.0121502
5.54374e-05 0.0121171
5.54928e-05 0.0120843
5.55483e-05 0.0120517
5.56038e-05 0.0120192
5.56594e-05 0.0119868
5.5715e-05 0.0119545
5.57707e-05 0.0119225
5.58265e-05 0.0118904
5.58823e-05 0.0118585
5.59382e-05 0.0118264
5.59941e-05 0.0117943
5.60501e-05 0.0117623
5.61061e-05 0.0117306
5.61622e-05 0.0116993
5.62183e-05 0.0116681
5.62745e-05 0.011637
5.63308e-05 0.0116058
5.63871e-05 0.0115776
5.64435e-05 0.0115435
5.64999e-05 0.0115126
5.65564e-05 0.0114823
5.66129e-05 0.0114518
5.66695e-05 0.0114218
5.67262e-05 0.0113912
5.67829e-05 0.0113622
5.68397e-05 0.0113297
5.68965e-05 0.0112989
5.69534e-05 0.0112695
5.70103e-05 0.0112357
5.70673e-05 0.011206
5.71244e-05 0.0111766
5.71815e-05 0.0111472
5.72386e-05 0.0111178
5.72959e-05 0.0110887
5.73531e-05 0.0110591
5.74105e-05 0.0110297
5.74679e-05 0.0110007
5.75253e-05 0.0118123
5.75828e-05 0.0109424
5.76404e-05 0.0109134
5.7698e-05 0.0108843
5.77557e-05 0.0108559
5.78135e-05 0.0108272
5.78713e-05 0.0107988
5.79291e-05 0.0107708
5.7987e-05 0.0107426
5.8045e-05 0.0107145
5.8103e-05 0.0106865
5.81611e-05 0.0106584
5.82192e-05 0.01063
5.82775e-05 0.0106032
5.83357e-05 0.0105743
5.8394e-05 0.0105467
5.84524e-05 0.0105193
5.85109e-05 0.0104907
5.85693e-05 0.0104596
5.86279e-05 0.0104281
5.86865e-05 0.0103976
5.87452e-05 0.110447
5.88039e-05 0.0103486
5.88627e-05 0.0103254
5.89215e-05 0.0103003
5.89805e-05 0.010273
5.90394e-05 0.0102459
5.90984e-05 0.0102187
5.91575e-05 0.0101923
5.92167e-05 0.0101662
5.92759e-05 0.0101397
5.93351e-05 0.0101135
5.93945e-05 0.0100865
5.94538e-05 0.0100602
5.95133e-05 0.0100336
5.95728e-05 0.010008
5.96323e-05 0.00998212
5.96919e-05 0.00995615
5.97516e-05 0.00993061
5.98113e-05 0.00990484
5.98711e-05 0.00987888
5.9931e-05 0.00985306
5.99909e-05 0.00982719
6.00509e-05 0.00980135
6.01109e-05 0.00977601
6.0171e-05 0.00975043
6.02312e-05 0.00972544
6.02914e-05 0.00970027
6.03517e-05 0.00967526
6.0412e-05 0.0096504
6.04724e-05 0.00962552
6.05329e-05 0.00960067
6.05934e-05 0.00957577
6.06539e-05 0.00955102
6.07146e-05 0.00952635
6.07753e-05 0.00950161
6.0836e-05 0.00947759
6.08969e-05 0.00945298
6.09577e-05 0.00942854
6.10187e-05 0.0094044
6.10797e-05 0.00938008
6.11408e-05 0.00935575
6.12019e-05 0.00933179
6.12631e-05 0.00930797
6.13243e-05 0.00928436
6.13856e-05 0.00926013
6.1447e-05 0.00923648
6.15084e-05 0.00921272
6.15699e-05 0.00918926
6.16315e-05 0.00916583
6.16931e-05 0.00914245
6.17548e-05 0.00911899
6.18165e-05 0.00909558
6.18783e-05 0.00907225
6.19401e-05 0.00904886
6.20021e-05 0.00902614
6.20641e-05 0.00900298
6.21261e-05 0.0089803
6.21882e-05 0.00895738
6.22504e-05 0.00893422
6.23126e-05 0.00891175
6.23749e-05 0.0088892
6.24373e-05 0.00886648
6.24997e-05 0.00884406
6.25622e-05 0.00882157
6.26247e-05 0.00879939
6.26873e-05 0.00877703
6.275e-05 0.00875491
6.28127e-05 0.00873263
6.28755e-05 0.00871069
6.29384e-05 0.00868862
6.30013e-05 0.00866997
6.30643e-05 0.00864349
6.31273e-05 0.00862378
6.31905e-05 0.00859993
6.32536e-05 0.00857875
6.33169e-05 0.00855727
6.33802e-05 0.0085355
6.34435e-05 0.00851432
6.3507e-05 0.00849262
6.35704e-05 0.00847134
6.3634e-05 0.00845119
6.36976e-05 0.00842823
6.37613e-05 0.00840715
6.3825e-05 0.00838617
6.38889e-05 0.0083652
6.39527e-05 0.00834381
6.40167e-05 0.00832233
6.40807e-05 0.00830095
6.41447e-05 0.00828019
6.42089e-05 0.00825991
6.4273e-05 0.00823917
6.43373e-05 0.00821833
6.44016e-05 0.00819733
6.4466e-05 0.00817667
6.45305e-05 0.00815536
6.4595e-05 0.00813436
6.46595e-05 0.00811339
6.47242e-05 0.0080924
6.47889e-05 0.00807092
6.48537e-05 0.00804948
6.49185e-05 0.00802745
6.49834e-05 0.00800416
6.50484e-05 0.00798117
6.51134e-05 0.00795636
6.51785e-05 0.00792633
6.52437e-05 0.00789598
6.53089e-05 0.00785457
6.53742e-05 0.00778046
6.54395e-05 0.00770567
6.5505e-05 0.0162089
6.55704e-05 0.00748438
6.5636e-05 0.00806382
6.57016e-05 3.63438
6.57673e-05 0.00738121
6.5833e-05 0.0327444
6.58989e-05 0.00764322
6.59647e-05 0.00765931
6.60307e-05 0.00766046
6.60967e-05 0.00765907
6.61628e-05 0.00764659
6.62289e-05 0.00763251
6.62951e-05 0.00761794
6.63614e-05 0.00760176
6.64278e-05 0.0075854
6.64942e-05 0.00756882
6.65606e-05 0.00755036
6.66272e-05 0.00753191
6.66938e-05 0.050114
6.67605e-05 0.0317191
6.68272e-05 0.00747786
6.6894e-05 0.00746003
6.69609e-05 0.00744228
6.70278e-05 0.00742492
6.70949e-05 0.00740772
6.71619e-05 0.00740433
6.72291e-05 0.00737192
6.72963e-05 0.0073649
6.73636e-05 0.00733583
6.74309e-05 0.00731818
6.74983e-05 0.00730006
6.75658e-05 0.00728211
6.76334e-05 0.00726419
6.7701e-05 0.0072467
6.77687e-05 0.00722894
6.78364e-05 0.00721156
6.79042e-05 0.00719421
6.79721e-05 0.00717678
6.80401e-05 0.00715986
6.81081e-05 0.0071423
6.81762e-05 0.0071246
6.82443e-05 0.00710749
6.83126e-05 0.00709024
6.83808e-05 0.00707313
6.84492e-05 0.00705653
6.85176e-05 0.00703952
6.85861e-05 0.0070219
6.86547e-05 0.00700479
6.87233e-05 0.00698737
6.87921e-05 0.00697046
6.88608e-05 0.00695364
6.89297e-05 0.00693702
6.89986e-05 0.00692069
6.90676e-05 0.00690443
6.91366e-05 0.006888
6.92057e-05 0.00687087
6.92749e-05 0.00685405
6.93442e-05 0.00683779
6.94135e-05 0.00682142
6.94829e-05 0.00680492
6.95524e-05 0.00678884
6.96219e-05 0.00677225
6.96915e-05 0.00675622
6.97612e-05 0.00673964
6.98309e-05 0.00672361
6.99007e-05 0.00670723
6.99706e-05 0.00669158
7.00406e-05 0.00667558
7.01106e-05 0.00665985
7.01807e-05 0.00664428
7.02508e-05 0.00662851
7.03211e-05 0.0066125
7.03914e-05 0.00659677
7.04617e-05 0.00658107
7.05322e-05 0.00656443
7.06027e-05 0.00654726
7.06733e-05 0.0268562
7.07439e-05 0.00651484
7.08147e-05 0.00650153
7.08855e-05 0.00648782
7.09563e-05 0.00647225
7.10273e-05 0.00645673
7.10983e-05 0.00644111
7.11693e-05 0.00642556
7.12405e-05 0.00641059
7.13117e-05 0.00639518
7.1383e-05 0.00638776
7.14544e-05 0.00636476
7.15258e-05 0.0063498
7.15973e-05 0.00633514
7.16689e-05 0.00632056
7.17405e-05 0.00630585
7.18123e-05 0.00629056
7.18841e-05 0.0062752
7.19559e-05 0.00626061
7.20279e-05 0.00624572
7.20999e-05 0.00623108
7.2172e-05 0.00621647
7.22441e-05 0.00620188
7.23163e-05 0.00618727
7.23886e-05 0.00617264
7.2461e-05 0.00615797
7.25334e-05 0.00614385
7.2606e-05 0.00612979
7.26785e-05 0.0061165
7.27512e-05 0.00610091
7.28239e-05 0.00608632
7.28967e-05 0.00607277
7.29696e-05 0.00605766
7.30426e-05 0.00604364
7.31156e-05 0.00602979
7.31887e-05 0.00601545
7.32619e-05 0.00600682
7.33351e-05 0.00598734
7.34084e-05 0.00597353
7.34818e-05 0.00595932
7.35553e-05 0.00594591
7.36288e-05 0.00593216
7.37024e-05 0.00591862
7.37761e-05 0.00590477
7.38498e-05 0.00589073
7.39237e-05 0.00587665
7.39976e-05 0.00586314
7.40716e-05 0.00584993
7.41456e-05 0.00583624
7.42197e-05 0.00582276
7.42939e-05 0.00580929
7.43682e-05 0.00579575
7.44426e-05 0.00578228
7.4517e-05 0.00576883
7.45915e-05 0.00575536
7.4666e-05 0.00574191
7.47407e-05 0.00572866
7.48154e-05 0.00571498
7.48902e-05 0.00570155
7.49651e-05 0.00568854
7.504e-05 0.00567569
7.5115e-05 0.00566299
7.51901e-05 0.00565009
7.52653e-05 0.00563698
7.53406e-05 0.0056242
7.54159e-05 0.00561145
7.54913e-05 0.00559841
7.55667e-05 0.00558552
7.56423e-05 0.0055726
7.57179e-05 0.00555971
7.57936e-05 0.00554683
7.58694e-05 0.0055342
7.59452e-05 0.0055211
7.60211e-05 0.0055082
7.60972e-05 0.00549562
7.61732e-05 0.00548307
7.62494e-05 0.00547102
7.63256e-05 0.0054585
7.64019e-05 0.00544645
7.64783e-05 0.00543397
7.65548e-05 0.00542125
7.66313e-05 0.00540833
7.67079e-05 0.00539561
7.67846e-05 0.0053833
7.68614e-05 0.00537105
7.69382e-05 0.00535913
7.70151e-05 0.00534766
7.70921e-05 0.00533569
7.71692e-05 0.00532351
7.72463e-05 0.00531128
7.73236e-05 0.00529905
7.74009e-05 0.00528698
7.74782e-05 0.00527641
7.75557e-05 0.00526268
7.76332e-05 0.00525127
7.77108e-05 0.00523928
7.77885e-05 0.00522704
7.78663e-05 0.00521503
7.79442e-05 0.00520292
7.80221e-05 0.00519147
7.81001e-05 0.00517983
7.81781e-05 0.0051679
7.82563e-05 0.00515625
7.83345e-05 0.00514492
7.84129e-05 0.0051339
7.84913e-05 0.00512281
7.85697e-05 0.00511124
7.86483e-05 0.0050998
7.87269e-05 0.00508796
7.88056e-05 0.00507652
7.88844e-05 0.00506471
7.89632e-05 0.00505305
7.90422e-05 0.00504162
7.91212e-05 0.00502995
7.92003e-05 0.00501894
7.92795e-05 0.00500794
7.93588e-05 0.00499692
7.94381e-05 0.00498592
7.95175e-05 0.00497515
7.9597e-05 0.00496388
7.96766e-05 0.00495284
7.97562e-05 0.004942
7.9836e-05 0.00492998
7.99158e-05 0.00491832
7.99957e-05 0.00490727
8.00756e-05 0.00489628
8.01557e-05 0.00488593
8.02358e-05 0.00487536
8.03161e-05 0.00486479
8.03964e-05 0.00485378
8.04767e-05 0.00484325
8.05572e-05 0.00483198
8.06377e-05 0.00482082
8.07183e-05 0.00481004
8.0799e-05 0.00479962
8.08798e-05 0.00478946
8.09607e-05 0.00477861
8.10416e-05 0.0047674
8.11226e-05 0.00475684
8.12037e-05 0.00474625
8.12849e-05 0.00473592
8.13662e-05 0.00472557
8.14475e-05 0.00471523
8.15289e-05 0.00470487
8.16104e-05 0.00469449
8.1692e-05 0.00468412
8.17737e-05 0.0046738
8.18555e-05 0.00466305
8.19373e-05 0.00465967
8.20192e-05 0.00466182
8.21012e-05 0.00463733
8.21833e-05 0.00355905
8.22654e-05 0.0035496
8.23477e-05 0.00354084
8.243e-05 0.00353135
8.25124e-05 0.00352234
8.25949e-05 0.00351357
8.26775e-05 0.00350462
8.27601e-05 0.00349545
8.28429e-05 0.00348649
8.29257e-05 0.00347756
8.30086e-05 0.00346863
8.30916e-05 0.0034597
8.31747e-05 0.00345067
8.32578e-05 0.00344164
8.3341e-05 0.00343279
8.34244e-05 0.00342351
8.35078e-05 0.00341464
8.35913e-05 0.00340537
8.37586e-05 0.00338696
8.40102e-05 0.00335904
8.42626e-05 0.00333068
8.45157e-05 0.00330342
8.47696e-05 0.00327618
8.50242e-05 0.00324971
8.52797e-05 0.00322635
8.55358e-05 0.00319727
8.57928e-05 0.00317868
8.60505e-05 0.00602592
8.6309e-05 0.00314128
8.65683e-05 0.00309778
8.68283e-05 0.00663328
8.70892e-05 0.00308163
8.73508e-05 0.0030342
8.76132e-05 0.00735773
8.78764e-05 0.00301461
8.81404e-05 0.00299958
8.84052e-05 0.00295523
8.86708e-05 0.00834516
8.89372e-05 0.00291895
8.92043e-05 0.00291581
8.94723e-05 0.00289585
8.97411e-05 0.00286591
9.00107e-05 0.00280783
9.02811e-05 0.00964764
9.05523e-05 0.00279966
9.08243e-05 0.00279428
9.10972e-05 0.00277224
9.13708e-05 0.00275164
9.16453e-05 0.0027286
9.19206e-05 0.00269718
9.21967e-05 0.00263977
9.24737e-05 0.00969533
9.27515e-05 0.0026418
9.30302e-05 0.00263067
9.33096e-05 0.00261328
9.35899e-05 0.00263538
9.38711e-05 0.00257299
9.41531e-05 0.00255678
9.44359e-05 0.00253737
9.47196e-05 0.00251681
9.50042e-05 0.00249199
9.52896e-05 0.00245026
9.55758e-05 0.0118497
9.58629e-05 0.00258033
9.61509e-05 0.00242571
9.64398e-05 0.00241055
9.67295e-05 0.00239401
9.70201e-05 0.00237712
9.73115e-05 0.00236019
9.76039e-05 0.0023433
9.78971e-05 0.00232634
9.81912e-05 0.00230965
9.84861e-05 0.00229301
9.8782e-05 0.00227627
9.90787e-05 0.00225967
9.93764e-05 0.00224294
9.96749e-05 0.00222554
9.99744e-05 0.00220292
0.000100275 0.00217431
0.000100576 0.0155054
0.000100878 0.00232166
0.000101181 0.0023495
0.000101485 0.00211537
0.00010179 0.00211767
0.000102096 0.00210424
0.000102402 0.00208966
0.00010271 0.00207503
0.000103019 0.00206047
0.000103328 0.00204644
0.000103638 0.0020319
0.00010395 0.00202611
0.000104262 0.00200333
0.000104575 0.00198933
0.000104889 0.00197548
0.000105205 0.00196173
0.000105521 0.00194805
0.000105838 0.00193454
0.000106156 0.00192137
0.000106474 0.00190791
0.000106794 0.00189467
0.000107115 0.00188174
0.000107437 0.00186844
0.00010776 0.00185526
0.000108083 0.00184194
0.000108408 0.00182814
0.000108734 0.0530683
0.00010906 0.00177619
0.000109388 0.0212309
0.000109717 0.00202148
0.000110046 0.00176274
0.000110377 0.00175483
0.000110708 0.00174384
0.000111041 0.00173251
0.000111375 0.00172105
0.000111709 0.00170949
0.000112045 0.00169749
0.000112381 0.00168604
0.000112719 0.00167471
0.000113058 0.0016634
0.000113397 0.00165222
0.000113738 0.00164114
0.000114079 0.00163022
0.000114422 0.00161913
0.000114766 0.00160834
0.000115111 0.00159763
0.000115456 0.00158702
0.000115803 0.00157645
0.000116151 0.00161259
0.0001165 0.00155566
0.00011685 0.00154521
0.000117201 0.00153493
0.000117553 0.00152496
0.000117906 0.00151476
0.000118261 0.00150473
0.000118616 0.00149479
0.000118972 0.00148497
0.00011933 0.00147518
0.000119688 0.00146543
0.000120048 0.00145584
0.000120408 0.00144633
0.00012077 0.00143686
0.000121133 0.00142758
0.000121497 0.00141823
0.000121862 0.00140895
0.000122228 0.00139983
0.000122595 0.00139072
0.000122963 0.0013817
0.000123333 0.00137273
0.000123703 0.00136392
0.000124075 0.00135493
0.000124447 0.00134619
0.000124821 0.00133751
0.000125196 0.00132898
0.000125572 0.00132153
0.00012595 0.00131174
0.000126328 0.00130322
0.000126707 0.00129471
0.000127088 0.00128601
0.00012747 0.00127608
0.000127853 0.00126354
0.000128237 0.0308261
0.000128622 0.00161336
0.000129009 0.00124433
0.000129396 0.00123766
0.000129785 0.00122999
0.000130175 0.00122252
0.000130566 0.0012149
0.000130958 0.00120724
0.000131351 0.00119961
0.000131746 0.00119198
0.000132142 0.00118491
0.000132539 0.00117698
0.000132937 0.00116958
0.000133336 0.00116224
0.000133737 0.00115492
0.000134138 0.00114772
0.000134541 0.00114054
0.000134946 0.00113337
0.000135351 0.00112627
0.000135758 0.00111924
0.000136165 0.00111225
0.000136575 0.00110534
0.000136985 0.00109849
0.000137396 0.00109166
0.000137809 0.00108482
0.000138223 0.00107802
0.000138638 0.00107132
0.000139055 0.00106474
0.000139472 0.00105815
0.000139891 0.00105157
0.000140312 0.00104506
0.000140733 0.00103858
0.000141156 0.00103222
0.00014158 0.00102589
0.000142005 0.00101956
0.000142432 0.00101329
0.00014286 0.00100713
0.000143289 0.00100096
0.000143719 0.000994824
0.000144151 0.000988688
0.000144584 0.000982668
0.000145019 0.000976685
0.000145454 0.000970693
0.000145891 0.000961719
0.000146329 0.00081127
0.000146769 0.000805936
0.00014721 0.000800803
0.000147652 0.000795693
0.000148096 0.000790586
0.000148541 0.000785582
0.000148987 0.000780555
0.000149434 0.000775539
0.000149883 0.000770611
0.000150334 0.000765683
0.000150785 0.000760803
0.000151238 0.000756007
0.000151693 0.000751129
0.000152148 0.000746252
0.000152605 0.000741492
0.000153064 0.000736752
0.000153524 0.000732121
0.000153985 0.00072735
0.000154447 0.000722752
0.000154911 0.00071829
0.000155377 0.000713573
0.000155843 0.000709069
0.000156312 0.000705126
0.000156781 0.000700066
0.000157252 0.000695546
0.000157725 0.000692247
0.000158198 0.000687785
0.000158674 0.00142259
0.00015915 0.000678607
0.000159628 0.000675663
0.000160108 0.000671395
0.000160589 0.000666643
0.000161071 0.00156216
0.000161555 0.000657628
0.000162041 0.000654492
0.000162527 0.000651198
0.000163016 0.000646719
0.000163505 0.000642149
0.000163996 0.00173087
0.000164489 0.000634339
0.000164983 0.000630476
0.000165479 0.000627631
0.000165976 0.000623966
0.000166475 0.000620083
0.000166975 0.000615668
0.000167476 0.000611238
0.000167979 0.00195763
0.000168484 0.000602877
0.00016899 0.000600167
0.000169498 0.000597552
0.000170007 0.000594137
0.000170518 0.000590593
0.00017103 0.000587008
0.000171544 0.000583398
0.000172059 0.000579695
0.000172576 0.000575736
0.000173094 0.00057089
0.000173614 0.00224732
0.000174136 0.000564401
0.000174659 0.000561883
0.000175184 0.000558871
0.00017571 0.000555731
0.000176238 0.000552429
0.000176767 0.000549128
0.000177298 0.000545827
0.000177831 0.00054254
0.000178365 0.000539273
0.000178901 0.000536001
0.000179438 0.000532736
0.000179978 0.000529454
0.000180518 0.000525975
0.00018106 0.000521898
0.000181604 0.00221608
0.00018215 0.000515569
0.000182697 0.000513157
0.000183246 0.000510543
0.000183796 0.00050772
0.000184349 0.000504736
0.000184902 0.000501729
0.000185458 0.000498708
0.000186015 0.000495615
0.000186574 0.000531401
0.000187134 0.000501502
0.000187696 0.0413516
0.00018826 0.000954128
0.000188826 0.000481019
0.000189393 0.000478352
0.000189962 0.000475585
0.000190533 0.000472796
0.000191105 0.000470009
0.000191679 0.000467224
0.000192255 0.00046443
0.000192833 0.000461569
0.000193412 0.000458605
0.000193993 0.000454927
0.000194576 0.00263913
0.00019516 0.000479809
0.000195746 0.000447212
0.000196335 0.000445403
0.000196924 0.000443068
0.000197516 0.000440509
0.000198109 0.000437935
0.000198704 0.000435375
0.000199301 0.00043284
0.0001999 0.0004303
0.000200501 0.000427784
0.000201103 0.000425295
0.000201707 0.000422821
0.000202313 0.000420361
0.000202921 0.000417911
0.00020353 0.000415479
0.000204142 0.000413062
0.000204755 0.000410661
0.00020537 0.000408275
0.000205987 0.0010209
0.000206606 0.000403553
0.000207226 0.000401223
0.000207849 0.000398897
0.000208473 0.000396583
0.0002091 0.000394287
0.000209728 0.000392011
0.000210358 0.000389753
0.00021099 0.0003875
0.000211624 0.000385261
0.000212259 0.000383042
0.000212897 0.000380836
0.000213537 0.000378636
0.000214178 0.000376429
0.000214821 0.00037419
0.000215467 0.000371859
0.000216114 0.000369113
0.000216763 0.00327591
0.000217414 0.000401641
0.000218068 0.000363507
0.000218723 0.000361539
0.00021938 0.000359504
0.000220039 0.000357464
0.0002207 0.000355427
0.000221363 0.00035339
0.000222028 0.000351373
0.000222695 0.000349369
0.000223364 0.000347369
0.000224035 0.000345385
0.000224708 0.000343412
0.000225383 0.000341453
0.00022606 0.000339517
0.000226739 0.000337588
0.00022742 0.000335662
0.000228103 0.00033307
0.000228789 0.000300501
0.000229476 0.00029878
0.000230165 0.000297066
0.000230857 0.00029536
0.00023155 0.000293668
0.000232246 0.000291989
0.000232944 0.000290315
0.000233643 0.000288652
0.000234345 0.000287001
0.000235049 0.000285361
0.000235755 0.000283732
0.000236464 0.000282106
0.000237174 0.000280496
0.000237886 0.000278893
0.000238601 0.000277297
0.000239318 0.000275713
0.000240037 0.000274143
0.000240758 0.000272583
0.000241481 0.000271027
0.000242207 0.000269475
0.000242934 0.000267943
0.000243664 0.000266422
0.000244396 0.000264899
0.00024513 0.000263398
0.000245866 0.000261899
0.000246605 0.000260405
0.000247346 0.000258933
0.000248089 0.000257475
0.000248834 0.00025601
0.000249582 0.000254558
0.000250332 0.000253207
0.000251083 0.000251762
0.000251838 0.000250274
0.000252594 0.000248809
0.000253353 0.000247459
0.000254114 0.000246099
0.000254878 0.000244702
0.000255643 0.000243273
0.000256411 0.000241831
0.000257182 0.000240539
0.000257954 0.000239253
0.000258729 0.000237932
0.000259506 0.000236576
0.000260286 0.000235168
0.000261068 0.000480375
0.000261852 0.000232262
0.000262639 0.00410318
0.000263428 0.000273809
0.000264219 0.000228687
0.000265013 0.000227448
0.000265809 0.00022616
0.000266607 0.000224818
0.000267408 0.000525334
0.000268212 0.000222275
0.000269017 0.000221137
0.000269826 0.000219951
0.000270636 0.000218737
0.000271449 0.000217536
0.000272265 0.00021629
0.000273082 0.000215078
0.000273903 0.000213851
0.000274726 0.00021257
0.000275551 0.000575776
0.000276379 0.000210156
0.000277209 0.000209106
0.000278042 0.000207976
0.000278877 0.000206835
0.000279715 0.000205694
0.000280555 0.000204558
0.000281398 0.000203416
0.000282243 0.000202285
0.000283091 0.00020116
0.000283942 0.000200097
0.000284795 0.000198912
0.00028565 0.000197773
0.000286508 0.000196587
0.000287369 0.000633684
0.000288232 0.00019442
0.000289098 0.000193437
0.000289967 0.000192393
0.000290838 0.000191338
0.000291711 0.000190283
0.000292588 0.000189229
0.000293467 0.000188184
0.000294348 0.000187143
0.000295233 0.000186108
0.000296119 0.00018508
0.000297009 0.000184057
0.000297901 0.000183041
0.000298796 0.000182029
0.000299694 0.000181024
0.000300594 0.000180021
0.000301497 0.000179015
0.000302403 0.000177993
0.000303311 0.000176877
0.000304222 0.000709512
0.000305136 0.000175037
0.000306053 0.000174132
0.000306972 0.00017319
0.000307895 0.000172243
0.000308819 0.000180556
0.000309747 0.000170353
0.000310678 0.000169416
0.000311611 0.000168484
0.000312547 0.000167559
0.000313486 0.000166638
0.000314428 0.000165722
0.000315372 0.000164813
0.00031632 0.000163908
0.00031727 0.000163008
0.000318223 0.000162114
0.000319179 0.000161223
0.000320138 0.000160339
0.0003211 0.000159512
0.000322064 0.000158588
0.000323032 0.000157718
0.000324002 0.000156854
0.000324975 0.000155994
0.000325952 0.000155135
0.000326931 0.000154274
0.000327913 0.000153177
0.000328898 0.000143582
0.000329886 0.000662399
0.000330877 0.000142076
0.000331871 0.000141324
0.000332868 0.000140573
0.000333868 0.00013981
0.000334871 0.000139048
0.000335877 0.000138289
0.000336886 0.000137533
0.000337898 0.000136783
0.000338913 0.000136036
0.000339931 0.000135293
0.000340953 0.000134555
0.000341977 0.000133821
0.000343004 0.00013309
0.000344035 0.000132365
0.000345068 0.000131643
0.000346105 0.000130925
0.000347144 0.000130212
0.000348187 0.000129502
0.000349233 0.000128796
0.000350282 0.000128094
0.000351335 0.000127397
0.00035239 0.000126703
0.000353449 0.000126013
0.00035451 0.000125328
0.000355575 0.000124645
0.000356644 0.000123967
0.000357715 0.000123293
0.00035879 0.000122622
0.000359867 0.000121955
0.000360948 0.000121292
0.000362033 0.000120632
0.00036312 0.000119977
0.000364211 0.000119325
0.000365305 0.000118676
0.000366403 0.000118033
0.000367504 0.000117391
0.000368607 0.000116751
0.000369715 0.000116117
0.000370825 0.000115486
0.000371939 0.000114841
0.000373057 0.000114197
0.000374178 0.000744162
0.000375302 0.00012106
0.000376429 0.000112376
0.00037756 0.000111784
0.000378694 0.000111181
0.000379832 0.000110575
0.000380973 0.000109971
0.000382117 0.000109375
0.000383265 0.000108785
0.000384416 0.000108202
0.000385571 0.00010762
0.00038673 0.000107038
0.000387891 0.000106456
0.000389057 0.000105875
0.000390225 0.000105294
0.000391398 0.000104723
0.000392573 0.000104167
0.000393753 0.00010361
0.000394936 0.000103053
0.000396122 0.000102497
0.000397312 0.000101942
0.000398506 0.00010139
0.000399703 0.000100835
0.000400903 0.00010028
0.000402108 0.000196075
0.000403316 9.91863e-05
0.000404527 9.86325e-05
0.000405743 0.00430505
0.000406961 0.000142367
0.000408184 9.70871e-05
0.00040941 9.65663e-05
0.00041064 9.60461e-05
0.000411874 9.55272e-05
0.000413111 9.501e-05
0.000414352 9.44932e-05
0.000415597 9.39746e-05
0.000416845 0.00021048
0.000418098 9.29596e-05
0.000419353 9.24696e-05
0.000420613 9.19759e-05
0.000421877 9.14811e-05
0.000423144 9.09886e-05
0.000424415 9.04989e-05
0.00042569 9.00106e-05
0.000426969 8.95251e-05
0.000428252 8.90425e-05
0.000429538 8.85629e-05
0.000430829 8.80851e-05
0.000432123 8.76112e-05
0.000433421 8.71385e-05
0.000434723 8.66663e-05
0.000436029 8.61869e-05
0.000437339 0.000226494
0.000438653 8.52603e-05
0.00043997 8.48094e-05
0.000441292 8.43594e-05
0.000442618 8.39061e-05
0.000443948 8.34547e-05
0.000445281 8.30062e-05
0.000446619 8.24939e-05
0.000447961 7.90834e-05
0.000449306 7.86602e-05
0.000450656 7.8235e-05
0.00045201 7.78146e-05
0.000453368 7.73976e-05
0.00045473 7.69808e-05
0.000456096 7.65674e-05
0.000457466 7.61565e-05
0.00045884 7.57473e-05
0.000460219 7.53391e-05
0.000461601 7.4943e-05
0.000462988 7.45264e-05
0.000464379 8.26158e-05
0.000465774 0.000810136
0.000467173 0.000240375
0.000468576 7.29323e-05
0.000469984 7.25492e-05
0.000471396 7.21643e-05
0.000472812 7.17788e-05
0.000474232 7.13937e-05
0.000475657 7.10108e-05
0.000477086 7.35442e-05
0.000478519 7.0251e-05
0.000479957 6.98742e-05
0.000481398 6.94993e-05
0.000482845 6.91259e-05
0.000484295 6.87553e-05
0.00048575 6.83874e-05
0.000487209 6.80213e-05
0.000488673 6.76555e-05
0.000490141 6.72925e-05
0.000491613 6.69322e-05
0.00049309 6.65738e-05
0.000494571 6.62164e-05
0.000496057 6.58618e-05
0.000497547 6.55093e-05
0.000499042 6.51579e-05
0.000500541 6.4809e-05
0.000502045 6.44617e-05
0.000503553 6.41161e-05
0.000505066 6.37723e-05
0.000506583 6.34306e-05
0.000508105 6.30902e-05
0.000509631 6.27502e-05
0.000511162 6.24089e-05
0.000512698 0.00025705
0.000514238 6.17393e-05
0.000515783 6.14161e-05
0.000517332 6.10894e-05
0.000518886 6.07628e-05
0.000520445 6.04375e-05
0.000522008 6.0114e-05
0.000523577 5.9792e-05
0.00052515 5.94717e-05
0.000526727 5.91533e-05
0.00052831 5.88365e-05
0.000529897 5.85215e-05
0.000531488 5.82083e-05
0.000533085 5.78966e-05
0.000534686 5.75866e-05
0.000536293 5.72783e-05
0.000537904 5.69716e-05
0.00053952 5.66666e-05
0.00054114 5.63634e-05
0.000542766 5.60617e-05
0.000544397 5.57615e-05
0.000546032 5.5463e-05
0.000547672 5.51662e-05
0.000549318 5.48708e-05
0.000550968 5.45772e-05
0.000552623 5.42851e-05
0.000554283 5.39946e-05
0.000555948 5.37056e-05
0.000557618 5.34181e-05
0.000559294 5.31323e-05
0.000560974 5.2848e-05
0.000562659 5.25652e-05
0.000564349 5.2284e-05
0.000566044 5.20042e-05
0.000567745 5.17258e-05
0.00056945 5.14492e-05
0.000571161 5.11738e-05
0.000572877 5.08999e-05
0.000574598 5.06275e-05
0.000576324 5.03566e-05
0.000578055 5.00872e-05
0.000579792 4.98192e-05
0.000581534 4.95526e-05
0.000583281 4.92611e-05
0.000585033 4.78263e-05
0.00058679 4.75701e-05
0.000588553 4.73137e-05
0.000590321 0.000225169
0.000592095 4.6806e-05
0.000593873 4.65612e-05
0.000595657 9.09498e-05
0.000597447 4.60668e-05
0.000599242 4.58221e-05
0.000601042 4.55761e-05
0.000602847 4.53327e-05
0.000604658 4.50906e-05
0.000606475 4.48498e-05
0.000608297 4.46104e-05
0.000610124 4.43721e-05
0.000611957 4.41351e-05
0.000613795 4.38995e-05
0.000615639 4.36651e-05
0.000617489 4.34319e-05
0.000619344 4.31999e-05
0.000621204 4.29693e-05
0.00062307 4.27399e-05
0.000624942 4.25116e-05
0.000626819 4.22848e-05
0.000628702 9.50623e-05
0.000630591 4.18343e-05
0.000632485 4.16109e-05
0.000634386 4.13887e-05
0.000636291 4.11678e-05
0.000638203 4.09479e-05
0.00064012 4.07292e-05
0.000642043 4.05117e-05
0.000643972 4.02954e-05
0.000645906 4.00803e-05
0.000647847 3.98662e-05
0.000649793 3.96533e-05
0.000651745 3.94416e-05
0.000653703 3.9231e-05
0.000655666 3.90215e-05
0.000657636 3.88133e-05
0.000659612 3.8606e-05
0.000661593 3.83998e-05
0.000663581 3.81947e-05
0.000665574 3.79908e-05
0.000667574 3.77878e-05
0.000669579 3.75861e-05
0.000671591 3.73854e-05
0.000673608 3.71858e-05
0.000675632 3.69872e-05
0.000677661 9.69797e-05
0.000679697 3.65932e-05
0.000681739 3.63977e-05
0.000683787 3.62033e-05
0.000685841 3.601e-05
0.000687901 3.58177e-05
0.000689968 3.56264e-05
0.000692041 3.54362e-05
0.00069412 3.52469e-05
0.000696205 3.50587e-05
0.000698296 3.48838e-05
0.000700394 3.46852e-05
0.000702498 3.44999e-05
0.000704608 3.43157e-05
0.000706725 3.41323e-05
0.000708848 3.39501e-05
0.000710978 3.37687e-05
0.000713113 3.35883e-05
0.000715256 3.34088e-05
0.000717404 3.32305e-05
0.00071956 3.3053e-05
0.000721721 3.28765e-05
0.000723889 3.27008e-05
0.000726064 3.25261e-05
0.000728245 3.23523e-05
0.000730433 3.21795e-05
0.000732627 3.20179e-05
0.000734828 3.18366e-05
0.000737035 3.16665e-05
0.00073925 3.14856e-05
0.00074147 3.08068e-05
0.000743698 3.06771e-05
0.000745932 0.00073634
0.000748173 3.75978e-05
0.00075042 0.000220541
0.000752675 9.78707e-05
0.000754936 3.20794e-05
0.000757204 2.96732e-05
0.000759478 2.95149e-05
0.00076176 2.93574e-05
0.000764048 2.92008e-05
0.000766344 2.9045e-05
0.000768646 2.889e-05
0.000770955 2.87359e-05
0.000773271 2.85825e-05
0.000775594 2.843e-05
0.000777924 2.82783e-05
0.000780261 2.81274e-05
0.000782605 2.79773e-05
0.000784956 2.7828e-05
0.000787314 2.76795e-05
0.000789679 2.7532e-05
0.000792051 2.73847e-05
0.00079443 2.72386e-05
0.000796817 2.70932e-05
0.000799211 2.69486e-05
0.000801612 2.68048e-05
0.00080402 2.66617e-05
0.000806435 2.65194e-05
0.000808858 2.63778e-05
0.000811288 2.6237e-05
0.000813725 2.60969e-05
0.000816169 2.59576e-05
0.000818621 2.58191e-05
0.00082108 2.56812e-05
0.000823547 2.55441e-05
0.000826021 2.54077e-05
0.000828502 2.52721e-05
0.000830991 2.51372e-05
0.000833488 2.50029e-05
0.000835992 2.48694e-05
0.000838503 2.47366e-05
0.000841022 2.46045e-05
0.000843548 2.44731e-05
0.000846082 2.43424e-05
0.000848624 2.42124e-05
0.000851173 2.40831e-05
0.00085373 2.39544e-05
0.000856295 2.38265e-05
0.000858868 2.36992e-05
0.000861448 2.35727e-05
0.000864035 2.34468e-05
0.000866631 4.54456e-05
0.000869235 2.3197e-05
0.000871846 2.3073e-05
0.000874465 2.29498e-05
0.000877092 9.70701e-05
0.000879727 2.27053e-05
0.000882369 2.25839e-05
0.00088502 2.24633e-05
0.000887679 2.23433e-05
0.000890346 2.22238e-05
0.00089302 2.21051e-05
0.000895703 2.1987e-05
0.000898394 2.19865e-05
0.000901093 2.17526e-05
0.000903799 2.16365e-05
0.000906515 2.15208e-05
0.000909238 2.14058e-05
0.000911969 2.12914e-05
0.000914709 2.09311e-05
0.000917457 2.08193e-05
0.000920213 2.07082e-05
0.000922977 2.05977e-05
0.00092575 2.04877e-05
0.000928531 2.03783e-05
0.00093132 2.02696e-05
0.000934118 2.01613e-05
0.000936924 2.00536e-05
0.000939739 4.41163e-05
0.000942562 1.984e-05
0.000945394 1.9734e-05
0.000948234 1.96287e-05
0.000951082 1.95238e-05
0.000953939 1.94197e-05
0.000956805 1.93158e-05
0.000959679 1.92126e-05
0.000962562 1.911e-05
0.000965454 1.90079e-05
0.000968354 1.89064e-05
0.000971263 1.88054e-05
0.000974181 1.8705e-05
0.000977108 1.8605e-05
0.000980043 1.85057e-05
0.000982987 1.84068e-05
0.00098594 1.83085e-05
0.000988902 1.82106e-05
0.000991873 1.81133e-05
0.000994852 1.80165e-05
0.000997841 1.79202e-05
0.00100084 1.78245e-05
0.00100385 1.77292e-05
0.00100686 1.76345e-05
0.00100989 1.75402e-05
0.00101292 1.74465e-05
0.00101596 1.73533e-05
0.00101901 1.72606e-05
0.00102208 1.71682e-05
0.00102515 1.70764e-05
0.00102823 1.69851e-05
0.00103131 1.68945e-05
0.00103441 1.68041e-05
0.00103752 1.67143e-05
0.00104064 1.66249e-05
0.00104376 1.65361e-05
0.0010469 1.64476e-05
0.00105004 4.30609e-05
0.0010532 1.66801e-05
0.00105636 1.61852e-05
0.00105954 1.60986e-05
0.00106272 1.60125e-05
0.00106591 1.59269e-05
0.00106911 1.58418e-05
0.00107232 1.57571e-05
0.00107555 1.56727e-05
0.00107878 1.55889e-05
0.00108202 1.55055e-05
0.00108527 1.54226e-05
0.00108853 1.53401e-05
0.0010918 1.52581e-05
0.00109508 1.51764e-05
0.00109837 1.50952e-05
0.00110167 1.50145e-05
0.00110498 1.49335e-05
0.0011083 1.47276e-05
0.00111163 1.46488e-05
0.00111497 1.45705e-05
0.00111831 1.44928e-05
0.00112167 1.44153e-05
0.00112504 1.43382e-05
0.00112842 1.42615e-05
0.00113181 7.38847e-05
0.00113521 1.41094e-05
0.00113862 1.4034e-05
0.00114204 1.3959e-05
0.00114548 1.38842e-05
0.00114892 1.381e-05
0.00115237 1.37361e-05
0.00115583 1.36627e-05
0.0011593 1.35897e-05
0.00116278 1.3517e-05
0.00116628 1.34446e-05
0.00116978 1.33728e-05
0.00117329 1.33026e-05
0.00117682 1.32301e-05
0.00118036 1.31593e-05
0.0011839 1.30889e-05
0.00118746 1.30189e-05
0.00119102 1.29493e-05
0.0011946 1.288e-05
0.00119819 1.28111e-05
0.00120179 1.27425e-05
0.0012054 1.26744e-05
0.00120902 1.26066e-05
0.00121265 1.25391e-05
0.0012163 1.24719e-05
0.00121995 1.24052e-05
0.00122362 1.23388e-05
0.00122729 1.22728e-05
0.00123098 1.22071e-05
0.00123468 1.38294e-05
0.00123839 0.000172159
0.00124211 4.02925e-05
0.00124584 1.19478e-05
0.00124958 1.18839e-05
0.00125333 1.18203e-05
0.0012571 1.1757e-05
0.00126088 2.21353e-05
0.00126466 1.16315e-05
0.00126846 1.15692e-05
0.00127227 1.15073e-05
0.00127609 1.14457e-05
0.00127993 1.13843e-05
0.00128377 1.1337e-05
0.00128763 1.12628e-05
0.0012915 1.12024e-05
0.00129538 1.11424e-05
0.00129927 1.10828e-05
0.00130317 1.10234e-05
0.00130709 1.09644e-05
0.00131101 1.0906e-05
0.00131495 1.08469e-05
0.0013189 1.07201e-05
0.00132286 1.06627e-05
0.00132684 1.06056e-05
0.00133082 1.05489e-05
0.00133482 1.04924e-05
0.00133883 1.04362e-05
0.00134285 1.03804e-05
0.00134689 1.03248e-05
0.00135093 1.02695e-05
0.00135499 1.02145e-05
0.00135906 1.01599e-05
0.00136315 1.01054e-05
0.00136724 1.00513e-05
0.00137135 9.99747e-06
0.00137547 9.94393e-06
0.0013796 9.89068e-06
0.00138374 9.83775e-06
0.0013879 9.78503e-06
0.00139207 9.73261e-06
0.00139625 9.68052e-06
0.00140045 9.62862e-06
0.00140465 9.57711e-06
0.00140887 9.52579e-06
0.00141311 9.47471e-06
0.00141735 2.09112e-05
0.00142161 9.37349e-06
0.00142588 9.32327e-06
0.00143016 9.27384e-06
0.00143446 9.22433e-06
0.00143877 9.17421e-06
0.00144309 9.12505e-06
0.00144743 9.07614e-06
0.00145177 9.02756e-06
0.00145614 8.97912e-06
0.00146051 8.93102e-06
0.0014649 8.88315e-06
0.0014693 8.83554e-06
0.00147371 8.78821e-06
0.00147814 8.7411e-06
0.00148258 8.69423e-06
0.00148703 8.64767e-06
0.0014915 8.6013e-06
0.00149598 8.5552e-06
0.00150048 8.5093e-06
0.00150498 8.46374e-06
0.0015095 8.41836e-06
0.00151404 8.37319e-06
0.00151859 8.3283e-06
0.00152315 8.28365e-06
0.00152772 8.23927e-06
0.00153231 8.19508e-06
0.00153692 8.15111e-06
0.00154153 8.1074e-06
0.00154616 8.02438e-06
0.00155081 7.98135e-06
0.00155547 8.30292e-06
0.00156014 7.89602e-06
0.00156483 7.85367e-06
0.00156953 7.81157e-06
0.00157424 7.76972e-06
0.00157897 7.72806e-06
0.00158372 7.68662e-06
0.00158847 7.64544e-06
0.00159325 7.60441e-06
0.00159803 7.56367e-06
0.00160283 7.52312e-06
0.00160765 7.48276e-06
0.00161248 7.44263e-06
0.00161732 7.40275e-06
0.00162218 3.45899e-05
0.00162705 7.32356e-06
0.00163194 7.28428e-06
0.00163684 7.24521e-06
0.00164176 7.20635e-06
0.00164669 7.16772e-06
0.00165164 7.12926e-06
0.0016566 7.09102e-06
0.00166158 7.05298e-06
0.00166657 7.01515e-06
0.00167158 6.97751e-06
0.0016766 6.94008e-06
0.00168163 6.90286e-06
0.00168669 1.86994e-05
0.00169175 6.829e-06
0.00169684 6.79234e-06
0.00170193 6.75592e-06
0.00170705 6.71964e-06
0.00171217 6.68363e-06
0.00171732 6.64773e-06
0.00172248 6.61205e-06
0.00172765 6.57659e-06
0.00173284 6.54131e-06
0.00173805 6.50618e-06
0.00174327 6.47126e-06
0.0017485 6.43657e-06
0.00175376 6.40198e-06
0.00175903 6.36762e-06
0.00176431 6.33346e-06
0.00176961 6.29946e-06
0.00177493 6.26565e-06
0.00178026 6.23202e-06
0.00178561 6.19856e-06
0.00179097 6.1533e-06
0.00179635 6.10868e-06
0.00180175 6.07588e-06
0.00180716 6.04329e-06
0.00181259 6.01086e-06
0.00181803 5.97861e-06
0.00182349 5.94652e-06
0.00182897 5.91462e-06
0.00183447 5.88284e-06
0.00183998 5.85127e-06
0.00184551 5.81985e-06
0.00185105 5.78862e-06
0.00185661 5.75756e-06
0.00186219 1.0935e-05
0.00186778 5.86022e-06
0.00187339 5.66534e-06
0.00187902 5.63492e-06
0.00188467 5.60464e-06
0.00189033 5.57457e-06
0.00189601 5.54463e-06
0.0019017 5.51488e-06
0.00190741 5.09344e-05
0.00191314 5.96501e-06
0.00191889 5.42651e-06
0.00192466 5.39736e-06
0.00193044 5.36838e-06
0.00193624 5.33955e-06
0.00194205 5.31088e-06
0.00194789 5.28235e-06
0.00195374 5.25398e-06
0.00195961 5.22577e-06
0.0019655 5.19768e-06
0.0019714 5.16977e-06
0.00197732 5.14201e-06
0.00198326 5.1144e-06
0.00198922 5.08692e-06
0.0019952 5.05959e-06
0.00200119 5.03241e-06
0.0020072 5.00538e-06
0.00201323 4.97849e-06
0.00201928 4.95173e-06
0.00202535 4.92511e-06
0.00203143 4.89867e-06
0.00203753 4.87325e-06
0.00204365 4.84617e-06
0.00204979 4.82013e-06
0.00205595 4.77961e-06
0.00206213 4.75392e-06
0.00206832 4.72839e-06
0.00207453 4.703e-06
0.00208077 4.67771e-06
0.00208702 4.65258e-06
0.00209329 4.62759e-06
0.00209958 4.60272e-06
0.00210588 4.57801e-06
0.00211221 4.5534e-06
0.00211855 4.52894e-06
0.00212492 4.5046e-06
0.0021313 4.4804e-06
0.0021377 4.45634e-06
0.00214413 4.43237e-06
0.00215057 4.40855e-06
0.00215703 4.38485e-06
0.00216351 4.36129e-06
0.00217001 4.33786e-06
0.00217653 4.31454e-06
0.00218306 4.29499e-06
0.00218962 4.26828e-06
0.0021962 4.24534e-06
0.0022028 4.22251e-06
0.00220942 4.19981e-06
0.00221605 4.17725e-06
0.00222271 4.15479e-06
0.00222939 4.13246e-06
0.00223608 1.51428e-05
0.0022428 9.38757e-06
0.00224954 4.06616e-06
0.0022563 4.04429e-06
0.00226308 4.02254e-06
0.00226987 4.00094e-06
0.00227669 3.97942e-06
0.00228353 3.95802e-06
0.00229039 3.93685e-06
0.00229727 3.91557e-06
0.00230417 3.89452e-06
0.0023111 3.87356e-06
0.00231804 3.85273e-06
0.002325 3.83201e-06
0.00233199 3.8114e-06
0.00233899 3.7909e-06
0.00234602 3.77051e-06
0.00235307 3.75022e-06
0.00236014 3.73005e-06
0.00236723 3.70998e-06
0.00237434 3.69003e-06
0.00238147 3.67019e-06
0.00238862 3.65046e-06
0.0023958 3.63081e-06
0.002403 3.61127e-06
0.00241022 3.59184e-06
0.00241746 3.57253e-06
0.00242472 3.5533e-06
0.002432 3.53467e-06
0.00243931 3.51517e-06
0.00244664 3.49625e-06
0.00245399 3.4786e-06
0.00246136 3.45872e-06
0.00246875 3.44013e-06
0.00247617 3.42161e-06
0.00248361 3.4032e-06
0.00249107 3.38488e-06
0.00249855 3.36667e-06
0.00250606 3.34854e-06
0.00251359 3.33052e-06
0.00252114 3.31259e-06
0.00252871 3.29477e-06
0.00253631 3.27704e-06
0.00254393 3.25939e-06
0.00255157 3.24186e-06
0.00255923 3.22441e-06
0.00256692 3.20705e-06
0.00257463 3.18979e-06
0.00258237 3.17261e-06
0.00259012 3.18857e-06
0.00259791 3.15656e-06
0.00260571 3.12165e-06
0.00261354 3.10484e-06
0.00262139 3.08812e-06
0.00262926 3.07151e-06
0.00263716 3.05496e-06
0.00264508 3.03851e-06
0.00265303 3.02216e-06
0.002661 3.00588e-06
0.00266899 2.98969e-06
0.00267701 2.9736e-06
0.00268505 2.95758e-06
0.00269312 2.94165e-06
0.00270121 2.92582e-06
0.00270933 2.91005e-06
0.00271746 2.89438e-06
0.00272563 2.8788e-06
0.00273382 2.86328e-06
0.00274203 2.84786e-06
0.00275027 2.83252e-06
0.00275853 2.81727e-06
0.00276682 2.80209e-06
0.00277513 2.787e-06
0.00278346 1.81477e-05
0.00279183 2.75705e-06
0.00280021 2.74221e-06
0.00280862 2.72743e-06
0.00281706 2.71274e-06
0.00282552 2.69813e-06
0.00283401 2.68359e-06
0.00284253 2.66912e-06
0.00285107 2.65475e-06
0.00285963 2.64045e-06
0.00286822 2.62622e-06
0.00287684 2.61206e-06
0.00288548 5.13012e-06
0.00289415 2.58399e-06
0.00290284 2.57007e-06
0.00291156 2.55622e-06
0.00292031 2.54244e-06
0.00292908 2.52874e-06
0.00293788 2.51512e-06
0.00294671 2.50156e-06
0.00295556 2.48808e-06
0.00296444 2.47467e-06
0.00297334 2.46133e-06
0.00298228 7.26634e-06
0.00299123 2.43487e-06
0.00300022 2.42175e-06
0.00300923 2.4087e-06
0.00301827 2.39571e-06
0.00302734 2.38279e-06
0.00303643 2.36995e-06
0.00304556 2.35717e-06
0.00305471 2.34446e-06
0.00306388 2.33183e-06
0.00307309 2.31925e-06
0.00308232 2.30675e-06
0.00309158 2.29431e-06
0.00310086 2.28195e-06
0.00311018 2.26964e-06
0.00311952 2.25741e-06
0.00312889 2.24523e-06
0.00313829 2.23313e-06
0.00314772 2.22108e-06
0.00315718 2.2091e-06
0.00316666 2.1972e-06
0.00317618 2.18534e-06
0.00318572 2.17356e-06
0.00319529 2.16184e-06
0.00320489 2.15018e-06
0.00321451 2.13858e-06
0.00322417 2.12705e-06
0.00323386 2.11557e-06
0.00324357 2.10417e-06
0.00325331 2.09282e-06
0.00326309 2.08153e-06
0.00327289 2.0703e-06
0.00328272 2.05913e-06
0.00329258 2.04839e-06
0.00330248 2.03697e-06
0.0033124 2.02599e-06
0.00332235 2.01506e-06
0.00333233 2.00419e-06
0.00334234 1.99341e-06
0.00335238 2.1116e-06
0.00336245 1.97192e-06
0.00337255 1.96129e-06
0.00338268 1.95071e-06
0.00339284 1.94018e-06
0.00340304 1.92971e-06
0.00341326 1.9193e-06
0.00342351 1.90895e-06
0.0034338 1.89864e-06
0.00344411 1.8884e-06
0.00345446 1.87821e-06
0.00346484 1.86808e-06
0.00347525 1.85799e-06
0.00348569 1.94436e-06
0.00349616 1.838e-06
0.00350666 1.82807e-06
0.00351719 1.81821e-06
0.00352776 1.80839e-06
0.00353836 1.80166e-06
0.00354899 1.78892e-06
0.00355965 1.77927e-06
0.00357034 1.76967e-06
0.00358107 1.76025e-06
0.00359183 1.75061e-06
0.00360262 1.75524e-06
0.00361344 1.73176e-06
0.00362429 1.72242e-06
0.00363518 1.71312e-06
0.0036461 1.70387e-06
0.00365705 1.69467e-06
0.00366804 1.68552e-06
0.00367906 1.67643e-06
0.00369011 1.66738e-06
0.0037012 1.65837e-06
0.00371232 1.64942e-06
0.00372347 1.64051e-06
0.00373465 1.63166e-06
0.00374587 1.62285e-06
0.00375713 1.61408e-06
0.00376841 1.60537e-06
0.00377973 1.5967e-06
0.00379109 1.58807e-06
0.00380248 1.57949e-06
0.0038139 1.57097e-06
0.00382536 1.56248e-06
0.00383685 1.55404e-06
0.00384837 1.54565e-06
0.00385994 1.5373e-06
0.00387153 1.529e-06
0.00388316 9.00655e-06
0.00389483 3.75588e-06
0.00390653 1.50436e-06
0.00391826 1.49623e-06
0.00393003 1.48816e-06
0.00394184 1.48011e-06
0.00395368 1.47212e-06
0.00396556 1.46417e-06
0.00397747 1.45626e-06
0.00398942 1.44839e-06
0.0040014 1.44056e-06
0.00401343 1.43279e-06
0.00402548 1.42505e-06
0.00403758 1.41734e-06
0.0040497 1.40969e-06
0.00406187 1.40207e-06
0.00407407 1.39449e-06
0.00408631 1.38696e-06
0.00409859 1.37946e-06
0.0041109 1.37201e-06
0.00412325 1.3646e-06
0.00413564 1.35722e-06
0.00414806 1.34989e-06
0.00416052 1.3426e-06
0.00417302 1.33534e-06
0.00418555 1.32813e-06
0.00419813 1.32095e-06
0.00421074 1.31381e-06
0.00422339 1.30671e-06
0.00423608 1.29965e-06
0.0042488 1.29262e-06
0.00426157 1.28564e-06
0.00427437 1.27869e-06
0.00428721 1.27178e-06
0.00430009 1.2649e-06
0.00431301 1.25807e-06
0.00432596 1.25127e-06
0.00433896 1.24451e-06
0.00435199 1.23777e-06
0.00436507 1.23108e-06
0.00437818 1.22443e-06
0.00439133 1.21782e-06
0.00440452 1.21123e-06
0.00441776 1.20468e-06
0.00443103 1.19817e-06
0.00444434 1.19169e-06
0.00445769 1.18524e-06
0.00447108 1.17884e-06
0.00448451 1.17246e-06
0.00449798 1.16612e-06
0.0045115 1.15982e-06
0.00452505 1.15355e-06
0.00453864 1.14731e-06
0.00455228 1.14111e-06
0.00456595 1.13494e-06
0.00457967 1.1288e-06
0.00459343 1.12269e-06
0.00460723 1.11662e-06
0.00462107 1.11058e-06
0.00463495 1.10458e-06
0.00464887 1.09861e-06
0.00466284 1.09266e-06
0.00467685 1.08675e-06
0.0046909 1.08088e-06
0.00470499 1.07503e-06
0.00471912 1.06922e-06
0.0047333 1.06344e-06
0.00474752 1.05768e-06
0.00476178 1.05196e-06
0.00477608 1.04627e-06
0.00479043 1.04062e-06
0.00480482 1.03499e-06
0.00481926 1.02939e-06
0.00483373 1.02381e-06
0.00484825 1.01828e-06
0.00486282 1.01277e-06
0.00487743 1.00729e-06
0.00489208 1.00184e-06
0.00490678 9.96418e-07
0.00492152 9.91028e-07
0.0049363 9.85669e-07
0.00495113 2.08428e-06
0.004966 9.75033e-07
0.00498092 9.69755e-07
0.00499589 9.64507e-07
0.00501089 9.5929e-07
0.00502595 9.541e-07
0.00504105 9.48934e-07
0.00505619 9.43804e-07
0.00507138 9.38695e-07
0.00508661 9.33616e-07
0.00510189 9.28559e-07
0.00511722 9.23536e-07
0.00513259 9.18542e-07
0.00514801 9.13569e-07
0.00516348 9.08624e-07
0.00517899 1.14891e-06
0.00519455 8.98812e-07
0.00521015 8.93952e-07
0.0052258 8.89112e-07
0.0052415 8.84299e-07
0.00525725 4.03933e-06
0.00527304 8.74755e-07
0.00528888 8.70017e-07
0.00530477 8.65306e-07
0.00532071 8.60621e-07
0.00533669 8.55964e-07
0.00535272 8.51333e-07
0.0053688 8.46722e-07
0.00538493 8.42137e-07
0.00540111 8.37578e-07
0.00541733 8.33046e-07
0.00543361 8.28532e-07
0.00544993 8.24052e-07
0.0054663 8.1959e-07
0.00548272 8.15148e-07
0.00549919 8.10737e-07
0.00551571 8.06345e-07
0.00553228 8.01984e-07
0.0055489 7.97636e-07
0.00556557 7.9332e-07
0.00558229 7.89021e-07
0.00559906 7.84754e-07
0.00561588 7.80499e-07
0.00563275 7.76274e-07
0.00564967 7.72074e-07
0.00566664 7.67892e-07
0.00568367 7.63733e-07
0.00570074 7.59593e-07
0.00571787 5.24789e-05
0.00573504 7.51391e-07
0.00575227 7.47321e-07
0.00576955 7.43276e-07
0.00578689 7.39247e-07
0.00580427 7.35243e-07
0.00582171 7.31261e-07
0.0058392 7.27296e-07
0.00585674 7.23361e-07
0.00587433 7.19442e-07
0.00589198 7.15546e-07
0.00590968 7.11667e-07
0.00592743 7.07811e-07
0.00594524 7.03976e-07
0.0059631 7.00164e-07
0.00598101 6.96369e-07
0.00599898 6.92601e-07
0.006017 6.8885e-07
0.00603508 6.85114e-07
0.00605321 6.81401e-07
0.00607139 6.77937e-07
0.00608963 6.74039e-07
0.00610792 6.70385e-07
0.00612627 6.66752e-07
0.00614468 6.63139e-07
0.00616313 6.5955e-07
0.00618165 6.55974e-07
0.00620022 6.5242e-07
0.00621885 6.48886e-07
0.00623753 6.45368e-07
0.00625627 6.41871e-07
0.00627506 6.38394e-07
0.00629391 6.34932e-07
0.00631282 6.37698e-07
0.00633178 6.2807e-07
0.0063508 6.24663e-07
0.00636988 6.21282e-07
0.00638902 6.1791e-07
0.00640821 6.14563e-07
0.00642746 6.11231e-07
0.00644677 6.07919e-07
0.00646614 6.04626e-07
0.00648556 6.01347e-07
0.00650505 5.98088e-07
0.00652459 5.94843e-07
0.00654419 5.91622e-07
0.00656385 5.88415e-07
0.00658356 5.85223e-07
0.00660334 5.82049e-07
0.00662318 5.78893e-07
0.00664308 5.75757e-07
0.00666303 5.72635e-07
0.00668305 5.6953e-07
0.00670312 5.66445e-07
0.00672326 5.63372e-07
0.00674346 5.60318e-07
0.00676372 5.57277e-07
0.00678404 5.54259e-07
0.00680442 5.51255e-07
0.00682486 5.48263e-07
0.00684536 5.4529e-07
0.00686592 5.42334e-07
0.00688655 5.39395e-07
0.00690724 1.99019e-06
0.00692799 5.33557e-07
0.0069488 5.30667e-07
0.00696967 5.27789e-07
0.00699061 5.24923e-07
0.00701161 5.2208e-07
0.00703268 5.19248e-07
0.0070538 5.1643e-07
0.00707499 5.13628e-07
0.00709625 5.10843e-07
0.00711756 5.08075e-07
0.00713895 5.05318e-07
0.00716039 5.02575e-07
0.0071819 4.99852e-07
0.00720348 4.9714e-07
0.00722512 4.94441e-07
0.00724682 4.91763e-07
0.00726859 4.89091e-07
0.00729043 4.86441e-07
0.00731233 4.83802e-07
0.00733429 4.81179e-07
0.00735633 4.78567e-07
0.00737843 4.75971e-07
0.00740059 4.73387e-07
0.00742282 4.70818e-07
0.00744512 4.68265e-07
0.00746749 4.65722e-07
0.00748992 4.63196e-07
0.00751242 4.60685e-07
0.00753499 4.58185e-07
0.00755763 4.55699e-07
0.00758033 4.53225e-07
0.0076031 4.50766e-07
0.00762594 4.48323e-07
0.00764885 4.45889e-07
0.00767183 4.43466e-07
0.00769488 4.41063e-07
0.00771799 4.3867e-07
0.00774118 4.36287e-07
0.00776443 4.33919e-07
0.00778776 4.31564e-07
0.00781115 4.29222e-07
0.00783462 4.26893e-07
0.00785815 4.24576e-07
0.00788176 4.22271e-07
0.00790544 4.1998e-07
0.00792919 4.177e-07
0.00795301 4.15433e-07
0.0079769 4.13178e-07
0.00800086 4.10935e-07
0.0080249 4.08705e-07
0.008049 4.06486e-07
0.00807318 4.04279e-07
0.00809744 4.02084e-07
0.00812176 3.99902e-07
0.00814616 3.97731e-07
0.00817063 3.95572e-07
0.00819518 3.93424e-07
0.0082198 3.91288e-07
0.00824449 3.89164e-07
0.00826926 3.87051e-07
0.0082941 3.8495e-07
0.00831901 3.8286e-07
0.00834401 3.80781e-07
0.00836907 3.78713e-07
0.00839421 3.76657e-07
0.00841943 3.74612e-07
0.00844472 3.72578e-07
0.00847009 3.70555e-07
0.00849554 3.68542e-07
0.00852106 3.6654e-07
0.00854665 3.6455e-07
0.00857233 3.6257e-07
0.00859808 3.60602e-07
0.00862391 3.58643e-07
0.00864982 3.56695e-07
0.0086758 3.54758e-07
0.00870187 3.52831e-07
0.00872801 3.50915e-07
0.00875423 3.49009e-07
0.00878053 3.47113e-07
0.0088069 3.45228e-07
0.00883336 5.27352e-07
0.0088599 3.41488e-07
0.00888651 1.03517e-06
0.00891321 3.37788e-07
0.00893998 3.35954e-07
0.00896684 3.34128e-07
0.00899378 3.32313e-07
0.0090208 3.30507e-07
0.0090479 3.28712e-07
0.00907507 3.26927e-07
0.00910234 3.2515e-07
0.0092073 3.18476e-07
0.00939266 3.07152e-07
0.00958175 2.96229e-07
0.00977464 2.85694e-07
0.00997142 2.75532e-07
0.0101722 2.6573e-07
0.0103769 2.56277e-07
0.0105858 2.47158e-07
0.0107989 2.38362e-07
0.0110163 2.29877e-07
0.0112381 2.74186e-07
0.0114644 2.13799e-07
0.0116952 2.06186e-07
0.0119306 1.98843e-07
0.0121708 4.06049e-07
0.0124158 1.84925e-07
0.0126657 1.78337e-07
0.0129207 1.71982e-07
0.0131808 1.65853e-07
0.0134462 1.59941e-07
0.0137169 1.5424e-07
0.013993 1.48742e-07
0.0142747 1.43438e-07
0.0145621 1.3836e-07
0.0148552 1.3339e-07
0.0151543 1.28631e-07
0.0154594 1.24042e-07
0.0157706 1.20085e-07
0.0160881 1.16151e-07
0.016412 1.1122e-07
0.0167423 1.0725e-07
0.0170794 1.03421e-07
0.0174232 9.97282e-08
0.017774 9.61664e-08
0.0181318 9.27316e-08
0.0184968 8.94192e-08
0.0188692 8.62242e-08
0.019249 8.31434e-08
0.0196366 8.01716e-08
0.0200319 7.73061e-08
0.0204351 1.29697e-07
0.0208465 7.18774e-08
0.0212662 6.93069e-08
0.0216943 6.68284e-08
0.0221311 6.44378e-08
0.0225766 6.21324e-08
0.0230311 5.99094e-08
0.0234947 5.77655e-08
0.0239677 5.5698e-08
0.0244502 5.37041e-08
0.0249424 5.17814e-08
0.0254446 4.99271e-08
0.0259568 4.81391e-08
0.0264794 4.64147e-08
0.0270124 4.47521e-08
0.0275562 4.31487e-08
0.028111 4.16023e-08
0.0286769 4.01113e-08
0.0292542 3.86735e-08
0.0298431 3.72869e-08
0.0304439 3.59499e-08
0.0310568 3.46606e-08
0.031682 3.34175e-08
0.0323198 3.22186e-08
0.0329704 3.10626e-08
0.0336342 2.99479e-08
0.0343113 2.88731e-08
0.035002 2.78366e-08
0.0357067 2.68372e-08
0.0364255 2.58735e-08
0.0371588 2.49443e-08
0.0379068 2.40483e-08
0.03867 2.31844e-08
0.0394484 2.23514e-08
0.0402426 2.15481e-08
0.0410527 2.07736e-08
0.0418792 2.00269e-08
0.0427223 1.93068e-08
0.0435823 1.86126e-08
0.0444597 1.79431e-08
0.0453547 1.72977e-08
0.0462678 1.66754e-08
0.0471992 1.60754e-08
0.0481494 1.54968e-08
0.0491188 1.4939e-08
0.0501076 1.44012e-08
0.0511163 1.38826e-08
0.0521454 1.33827e-08
0.0531951 1.29007e-08
0.054266 1.24359e-08
0.0553585 1.19879e-08
0.0564729 1.15559e-08
0.0576098 1.11394e-08
0.0587696 1.07378e-08
0.0599527 1.03507e-08
0.0611596 9.97747e-09
0.0623908 9.6176e-09
0.0636469 9.27068e-09
0.0649282 8.9362e-09
0.0662353 8.61375e-09
0.0675687 8.30289e-09
0.0689289 8.00324e-09
0.0703166 7.71428e-09
0.0717321 7.43577e-09
0.0731762 7.16722e-09
0.0746494 6.90836e-09
0.0761521 6.65878e-09
0.0776852 6.41818e-09
0.0792491 6.18626e-09
0.0808445 5.96266e-09
0.082472 5.74711e-09
0.0841323 5.53935e-09
0.085826 5.33903e-09
0.0875538 5.14593e-09
0.0893164 4.95979e-09
0.0911145 4.78033e-09
0.0929487 4.60736e-09
0.0948199 4.44063e-09
0.0967288 4.2799e-09
0.0986761 4.12495e-09
0.100663 3.97557e-09
0.102689 3.83162e-09
0.104756 3.69283e-09
0.106865 3.55904e-09
0.109017 3.43007e-09
0.111211 3.30579e-09
0.11345 3.18596e-09
0.115734 3.07048e-09
0.118064 2.95915e-09
0.120441 2.85185e-09
0.122865 2.74841e-09
0.125339 2.64871e-09
0.127862 2.55262e-09
0.130436 2.45999e-09
0.133062 2.37071e-09
0.135741 2.28466e-09
0.138473 2.20173e-09
0.141261 2.12178e-09
0.144105 2.04472e-09
0.147006 1.97045e-09
0.149965 1.89888e-09
0.152984 1.82988e-09
0.156064 1.76338e-09
0.159206 1.69929e-09
0.162411 1.63752e-09
0.16568 1.57799e-09
0.169016 1.52061e-09
0.172418 1.46531e-09
0.175889 1.41201e-09
0.17943 1.36064e-09
0.183042 1.31114e-09
0.186727 1.26342e-09
0.190486 1.21744e-09
0.194321 1.17312e-09
0.198233 1.13041e-09
0.202224 1.08924e-09
0.206295 1.04957e-09
0.210448 1.01134e-09
0.214685 9.74495e-10
0.219007 9.38987e-10
0.223415 9.04772e-10
0.227913 8.71794e-10
0.232501 8.40016e-10
0.237182 8.09388e-10
0.241957 7.79874e-10
0.246828 7.51432e-10
0.251797 7.24023e-10
0.256866 6.97611e-10
0.262037 6.72157e-10
0.267312 6.4763e-10
0.272693 6.23995e-10
0.278183 6.01216e-10
0.283783 5.79268e-10
0.289496 5.58117e-10
0.295324 5.37736e-10
0.301269 5.18095e-10
0.307334 4.9917e-10
0.313522 4.80932e-10
0.319833 4.6336e-10
0.326272 4.46426e-10
0.33284 4.3011e-10
0.339541 4.14387e-10
0.346376 3.99238e-10
0.353349 3.84639e-10
0.360463 3.70572e-10
0.367719 3.57019e-10
0.375122 3.43958e-10
0.382674 3.31375e-10
0.390377 3.19249e-10
0.398236 3.07567e-10
0.406253 2.96309e-10
0.414432 2.85463e-10
0.422775 2.75013e-10
0.431286 2.64943e-10
0.439968 2.5524e-10
0.448826 2.45892e-10
0.457861 2.36885e-10
0.467079 2.28208e-10
0.476482 2.19841e-10
0.486074 2.11786e-10
0.495859 2.04025e-10
0.505841 1.96548e-10
0.516025 1.89343e-10
0.526413 1.82402e-10
0.537011 1.75708e-10
0.547821 1.69265e-10
0.55885 1.63058e-10
0.5701 1.57077e-10
0.581577 1.51316e-10
0.593285 1.45753e-10
0.605229 1.40406e-10
0.617413 1.35254e-10
0.629842 1.3029e-10
0.642522 1.25509e-10
0.655457 1.20875e-10
0.668652 1.16439e-10
0.682113 1.12164e-10
0.695845 1.08046e-10
0.709853 1.04079e-10
0.724144 1.002e-10
0.738722 9.65211e-11
0.753593 9.2977e-11
0.768764 8.95622e-11
0.784241 8.62726e-11
0.800028 8.30276e-11
0.816134 7.99783e-11
0.832564 7.7041e-11
0.849325 7.42105e-11
0.866423 7.14843e-11
0.883865 6.88e-11
0.901659 6.62724e-11
