9.10033e-07 1.93987e-11
9.17323e-07 4.90305e-11
9.24672e-07 6.72791e-11
9.32079e-07 9.22332e-11
9.39546e-07 1.17845e-10
9.47072e-07 1.44406e-10
9.54659e-07 1.77e-10
9.62306e-07 2.23639e-10
9.70015e-07 3.0994e-10
9.77785e-07 4.20831e-10
9.85618e-07 5.21469e-10
9.93513e-07 6.40664e-10
1.00147e-06 7.82645e-10
1.00949e-06 9.53891e-10
1.01758e-06 1.16516e-09
1.02573e-06 1.50462e-09
1.03395e-06 1.99072e-09
1.04223e-06 2.61054e-09
1.05058e-06 3.39794e-09
1.059e-06 4.35253e-09
1.06748e-06 5.43997e-09
1.07603e-06 6.7829e-09
1.08465e-06 8.27803e-09
1.09334e-06 1.00549e-08
1.1021e-06 1.22321e-08
1.11093e-06 1.52865e-08
1.11983e-06 1.92695e-08
1.1288e-06 2.42933e-08
1.13784e-06 3.0622e-08
1.14695e-06 3.84555e-08
1.15614e-06 4.82164e-08
1.1654e-06 6.04681e-08
1.17474e-06 7.57531e-08
1.18415e-06 9.0687e-08
1.19364e-06 1.0605e-07
1.2032e-06 1.24011e-07
1.21284e-06 1.46322e-07
1.22255e-06 1.81306e-07
1.23234e-06 2.26471e-07
1.24222e-06 2.83087e-07
1.25217e-06 3.18352e-07
1.2622e-06 3.12842e-07
1.27231e-06 2.94719e-07
1.2825e-06 2.44038e-07
1.29277e-06 2.89998e-07
1.30313e-06 3.76826e-07
1.31357e-06 4.2798e-07
1.32409e-06 4.77793e-07
1.3347e-06 5.91975e-07
1.34539e-06 7.13211e-07
1.35617e-06 8.3569e-07
1.36703e-06 9.80437e-07
1.37798e-06 1.1565e-06
1.38902e-06 1.36463e-06
1.40015e-06 1.57669e-06
1.41136e-06 1.71357e-06
1.42267e-06 1.85626e-06
1.43407e-06 2.04968e-06
1.44556e-06 2.43258e-06
1.45714e-06 2.90916e-06
1.46881e-06 3.47887e-06
1.48057e-06 4.13937e-06
1.49243e-06 4.91363e-06
1.50439e-06 5.83464e-06
1.51644e-06 6.84003e-06
1.52859e-06 7.93817e-06
1.54083e-06 9.21421e-06
1.55318e-06 1.06809e-05
1.56562e-06 1.23198e-05
1.57816e-06 1.42033e-05
1.5908e-06 1.53003e-05
1.60355e-06 1.37924e-05
1.61639e-06 1.24214e-05
1.62934e-06 1.36927e-05
1.64239e-06 1.64703e-05
1.65555e-06 1.98047e-05
1.66881e-06 2.27783e-05
1.68218e-06 2.56391e-05
1.69565e-06 2.88344e-05
1.70924e-06 3.28753e-05
1.72293e-06 3.80385e-05
1.73673e-06 4.33656e-05
1.75064e-06 4.74362e-05
1.76467e-06 5.18818e-05
1.7788e-06 5.89798e-05
1.79305e-06 6.79893e-05
1.80742e-06 7.74329e-05
1.8219e-06 0.000107479
1.83649e-06 0.000207382
1.8512e-06 0.000402592
1.86603e-06 0.000531751
1.88098e-06 0.00037846
1.89605e-06 0.000265074
1.91124e-06 0.000201101
1.92655e-06 0.000219495
1.94198e-06 0.000245767
1.95753e-06 0.000262527
1.97322e-06 0.000279549
1.98902e-06 0.00030563
2.00496e-06 0.000350352
2.02102e-06 0.000403142
2.03721e-06 0.000467762
2.05353e-06 0.000541822
2.06998e-06 0.000623915
2.08656e-06 0.000718093
2.10327e-06 0.000825335
2.12012e-06 0.000936415
2.13711e-06 0.00105954
2.15423e-06 0.00119865
2.17148e-06 0.00124284
2.18888e-06 0.00120306
2.20641e-06 0.00131472
2.22409e-06 0.00162276
2.2419e-06 0.00185135
2.25311e-06 0.00196049
2.25761e-06 0.00200549
2.26212e-06 0.00205269
2.26664e-06 0.00212584
2.27116e-06 0.00293278
2.2757e-06 0.00454366
2.27849e-06 0.00589751
2.28303e-06 0.00936848
2.28936e-06 0.0168949
2.29393e-06 0.0261783
2.30538e-06 0.0352003
2.3238e-06 0.0180911
2.34237e-06 0.00981984
2.3582e-06 0.00912149
2.37702e-06 0.00883789
2.39896e-06 0.00975718
2.41813e-06 0.0259922
2.43745e-06 0.0793561
2.45693e-06 0.240559
2.47656e-06 0.370042
2.49635e-06 0.38458
2.51629e-06 0.399937
2.5364e-06 0.439983
2.55667e-06 0.500966
2.57709e-06 0.446298
2.59769e-06 0.302151
2.61844e-06 0.300475
2.63936e-06 0.324318
2.66045e-06 0.319417
2.68171e-06 0.315175
2.70314e-06 0.399065
2.72474e-06 0.538839
2.74651e-06 0.516915
2.76845e-06 0.367854
2.79057e-06 0.29641
2.81287e-06 0.324222
2.83535e-06 0.355659
2.858e-06 0.328148
2.88084e-06 0.285718
2.90386e-06 0.258688
2.92706e-06 0.26814
2.95045e-06 0.280437
2.97402e-06 0.331014
2.99778e-06 0.42264
3.02174e-06 0.488457
3.04588e-06 0.513325
3.07022e-06 0.53917
3.09475e-06 0.538029
3.11948e-06 0.518654
3.1444e-06 0.500068
3.16953e-06 0.482336
3.19485e-06 0.494869
3.22038e-06 0.530171
3.24611e-06 0.568036
3.27205e-06 0.605843
3.29819e-06 0.57197
3.32455e-06 0.508536
3.35111e-06 0.452182
3.37789e-06 0.40857
3.40488e-06 0.420361
3.43208e-06 0.445281
3.45951e-06 0.471647
3.48715e-06 0.478104
3.51501e-06 0.438071
3.5431e-06 0.399629
3.57141e-06 0.378286
3.59994e-06 0.425865
3.62871e-06 0.490553
3.6577e-06 0.545354
3.68693e-06 0.46279
3.71639e-06 0.368819
3.74608e-06 0.302984
3.77601e-06 0.349943
3.80619e-06 0.440647
3.8366e-06 0.554745
3.86725e-06 0.579251
3.89815e-06 0.527053
3.9293e-06 0.479485
3.9607e-06 0.460791
3.99234e-06 0.486824
4.02424e-06 0.515492
4.0564e-06 0.547925
4.08881e-06 0.588836
4.12148e-06 0.633116
4.15441e-06 0.647353
4.18761e-06 0.62196
4.22107e-06 0.601908
4.25479e-06 0.604227
4.28879e-06 0.609234
4.32306e-06 0.596991
4.3576e-06 0.576126
4.39242e-06 0.556045
4.42751e-06 0.554254
4.46289e-06 0.570259
4.49855e-06 0.586095
4.53449e-06 0.582579
4.57073e-06 0.569297
4.60725e-06 0.570397
4.64406e-06 0.614767
4.68117e-06 0.664554
4.71857e-06 0.66899
4.75627e-06 0.626879
4.79428e-06 0.588763
4.83258e-06 0.563475
4.8712e-06 0.541867
4.91012e-06 0.542125
4.94935e-06 0.592628
4.9889e-06 0.649476
5.01343e-06 0.673698
5.02272e-06 0.67835
5.03203e-06 0.682983
5.04048e-06 0.687182
5.04982e-06 0.691778
5.06007e-06 0.695699
5.06945e-06 0.691224
5.07885e-06 0.686233
5.08826e-06 0.680729
5.09769e-06 0.675771
5.10714e-06 0.670302
5.11661e-06 0.665376
5.14183e-06 0.68778
5.18303e-06 0.734279
5.22456e-06 0.742877
5.26643e-06 0.724696
5.30863e-06 0.694582
5.35116e-06 0.633192
5.39404e-06 0.580222
5.43727e-06 0.587003
5.48084e-06 0.609856
5.52475e-06 0.64206
5.56903e-06 0.682901
5.61365e-06 0.706261
5.65863e-06 0.691603
5.70398e-06 0.677133
5.74968e-06 0.666129
5.79576e-06 0.658045
5.8422e-06 0.668028
5.88901e-06 0.67964
5.9362e-06 0.639754
5.98377e-06 0.586055
6.03172e-06 0.60283
6.08005e-06 0.6605
6.12877e-06 0.679421
6.17788e-06 0.669224
6.22738e-06 0.762084
6.27728e-06 0.967988
6.32759e-06 0.916875
6.37829e-06 0.685779
6.4294e-06 0.610368
6.48092e-06 0.61923
6.53285e-06 0.615957
6.5852e-06 0.60697
6.63797e-06 0.604985
6.69116e-06 0.609434
6.74477e-06 0.613775
6.79882e-06 0.601765
6.8533e-06 0.587942
6.90822e-06 0.582098
6.96357e-06 0.580179
7.01937e-06 0.586694
7.07562e-06 0.589263
7.13232e-06 0.586844
7.18947e-06 0.583303
7.24708e-06 0.578666
7.30515e-06 0.57296
7.36369e-06 0.564748
7.42269e-06 0.551913
7.48217e-06 0.499648
7.54213e-06 0.433895
7.60256e-06 0.485005
7.66348e-06 0.537735
7.72489e-06 0.494758
7.78679e-06 0.448626
7.84919e-06 0.419323
7.91209e-06 0.480328
7.97549e-06 0.52818
8.0394e-06 0.523311
8.10382e-06 0.516825
8.16875e-06 0.511727
8.23421e-06 0.507332
8.30019e-06 0.452028
8.3667e-06 0.421394
8.43374e-06 0.479042
8.50132e-06 0.487273
8.56945e-06 0.479628
8.63811e-06 0.48361
8.70733e-06 0.480694
8.77711e-06 0.476258
8.84744e-06 0.473081
8.91833e-06 0.471133
8.9898e-06 0.467987
9.02709e-06 0.466054
9.02978e-06 0.465915
9.03248e-06 0.465775
9.03517e-06 0.465637
9.03787e-06 0.465498
9.04057e-06 0.465359
9.04326e-06 0.46522
9.04596e-06 0.465081
9.04866e-06 0.464943
9.05136e-06 0.47016
9.05406e-06 0.478052
9.05677e-06 0.485938
9.05947e-06 0.494118
9.06217e-06 0.502293
9.06488e-06 0.510759
9.06758e-06 0.519221
9.07029e-06 0.527678
9.07299e-06 0.536427
9.0757e-06 0.545466
9.07841e-06 0.554501
9.08112e-06 0.563826
9.08383e-06 0.573146
9.08654e-06 0.582757
9.08925e-06 0.592362
9.09197e-06 0.602257
9.09468e-06 0.612147
9.09739e-06 0.622327
9.10011e-06 0.632796
9.10282e-06 0.643259
9.10554e-06 0.654012
9.10826e-06 0.664758
9.11098e-06 0.676089
9.11369e-06 0.687118
9.11641e-06 0.698731
9.11913e-06 0.710337
9.12071e-06 0.717006
9.12343e-06 1.46206
9.1273e-06 1.49689
9.13002e-06 1.52171
9.13275e-06 1.54664
9.13547e-06 1.57259
9.1382e-06 1.59867
9.14093e-06 1.62489
9.14366e-06 1.65185
9.14638e-06 1.67924
9.14911e-06 1.70521
9.15184e-06 1.70767
9.15458e-06 1.70406
9.15731e-06 1.70017
9.16004e-06 1.69658
9.16277e-06 1.69436
9.16551e-06 1.68971
9.16824e-06 1.81491
9.17098e-06 1.68228
9.17372e-06 1.67873
9.17645e-06 1.80615
9.17919e-06 1.67194
9.18193e-06 1.66841
9.18467e-06 1.79553
9.18741e-06 1.66107
9.19016e-06 1.65756
9.1929e-06 1.65435
9.19564e-06 1.7806
9.19838e-06 1.64737
9.20113e-06 1.64389
9.20388e-06 1.64042
9.20662e-06 1.63666
9.20937e-06 1.63321
9.21212e-06 1.75751
9.21487e-06 1.62631
9.21762e-06 1.62287
9.22037e-06 1.61945
9.22312e-06 1.61603
9.22587e-06 1.61261
9.22863e-06 1.60921
9.23138e-06 1.60581
9.23413e-06 1.70637
9.23689e-06 1.59903
9.23965e-06 1.59565
9.2424e-06 1.5923
9.24516e-06 1.58892
9.24792e-06 1.58556
9.25068e-06 1.59209
9.25344e-06 1.61087
9.25941e-06 1.6517
9.2686e-06 1.74784
9.2778e-06 1.78354
9.287e-06 1.85307
9.29622e-06 1.92592
9.30544e-06 2.00105
9.31467e-06 2.11255
9.32391e-06 2.16116
9.33317e-06 2.2458
9.34243e-06 2.33378
9.3517e-06 2.40974
9.36097e-06 2.44895
9.37026e-06 2.48728
9.37956e-06 2.5624
9.38887e-06 2.56602
9.39818e-06 2.60618
9.40751e-06 2.64697
9.41684e-06 2.68839
9.42619e-06 2.73047
9.43554e-06 2.77321
9.4449e-06 2.81661
9.45427e-06 2.84849
9.46365e-06 2.87175
9.47304e-06 2.89016
9.48244e-06 2.91165
9.49185e-06 2.93301
9.50127e-06 2.99547
9.5107e-06 2.97632
9.52013e-06 2.99804
9.52958e-06 3.02027
9.53903e-06 3.0422
9.5485e-06 3.06488
9.55797e-06 3.09096
9.56746e-06 3.11802
9.57695e-06 3.14534
9.58645e-06 3.17289
9.59596e-06 3.20069
9.60549e-06 3.22871
9.61502e-06 3.257
9.62456e-06 3.28553
9.63411e-06 3.31431
9.64367e-06 3.34344
9.65323e-06 3.30435
9.66281e-06 3.16684
9.6724e-06 3.034
9.682e-06 2.90665
9.6916e-06 2.78471
9.70122e-06 2.66788
9.71085e-06 2.55611
9.72048e-06 2.44886
9.73013e-06 2.38892
9.73978e-06 2.24736
9.74944e-06 2.17881
9.75912e-06 2.25268
9.7688e-06 2.35439
9.77849e-06 2.64633
9.7882e-06 2.57181
9.79791e-06 2.68794
9.80763e-06 2.8094
9.81736e-06 2.93621
9.8271e-06 3.06882
9.83685e-06 3.20746
9.84661e-06 3.34794
9.85638e-06 3.38426
9.86616e-06 3.3723
9.87595e-06 3.36039
9.88575e-06 3.34851
9.89556e-06 3.33668
9.90538e-06 3.32489
9.91521e-06 3.32012
9.92504e-06 3.30156
9.93489e-06 3.29008
9.94475e-06 3.27815
9.95462e-06 3.27505
9.96449e-06 3.2795
9.97438e-06 3.28395
9.98428e-06 3.2884
9.99418e-06 3.29286
1.00041e-05 3.29733
1.0014e-05 3.30181
1.0024e-05 3.3066
1.00339e-05 3.31078
1.00439e-05 3.31552
1.00538e-05 3.31155
1.00638e-05 3.29796
1.00738e-05 3.28918
1.00838e-05 3.27097
1.00938e-05 3.25756
1.01038e-05 3.24422
1.01138e-05 3.23097
1.01239e-05 3.21766
1.01746e-05 2.86818
1.02665e-05 2.33215
1.03593e-05 2.90839
1.0453e-05 3.29791
1.05474e-05 3.27752
1.06428e-05 3.11048
1.0739e-05 3.06563
1.0836e-05 2.96175
1.0934e-05 3.03191
1.10328e-05 2.97032
1.11325e-05 2.88922
1.12331e-05 2.70585
1.13347e-05 2.77141
1.14371e-05 2.70865
1.15405e-05 2.64567
1.16448e-05 2.57369
1.175e-05 2.34656
1.18563e-05 2.44936
1.19634e-05 2.27354
1.20715e-05 1.91506
1.21807e-05 16.2524
1.22908e-05 2.05261
1.24018e-05 2.2212
1.25139e-05 2.2814
1.2627e-05 2.19293
1.27412e-05 2.19437
1.28563e-05 2.1559
1.29725e-05 2.06034
1.30898e-05 2.05497
1.32081e-05 2.03875
1.33275e-05 1.97613
1.34479e-05 1.94328
1.35695e-05 1.92166
1.36921e-05 1.86705
1.38159e-05 1.82883
1.39408e-05 1.72103
1.40668e-05 1.70953
1.41939e-05 1.70505
1.43222e-05 1.66745
1.44517e-05 1.64921
1.45823e-05 1.60618
1.47141e-05 1.56463
1.48471e-05 1.53295
1.49813e-05 1.49466
1.51167e-05 1.44047
1.52533e-05 1.40231
1.53912e-05 1.29353
1.55303e-05 1.28342
1.56707e-05 1.28236
1.58123e-05 1.27247
1.59552e-05 1.25904
1.60994e-05 1.22108
1.6245e-05 1.19491
1.63918e-05 1.17299
1.65399e-05 1.14477
1.66894e-05 1.13228
1.68403e-05 1.12725
1.69925e-05 1.07748
1.71461e-05 1.04269
1.73011e-05 1.02079
1.74574e-05 1.0053
1.76152e-05 0.974748
1.77744e-05 0.954104
1.79351e-05 0.939972
1.80972e-05 0.921015
1.82608e-05 0.894102
1.84258e-05 0.859658
1.85924e-05 0.835823
1.87604e-05 0.848243
1.893e-05 0.805684
1.91011e-05 0.87026
1.92737e-05 0.75221
1.94479e-05 0.744824
1.96237e-05 0.725843
1.98011e-05 0.716671
1.99801e-05 0.692389
2.01606e-05 0.684186
2.03429e-05 0.666695
2.05267e-05 0.639794
2.07123e-05 0.638019
2.08995e-05 0.623641
2.10884e-05 0.612716
2.1279e-05 0.602028
2.14713e-05 0.584928
2.16654e-05 0.571475
2.18612e-05 0.55857
2.20588e-05 0.545224
2.22582e-05 0.52972
2.24594e-05 0.517391
2.26624e-05 0.5049
2.28672e-05 0.496331
2.30739e-05 0.478828
2.32824e-05 0.47683
2.34929e-05 0.453558
2.37052e-05 0.44215
2.39195e-05 0.430304
2.41357e-05 0.421033
2.43538e-05 0.411374
2.4574e-05 0.40201
2.47961e-05 0.390828
2.50202e-05 0.37926
2.52463e-05 0.371146
2.54745e-05 0.362325
2.57048e-05 0.357662
2.59371e-05 0.348737
2.61715e-05 0.338902
2.64081e-05 0.33346
2.66468e-05 0.328393
2.68876e-05 0.318506
2.71306e-05 0.309935
2.73759e-05 0.301312
2.76233e-05 0.293905
2.7873e-05 0.326653
2.81249e-05 0.300684
2.83791e-05 0.280431
2.86356e-05 0.268611
2.88944e-05 0.262536
2.91556e-05 0.25699
2.94191e-05 0.249936
2.9685e-05 0.244373
2.99533e-05 0.239017
3.02241e-05 0.233733
3.04973e-05 0.228135
3.07729e-05 0.222743
3.10511e-05 0.219523
3.13317e-05 0.212256
3.16149e-05 0.207365
3.19007e-05 0.201826
3.2189e-05 0.197648
3.24799e-05 0.193379
3.27735e-05 0.189092
3.30697e-05 0.184872
3.33686e-05 0.180562
3.36702e-05 0.176292
3.39746e-05 0.172277
3.42816e-05 0.16786
3.45915e-05 0.164345
3.49042e-05 0.161071
3.50791e-05 0.159261
3.51141e-05 0.158886
3.51492e-05 0.15848
3.51844e-05 0.158083
3.52195e-05 0.157681
3.52548e-05 0.157278
3.529e-05 0.156879
3.53253e-05 0.156502
3.53606e-05 0.156154
3.5396e-05 0.155799
3.54313e-05 0.155446
3.54668e-05 0.155093
3.55022e-05 0.154721
3.55377e-05 0.154324
3.55732e-05 0.153908
3.56088e-05 0.153509
3.56444e-05 0.153102
3.568e-05 0.152699
3.57157e-05 0.152273
3.57514e-05 0.15182
3.57872e-05 0.151391
3.58229e-05 0.150941
3.58587e-05 0.150498
3.58946e-05 0.150067
3.59305e-05 0.149706
3.59664e-05 0.149354
3.60024e-05 0.14901
3.60384e-05 0.148667
3.60744e-05 0.148333
3.61104e-05 0.147976
3.61465e-05 0.147619
3.61827e-05 0.147248
3.62189e-05 0.146886
3.62551e-05 0.146532
3.62913e-05 0.146186
3.63276e-05 0.145878
3.63639e-05 0.145599
3.64003e-05 0.14551
3.64367e-05 0.146278
3.64696e-05 0.147079
3.65061e-05 0.135056
3.6546e-05 0.134488
3.65826e-05 0.133906
3.66192e-05 0.133327
3.66558e-05 0.13275
3.66924e-05 0.132183
3.67291e-05 0.131794
3.67658e-05 0.13146
3.68026e-05 0.131112
3.68394e-05 0.130716
3.68762e-05 0.130377
3.69131e-05 0.130676
3.695e-05 0.131838
3.69869e-05 0.133013
3.70239e-05 0.134199
3.70609e-05 0.135396
3.70979e-05 0.136426
3.7135e-05 0.13649
3.71722e-05 0.136389
3.72093e-05 0.139498
3.72465e-05 0.177582
3.72838e-05 0.856115
3.7321e-05 0.137388
3.73583e-05 0.190611
3.73957e-05 0.141776
3.74331e-05 0.144028
3.74705e-05 0.146309
3.7508e-05 0.211186
3.75455e-05 0.147958
3.7583e-05 0.147935
3.76206e-05 0.147906
3.76582e-05 0.147869
3.76958e-05 0.147991
3.77335e-05 0.228357
3.77712e-05 0.150491
3.7809e-05 0.151876
3.78468e-05 0.153275
3.78846e-05 0.154687
3.79225e-05 0.156109
3.79604e-05 0.157543
3.79984e-05 0.259571
3.80364e-05 0.160452
3.80744e-05 0.161998
3.81124e-05 0.161349
3.81505e-05 0.157799
3.81887e-05 0.154301
3.82269e-05 0.150883
3.82651e-05 0.147542
3.83033e-05 0.145674
3.83416e-05 0.148911
3.838e-05 0.257731
3.84183e-05 0.156509
3.84567e-05 0.16046
3.84952e-05 0.164219
3.85337e-05 0.165179
3.85722e-05 0.165689
3.86108e-05 0.166059
3.86494e-05 0.166502
3.8688e-05 0.261925
3.87267e-05 0.162118
3.87654e-05 0.155758
3.88041e-05 0.149657
3.88429e-05 0.143819
3.88818e-05 0.221113
3.89206e-05 0.281299
3.89596e-05 0.14397
3.89985e-05 0.149276
3.90375e-05 0.154787
3.90765e-05 0.160509
3.91156e-05 0.163428
3.91547e-05 0.162713
3.91938e-05 0.162001
3.9233e-05 0.161293
3.92722e-05 0.163115
3.93115e-05 0.160066
3.93508e-05 0.161889
3.93901e-05 0.159698
3.94295e-05 0.159417
3.94689e-05 0.159204
3.95084e-05 0.156999
3.95479e-05 0.150084
3.95874e-05 0.143364
3.9627e-05 0.136954
3.96666e-05 0.158818
3.97063e-05 0.128781
3.9746e-05 0.339609
3.97857e-05 0.137809
3.98255e-05 0.143422
3.98653e-05 0.149215
3.99052e-05 0.153764
3.99451e-05 0.154164
3.9985e-05 0.154323
4.0025e-05 0.154481
4.0065e-05 0.15464
4.0105e-05 0.157842
4.01451e-05 0.153803
4.01853e-05 0.152997
4.02254e-05 0.152264
4.02656e-05 0.151401
4.03059e-05 0.15083
4.03462e-05 0.150885
4.03865e-05 0.150967
4.04269e-05 0.151053
4.04673e-05 0.151137
4.05078e-05 0.151004
4.05483e-05 0.150362
4.05888e-05 0.149705
4.06294e-05 0.149115
4.067e-05 0.148399
4.07107e-05 0.153456
4.07514e-05 0.145135
4.07921e-05 0.144972
4.08329e-05 0.140838
4.08737e-05 0.138836
4.09146e-05 0.136108
4.09555e-05 0.132668
4.09964e-05 0.129263
4.10374e-05 0.447879
4.10784e-05 0.122773
4.11195e-05 0.123352
4.11606e-05 0.127114
4.12018e-05 0.131029
4.1243e-05 0.13507
4.12842e-05 0.139147
4.13255e-05 0.140537
4.13668e-05 0.140515
4.14081e-05 0.140367
4.14495e-05 0.145004
4.1491e-05 0.140177
4.15324e-05 0.139918
4.1574e-05 0.139583
4.16155e-05 0.139262
4.16571e-05 0.138941
4.16988e-05 0.138615
4.17405e-05 0.138321
4.17822e-05 0.137896
4.1824e-05 0.137534
4.18658e-05 0.137245
4.19076e-05 0.136802
4.19495e-05 0.136399
4.19915e-05 0.13606
4.20335e-05 0.135658
4.20755e-05 0.135257
4.21175e-05 0.134781
4.21596e-05 0.134355
4.22018e-05 0.13393
4.2244e-05 0.13357
4.22862e-05 0.133103
4.23285e-05 0.132687
4.23708e-05 0.132302
4.24132e-05 0.131914
4.24556e-05 0.131542
4.2498e-05 0.131143
4.25405e-05 0.130665
4.2583e-05 0.130177
4.26256e-05 0.129689
4.26682e-05 0.129255
4.27109e-05 0.128744
4.27536e-05 0.128357
4.27963e-05 0.127983
4.28391e-05 0.127578
4.28819e-05 0.127188
4.29248e-05 0.126616
4.29677e-05 0.125906
4.30107e-05 0.125205
4.30537e-05 0.12452
4.30967e-05 0.123651
4.31398e-05 0.121662
4.31829e-05 0.119494
4.32261e-05 0.117365
4.32693e-05 0.115275
4.33126e-05 0.113191
4.33559e-05 0.111083
4.33992e-05 0.109092
4.34426e-05 0.652628
4.3486e-05 0.10517
4.35295e-05 0.10679
4.3573e-05 0.109969
4.36166e-05 0.133066
4.36602e-05 0.116625
4.37038e-05 0.119303
4.37475e-05 0.119121
4.37913e-05 0.118722
4.3835e-05 0.118324
4.38789e-05 0.125468
4.39227e-05 0.117704
4.39667e-05 0.11762
4.40106e-05 0.117524
4.40546e-05 0.117439
4.40986e-05 0.11732
4.41427e-05 0.117039
4.41869e-05 0.116745
4.4231e-05 0.116448
4.42753e-05 0.116144
4.43195e-05 0.115856
4.43638e-05 0.115584
4.44082e-05 0.115305
4.44526e-05 0.115028
4.4497e-05 0.114683
4.45415e-05 0.113944
4.4586e-05 0.113139
4.46306e-05 0.112339
4.46752e-05 0.111545
4.47199e-05 0.142693
4.47646e-05 0.111265
4.48093e-05 0.111343
4.48541e-05 0.111421
4.4899e-05 0.111457
4.49439e-05 0.111282
4.49888e-05 0.111091
4.50338e-05 0.110894
4.50788e-05 0.110697
4.51239e-05 0.110384
4.5169e-05 0.109995
4.52141e-05 0.109607
4.52593e-05 0.109221
4.53046e-05 0.108838
4.53499e-05 0.108466
4.53952e-05 0.108096
4.54406e-05 0.107721
4.5486e-05 0.107365
4.55315e-05 0.107119
4.5577e-05 0.10692
4.56226e-05 0.106715
4.56682e-05 0.106522
4.57139e-05 0.106269
4.57596e-05 0.105883
4.58053e-05 0.105511
4.58511e-05 0.105133
4.58969e-05 0.10478
4.59428e-05 0.104527
4.59888e-05 0.104274
4.60347e-05 0.104037
4.60807e-05 0.103799
4.61268e-05 0.103478
4.61729e-05 0.103135
4.62191e-05 0.102764
4.62653e-05 0.102412
4.63116e-05 0.102086
4.63579e-05 0.101878
4.64042e-05 0.101549
4.64506e-05 0.101216
4.6497e-05 0.101034
4.65435e-05 0.100653
4.659e-05 0.108735
4.66366e-05 0.100122
4.66832e-05 0.0998477
4.67299e-05 0.0995479
4.67766e-05 0.0992387
4.68234e-05 0.0989186
4.68702e-05 0.0986479
4.69171e-05 0.0982345
4.6964e-05 0.0977682
4.70109e-05 0.0973097
4.70579e-05 0.0968592
4.7105e-05 0.0969867
4.71521e-05 0.0963613
4.71992e-05 0.0962642
4.72464e-05 0.0961673
4.72936e-05 0.0960532
4.73409e-05 0.0958105
4.73882e-05 0.0959139
4.74356e-05 0.0952503
4.7483e-05 0.0949802
4.75305e-05 0.0947052
4.7578e-05 0.0944396
4.76256e-05 0.0941805
4.76732e-05 0.0939163
4.77209e-05 0.093629
4.77686e-05 0.0933298
4.78163e-05 0.0930317
4.78641e-05 0.0927344
4.7912e-05 0.0924373
4.79599e-05 0.0921186
4.80078e-05 0.0918119
4.80558e-05 0.0914948
4.81039e-05 0.0911638
4.81519e-05 0.0907595
4.82001e-05 0.0903512
4.82483e-05 0.0899449
4.82965e-05 0.0893954
4.83448e-05 0.0879218
4.83931e-05 0.0863085
4.84415e-05 0.0847315
4.84899e-05 0.0831365
4.85384e-05 0.0811181
4.85869e-05 0.0790154
4.86355e-05 1.10284
4.86841e-05 0.0751185
4.87328e-05 0.0763769
4.87815e-05 0.0790668
4.88303e-05 0.0818681
4.88791e-05 0.0847375
4.8928e-05 0.0858391
4.89769e-05 0.0857821
4.90259e-05 0.0857306
4.90749e-05 0.0856847
4.91239e-05 0.0854169
4.9173e-05 0.0983735
4.92222e-05 0.0845278
4.92714e-05 0.0840893
4.93207e-05 0.0838608
4.937e-05 0.083865
4.94193e-05 0.0838749
4.94687e-05 0.0838793
4.95182e-05 0.0837775
4.95677e-05 0.356946
4.96173e-05 0.0833293
4.96669e-05 0.0831034
4.97165e-05 0.0828435
4.97662e-05 0.0825319
4.9816e-05 0.082221
4.98658e-05 0.0819116
4.99156e-05 0.0815643
4.99655e-05 0.0811376
5.00155e-05 0.0807225
5.00655e-05 0.861748
5.01155e-05 0.0800308
5.01656e-05 0.0972677
5.02158e-05 0.0799536
5.0266e-05 0.0799254
5.03162e-05 0.0797786
5.03665e-05 0.07945
5.04169e-05 0.0791253
5.04673e-05 0.0788076
5.05178e-05 0.078566
5.05683e-05 0.0784556
5.06188e-05 0.0783354
5.06694e-05 0.0782207
5.07201e-05 0.0780462
5.07708e-05 0.0777824
5.08215e-05 0.0775248
5.08723e-05 0.0772681
5.09232e-05 0.0770269
5.09741e-05 0.0768009
5.10251e-05 0.0765755
5.10761e-05 0.0763507
5.11271e-05 0.0761117
5.11783e-05 0.0758579
5.12294e-05 0.0756034
5.12806e-05 0.0753448
5.13319e-05 0.075094
5.13832e-05 0.074845
5.14346e-05 0.0746021
5.1486e-05 0.0743488
5.15375e-05 0.0740878
5.1589e-05 0.0738228
5.16406e-05 0.0735587
5.16922e-05 0.0733067
5.17439e-05 0.0730968
5.17956e-05 0.0729047
5.18474e-05 0.0727184
5.18992e-05 0.0728229
5.19511e-05 0.0723207
5.20031e-05 0.0729176
5.2055e-05 0.0719256
5.21071e-05 0.0717209
5.21592e-05 0.0715217
5.22113e-05 0.0713231
5.22635e-05 0.071125
5.23158e-05 0.0709395
5.23681e-05 0.0707743
5.24204e-05 0.0706101
5.24728e-05 0.070446
5.25253e-05 0.0702031
5.25778e-05 0.0698933
5.26304e-05 0.0695848
5.2683e-05 0.0734927
5.27357e-05 0.0691208
5.27884e-05 0.0690171
5.28412e-05 0.0689134
5.2894e-05 0.0687992
5.29469e-05 0.0686122
5.29998e-05 0.0684109
5.30528e-05 0.0682101
5.31058e-05 0.0679993
5.31589e-05 0.0677542
5.32121e-05 0.0675077
5.32653e-05 0.067285
5.33185e-05 0.0670631
5.33718e-05 0.0669351
5.34252e-05 0.0667978
5.34786e-05 0.0666647
5.3532e-05 0.0664894
5.35856e-05 0.066278
5.36391e-05 0.0660725
5.36928e-05 0.0658679
5.37464e-05 0.0656676
5.38002e-05 0.0654685
5.3854e-05 0.0652749
5.39078e-05 0.0650665
5.39617e-05 0.0648518
5.40156e-05 0.0646271
5.40696e-05 0.0644081
5.41237e-05 0.0642113
5.41778e-05 0.0640278
5.4232e-05 0.0638481
5.42862e-05 0.0636698
5.43405e-05 0.0635084
5.43948e-05 0.0633529
5.44492e-05 0.0631977
5.45036e-05 0.0630361
5.45581e-05 0.062854
5.46126e-05 0.0626606
5.46672e-05 0.0624725
5.47219e-05 0.0622895
5.47766e-05 0.0621171
5.48313e-05 0.0619355
5.48862e-05 0.0617587
5.4941e-05 0.0615758
5.4996e-05 0.0613902
5.50509e-05 0.0612059
5.5106e-05 0.0610246
5.51611e-05 0.0614056
5.52162e-05 0.0606835
5.52714e-05 0.0605139
5.53267e-05 0.0603507
5.5382e-05 0.0606007
5.54374e-05 0.0600402
5.54928e-05 0.0598741
5.55483e-05 0.0596802
5.56038e-05 0.0594799
5.56594e-05 0.0592803
5.5715e-05 0.0590889
5.57707e-05 0.0590098
5.58265e-05 0.0587347
5.58823e-05 0.0585591
5.59382e-05 0.0583947
5.59941e-05 0.0582399
5.60501e-05 0.058076
5.61061e-05 0.0579181
5.61622e-05 0.0577633
5.62183e-05 0.0576092
5.62745e-05 0.0574553
5.63308e-05 0.0572878
5.63871e-05 0.0571112
5.64435e-05 0.0569352
5.64999e-05 0.0567581
5.65564e-05 0.0565735
5.66129e-05 0.0563886
5.66695e-05 0.0562043
5.67262e-05 0.0560433
5.67829e-05 0.0559043
5.68397e-05 0.0557629
5.68965e-05 0.055616
5.69534e-05 0.0554332
5.70103e-05 0.0552344
5.70673e-05 0.0550412
5.71244e-05 0.0548862
5.71815e-05 0.054769
5.72386e-05 0.0546522
5.72959e-05 0.054528
5.73531e-05 0.0543618
5.74105e-05 0.0541884
5.74679e-05 0.0540157
5.75253e-05 0.0547902
5.75828e-05 0.0537121
5.76404e-05 0.0535677
5.7698e-05 0.0534254
5.77557e-05 0.0532587
5.78135e-05 0.0530948
5.78713e-05 0.0529315
5.79291e-05 0.052784
5.7987e-05 0.0526493
5.8045e-05 0.0525148
5.8103e-05 0.0523789
5.81611e-05 0.0522361
5.82192e-05 0.0520932
5.82775e-05 0.0545335
5.83357e-05 0.051792
5.8394e-05 0.0516261
5.84524e-05 0.0514607
5.85109e-05 0.0512474
5.85693e-05 0.0509206
5.86279e-05 0.050591
5.86865e-05 0.0502773
5.87452e-05 0.116564
5.88039e-05 0.0501745
5.88627e-05 0.0501618
5.89215e-05 0.0501082
5.89805e-05 0.0500291
5.90394e-05 0.0499286
5.90984e-05 0.0498314
5.91575e-05 0.0496945
5.92167e-05 0.0495519
5.92759e-05 0.0494096
5.93351e-05 0.0492648
5.93945e-05 0.0491189
5.94538e-05 0.0489735
5.95133e-05 0.0488321
5.95728e-05 0.0486989
5.96323e-05 0.0485666
5.96919e-05 0.0484328
5.97516e-05 0.0482858
5.98113e-05 0.0481364
5.98711e-05 0.0479874
5.9931e-05 0.0478407
5.99909e-05 0.047696
6.00509e-05 0.0475517
6.01109e-05 0.0474114
6.0171e-05 0.04728
6.02312e-05 0.0471493
6.02914e-05 0.0470196
6.03517e-05 0.0468954
6.0412e-05 0.0467726
6.04724e-05 0.04665
6.05329e-05 0.0465167
6.05934e-05 0.0463767
6.06539e-05 0.0462372
6.07146e-05 0.0460973
6.07753e-05 0.0459566
6.0836e-05 0.0458162
6.08969e-05 0.0456764
6.09577e-05 0.0455376
6.10187e-05 0.0453992
6.10797e-05 0.0452606
6.11408e-05 0.0451058
6.12019e-05 0.0449443
6.12631e-05 0.0447834
6.13243e-05 0.0446404
6.13856e-05 0.0445185
6.1447e-05 0.0443969
6.15084e-05 0.0442733
6.15699e-05 0.0441381
6.16315e-05 0.0440156
6.16931e-05 0.0438848
6.17548e-05 0.0437808
6.18165e-05 0.0436816
6.18783e-05 0.0435821
6.19401e-05 0.0434668
6.20021e-05 0.0433441
6.20641e-05 0.0432218
6.21261e-05 0.0430892
6.21882e-05 0.0429455
6.22504e-05 0.0428024
6.23126e-05 0.042654
6.23749e-05 0.0424925
6.24373e-05 0.0423311
6.24997e-05 0.0421848
6.25622e-05 0.0421071
6.26247e-05 0.0420392
6.26873e-05 0.0419683
6.275e-05 0.0418599
6.28127e-05 0.0417414
6.28755e-05 0.0416227
6.29384e-05 0.0414842
6.30013e-05 0.0465727
6.30643e-05 0.0412043
6.31273e-05 0.0442869
6.31905e-05 0.0409778
6.32536e-05 0.0408723
6.33169e-05 0.0407554
6.33802e-05 0.0406317
6.34435e-05 0.0405038
6.3507e-05 0.0403798
6.35704e-05 0.0402683
6.3634e-05 0.0418079
6.36976e-05 0.0400489
6.37613e-05 0.0399481
6.3825e-05 0.0398489
6.38889e-05 0.0397426
6.39527e-05 0.0396156
6.40167e-05 0.0394772
6.40807e-05 0.0393364
6.41447e-05 0.0392279
6.42089e-05 0.0391251
6.4273e-05 0.0390226
6.43373e-05 0.0389077
6.44016e-05 0.0387966
6.4466e-05 0.0386816
6.45305e-05 0.0385696
6.4595e-05 0.0384603
6.46595e-05 0.0383513
6.47242e-05 0.0382282
6.47889e-05 0.0380839
6.48537e-05 0.0379482
6.49185e-05 0.0378252
6.49834e-05 0.0377296
6.50484e-05 0.0376308
6.51134e-05 0.0375229
6.51785e-05 0.037371
6.52437e-05 0.0372181
6.53089e-05 0.0369658
6.53742e-05 0.0364459
6.54395e-05 0.0359148
6.5505e-05 0.0449125
6.55704e-05 0.0340004
6.5636e-05 0.0327701
6.57016e-05 2.2342
6.57673e-05 0.03314
6.5833e-05 0.0629142
6.58989e-05 0.0357027
6.59647e-05 0.0358727
6.60307e-05 0.0359044
6.60967e-05 0.0359145
6.61628e-05 0.0358593
6.62289e-05 0.0357877
6.62951e-05 0.035713
6.63614e-05 0.0356196
6.64278e-05 0.0355231
6.64942e-05 0.0354207
6.65606e-05 0.0352804
6.66272e-05 0.0351333
6.66938e-05 0.0643239
6.67605e-05 0.0511145
6.68272e-05 0.0348167
6.6894e-05 0.0347303
6.69609e-05 0.034663
6.70278e-05 0.0345939
6.70949e-05 0.0345224
6.71619e-05 0.0618789
6.72291e-05 0.0343444
6.72963e-05 0.0550034
6.73636e-05 0.0341557
6.74309e-05 0.0340517
6.74983e-05 0.0339491
6.75658e-05 0.0338531
6.76334e-05 0.0337544
6.7701e-05 0.0336632
6.77687e-05 0.0335648
6.78364e-05 0.0334664
6.79042e-05 0.0333686
6.79721e-05 0.0332727
6.80401e-05 0.0336383
6.81081e-05 0.0330793
6.81762e-05 0.0329895
6.82443e-05 0.0329041
6.83126e-05 0.0328103
6.83808e-05 0.0327012
6.84492e-05 0.0325957
6.85176e-05 0.0325007
6.85861e-05 0.0324135
6.86547e-05 0.032327
6.87233e-05 0.0322364
6.87921e-05 0.0321494
6.88608e-05 0.0320666
6.89297e-05 0.0319763
6.89986e-05 0.0318788
6.90676e-05 0.0317892
6.91366e-05 0.0316972
6.92057e-05 0.0316025
6.92749e-05 0.0315158
6.93442e-05 0.0314227
6.94135e-05 0.0313287
6.94829e-05 0.0312351
6.95524e-05 0.0311485
6.96219e-05 0.0310641
6.96915e-05 0.0309792
6.97612e-05 0.0308889
6.98309e-05 0.0307977
6.99007e-05 0.0307056
6.99706e-05 0.0306041
7.00406e-05 0.0305099
7.01106e-05 0.0304175
7.01807e-05 0.030341
7.02508e-05 0.0302656
7.03211e-05 0.0301864
7.03914e-05 0.0301012
7.04617e-05 0.0300124
7.05322e-05 0.0298998
7.06027e-05 0.0297542
7.06733e-05 0.0422094
7.07439e-05 0.0295395
7.08147e-05 0.0295102
7.08855e-05 0.029481
7.09563e-05 0.0294033
7.10273e-05 0.0293139
7.10983e-05 0.0292251
7.11693e-05 0.0291383
7.12405e-05 0.0290519
7.13117e-05 0.0289664
7.1383e-05 0.0405296
7.14544e-05 0.028796
7.15258e-05 0.0287195
7.15973e-05 0.0286391
7.16689e-05 0.0285661
7.17405e-05 0.028488
7.18123e-05 0.0283797
7.18841e-05 0.028284
7.19559e-05 0.0282015
7.20279e-05 0.0281276
7.20999e-05 0.0280571
7.2172e-05 0.0279801
7.22441e-05 0.027903
7.23163e-05 0.0278294
7.23886e-05 0.0277697
7.2461e-05 0.0276942
7.25334e-05 0.0276216
7.2606e-05 0.0275532
7.26785e-05 0.0284909
7.27512e-05 0.0273591
7.28239e-05 0.0272439
7.28967e-05 0.0286869
7.29696e-05 0.0270789
7.30426e-05 0.0270354
7.31156e-05 0.02698
7.31887e-05 0.0269057
7.32619e-05 0.0395409
7.33351e-05 0.0267595
7.34084e-05 0.0266861
7.34818e-05 0.0266148
7.35553e-05 0.0265457
7.36288e-05 0.0264738
7.37024e-05 0.0264025
7.37761e-05 0.0263215
7.38498e-05 0.026232
7.39237e-05 0.0261457
7.39976e-05 0.026046
7.40716e-05 0.0259545
7.41456e-05 0.0258854
7.42197e-05 0.0258305
7.42939e-05 0.025774
7.43682e-05 0.0257031
7.44426e-05 0.025634
7.4517e-05 0.0255649
7.45915e-05 0.0254959
7.4666e-05 0.0254271
7.47407e-05 0.0253572
7.48154e-05 0.0252807
7.48902e-05 0.0252051
7.49651e-05 0.0251344
7.504e-05 0.0250613
7.5115e-05 0.0249927
7.51901e-05 0.02493
7.52653e-05 0.024864
7.53406e-05 0.0249742
7.54159e-05 0.0247336
7.54913e-05 0.0246734
7.55667e-05 0.0245978
7.56423e-05 0.0245276
7.57179e-05 0.024454
7.57936e-05 0.0243804
7.58694e-05 0.0243035
7.59452e-05 0.0242379
7.60211e-05 0.0241711
7.60972e-05 0.0241049
7.61732e-05 0.024041
7.62494e-05 0.0239777
7.63256e-05 0.0239094
7.64019e-05 0.0238424
7.64783e-05 0.0237748
7.65548e-05 0.023694
7.66313e-05 0.0236085
7.67079e-05 0.0235348
7.67846e-05 0.0234873
7.68614e-05 0.0234308
7.69382e-05 0.0233641
7.70151e-05 0.0232784
7.70921e-05 0.0231967
7.71692e-05 0.0231388
7.72463e-05 0.0230822
7.73236e-05 0.0230285
7.74009e-05 0.0229592
7.74782e-05 0.0254803
7.75557e-05 0.0228119
7.76332e-05 0.0227293
7.77108e-05 0.0226627
7.77885e-05 0.0226207
7.78663e-05 0.0225816
7.79442e-05 0.0225304
7.80221e-05 0.0224728
7.81001e-05 0.0224107
7.81781e-05 0.0223428
7.82563e-05 0.0222743
7.83345e-05 0.0222041
7.84129e-05 0.0221389
7.84913e-05 0.0220743
7.85697e-05 0.0220121
7.86483e-05 0.021954
7.87269e-05 0.0218895
7.88056e-05 0.0218207
7.88844e-05 0.0217524
7.89632e-05 0.0216891
7.90422e-05 0.0216238
7.91212e-05 0.0215606
7.92003e-05 0.0214984
7.92795e-05 0.0214296
7.93588e-05 0.0213667
7.94381e-05 0.0213048
7.95175e-05 0.0212655
7.9597e-05 0.0212076
7.96766e-05 0.0211634
7.97562e-05 0.0211574
7.9836e-05 0.0210406
7.99158e-05 0.0209784
7.99957e-05 0.0209157
8.00756e-05 0.0208535
8.01557e-05 0.020799
8.02358e-05 0.0207512
8.03161e-05 0.0206953
8.03964e-05 0.0206291
8.04767e-05 0.0208868
8.05572e-05 0.0205074
8.06377e-05 0.0204597
8.07183e-05 0.0204046
8.0799e-05 0.0203377
8.08798e-05 0.0202682
8.09607e-05 0.0202149
8.10416e-05 0.0201669
8.11226e-05 0.0201143
8.12037e-05 0.0200657
8.12849e-05 0.0200132
8.13662e-05 0.0199549
8.14475e-05 0.019892
8.15289e-05 0.0198404
8.16104e-05 0.0197921
8.1692e-05 0.0197403
8.17737e-05 0.0196655
8.18555e-05 0.0195864
8.19373e-05 0.0195301
8.20192e-05 0.0194892
8.21012e-05 0.0194361
8.21833e-05 0.0186295
8.22654e-05 0.0185849
8.23477e-05 0.0185393
8.243e-05 0.018495
8.25124e-05 0.0184469
8.25949e-05 0.0183843
8.26775e-05 0.0183243
8.27601e-05 0.0182554
8.28429e-05 0.0181838
8.29257e-05 0.0181061
8.30086e-05 0.0180223
8.30916e-05 0.0179321
8.31747e-05 0.0178444
8.32578e-05 0.0177602
8.3341e-05 0.0177046
8.34244e-05 0.0176797
8.35078e-05 0.0176425
8.35913e-05 0.0175466
8.37586e-05 0.0174128
8.40102e-05 0.0173406
8.42626e-05 0.0173476
8.45157e-05 0.0171879
8.47696e-05 0.0170625
8.50242e-05 0.0168467
8.52797e-05 0.0169293
8.55358e-05 0.0162581
8.57928e-05 0.0169668
8.60505e-05 0.0183437
8.6309e-05 0.017272
8.65683e-05 0.0160313
8.68283e-05 0.018455
8.70892e-05 0.0167458
8.73508e-05 0.0159768
8.76132e-05 0.0185331
8.78764e-05 0.0163219
8.81404e-05 0.0162788
8.84052e-05 0.0157646
8.86708e-05 0.0184634
8.89372e-05 0.0157728
8.92043e-05 0.0157681
8.94723e-05 0.0156541
8.97411e-05 0.01545
9.00107e-05 0.0144801
9.02811e-05 0.0190516
9.05523e-05 0.0149996
9.08243e-05 0.021176
9.10972e-05 0.0148528
9.13708e-05 0.014771
9.16453e-05 0.0146092
9.19206e-05 0.0143591
9.21967e-05 0.0134326
9.24737e-05 0.0183202
9.27515e-05 0.0140236
9.30302e-05 0.0139953
9.33096e-05 0.0138889
9.35899e-05 0.0137652
9.38711e-05 0.013643
9.41531e-05 0.0134934
9.44359e-05 0.0134059
9.47196e-05 0.0132789
9.50042e-05 0.0131078
9.52896e-05 0.0273204
9.55758e-05 0.0183975
9.58629e-05 0.0128395
9.61509e-05 0.0126815
9.64398e-05 0.0125915
9.67295e-05 0.0124853
9.70201e-05 0.0123923
9.73115e-05 0.0122866
9.76039e-05 0.0121794
9.78971e-05 0.0120737
9.81912e-05 0.0119815
9.84861e-05 0.0119159
9.8782e-05 0.0117669
9.90787e-05 0.0116607
9.93764e-05 0.0115651
9.96749e-05 0.0114578
9.99744e-05 0.0112709
0.000100275 0.0109556
0.000100576 0.019693
0.000100878 0.0108597
0.000101181 0.010884
0.000101485 0.0108606
0.00010179 0.0107792
0.000102096 0.0106872
0.000102402 0.010595
0.00010271 0.0105089
0.000103019 0.0104052
0.000103328 0.0110375
0.000103638 0.0102262
0.00010395 0.0101538
0.000104262 0.0100636
0.000104575 0.00996713
0.000104889 0.00987987
0.000105205 0.00980089
0.000105521 0.0097163
0.000105838 0.00962938
0.000106156 0.00953974
0.000106474 0.00944189
0.000106794 0.00934863
0.000107115 0.00928284
0.000107437 0.00920824
0.00010776 0.0091227
0.000108083 0.00902277
0.000108408 0.0089348
0.000108734 0.040664
0.00010906 0.00851904
0.000109388 0.0213986
0.000109717 0.00868862
0.000110046 0.00853836
0.000110377 0.00852071
0.000110708 0.0084601
0.000111041 0.00838544
0.000111375 0.00831087
0.000111709 0.00823746
0.000112045 0.00816978
0.000112381 0.0081001
0.000112719 0.00801865
0.000113058 0.00794978
0.000113397 0.00788639
0.000113738 0.0078179
0.000114079 0.00774773
0.000114422 0.00768214
0.000114766 0.00762888
0.000115111 0.00756301
0.000115456 0.00749679
0.000115803 0.00742701
0.000116151 0.00734971
0.0001165 0.00728872
0.00011685 0.00723434
0.000117201 0.00718022
0.000117553 0.00710781
0.000117906 0.00703965
0.000118261 0.00698067
0.000118616 0.00691446
0.000118972 0.00686501
0.00011933 0.00681566
0.000119688 0.00673254
0.000120048 0.00668605
0.000120408 0.00664007
0.00012077 0.00657824
0.000121133 0.0065933
0.000121497 0.00647623
0.000121862 0.006425
0.000122228 0.00636773
0.000122595 0.00631083
0.000122963 0.00625984
0.000123333 0.00620616
0.000123703 0.00615446
0.000124075 0.00610027
0.000124447 0.00605122
0.000124821 0.00599744
0.000125196 0.00594454
0.000125572 0.00773481
0.00012595 0.00584381
0.000126328 0.00579379
0.000126707 0.00574419
0.000127088 0.00569429
0.00012747 0.00562821
0.000127853 0.00551903
0.000128237 0.0250361
0.000128622 0.00566847
0.000129009 0.00544503
0.000129396 0.00544927
0.000129785 0.00536524
0.000130175 0.00532297
0.000130566 0.00528025
0.000130958 0.00523401
0.000131351 0.0051862
0.000131746 0.00514178
0.000132142 0.00556252
0.000132539 0.00505944
0.000132937 0.00503651
0.000133336 0.00497445
0.000133737 0.00493271
0.000134138 0.0048956
0.000134541 0.00485383
0.000134946 0.00481351
0.000135351 0.0047742
0.000135758 0.0047312
0.000136165 0.00468904
0.000136575 0.00465142
0.000136985 0.00461265
0.000137396 0.00457427
0.000137809 0.00453828
0.000138223 0.00450091
0.000138638 0.00446304
0.000139055 0.00442757
0.000139472 0.00439228
0.000139891 0.0043554
0.000140312 0.00431776
0.000140733 0.00428502
0.000141156 0.0042476
0.00014158 0.00421472
0.000142005 0.00417783
0.000142432 0.00413947
0.00014286 0.00410678
0.000143289 0.00407866
0.000143719 0.00404599
0.000144151 0.00400079
0.000144584 0.00397641
0.000145019 0.00394319
0.000145454 0.00390888
0.000145891 0.00388078
0.000146329 0.00375144
0.000146769 0.00372096
0.00014721 0.00368577
0.000147652 0.00365478
0.000148096 0.00362334
0.000148541 0.00358503
0.000148987 0.00355496
0.000149434 0.00352964
0.000149883 0.00349336
0.000150334 0.00345225
0.000150785 0.0034278
0.000151238 0.0034094
0.000151693 0.0033884
0.000152148 0.00337519
0.000152605 0.00333065
0.000153064 0.00329896
0.000153524 0.00333839
0.000153985 0.00325932
0.000154447 0.00323256
0.000154911 0.00323671
0.000155377 0.00319138
0.000155843 0.00313915
0.000156312 0.00316877
0.000156781 0.0031134
0.000157252 0.00306145
0.000157725 0.00308151
0.000158198 0.00306072
0.000158674 0.00346595
0.00015915 0.0029906
0.000159628 0.00300174
0.000160108 0.00299525
0.000160589 0.00293786
0.000161071 0.00350588
0.000161555 0.00285308
0.000162041 0.00285602
0.000162527 0.00285545
0.000163016 0.00282513
0.000163505 0.0027885
0.000163996 0.00348634
0.000164489 0.00404965
0.000164983 0.00269581
0.000165479 0.0026995
0.000165976 0.00267627
0.000166475 0.00265503
0.000166975 0.0026135
0.000167476 0.00260761
0.000167979 0.00345451
0.000168484 0.00249158
0.00016899 0.00249185
0.000169498 0.00249467
0.000170007 0.0024718
0.000170518 0.00244532
0.00017103 0.00242767
0.000171544 0.00240002
0.000172059 0.00237471
0.000172576 0.00234238
0.000173094 0.00228666
0.000173614 0.00339482
0.000174136 0.00225453
0.000174659 0.00225387
0.000175184 0.0022363
0.00017571 0.00221676
0.000176238 0.00219513
0.000176767 0.00217373
0.000177298 0.00215254
0.000177831 0.00213155
0.000178365 0.00211077
0.000178901 0.0020902
0.000179438 0.00206973
0.000179978 0.00207562
0.000180518 0.00202275
0.00018106 0.00222456
0.000181604 0.00310005
0.00018215 0.00194545
0.000182697 0.00194218
0.000183246 0.00192872
0.000183796 0.00191156
0.000184349 0.00189179
0.000184902 0.00187374
0.000185458 0.00185602
0.000186015 0.00183548
0.000186574 0.00180928
0.000187134 0.00176366
0.000187696 0.0289998
0.00018826 0.00207705
0.000188826 0.00174592
0.000189393 0.00172748
0.000189962 0.00171289
0.000190533 0.00169887
0.000191105 0.00168241
0.000191679 0.00166585
0.000192255 0.00164955
0.000192833 0.0016319
0.000193412 0.001612
0.000193993 0.00157633
0.000194576 0.00303316
0.00019516 0.00157521
0.000195746 0.00155251
0.000196335 0.00153917
0.000196924 0.00152375
0.000197516 0.00150813
0.000198109 0.00149461
0.000198704 0.00148068
0.000199301 0.00146632
0.0001999 0.00145273
0.000200501 0.00143967
0.000201103 0.00142583
0.000201707 0.00141174
0.000202313 0.0013976
0.000202921 0.0013834
0.00020353 0.00136946
0.000204142 0.00135729
0.000204755 0.00134494
0.00020537 0.00133164
0.000205987 0.00209682
0.000206606 0.00130472
0.000207226 0.00129257
0.000207849 0.0012803
0.000208473 0.00126807
0.0002091 0.00125537
0.000209728 0.0012433
0.000210358 0.00123231
0.00021099 0.0012203
0.000211624 0.00120817
0.000212259 0.00119644
0.000212897 0.00118492
0.000213537 0.00117375
0.000214178 0.00116253
0.000214821 0.00115094
0.000215467 0.00113712
0.000216114 0.00111135
0.000216763 0.0030731
0.000217414 0.00112753
0.000218068 0.00109525
0.000218723 0.00108565
0.00021938 0.00107595
0.000220039 0.00106498
0.0002207 0.00105438
0.000221363 0.00104496
0.000222028 0.00103471
0.000222695 0.00102472
0.000223364 0.00101508
0.000224035 0.00100541
0.000224708 0.000995884
0.000225383 0.000986025
0.00022606 0.000976614
0.000226739 0.000967389
0.00022742 0.000958232
0.000228103 0.000948389
0.000228789 0.0009129
0.000229476 0.000895566
0.000230165 0.000890484
0.000230857 0.000884754
0.00023155 0.000874868
0.000232246 0.000857497
0.000232944 0.000849586
0.000233643 0.000846474
0.000234345 0.000839146
0.000235049 0.000823767
0.000235755 0.000812519
0.000236464 0.000810461
0.000237174 0.000804846
0.000237886 0.000793121
0.000238601 0.000780291
0.000239318 0.000777409
0.000240037 0.000772347
0.000240758 0.000763317
0.000241481 0.000751143
0.000242207 0.000748408
0.000242934 0.000743204
0.000243664 0.000734566
0.000244396 0.000724515
0.00024513 0.000719247
0.000245866 0.000714627
0.000246605 0.000708709
0.000247346 0.000700468
0.000248089 0.000693821
0.000248834 0.000686421
0.000249582 0.000679438
0.000250332 0.000679683
0.000251083 0.000671572
0.000251838 0.000661042
0.000252594 0.000653384
0.000253353 0.000652515
0.000254114 0.000647519
0.000254878 0.000640895
0.000255643 0.000633058
0.000256411 0.00062283
0.000257182 0.000621643
0.000257954 0.000617379
0.000258729 0.000610912
0.000259506 0.000606166
0.000260286 0.000599693
0.000261068 0.000759195
0.000261852 0.000578837
0.000262639 0.00319966
0.000263428 0.000607022
0.000264219 0.000573362
0.000265013 0.000568087
0.000265809 0.00056187
0.000266607 0.000554464
0.000267408 0.000753526
0.000268212 0.000544733
0.000269017 0.000541862
0.000269826 0.000537209
0.000270636 0.000532406
0.000271449 0.000543818
0.000272265 0.000522628
0.000273082 0.000517388
0.000273903 0.000512266
0.000274726 0.000505574
0.000275551 0.0007479
0.000276379 0.000495343
0.000277209 0.00050389
0.000278042 0.000488811
0.000278877 0.00048461
0.000279715 0.000480224
0.000280555 0.00047985
0.000281398 0.000470816
0.000282243 0.000466481
0.000283091 0.000462054
0.000283942 0.0005081
0.000284795 0.000453208
0.00028565 0.000448559
0.000286508 0.000449786
0.000287369 0.000736128
0.000288232 0.00043394
0.000289098 0.000431972
0.000289967 0.000428158
0.000290838 0.000424044
0.000291711 0.00042002
0.000292588 0.00041594
0.000293467 0.00041213
0.000294348 0.000408107
0.000295233 0.000404278
0.000296119 0.000400506
0.000297009 0.000396728
0.000297901 0.000393032
0.000298796 0.000389178
0.000299694 0.000385466
0.000300594 0.000381753
0.000301497 0.000378084
0.000302403 0.000373899
0.000303311 0.000366921
0.000304222 0.000731572
0.000305136 0.000363002
0.000306053 0.000360409
0.000306972 0.000357107
0.000307895 0.000353804
0.000308819 0.000350478
0.000309747 0.000347064
0.000310678 0.000343782
0.000311611 0.000340319
0.000312547 0.000337271
0.000313486 0.000334106
0.000314428 0.000330946
0.000315372 0.000327689
0.00031632 0.000324652
0.00031727 0.000321617
0.000318223 0.00031862
0.000319179 0.000315724
0.000320138 0.000312649
0.0003211 0.000311949
0.000322064 0.000306842
0.000323032 0.000303872
0.000324002 0.000301032
0.000324975 0.000298211
0.000325952 0.00029537
0.000326931 0.000292408
0.000327913 0.000288345
0.000328898 0.000278339
0.000329886 0.000633363
0.000330877 0.000274724
0.000331871 0.000272492
0.000332868 0.000270119
0.000333868 0.000267744
0.000334871 0.000265196
0.000335877 0.000262676
0.000336886 0.000260243
0.000337898 0.000257665
0.000338913 0.000255199
0.000339931 0.000252817
0.000340953 0.000250471
0.000341977 0.000248149
0.000343004 0.000245842
0.000344035 0.000243521
0.000345068 0.000241224
0.000346105 0.000238981
0.000347144 0.000236754
0.000348187 0.000234512
0.000349233 0.000232304
0.000350282 0.000230155
0.000351335 0.00022801
0.00035239 0.000225869
0.000353449 0.000223737
0.00035451 0.000221628
0.000355575 0.000219542
0.000356644 0.000217482
0.000357715 0.000215572
0.00035879 0.000213736
0.000359867 0.000211589
0.000360948 0.000209436
0.000362033 0.000207726
0.00036312 0.000205971
0.000364211 0.000203767
0.000365305 0.000201759
0.000366403 0.000200203
0.000367504 0.000198324
0.000368607 0.000196073
0.000369715 0.000194355
0.000370825 0.000192878
0.000371939 0.00019089
0.000373057 0.000188732
0.000374178 0.000619092
0.000375302 0.000190395
0.000376429 0.000183838
0.00037756 0.000182663
0.000378694 0.000181005
0.000379832 0.000179137
0.000380973 0.000177263
0.000382117 0.000175702
0.000383265 0.000174242
0.000384416 0.00017289
0.000385571 0.000171426
0.00038673 0.000169856
0.000387891 0.000168242
0.000389057 0.000166572
0.000390225 0.000164692
0.000391398 0.000163117
0.000392573 0.00016207
0.000393753 0.000160754
0.000394936 0.000159292
0.000396122 0.000157861
0.000397312 0.000156441
0.000398506 0.000155014
0.000399703 0.000153492
0.000400903 0.000151924
0.000402108 0.000217382
0.000403316 0.000148827
0.000404527 0.000147148
0.000405743 0.00301639
0.000406961 0.0001766
0.000408184 0.000144244
0.00040941 0.000142975
0.00041064 0.000141701
0.000411874 0.000140438
0.000413111 0.00013918
0.000414352 0.000137901
0.000415597 0.000136416
0.000416845 0.000216101
0.000418098 0.000133898
0.000419353 0.000133023
0.000420613 0.000131854
0.000421877 0.000130723
0.000423144 0.000129601
0.000424415 0.000128441
0.00042569 0.000127297
0.000426969 0.000126116
0.000428252 0.000124513
0.000429538 0.000122923
0.000430829 0.000121488
0.000432123 0.000120594
0.000433421 0.000119514
0.000434723 0.000117891
0.000436029 0.000116382
0.000437339 0.000212786
0.000438653 0.000114446
0.00043997 0.000113218
0.000441292 0.000111961
0.000442618 0.000111131
0.000443948 0.000110174
0.000445281 0.000109083
0.000446619 0.000107727
0.000447961 0.000104841
0.000449306 0.000104143
0.000450656 0.000103135
0.00045201 0.00010199
0.000453368 0.000100973
0.00045473 0.000100299
0.000456096 9.95375e-05
0.000457466 9.86522e-05
0.00045884 9.746e-05
0.000460219 9.67933e-05
0.000461601 0.000110658
0.000462988 9.51288e-05
0.000464379 9.99855e-05
0.000465774 0.000597741
0.000467173 0.000208071
0.000468576 9.19857e-05
0.000469984 9.13342e-05
0.000471396 9.06479e-05
0.000472812 9.00639e-05
0.000474232 8.9266e-05
0.000475657 8.84768e-05
0.000477086 8.77761e-05
0.000478519 8.7073e-05
0.000479957 8.62758e-05
0.000481398 8.55361e-05
0.000482845 8.50033e-05
0.000484295 8.42914e-05
0.00048575 8.35318e-05
0.000487209 8.27966e-05
0.000488673 8.21429e-05
0.000490141 8.1471e-05
0.000491613 8.07885e-05
0.00049309 8.01133e-05
0.000494571 7.94388e-05
0.000496057 7.88065e-05
0.000497547 7.81848e-05
0.000499042 7.75507e-05
0.000500541 7.69465e-05
0.000502045 7.63418e-05
0.000503553 7.56905e-05
0.000505066 7.50078e-05
0.000506583 7.44356e-05
0.000508105 7.38769e-05
0.000509631 7.32715e-05
0.000511162 7.25554e-05
0.000512698 0.000206886
0.000514238 7.13465e-05
0.000515783 7.09914e-05
0.000517332 7.05021e-05
0.000518886 6.98614e-05
0.000520445 6.92931e-05
0.000522008 6.87401e-05
0.000523577 6.82188e-05
0.00052515 6.77311e-05
0.000526727 6.72598e-05
0.00052831 6.66421e-05
0.000529897 6.60844e-05
0.000531488 6.55861e-05
0.000533085 6.50847e-05
0.000534686 6.45832e-05
0.000536293 6.40921e-05
0.000537904 6.36091e-05
0.00053952 6.31122e-05
0.00054114 6.26037e-05
0.000542766 6.20744e-05
0.000544397 6.16264e-05
0.000546032 6.11595e-05
0.000547672 6.06719e-05
0.000549318 6.02007e-05
0.000550968 5.97445e-05
0.000552623 5.93603e-05
0.000554283 5.88387e-05
0.000555948 5.83942e-05
0.000557618 5.79798e-05
0.000559294 5.75028e-05
0.000560974 5.707e-05
0.000562659 5.66088e-05
0.000564349 5.62083e-05
0.000566044 5.57832e-05
0.000567745 5.53273e-05
0.00056945 5.48944e-05
0.000571161 5.45136e-05
0.000572877 5.40943e-05
0.000574598 5.36768e-05
0.000576324 5.32649e-05
0.000578055 5.28689e-05
0.000579792 5.24694e-05
0.000581534 5.20554e-05
0.000583281 5.16548e-05
0.000585033 5.04509e-05
0.00058679 5.00452e-05
0.000588553 4.9634e-05
0.000590321 0.000172478
0.000592095 4.87943e-05
0.000593873 4.85299e-05
0.000595657 7.92104e-05
0.000597447 4.78213e-05
0.000599242 4.7815e-05
0.000601042 4.7104e-05
0.000602847 4.6742e-05
0.000604658 4.63626e-05
0.000606475 4.60151e-05
0.000608297 4.56662e-05
0.000610124 4.53162e-05
0.000611957 4.4977e-05
0.000613795 4.46458e-05
0.000615639 4.43134e-05
0.000617489 4.3984e-05
0.000619344 4.36554e-05
0.000621204 4.33222e-05
0.00062307 4.29891e-05
0.000624942 4.26627e-05
0.000626819 4.23441e-05
0.000628702 7.88489e-05
0.000630591 4.17141e-05
0.000632485 4.14056e-05
0.000634386 4.1098e-05
0.000636291 4.07888e-05
0.000638203 4.04826e-05
0.00064012 4.01737e-05
0.000642043 3.98817e-05
0.000643972 3.95826e-05
0.000645906 3.92859e-05
0.000647847 3.89904e-05
0.000649793 3.87019e-05
0.000651745 3.84124e-05
0.000653703 3.81289e-05
0.000655666 3.7847e-05
0.000657636 3.75638e-05
0.000659612 3.72883e-05
0.000661593 3.70104e-05
0.000663581 3.67339e-05
0.000665574 3.64689e-05
0.000667574 3.61986e-05
0.000669579 3.59344e-05
0.000671591 3.567e-05
0.000673608 3.54023e-05
0.000675632 3.51365e-05
0.000677661 7.6784e-05
0.000679697 3.46224e-05
0.000681739 3.43732e-05
0.000683787 3.4119e-05
0.000685841 3.38706e-05
0.000687901 3.36217e-05
0.000689968 3.33742e-05
0.000692041 3.31298e-05
0.00069412 3.28878e-05
0.000696205 3.26486e-05
0.000698296 6.57381e-05
0.000700394 3.21785e-05
0.000702498 3.195e-05
0.000704608 3.1717e-05
0.000706725 3.14828e-05
0.000708848 3.12594e-05
0.000710978 3.10286e-05
0.000713113 3.08018e-05
0.000715256 3.05778e-05
0.000717404 3.03604e-05
0.00071956 3.01426e-05
0.000721721 2.99232e-05
0.000723889 2.9707e-05
0.000726064 2.94924e-05
0.000728245 2.92814e-05
0.000730433 2.90752e-05
0.000732627 3.61799e-05
0.000734828 2.86543e-05
0.000737035 2.84515e-05
0.00073925 2.82435e-05
0.00074147 2.7673e-05
0.000743698 2.74479e-05
0.000745932 0.000514671
0.000748173 3.21176e-05
0.00075042 0.000158684
0.000752675 7.39866e-05
0.000754936 2.81142e-05
0.000757204 2.63258e-05
0.000759478 2.61394e-05
0.00076176 2.5954e-05
0.000764048 2.57701e-05
0.000766344 2.55911e-05
0.000768646 2.54062e-05
0.000770955 2.52267e-05
0.000773271 2.50491e-05
0.000775594 2.48725e-05
0.000777924 2.4697e-05
0.000780261 2.45228e-05
0.000782605 2.43498e-05
0.000784956 2.41778e-05
0.000787314 2.40077e-05
0.000789679 2.38433e-05
0.000792051 2.36725e-05
0.00079443 2.35103e-05
0.000796817 2.33421e-05
0.000799211 2.31787e-05
0.000801612 2.30168e-05
0.00080402 2.28562e-05
0.000806435 2.26971e-05
0.000808858 2.25392e-05
0.000811288 2.2382e-05
0.000813725 2.22266e-05
0.000816169 2.20724e-05
0.000818621 2.1919e-05
0.00082108 2.17663e-05
0.000823547 2.16156e-05
0.000826021 2.14666e-05
0.000828502 2.13182e-05
0.000830991 2.11702e-05
0.000833488 2.10235e-05
0.000835992 2.08786e-05
0.000838503 2.07345e-05
0.000841022 2.05911e-05
0.000843548 2.04493e-05
0.000846082 2.03087e-05
0.000848624 2.01693e-05
0.000851173 2.003e-05
0.00085373 1.98918e-05
0.000856295 1.97553e-05
0.000858868 1.96194e-05
0.000861448 1.94851e-05
0.000864035 1.93518e-05
0.000866631 3.46019e-05
0.000869235 1.90877e-05
0.000871846 1.89571e-05
0.000874465 1.88273e-05
0.000877092 7.04838e-05
0.000879727 1.85711e-05
0.000882369 1.8444e-05
0.00088502 1.83178e-05
0.000887679 1.81933e-05
0.000890346 1.80693e-05
0.00089302 1.79466e-05
0.000895703 1.78244e-05
0.000898394 0.000216858
0.000901093 1.75822e-05
0.000903799 1.74633e-05
0.000906515 1.73452e-05
0.000909238 1.72274e-05
0.000911969 1.71102e-05
0.000914709 1.682e-05
0.000917457 1.67062e-05
0.000920213 1.65931e-05
0.000922977 1.64806e-05
0.00092575 1.63689e-05
0.000928531 1.62583e-05
0.00093132 1.61481e-05
0.000934118 1.60384e-05
0.000936924 1.59298e-05
0.000939739 3.27211e-05
0.000942562 1.57156e-05
0.000945394 1.56091e-05
0.000948234 1.55037e-05
0.000951082 1.53992e-05
0.000953939 1.52954e-05
0.000956805 1.51922e-05
0.000959679 1.50897e-05
0.000962562 1.49878e-05
0.000965454 1.48868e-05
0.000968354 1.47869e-05
0.000971263 1.46872e-05
0.000974181 1.45878e-05
0.000977108 1.44899e-05
0.000980043 1.43925e-05
0.000982987 1.42955e-05
0.00098594 1.41993e-05
0.000988902 1.41037e-05
0.000991873 1.40088e-05
0.000994852 1.39147e-05
0.000997841 1.38211e-05
0.00100084 1.37285e-05
0.00100385 1.36363e-05
0.00100686 1.35451e-05
0.00100989 1.3454e-05
0.00101292 1.33641e-05
0.00101596 1.32748e-05
0.00101901 1.31861e-05
0.00102208 1.3098e-05
0.00102515 1.30106e-05
0.00102823 1.2924e-05
0.00103131 1.2838e-05
0.00103441 1.27526e-05
0.00103752 1.26679e-05
0.00104064 1.25838e-05
0.00104376 1.25003e-05
0.0010469 1.24177e-05
0.00105004 3.10244e-05
0.0010532 0.000192441
0.00105636 1.21733e-05
0.00105954 1.20929e-05
0.00106272 1.20133e-05
0.00106591 1.19343e-05
0.00106911 1.18559e-05
0.00107232 1.1778e-05
0.00107555 1.17007e-05
0.00107878 1.16238e-05
0.00108202 1.15479e-05
0.00108527 1.14722e-05
0.00108853 1.13974e-05
0.0010918 1.1323e-05
0.00109508 1.12492e-05
0.00109837 1.11759e-05
0.00110167 1.11032e-05
0.00110498 1.10305e-05
0.0011083 1.08695e-05
0.00111163 1.07989e-05
0.00111497 1.07291e-05
0.00111831 1.06596e-05
0.00112167 1.05906e-05
0.00112504 1.05218e-05
0.00112842 1.0454e-05
0.00113181 5.2028e-05
0.00113521 1.03195e-05
0.00113862 1.02528e-05
0.00114204 1.0187e-05
0.00114548 1.01214e-05
0.00114892 1.00561e-05
0.00115237 9.99178e-06
0.00115583 9.9277e-06
0.0011593 9.86383e-06
0.00116278 9.80091e-06
0.00116628 9.73792e-06
0.00116978 9.67595e-06
0.00117329 1.00693e-05
0.00117682 9.55279e-06
0.00118036 9.49165e-06
0.0011839 9.43146e-06
0.00118746 9.37121e-06
0.00119102 9.3119e-06
0.0011946 9.2527e-06
0.00119819 9.19377e-06
0.00120179 9.13566e-06
0.0012054 9.07756e-06
0.00120902 9.02012e-06
0.00121265 8.96332e-06
0.0012163 8.90639e-06
0.00121995 8.85042e-06
0.00122362 8.79456e-06
0.00122729 8.73894e-06
0.00123098 8.68413e-06
0.00123468 9.82366e-06
0.00123839 0.000119885
0.00124211 2.8331e-05
0.00124584 8.46765e-06
0.00124958 8.41476e-06
0.00125333 8.36207e-06
0.0012571 8.30966e-06
0.00126088 1.55773e-05
0.00126466 8.2061e-06
0.00126846 8.15485e-06
0.00127227 8.10396e-06
0.00127609 8.05324e-06
0.00127993 8.00302e-06
0.00128377 9.21609e-05
0.00128763 7.90371e-06
0.0012915 7.85458e-06
0.00129538 7.80581e-06
0.00129927 7.75736e-06
0.00130317 7.70947e-06
0.00130709 7.66166e-06
0.00131101 7.61479e-06
0.00131495 7.5667e-06
0.0013189 7.47158e-06
0.00132286 7.42519e-06
0.00132684 7.37933e-06
0.00133082 7.33383e-06
0.00133482 7.2886e-06
0.00133883 7.24372e-06
0.00134285 7.19933e-06
0.00134689 7.15482e-06
0.00135093 7.11089e-06
0.00135499 7.0674e-06
0.00135906 7.0238e-06
0.00136315 6.98092e-06
0.00136724 6.93793e-06
0.00137135 6.89545e-06
0.00137547 6.85326e-06
0.0013796 6.81154e-06
0.00138374 6.76975e-06
0.0013879 6.72858e-06
0.00139207 6.68733e-06
0.00139625 6.64656e-06
0.00140045 6.60601e-06
0.00140465 6.56604e-06
0.00140887 6.52588e-06
0.00141311 6.48636e-06
0.00141735 1.45146e-05
0.00142161 6.4076e-06
0.00142588 6.36873e-06
0.00143016 7.49091e-06
0.00143446 6.29192e-06
0.00143877 6.25364e-06
0.00144309 6.21581e-06
0.00144743 6.17838e-06
0.00145177 6.14106e-06
0.00145614 6.10395e-06
0.00146051 6.06691e-06
0.0014649 6.0303e-06
0.0014693 5.99414e-06
0.00147371 5.95789e-06
0.00147814 5.92199e-06
0.00148258 5.88638e-06
0.00148703 5.85098e-06
0.0014915 5.81582e-06
0.00149598 5.78108e-06
0.00150048 5.74619e-06
0.00150498 5.71175e-06
0.0015095 5.6777e-06
0.00151404 5.64349e-06
0.00151859 5.60969e-06
0.00152315 5.57614e-06
0.00152772 5.54299e-06
0.00153231 5.50969e-06
0.00153692 5.47693e-06
0.00154153 5.45615e-06
0.00154616 5.38365e-06
0.00155081 5.3517e-06
0.00155547 0.000457825
0.00156014 5.28797e-06
0.00156483 5.25649e-06
0.00156953 5.22524e-06
0.00157424 5.19417e-06
0.00157897 5.16333e-06
0.00158372 5.13267e-06
0.00158847 5.1024e-06
0.00159325 5.07211e-06
0.00159803 5.04208e-06
0.00160283 5.01219e-06
0.00160765 4.98235e-06
0.00161248 4.95286e-06
0.00161732 4.92375e-06
0.00162218 2.39907e-05
0.00162705 4.86557e-06
0.00163194 4.837e-06
0.00163684 4.8083e-06
0.00164176 4.77994e-06
0.00164669 4.75176e-06
0.00165164 4.72376e-06
0.0016566 4.69612e-06
0.00166158 4.6683e-06
0.00166657 4.64084e-06
0.00167158 4.61356e-06
0.0016766 4.58661e-06
0.00168163 4.55953e-06
0.00168669 1.2846e-05
0.00169175 4.50617e-06
0.00169684 4.47971e-06
0.00170193 4.45349e-06
0.00170705 4.42738e-06
0.00171217 4.40146e-06
0.00171732 4.37569e-06
0.00172248 4.3501e-06
0.00172765 4.32467e-06
0.00173284 4.29941e-06
0.00173805 4.27428e-06
0.00174327 4.24934e-06
0.0017485 4.22455e-06
0.00175376 4.1999e-06
0.00175903 4.17543e-06
0.00176431 4.15109e-06
0.00176961 4.12694e-06
0.00177493 4.10287e-06
0.00178026 4.07901e-06
0.00178561 4.05528e-06
0.00179097 2.2017e-05
0.00179635 3.99168e-06
0.00180175 3.96846e-06
0.00180716 3.94544e-06
0.00181259 3.92254e-06
0.00181803 3.89981e-06
0.00182349 3.87719e-06
0.00182897 3.85473e-06
0.00183447 3.8324e-06
0.00183998 3.81022e-06
0.00184551 3.78814e-06
0.00185105 3.76623e-06
0.00185661 3.74445e-06
0.00186219 7.38746e-06
0.00186778 0.000296561
0.00187339 3.67996e-06
0.00187902 3.65871e-06
0.00188467 3.63757e-06
0.00189033 3.61659e-06
0.00189601 3.59577e-06
0.0019017 3.57505e-06
0.00190741 3.52819e-05
0.00191314 3.89688e-06
0.00191889 3.51364e-06
0.00192466 3.49343e-06
0.00193044 3.47333e-06
0.00193624 3.45336e-06
0.00194205 3.43351e-06
0.00194789 3.41379e-06
0.00195374 3.39419e-06
0.00195961 3.3747e-06
0.0019655 3.35533e-06
0.0019714 3.3361e-06
0.00197732 3.31696e-06
0.00198326 3.29796e-06
0.00198922 3.27906e-06
0.0019952 3.26029e-06
0.00200119 3.24162e-06
0.0020072 3.22312e-06
0.00201323 3.20471e-06
0.00201928 3.18641e-06
0.00202535 3.16825e-06
0.00203143 3.15017e-06
0.00203753 3.44705e-06
0.00204365 3.11436e-06
0.00204979 3.09662e-06
0.00205595 3.06866e-06
0.00206213 3.05119e-06
0.00206832 3.03382e-06
0.00207453 3.01656e-06
0.00208077 2.99939e-06
0.00208702 2.98235e-06
0.00209329 2.96539e-06
0.00209958 2.94855e-06
0.00210588 2.9318e-06
0.00211221 2.91516e-06
0.00211855 2.89861e-06
0.00212492 2.88216e-06
0.0021313 2.8658e-06
0.0021377 2.84956e-06
0.00214413 2.8334e-06
0.00215057 2.81732e-06
0.00215703 2.80137e-06
0.00216351 2.78551e-06
0.00217001 2.76972e-06
0.00217653 2.75403e-06
0.00218306 8.82577e-06
0.00218962 2.72297e-06
0.0021962 2.70758e-06
0.0022028 2.69225e-06
0.00220942 2.6791e-06
0.00221605 2.66191e-06
0.00222271 2.64685e-06
0.00222939 2.63192e-06
0.00223608 1.03757e-05
0.0022428 6.33476e-06
0.00224954 2.58758e-06
0.0022563 2.57298e-06
0.00226308 2.55847e-06
0.00226987 2.54404e-06
0.00227669 2.5297e-06
0.00228353 2.51545e-06
0.00229039 2.66804e-06
0.00229727 2.48718e-06
0.00230417 2.47318e-06
0.0023111 2.45923e-06
0.00231804 2.44542e-06
0.002325 2.43166e-06
0.00233199 2.41797e-06
0.00233899 2.40438e-06
0.00234602 2.39083e-06
0.00235307 2.3774e-06
0.00236014 2.36405e-06
0.00236723 2.35075e-06
0.00237434 2.33754e-06
0.00238147 2.32441e-06
0.00238862 2.31138e-06
0.0023958 2.29839e-06
0.002403 2.28549e-06
0.00241022 2.27682e-06
0.00241746 2.26e-06
0.00242472 2.24725e-06
0.002432 2.23464e-06
0.00243931 2.22212e-06
0.00244664 2.20966e-06
0.00245399 3.93481e-06
0.00246136 2.18498e-06
0.00246875 2.17274e-06
0.00247617 2.16058e-06
0.00248361 2.14848e-06
0.00249107 2.13645e-06
0.00249855 2.12451e-06
0.00250606 2.11261e-06
0.00251359 2.1008e-06
0.00252114 2.08904e-06
0.00252871 2.07737e-06
0.00253631 2.06575e-06
0.00254393 2.05422e-06
0.00255157 2.04273e-06
0.00255923 2.03133e-06
0.00256692 2.01998e-06
0.00257463 2.00871e-06
0.00258237 1.99749e-06
0.00259012 2.19161e-06
0.00259791 2.94347e-05
0.00260571 1.96424e-06
0.00261354 1.95327e-06
0.00262139 1.94238e-06
0.00262926 1.93157e-06
0.00263716 1.92079e-06
0.00264508 1.91009e-06
0.00265303 1.89943e-06
0.002661 1.88886e-06
0.00266899 1.87833e-06
0.00267701 1.86787e-06
0.00268505 1.85747e-06
0.00269312 1.84714e-06
0.00270121 1.83684e-06
0.00270933 1.82662e-06
0.00271746 1.81646e-06
0.00272563 1.80636e-06
0.00273382 1.7963e-06
0.00274203 1.78632e-06
0.00275027 1.77639e-06
0.00275853 1.76652e-06
0.00276682 1.75669e-06
0.00277513 1.74692e-06
0.00278346 1.25187e-05
0.00279183 1.72757e-06
0.00280021 1.71797e-06
0.00280862 1.70843e-06
0.00281706 1.69896e-06
0.00282552 1.68952e-06
0.00283401 1.68014e-06
0.00284253 1.67081e-06
0.00285107 1.66154e-06
0.00285963 1.65233e-06
0.00286822 1.64315e-06
0.00287684 1.63404e-06
0.00288548 3.40898e-06
0.00289415 1.61597e-06
0.00290284 1.60701e-06
0.00291156 1.59811e-06
0.00292031 1.58926e-06
0.00292908 1.58044e-06
0.00293788 1.57638e-06
0.00294671 1.56298e-06
0.00295556 1.55433e-06
0.00296444 1.54572e-06
0.00297334 1.53716e-06
0.00298228 4.92347e-06
0.00299123 1.5202e-06
0.00300022 1.51178e-06
0.00300923 1.50341e-06
0.00301827 1.49509e-06
0.00302734 1.48682e-06
0.00303643 1.47861e-06
0.00304556 1.47043e-06
0.00305471 1.46229e-06
0.00306388 1.4542e-06
0.00307309 1.44616e-06
0.00308232 1.43818e-06
0.00309158 1.43022e-06
0.00310086 1.42232e-06
0.00311018 1.41446e-06
0.00311952 1.40665e-06
0.00312889 1.39888e-06
0.00313829 1.39116e-06
0.00314772 1.38347e-06
0.00315718 1.37583e-06
0.00316666 1.36825e-06
0.00317618 1.36069e-06
0.00318572 1.35318e-06
0.00319529 1.34571e-06
0.00320489 1.33828e-06
0.00321451 1.3309e-06
0.00322417 1.32355e-06
0.00323386 1.31626e-06
0.00324357 1.30899e-06
0.00325331 1.30178e-06
0.00326309 1.2946e-06
0.00327289 1.28747e-06
0.00328272 1.28036e-06
0.00329258 2.13761e-06
0.00330248 1.26629e-06
0.0033124 1.25932e-06
0.00332235 1.25237e-06
0.00333233 1.24547e-06
0.00334234 1.30371e-06
0.00335238 0.000230895
0.00336245 1.22501e-06
0.00337255 1.21826e-06
0.00338268 1.21155e-06
0.00339284 1.20488e-06
0.00340304 1.19826e-06
0.00341326 1.19165e-06
0.00342351 1.1851e-06
0.0034338 1.17857e-06
0.00344411 1.17209e-06
0.00345446 1.16565e-06
0.00346484 1.17319e-06
0.00347525 1.15285e-06
0.00348569 0.00014961
0.00349616 1.14021e-06
0.00350666 1.13393e-06
0.00351719 1.1277e-06
0.00352776 1.1215e-06
0.00353836 5.72377e-06
0.00354899 1.1092e-06
0.00355965 1.1031e-06
0.00357034 1.09704e-06
0.00358107 1.30136e-06
0.00359183 1.08502e-06
0.00360262 1.85342e-05
0.00361344 1.07313e-06
0.00362429 1.06723e-06
0.00363518 1.06138e-06
0.0036461 1.05555e-06
0.00365705 1.04975e-06
0.00366804 1.04398e-06
0.00367906 1.03825e-06
0.00369011 1.03255e-06
0.0037012 1.02688e-06
0.00371232 1.02124e-06
0.00372347 1.01564e-06
0.00373465 1.01006e-06
0.00374587 1.00452e-06
0.00375713 9.99005e-07
0.00376841 9.93526e-07
0.00377973 9.88075e-07
0.00379109 9.82652e-07
0.00380248 9.77263e-07
0.0038139 9.71902e-07
0.00382536 9.66572e-07
0.00383685 9.61271e-07
0.00384837 9.56002e-07
0.00385994 9.50757e-07
0.00387153 9.45544e-07
0.00388316 6.21161e-06
0.00389483 2.51829e-06
0.00390653 9.30079e-07
0.00391826 9.24981e-07
0.00393003 9.19913e-07
0.00394184 9.1487e-07
0.00395368 9.09858e-07
0.00396556 9.0487e-07
0.00397747 8.99913e-07
0.00398942 8.94983e-07
0.0040014 8.90078e-07
0.00401343 8.85193e-07
0.00402548 8.80337e-07
0.00403758 8.75505e-07
0.0040497 8.70705e-07
0.00406187 8.65928e-07
0.00407407 8.61178e-07
0.00408631 8.56455e-07
0.00409859 8.51757e-07
0.0041109 8.47086e-07
0.00412325 8.42442e-07
0.00413564 8.37822e-07
0.00414806 8.3323e-07
0.00416052 8.28663e-07
0.00417302 8.24121e-07
0.00418555 8.19606e-07
0.00419813 8.15113e-07
0.00421074 8.10645e-07
0.00422339 8.06204e-07
0.00423608 8.01786e-07
0.0042488 7.97396e-07
0.00426157 7.93025e-07
0.00427437 7.88682e-07
0.00428721 7.84362e-07
0.00430009 7.80067e-07
0.00431301 7.75795e-07
0.00432596 7.71547e-07
0.00433896 7.67322e-07
0.00435199 7.63123e-07
0.00436507 7.58943e-07
0.00437818 7.54789e-07
0.00439133 7.50658e-07
0.00440452 7.4655e-07
0.00441776 7.42463e-07
0.00443103 7.384e-07
0.00444434 7.34359e-07
0.00445769 7.30341e-07
0.00447108 7.26346e-07
0.00448451 7.22372e-07
0.00449798 7.1842e-07
0.0045115 7.14489e-07
0.00452505 7.10582e-07
0.00453864 7.06695e-07
0.00455228 7.0283e-07
0.00456595 6.98987e-07
0.00457967 6.95165e-07
0.00459343 6.91362e-07
0.00460723 6.87583e-07
0.00462107 6.83823e-07
0.00463495 6.80085e-07
0.00464887 6.76367e-07
0.00466284 6.7267e-07
0.00467685 6.68992e-07
0.0046909 6.65336e-07
0.00470499 6.61699e-07
0.00471912 6.58085e-07
0.0047333 6.54488e-07
0.00474752 6.50912e-07
0.00476178 6.47355e-07
0.00477608 6.43819e-07
0.00479043 6.40301e-07
0.00480482 6.36804e-07
0.00481926 6.33323e-07
0.00483373 6.29865e-07
0.00484825 6.26424e-07
0.00486282 6.23003e-07
0.00487743 6.19599e-07
0.00489208 6.16216e-07
0.00490678 6.12851e-07
0.00492152 6.09504e-07
0.0049363 6.06176e-07
0.00495113 1.38267e-06
0.004966 5.99575e-07
0.00498092 5.96302e-07
0.00499589 5.93046e-07
0.00501089 5.8981e-07
0.00502595 5.86589e-07
0.00504105 5.83386e-07
0.00505619 5.80203e-07
0.00507138 5.77035e-07
0.00508661 5.73887e-07
0.00510189 5.70755e-07
0.00511722 5.6764e-07
0.00513259 5.64543e-07
0.00514801 5.61462e-07
0.00516348 5.58397e-07
0.00517899 0.000294075
0.00519455 5.52321e-07
0.00521015 5.49308e-07
0.0052258 5.46312e-07
0.0052415 5.43331e-07
0.00525725 2.76928e-06
0.00527304 5.37419e-07
0.00528888 5.34488e-07
0.00530477 5.31572e-07
0.00532071 5.28674e-07
0.00533669 5.25791e-07
0.00535272 5.22922e-07
0.0053688 5.20071e-07
0.00538493 5.17235e-07
0.00540111 5.14414e-07
0.00541733 5.11609e-07
0.00543361 5.08818e-07
0.00544993 5.06046e-07
0.0054663 5.03286e-07
0.00548272 5.00542e-07
0.00549919 4.97814e-07
0.00551571 4.951e-07
0.00553228 4.924e-07
0.0055489 4.89717e-07
0.00556557 4.87047e-07
0.00558229 4.84391e-07
0.00559906 4.81751e-07
0.00561588 4.79126e-07
0.00563275 4.76515e-07
0.00564967 4.73917e-07
0.00566664 4.71334e-07
0.00568367 4.68765e-07
0.00570074 4.66212e-07
0.00571787 3.44786e-05
0.00573504 4.61145e-07
0.00575227 4.58631e-07
0.00576955 4.56132e-07
0.00578689 4.53646e-07
0.00580427 4.51175e-07
0.00582171 4.48717e-07
0.0058392 4.46272e-07
0.00585674 4.4384e-07
0.00587433 4.41423e-07
0.00589198 4.39017e-07
0.00590968 4.36626e-07
0.00592743 4.34247e-07
0.00594524 4.31882e-07
0.0059631 4.2953e-07
0.00598101 4.2719e-07
0.00599898 4.24863e-07
0.006017 4.2255e-07
0.00603508 4.20251e-07
0.00605321 4.17963e-07
0.00607139 9.43223e-07
0.00608963 4.13426e-07
0.00610792 4.11176e-07
0.00612627 4.08939e-07
0.00614468 4.06713e-07
0.00616313 4.045e-07
0.00618165 4.02299e-07
0.00620022 4.0011e-07
0.00621885 3.97932e-07
0.00623753 3.95767e-07
0.00625627 3.93614e-07
0.00627506 3.91472e-07
0.00629391 3.89342e-07
0.00631282 8.09818e-06
0.00633178 3.85116e-07
0.0063508 3.83021e-07
0.00636988 3.80937e-07
0.00638902 3.78864e-07
0.00640821 3.76803e-07
0.00642746 3.74752e-07
0.00644677 3.72713e-07
0.00646614 3.70685e-07
0.00648556 3.68669e-07
0.00650505 3.66662e-07
0.00652459 3.64668e-07
0.00654419 3.62684e-07
0.00656385 3.6071e-07
0.00658356 3.58748e-07
0.00660334 3.56796e-07
0.00662318 3.54856e-07
0.00664308 3.52925e-07
0.00666303 3.51005e-07
0.00668305 3.49095e-07
0.00670312 3.47196e-07
0.00672326 3.45492e-07
0.00674346 3.43429e-07
0.00676372 3.4156e-07
0.00678404 3.39702e-07
0.00680442 3.37854e-07
0.00682486 3.36016e-07
0.00684536 3.34188e-07
0.00686592 3.32371e-07
0.00688655 3.30562e-07
0.00690724 1.3555e-06
0.00692799 3.26975e-07
0.0069488 3.25197e-07
0.00696967 3.23428e-07
0.00699061 3.21668e-07
0.00701161 3.19919e-07
0.00703268 3.18179e-07
0.0070538 3.16448e-07
0.00707499 3.14726e-07
0.00709625 3.13015e-07
0.00711756 3.11312e-07
0.00713895 3.09618e-07
0.00716039 3.07934e-07
0.0071819 3.0626e-07
0.00720348 3.04593e-07
0.00722512 3.02937e-07
0.00724682 3.01289e-07
0.00726859 2.9965e-07
0.00729043 2.9802e-07
0.00731233 2.96399e-07
0.00733429 2.94788e-07
0.00735633 2.93183e-07
0.00737843 2.91588e-07
0.00740059 2.90003e-07
0.00742282 2.88426e-07
0.00744512 2.86856e-07
0.00746749 2.85296e-07
0.00748992 2.83745e-07
0.00751242 2.82201e-07
0.00753499 2.80666e-07
0.00755763 2.79139e-07
0.00758033 2.77622e-07
0.0076031 2.76111e-07
0.00762594 2.74609e-07
0.00764885 2.73116e-07
0.00767183 2.7163e-07
0.00769488 2.70152e-07
0.00771799 2.68684e-07
0.00774118 2.67222e-07
0.00776443 2.65768e-07
0.00778776 2.64323e-07
0.00781115 2.62886e-07
0.00783462 2.61456e-07
0.00785815 2.60034e-07
0.00788176 2.58619e-07
0.00790544 2.57213e-07
0.00792919 2.55813e-07
0.00795301 2.54422e-07
0.0079769 2.53039e-07
0.00800086 2.51662e-07
0.0080249 2.50293e-07
0.008049 2.48931e-07
0.00807318 2.47577e-07
0.00809744 2.4623e-07
0.00812176 2.4489e-07
0.00814616 2.43557e-07
0.00817063 2.42233e-07
0.00819518 2.40915e-07
0.0082198 2.39604e-07
0.00824449 2.383e-07
0.00826926 2.37004e-07
0.0082941 2.35714e-07
0.00831901 2.34432e-07
0.00834401 2.33157e-07
0.00836907 2.31888e-07
0.00839421 2.30626e-07
0.00841943 2.29372e-07
0.00844472 2.28124e-07
0.00847009 2.26883e-07
0.00849554 2.25648e-07
0.00852106 2.2442e-07
0.00854665 2.232e-07
0.00857233 2.21985e-07
0.00859808 2.20778e-07
0.00862391 2.19576e-07
0.00864982 2.18382e-07
0.0086758 2.17194e-07
0.00870187 2.16012e-07
0.00872801 2.14837e-07
0.00875423 2.13668e-07
0.00878053 2.12506e-07
0.0088069 2.1135e-07
0.00883336 0.00021599
0.0088599 2.09056e-07
0.00888651 6.99846e-07
0.00891321 2.06787e-07
0.00893998 2.05663e-07
0.00896684 2.04544e-07
0.00899378 2.03431e-07
0.0090208 2.02324e-07
0.0090479 2.01223e-07
0.00907507 2.00129e-07
0.00910234 1.9904e-07
0.0092073 1.9495e-07
0.00939266 1.88009e-07
0.00958175 1.81316e-07
0.00977464 1.7486e-07
0.00997142 1.68634e-07
0.0101722 1.62629e-07
0.0103769 1.56841e-07
0.0105858 1.51258e-07
0.0107989 1.45873e-07
0.0110163 1.40679e-07
0.0112381 1.728e-07
0.0114644 1.30838e-07
0.0116952 1.26178e-07
0.0119306 1.21685e-07
0.0121708 3.51447e-07
0.0124158 1.1317e-07
0.0126657 1.09139e-07
0.0129207 1.05251e-07
0.0131808 1.01501e-07
0.0134462 9.7884e-08
0.0137169 9.43959e-08
0.013993 9.10316e-08
0.0142747 8.77868e-08
0.0145621 1.31134e-07
0.0148552 8.16404e-08
0.0151543 7.87294e-08
0.0154594 7.59223e-08
0.0157706 1.11656e-06
0.0160881 7.10545e-08
0.016412 6.80341e-08
0.0167423 6.56088e-08
0.0170794 6.3269e-08
0.0174232 6.10126e-08
0.017774 5.88365e-08
0.0181318 5.67375e-08
0.0184968 5.47134e-08
0.0188692 5.27611e-08
0.019249 5.08783e-08
0.0196366 4.9062e-08
0.0200319 4.73105e-08
0.0204351 1.02422e-07
0.0208465 4.39925e-08
0.0212662 4.24214e-08
0.0216943 4.09061e-08
0.0221311 3.94448e-08
0.0225766 3.80355e-08
0.0230311 3.66763e-08
0.0234947 3.53657e-08
0.0239677 3.41016e-08
0.0244502 3.28825e-08
0.0249424 3.17068e-08
0.0254446 3.05729e-08
0.0259568 2.94795e-08
0.0264794 2.84249e-08
0.0270124 2.74081e-08
0.0275562 2.64274e-08
0.028111 2.54816e-08
0.0286769 2.45696e-08
0.0292542 2.36901e-08
0.0298431 2.2842e-08
0.0304439 2.2024e-08
0.0310568 2.12352e-08
0.031682 2.04746e-08
0.0323198 1.97412e-08
0.0329704 1.90339e-08
0.0336342 1.83518e-08
0.0343113 1.7694e-08
0.035002 1.70599e-08
0.0357067 1.64481e-08
0.0364255 1.58584e-08
0.0371588 1.53089e-08
0.0379068 1.47412e-08
0.03867 1.42125e-08
0.0394484 1.37025e-08
0.0402426 1.32108e-08
0.0410527 1.27366e-08
0.0418792 1.22794e-08
0.0427223 1.18386e-08
0.0435823 1.14135e-08
0.0444597 1.10036e-08
0.0453547 1.06083e-08
0.0462678 1.02272e-08
0.0471992 9.85975e-09
0.0481494 9.50542e-09
0.0491188 9.16377e-09
0.0501076 8.83435e-09
0.0511163 8.51672e-09
0.0521454 8.21046e-09
0.0531951 7.91517e-09
0.054266 7.63045e-09
0.0553585 7.35591e-09
0.0564729 7.09124e-09
0.0576098 6.83603e-09
0.0587696 6.58996e-09
0.0599527 6.35272e-09
0.0611596 6.12554e-09
0.0623908 5.90345e-09
0.0636469 5.69082e-09
0.0649282 5.48581e-09
0.0662353 5.28814e-09
0.0675687 5.09758e-09
0.0689289 4.91385e-09
0.0703166 4.73672e-09
0.0717321 4.56595e-09
0.0731762 4.40129e-09
0.0746494 4.24256e-09
0.0761521 4.08952e-09
0.0776852 3.94198e-09
0.0792491 3.79974e-09
0.0808445 3.66261e-09
0.082472 3.5304e-09
0.0841323 3.40295e-09
0.085826 3.28008e-09
0.0875538 3.16162e-09
0.0893164 3.04742e-09
0.0911145 2.93732e-09
0.0929487 2.8312e-09
0.0948199 2.72888e-09
0.0967288 2.63025e-09
0.0986761 2.53516e-09
0.100663 2.44349e-09
0.102689 2.35514e-09
0.104756 2.26997e-09
0.106865 2.18785e-09
0.109017 2.10868e-09
0.111211 2.03238e-09
0.11345 1.95882e-09
0.115734 1.88792e-09
0.118064 1.81957e-09
0.120441 1.75368e-09
0.122865 1.69017e-09
0.125339 1.62894e-09
0.127862 1.56993e-09
0.130436 1.51305e-09
0.133062 1.45821e-09
0.135741 1.40535e-09
0.138473 1.35441e-09
0.141261 1.3053e-09
0.144105 1.25796e-09
0.147006 1.21234e-09
0.149965 1.16836e-09
0.152984 1.12597e-09
0.156064 1.08511e-09
0.159206 1.04572e-09
0.162411 1.00776e-09
0.16568 9.71182e-10
0.169016 9.35911e-10
0.172418 9.01923e-10
0.175889 8.69164e-10
0.17943 8.37586e-10
0.183042 8.07152e-10
0.186727 7.7782e-10
0.190486 7.4955e-10
0.194321 7.22299e-10
0.198233 6.96037e-10
0.202224 6.70723e-10
0.206295 6.4633e-10
0.210448 6.22819e-10
0.214685 6.00159e-10
0.219007 5.78319e-10
0.223415 5.57277e-10
0.227913 5.3699e-10
0.232501 5.17441e-10
0.237182 4.986e-10
0.241957 4.80443e-10
0.246828 4.62943e-10
0.251797 4.4608e-10
0.256866 4.29828e-10
0.262037 4.14165e-10
0.267312 3.99072e-10
0.272693 3.84527e-10
0.278183 3.70509e-10
0.283783 3.57e-10
0.289496 3.4398e-10
0.295324 3.31435e-10
0.301269 3.19346e-10
0.307334 3.07695e-10
0.313522 2.96467e-10
0.319833 2.85649e-10
0.326272 2.75222e-10
0.33284 2.65175e-10
0.339541 2.55493e-10
0.346376 2.46166e-10
0.353349 2.37175e-10
0.360463 2.28511e-10
0.367719 2.20164e-10
0.375122 2.1212e-10
0.382674 2.0437e-10
0.390377 1.96901e-10
0.398236 1.89704e-10
0.406253 1.82769e-10
0.414432 1.76086e-10
0.422775 1.69648e-10
0.431286 1.63443e-10
0.439968 1.57466e-10
0.448826 1.51706e-10
0.457861 1.46155e-10
0.467079 1.40808e-10
0.476482 1.35655e-10
0.486074 1.30689e-10
0.495859 1.25906e-10
0.505841 1.21297e-10
0.516025 1.16855e-10
0.526413 1.12576e-10
0.537011 1.08453e-10
0.547821 1.04481e-10
0.55885 1.00654e-10
0.5701 9.69656e-11
0.581577 9.34126e-11
0.593285 8.99899e-11
0.605229 8.66917e-11
0.617413 8.35141e-11
0.629842 8.04524e-11
0.642522 7.75028e-11
0.655457 7.4661e-11
0.668652 7.19231e-11
0.682113 6.92854e-11
0.695845 6.67397e-11
0.709853 6.42916e-11
0.724144 6.19329e-11
0.738722 5.96607e-11
0.753593 5.74715e-11
0.768764 5.5347e-11
0.784241 5.33158e-11
0.800028 5.13591e-11
0.816134 4.94739e-11
0.832564 4.76578e-11
0.849325 4.58671e-11
0.866423 4.41836e-11
0.883865 4.25617e-11
0.901659 4.09991e-11
